<?xml version="1.0" encoding="UTF-8"?>
<TestRun id="5e261896-df6d-4039-896c-6bf5bee55471" name="v-arkouk@ARAMK2 2015-08-27 16:32:21" runUser="REDMOND\v-arkouk" xmlns="http://microsoft.com/schemas/VisualStudio/TeamTest/2010">
  <TestSettings name="Default Test Settings" id="80c97887-e8ff-48f4-af0b-3e6febe62a2d">
    <Deployment userDeploymentRoot="C:\SecurityWebApiAutomationTestExecution\AutomationTestResults" useDefaultDeploymentRoot="false" runDeploymentRoot="v-arkouk_ARAMK2 2015-08-27 16_32_21" />
    <Execution>
      <TestTypeSpecific />
      <AgentRule name="Execution Agents">
      </AgentRule>
    </Execution>
    <Properties />
  </TestSettings>
  <Times creation="2015-08-27T16:32:21.9606717-07:00" queuing="2015-08-27T16:32:26.8656824-07:00" start="2015-08-27T16:32:27.0007796-07:00" finish="2015-08-27T16:37:28.4982310-07:00" />
  <ResultSummary outcome="Failed">
    <Counters total="176" executed="176" passed="86" error="0" failed="90" timeout="0" aborted="0" inconclusive="0" passedButRunAborted="0" notRunnable="0" notExecuted="0" disconnected="0" warning="0" completed="0" inProgress="0" pending="0" />
    <RunInfos>
      <RunInfo computerName="ARAMK2" outcome="Warning" timestamp="2015-08-27T16:32:26.8136465-07:00">
        <Text>Warning: Test Run deployment issue: The assembly or module 'interop.shdocvw' directly or indirectly referenced by the test container 'c:\ngvl\sqa\automation\main\laminar.automation\laminar.automation.services.securitywebapi.test\bin\debug\laminar.automation.services.securitywebapi.test.dll' was not found.</Text>
      </RunInfo>
      <RunInfo computerName="ARAMK2" outcome="Warning" timestamp="2015-08-27T16:32:26.8136465-07:00">
        <Text>Warning: Test Run deployment issue: The assembly or module 'Microsoft.SharePoint' directly or indirectly referenced by the test container 'c:\ngvl\sqa\automation\main\laminar.automation\laminar.automation.services.securitywebapi.test\bin\debug\laminar.automation.services.securitywebapi.test.dll' was not found.</Text>
      </RunInfo>
      <RunInfo computerName="ARAMK2" outcome="Warning" timestamp="2015-08-27T16:32:26.8136465-07:00">
        <Text>Warning: Test Run deployment issue: The assembly or module 'Microsoft.SharePoint.Security' directly or indirectly referenced by the test container 'c:\ngvl\sqa\automation\main\laminar.automation\laminar.automation.services.securitywebapi.test\bin\debug\laminar.automation.services.securitywebapi.test.dll' was not found.</Text>
      </RunInfo>
      <RunInfo computerName="ARAMK2" outcome="Warning" timestamp="2015-08-27T16:32:26.8136465-07:00">
        <Text>Warning: Test Run deployment issue: The assembly or module 'Microsoft.SharePoint.PowerShell' directly or indirectly referenced by the test container 'c:\ngvl\sqa\automation\main\laminar.automation\laminar.automation.services.securitywebapi.test\bin\debug\laminar.automation.services.securitywebapi.test.dll' was not found.</Text>
      </RunInfo>
      <RunInfo computerName="ARAMK2" outcome="Warning" timestamp="2015-08-27T16:32:26.8136465-07:00">
        <Text>Warning: Test Run deployment issue: The assembly or module 'Microsoft.Office.Server.UserProfiles' directly or indirectly referenced by the test container 'c:\ngvl\sqa\automation\main\laminar.automation\laminar.automation.services.securitywebapi.test\bin\debug\laminar.automation.services.securitywebapi.test.dll' was not found.</Text>
      </RunInfo>
      <RunInfo computerName="ARAMK2" outcome="Warning" timestamp="2015-08-27T16:32:26.8136465-07:00">
        <Text>Warning: Test Run deployment issue: The assembly or module 'Microsoft.Office.Server.Diagnostics' directly or indirectly referenced by the test container 'c:\ngvl\sqa\automation\main\laminar.automation\laminar.automation.services.securitywebapi.test\bin\debug\laminar.automation.services.securitywebapi.test.dll' was not found.</Text>
      </RunInfo>
      <RunInfo computerName="ARAMK2" outcome="Warning" timestamp="2015-08-27T16:32:26.8136465-07:00">
        <Text>Warning: Test Run deployment issue: The assembly or module 'Microsoft.Office.Server.UI' directly or indirectly referenced by the test container 'c:\ngvl\sqa\automation\main\laminar.automation\laminar.automation.services.securitywebapi.test\bin\debug\laminar.automation.services.securitywebapi.test.dll' was not found.</Text>
      </RunInfo>
      <RunInfo computerName="ARAMK2" outcome="Warning" timestamp="2015-08-27T16:32:26.8136465-07:00">
        <Text>Warning: Test Run deployment issue: The assembly or module 'Microsoft.BusinessData' directly or indirectly referenced by the test container 'c:\ngvl\sqa\automation\main\laminar.automation\laminar.automation.services.securitywebapi.test\bin\debug\laminar.automation.services.securitywebapi.test.dll' was not found.</Text>
      </RunInfo>
      <RunInfo computerName="ARAMK2" outcome="Warning" timestamp="2015-08-27T16:32:26.8136465-07:00">
        <Text>Warning: Test Run deployment issue: The assembly or module 'Microsoft.Office.Server.FilterControls' directly or indirectly referenced by the test container 'c:\ngvl\sqa\automation\main\laminar.automation\laminar.automation.services.securitywebapi.test\bin\debug\laminar.automation.services.securitywebapi.test.dll' was not found.</Text>
      </RunInfo>
      <RunInfo computerName="ARAMK2" outcome="Warning" timestamp="2015-08-27T16:32:26.8136465-07:00">
        <Text>Warning: Test Run deployment issue: The assembly or module 'Microsoft.HtmlTrans.Interface' directly or indirectly referenced by the test container 'c:\ngvl\sqa\automation\main\laminar.automation\laminar.automation.services.securitywebapi.test\bin\debug\laminar.automation.services.securitywebapi.test.dll' was not found.</Text>
      </RunInfo>
      <RunInfo computerName="ARAMK2" outcome="Warning" timestamp="2015-08-27T16:32:26.8136465-07:00">
        <Text>Warning: Test Run deployment issue: The assembly or module 'Microsoft.Web.Constraint' directly or indirectly referenced by the test container 'c:\ngvl\sqa\automation\main\laminar.automation\laminar.automation.services.securitywebapi.test\bin\debug\laminar.automation.services.securitywebapi.test.dll' was not found.</Text>
      </RunInfo>
      <RunInfo computerName="ARAMK2" outcome="Warning" timestamp="2015-08-27T16:32:26.8136465-07:00">
        <Text>Warning: Test Run deployment issue: The assembly or module 'Microsoft.Web.CommandUI' directly or indirectly referenced by the test container 'c:\ngvl\sqa\automation\main\laminar.automation\laminar.automation.services.securitywebapi.test\bin\debug\laminar.automation.services.securitywebapi.test.dll' was not found.</Text>
      </RunInfo>
      <RunInfo computerName="ARAMK2" outcome="Warning" timestamp="2015-08-27T16:32:26.8136465-07:00">
        <Text>Warning: Test Run deployment issue: The assembly or module 'Microsoft.Office.Excel.WebUI' directly or indirectly referenced by the test container 'c:\ngvl\sqa\automation\main\laminar.automation\laminar.automation.services.securitywebapi.test\bin\debug\laminar.automation.services.securitywebapi.test.dll' was not found.</Text>
      </RunInfo>
      <RunInfo computerName="ARAMK2" outcome="Warning" timestamp="2015-08-27T16:32:26.8136465-07:00">
        <Text>Warning: Test Run deployment issue: The assembly or module 'Microsoft.AnalysisServices.AdomdClient' directly or indirectly referenced by the test container 'c:\ngvl\sqa\automation\main\laminar.automation\laminar.automation.services.securitywebapi.test\bin\debug\laminar.automation.services.securitywebapi.test.dll' was not found.</Text>
      </RunInfo>
      <RunInfo computerName="ARAMK2" outcome="Warning" timestamp="2015-08-27T16:32:26.8136465-07:00">
        <Text>Warning: Test Run deployment issue: The assembly or module 'Microsoft.Office.Excel.Server.WebServices' directly or indirectly referenced by the test container 'c:\ngvl\sqa\automation\main\laminar.automation\laminar.automation.services.securitywebapi.test\bin\debug\laminar.automation.services.securitywebapi.test.dll' was not found.</Text>
      </RunInfo>
      <RunInfo computerName="ARAMK2" outcome="Warning" timestamp="2015-08-27T16:32:26.8136465-07:00">
        <Text>Warning: Test Run deployment issue: The assembly or module 'Microsoft.Office.Server.UserProfiles.Synchronization' directly or indirectly referenced by the test container 'c:\ngvl\sqa\automation\main\laminar.automation\laminar.automation.services.securitywebapi.test\bin\debug\laminar.automation.services.securitywebapi.test.dll' was not found.</Text>
      </RunInfo>
      <RunInfo computerName="ARAMK2" outcome="Warning" timestamp="2015-08-27T16:32:26.8136465-07:00">
        <Text>Warning: Test Run deployment issue: The assembly or module 'Microsoft.Office.DocumentManagement' directly or indirectly referenced by the test container 'c:\ngvl\sqa\automation\main\laminar.automation\laminar.automation.services.securitywebapi.test\bin\debug\laminar.automation.services.securitywebapi.test.dll' was not found.</Text>
      </RunInfo>
      <RunInfo computerName="ARAMK2" outcome="Warning" timestamp="2015-08-27T16:32:26.8136465-07:00">
        <Text>Warning: Test Run deployment issue: The assembly or module 'Microsoft.Office.SecureStoreService' directly or indirectly referenced by the test container 'c:\ngvl\sqa\automation\main\laminar.automation\laminar.automation.services.securitywebapi.test\bin\debug\laminar.automation.services.securitywebapi.test.dll' was not found.</Text>
      </RunInfo>
      <RunInfo computerName="ARAMK2" outcome="Warning" timestamp="2015-08-27T16:32:26.8136465-07:00">
        <Text>Warning: Test Run deployment issue: The assembly or module 'Microsoft.Office.Server.Chart' directly or indirectly referenced by the test container 'c:\ngvl\sqa\automation\main\laminar.automation\laminar.automation.services.securitywebapi.test\bin\debug\laminar.automation.services.securitywebapi.test.dll' was not found.</Text>
      </RunInfo>
      <RunInfo computerName="ARAMK2" outcome="Warning" timestamp="2015-08-27T16:32:26.8136465-07:00">
        <Text>Warning: Test Run deployment issue: The assembly or module 'Microsoft.SharePoint.Search' directly or indirectly referenced by the test container 'c:\ngvl\sqa\automation\main\laminar.automation\laminar.automation.services.securitywebapi.test\bin\debug\laminar.automation.services.securitywebapi.test.dll' was not found.</Text>
      </RunInfo>
      <RunInfo computerName="ARAMK2" outcome="Warning" timestamp="2015-08-27T16:32:26.8136465-07:00">
        <Text>Warning: Test Run deployment issue: The assembly or module 'Microsoft.SharePoint.Search.Extended.Administration' directly or indirectly referenced by the test container 'c:\ngvl\sqa\automation\main\laminar.automation\laminar.automation.services.securitywebapi.test\bin\debug\laminar.automation.services.securitywebapi.test.dll' was not found.</Text>
      </RunInfo>
      <RunInfo computerName="ARAMK2" outcome="Warning" timestamp="2015-08-27T16:32:26.8136465-07:00">
        <Text>Warning: Test Run deployment issue: The assembly or module 'Microsoft.SharePoint.Search.Extended.Query' directly or indirectly referenced by the test container 'c:\ngvl\sqa\automation\main\laminar.automation\laminar.automation.services.securitywebapi.test\bin\debug\laminar.automation.services.securitywebapi.test.dll' was not found.</Text>
      </RunInfo>
      <RunInfo computerName="ARAMK2" outcome="Warning" timestamp="2015-08-27T16:32:26.8136465-07:00">
        <Text>Warning: Test Run deployment issue: The assembly or module 'Microsoft.SharePoint.Search.Extended.Administration.ResourceStorage' directly or indirectly referenced by the test container 'c:\ngvl\sqa\automation\main\laminar.automation\laminar.automation.services.securitywebapi.test\bin\debug\laminar.automation.services.securitywebapi.test.dll' was not found.</Text>
      </RunInfo>
      <RunInfo computerName="ARAMK2" outcome="Warning" timestamp="2015-08-27T16:32:26.8136465-07:00">
        <Text>Warning: Test Run deployment issue: The assembly or module 'BihConsumerInterop' directly or indirectly referenced by the test container 'c:\ngvl\sqa\automation\main\laminar.automation\laminar.automation.services.securitywebapi.test\bin\debug\laminar.automation.services.securitywebapi.test.dll' was not found.</Text>
      </RunInfo>
      <RunInfo computerName="ARAMK2" outcome="Warning" timestamp="2015-08-27T16:32:26.8136465-07:00">
        <Text>Warning: Test Run deployment issue: The assembly or module 'Microsoft.SharePoint.Search.Extended.Administration.Common' directly or indirectly referenced by the test container 'c:\ngvl\sqa\automation\main\laminar.automation\laminar.automation.services.securitywebapi.test\bin\debug\laminar.automation.services.securitywebapi.test.dll' was not found.</Text>
      </RunInfo>
      <RunInfo computerName="ARAMK2" outcome="Warning" timestamp="2015-08-27T16:32:26.8136465-07:00">
        <Text>Warning: Test Run deployment issue: The assembly or module 'Microsoft.Office.Server.Search.Connector' directly or indirectly referenced by the test container 'c:\ngvl\sqa\automation\main\laminar.automation\laminar.automation.services.securitywebapi.test\bin\debug\laminar.automation.services.securitywebapi.test.dll' was not found.</Text>
      </RunInfo>
      <RunInfo computerName="ARAMK2" outcome="Warning" timestamp="2015-08-27T16:32:26.8136465-07:00">
        <Text>Warning: Test Run deployment issue: The assembly or module 'Microsoft.Practices.EnterpriseLibrary.Data' directly or indirectly referenced by the test container 'c:\ngvl\sqa\automation\main\laminar.automation\laminar.automation.services.securitywebapi.test\bin\debug\laminar.automation.services.securitywebapi.test.dll' was not found.</Text>
      </RunInfo>
      <RunInfo computerName="ARAMK2" outcome="Warning" timestamp="2015-08-27T16:32:26.8136465-07:00">
        <Text>Warning: Test Run deployment issue: The assembly or module 'Microsoft.Practices.Unity' directly or indirectly referenced by the test container 'c:\ngvl\sqa\automation\main\laminar.automation\laminar.automation.services.securitywebapi.test\bin\debug\laminar.automation.services.securitywebapi.test.dll' was not found.</Text>
      </RunInfo>
      <RunInfo computerName="ARAMK2" outcome="Warning" timestamp="2015-08-27T16:32:26.8136465-07:00">
        <Text>Warning: Test Run deployment issue: The assembly or module 'Microsoft.Stratum.Modularity' directly or indirectly referenced by the test container 'c:\ngvl\sqa\automation\main\laminar.automation\laminar.automation.services.securitywebapi.test\bin\debug\laminar.automation.services.securitywebapi.test.dll' was not found.</Text>
      </RunInfo>
      <RunInfo computerName="ARAMK2" outcome="Warning" timestamp="2015-08-27T16:32:26.8146462-07:00">
        <Text>Warning: Test Run deployment issue: The assembly or module 'Microsoft.IT.Commerce.Core' directly or indirectly referenced by the test container 'c:\ngvl\sqa\automation\main\laminar.automation\laminar.automation.services.securitywebapi.test\bin\debug\laminar.automation.services.securitywebapi.test.dll' was not found.</Text>
      </RunInfo>
      <RunInfo computerName="ARAMK2" outcome="Warning" timestamp="2015-08-27T16:32:26.8146462-07:00">
        <Text>Warning: Test Run deployment issue: The assembly or module 'Microsoft.IT.Licensing.Core' directly or indirectly referenced by the test container 'c:\ngvl\sqa\automation\main\laminar.automation\laminar.automation.services.securitywebapi.test\bin\debug\laminar.automation.services.securitywebapi.test.dll' was not found.</Text>
      </RunInfo>
      <RunInfo computerName="ARAMK2" outcome="Warning" timestamp="2015-08-27T16:32:26.8146462-07:00">
        <Text>Warning: Test Run deployment issue: The assembly or module 'System.IdentityModel.Tokens.ValidatingIssuerNameRegistry' directly or indirectly referenced by the test container 'c:\ngvl\sqa\automation\main\laminar.automation\laminar.automation.services.securitywebapi.test\bin\debug\laminar.automation.services.securitywebapi.test.dll' was not found.</Text>
      </RunInfo>
      <RunInfo computerName="ARAMK2" outcome="Warning" timestamp="2015-08-27T16:32:26.8146462-07:00">
        <Text>Warning: Test Run deployment issue: The assembly or module 'Microsoft.Practices.Unity.Configuration' directly or indirectly referenced by the test container 'c:\ngvl\sqa\automation\main\laminar.automation\laminar.automation.services.securitywebapi.test\bin\debug\laminar.automation.services.securitywebapi.test.dll' was not found.</Text>
      </RunInfo>
      <RunInfo computerName="ARAMK2" outcome="Warning" timestamp="2015-08-27T16:32:26.8146462-07:00">
        <Text>Warning: Test Run deployment issue: The assembly or module 'Microsoft.Practices.Unity.Interception' directly or indirectly referenced by the test container 'c:\ngvl\sqa\automation\main\laminar.automation\laminar.automation.services.securitywebapi.test\bin\debug\laminar.automation.services.securitywebapi.test.dll' was not found.</Text>
      </RunInfo>
      <RunInfo computerName="ARAMK2" outcome="Warning" timestamp="2015-08-27T16:32:26.8146462-07:00">
        <Text>Warning: Test Run deployment issue: The assembly or module 'Microsoft.Practices.EnterpriseLibrary.PolicyInjection' directly or indirectly referenced by the test container 'c:\ngvl\sqa\automation\main\laminar.automation\laminar.automation.services.securitywebapi.test\bin\debug\laminar.automation.services.securitywebapi.test.dll' was not found.</Text>
      </RunInfo>
      <RunInfo computerName="ARAMK2" outcome="Warning" timestamp="2015-08-27T16:32:26.8146462-07:00">
        <Text>Warning: Test Run deployment issue: The assembly or module 'Microsoft.Stratum.Modularity.Unity' directly or indirectly referenced by the test container 'c:\ngvl\sqa\automation\main\laminar.automation\laminar.automation.services.securitywebapi.test\bin\debug\laminar.automation.services.securitywebapi.test.dll' was not found.</Text>
      </RunInfo>
      <RunInfo computerName="ARAMK2" outcome="Warning" timestamp="2015-08-27T16:32:26.8146462-07:00">
        <Text>Warning: Test Run deployment issue: The assembly or module 'Microsoft.IT.Licensing.Core.Caching.Wsaf' directly or indirectly referenced by the test container 'c:\ngvl\sqa\automation\main\laminar.automation\laminar.automation.services.securitywebapi.test\bin\debug\laminar.automation.services.securitywebapi.test.dll' was not found.</Text>
      </RunInfo>
    </RunInfos>
  </ResultSummary>
  <TestDefinitions>
    <UnitTest name="SecurityWebApi_PostCloneExistingInvitation_InviteNotFound_491152" storage="c:\ngvl\sqa\automation\main\laminar.automation\laminar.automation.services.securitywebapi.test\bin\debug\laminar.automation.services.securitywebapi.test.dll" id="517cd053-4c11-d12f-8a8a-96c24700bda3">
      <Description>[API]: POST api/Invitation/{InvitationKey}/Clone - Verify 404 response code when invite record is not found with InvitationKey provided</Description>
      <TestCategory>
        <TestCategoryItem TestCategory="SecurityWebApi_Service" />
        <TestCategoryItem TestCategory="P1" />
        <TestCategoryItem TestCategory="AutoBVT" />
        <TestCategoryItem TestCategory="BL6Phase1" />
      </TestCategory>
      <Execution id="0d376dc1-22d3-4f05-99fd-74732ad5fdbb" />
      <Workitems>
        <Workitem>491152</Workitem>
      </Workitems>
      <Properties>
        <Property>
          <Key>__Internal_AsyncTypeName__</Key>
          <Value>Laminar.Automation.Services.SecurityWebApi.Test.TestMethods.InvitationTest+&lt;SecurityWebApi_PostCloneExistingInvitation_InviteNotFound_491152&gt;d__2f6</Value>
        </Property>
      </Properties>
      <TestMethod codeBase="C:/NGVL/SQA/Automation/Main/Laminar.Automation/Laminar.Automation.Services.SecurityWebApi.Test/bin/Debug/Laminar.Automation.Services.SecurityWebApi.Test.DLL" adapterTypeName="Microsoft.VisualStudio.TestTools.TestTypes.Unit.UnitTestAdapter, Microsoft.VisualStudio.QualityTools.Tips.UnitTest.Adapter, Version=12.0.0.0, Culture=neutral, PublicKeyToken=b03f5f7f11d50a3a" className="Laminar.Automation.Services.SecurityWebApi.Test.TestMethods.InvitationTest, Laminar.Automation.Services.SecurityWebApi.Test, Version=1.0.0.0, Culture=neutral, PublicKeyToken=null" name="SecurityWebApi_PostCloneExistingInvitation_InviteNotFound_491152" />
    </UnitTest>
    <UnitTest name="GetTenantMapsByIdHappyPathDatamatchesWithTenantMapInDB_478044" storage="c:\ngvl\sqa\automation\main\laminar.automation\laminar.automation.services.securitywebapi.test\bin\debug\laminar.automation.services.securitywebapi.test.dll" id="716e7df5-f67a-9dce-7459-9b63772bdd0f">
      <Description>[API]: GET Tenants/{id}/Maps - Verify that tenantmap info returned matches with the data available in tenant map table with 200 status code</Description>
      <TestCategory>
        <TestCategoryItem TestCategory="SecurityWebApi_Service" />
        <TestCategoryItem TestCategory="AutoBVT" />
        <TestCategoryItem TestCategory="P2" />
      </TestCategory>
      <Execution id="6c5c4c7e-3a94-4f38-95b9-6be20c64e87e" />
      <Workitems>
        <Workitem>478044</Workitem>
      </Workitems>
      <Properties>
        <Property>
          <Key>__Internal_AsyncTypeName__</Key>
          <Value>Laminar.Automation.Services.SecurityWebApi.Test.TestMethods.TenantEndPointsTest+&lt;GetTenantMapsByIdHappyPathDatamatchesWithTenantMapInDB_478044&gt;d__97</Value>
        </Property>
      </Properties>
      <TestMethod codeBase="C:/NGVL/SQA/Automation/Main/Laminar.Automation/Laminar.Automation.Services.SecurityWebApi.Test/bin/Debug/Laminar.Automation.Services.SecurityWebApi.Test.DLL" adapterTypeName="Microsoft.VisualStudio.TestTools.TestTypes.Unit.UnitTestAdapter, Microsoft.VisualStudio.QualityTools.Tips.UnitTest.Adapter, Version=12.0.0.0, Culture=neutral, PublicKeyToken=b03f5f7f11d50a3a" className="Laminar.Automation.Services.SecurityWebApi.Test.TestMethods.TenantEndPointsTest, Laminar.Automation.Services.SecurityWebApi.Test, Version=1.0.0.0, Culture=neutral, PublicKeyToken=null" name="GetTenantMapsByIdHappyPathDatamatchesWithTenantMapInDB_478044" />
    </UnitTest>
    <UnitTest name="SecurityWebApi_PostCloneExistingInvitation_HappyPath_491151" storage="c:\ngvl\sqa\automation\main\laminar.automation\laminar.automation.services.securitywebapi.test\bin\debug\laminar.automation.services.securitywebapi.test.dll" id="80d149d4-b5b2-ea2d-6bf9-f8534626b279">
      <Description>[API]: POST api/Invitation/{InvitationKey}/Clone - Verify data is properly updated in the database when a valid call is made</Description>
      <TestCategory>
        <TestCategoryItem TestCategory="SecurityWebApi_Service" />
        <TestCategoryItem TestCategory="P1" />
        <TestCategoryItem TestCategory="AutoBVT" />
        <TestCategoryItem TestCategory="BL6Phase1" />
      </TestCategory>
      <Execution id="45f94c94-f4e0-48e1-a3d4-3d90c32c0155" />
      <Workitems>
        <Workitem>491151</Workitem>
      </Workitems>
      <Properties>
        <Property>
          <Key>__Internal_AsyncTypeName__</Key>
          <Value>Laminar.Automation.Services.SecurityWebApi.Test.TestMethods.InvitationTest+&lt;SecurityWebApi_PostCloneExistingInvitation_HappyPath_491151&gt;d__283</Value>
        </Property>
      </Properties>
      <TestMethod codeBase="C:/NGVL/SQA/Automation/Main/Laminar.Automation/Laminar.Automation.Services.SecurityWebApi.Test/bin/Debug/Laminar.Automation.Services.SecurityWebApi.Test.DLL" adapterTypeName="Microsoft.VisualStudio.TestTools.TestTypes.Unit.UnitTestAdapter, Microsoft.VisualStudio.QualityTools.Tips.UnitTest.Adapter, Version=12.0.0.0, Culture=neutral, PublicKeyToken=b03f5f7f11d50a3a" className="Laminar.Automation.Services.SecurityWebApi.Test.TestMethods.InvitationTest, Laminar.Automation.Services.SecurityWebApi.Test, Version=1.0.0.0, Culture=neutral, PublicKeyToken=null" name="SecurityWebApi_PostCloneExistingInvitation_HappyPath_491151" />
    </UnitTest>
    <UnitTest name="SecurityWebApi_UpdateInvitation_PartnerAgreementCreator_HappyPath_499737" storage="c:\ngvl\sqa\automation\main\laminar.automation\laminar.automation.services.securitywebapi.test\bin\debug\laminar.automation.services.securitywebapi.test.dll" id="1d1a74a4-436f-0e4d-a112-5c7bf531a801">
      <Description>[API]: PUT api/Update invitation by invitation key -  PartnerAgreementCreator user test</Description>
      <TestCategory>
        <TestCategoryItem TestCategory="SecurityWebApi_Service" />
        <TestCategoryItem TestCategory="P1" />
        <TestCategoryItem TestCategory="AutoBVT" />
        <TestCategoryItem TestCategory="BL6Phase1" />
      </TestCategory>
      <Execution id="061e2456-c4c4-43eb-90a0-cfc1e1f3174f" />
      <Workitems>
        <Workitem>499737</Workitem>
      </Workitems>
      <Properties>
        <Property>
          <Key>__Internal_AsyncTypeName__</Key>
          <Value>Laminar.Automation.Services.SecurityWebApi.Test.TestMethods.InvitationTest+&lt;SecurityWebApi_UpdateInvitation_PartnerAgreementCreator_HappyPath_499737&gt;d__234</Value>
        </Property>
      </Properties>
      <TestMethod codeBase="C:/NGVL/SQA/Automation/Main/Laminar.Automation/Laminar.Automation.Services.SecurityWebApi.Test/bin/Debug/Laminar.Automation.Services.SecurityWebApi.Test.DLL" adapterTypeName="Microsoft.VisualStudio.TestTools.TestTypes.Unit.UnitTestAdapter, Microsoft.VisualStudio.QualityTools.Tips.UnitTest.Adapter, Version=12.0.0.0, Culture=neutral, PublicKeyToken=b03f5f7f11d50a3a" className="Laminar.Automation.Services.SecurityWebApi.Test.TestMethods.InvitationTest, Laminar.Automation.Services.SecurityWebApi.Test, Version=1.0.0.0, Culture=neutral, PublicKeyToken=null" name="SecurityWebApi_UpdateInvitation_PartnerAgreementCreator_HappyPath_499737" />
    </UnitTest>
    <UnitTest name="SecurityWebApi_GetInvitationByInvitationKey_PartnerAgreementCreatorNoAgreementAccess_499711" storage="c:\ngvl\sqa\automation\main\laminar.automation\laminar.automation.services.securitywebapi.test\bin\debug\laminar.automation.services.securitywebapi.test.dll" id="8e10d0a3-c01b-3a73-5bfd-199a6a40b21f">
      <Description>[API]: GET api/Invitation by invitation key - PartnerAgreementCreator with no access to corresponding agreement user test</Description>
      <TestCategory>
        <TestCategoryItem TestCategory="SecurityWebApi_Service" />
        <TestCategoryItem TestCategory="P1" />
        <TestCategoryItem TestCategory="AutoBVT" />
        <TestCategoryItem TestCategory="BL6_July" />
      </TestCategory>
      <Execution id="21f9c130-cebc-4883-aa15-c4f8e1118660" />
      <Workitems>
        <Workitem>499711</Workitem>
      </Workitems>
      <Properties>
        <Property>
          <Key>__Internal_AsyncTypeName__</Key>
          <Value>Laminar.Automation.Services.SecurityWebApi.Test.TestMethods.InvitationTest+&lt;SecurityWebApi_GetInvitationByInvitationKey_PartnerAgreementCreatorNoAgreementAccess_499711&gt;d__86</Value>
        </Property>
      </Properties>
      <TestMethod codeBase="C:/NGVL/SQA/Automation/Main/Laminar.Automation/Laminar.Automation.Services.SecurityWebApi.Test/bin/Debug/Laminar.Automation.Services.SecurityWebApi.Test.DLL" adapterTypeName="Microsoft.VisualStudio.TestTools.TestTypes.Unit.UnitTestAdapter, Microsoft.VisualStudio.QualityTools.Tips.UnitTest.Adapter, Version=12.0.0.0, Culture=neutral, PublicKeyToken=b03f5f7f11d50a3a" className="Laminar.Automation.Services.SecurityWebApi.Test.TestMethods.InvitationTest, Laminar.Automation.Services.SecurityWebApi.Test, Version=1.0.0.0, Culture=neutral, PublicKeyToken=null" name="SecurityWebApi_GetInvitationByInvitationKey_PartnerAgreementCreatorNoAgreementAccess_499711" />
    </UnitTest>
    <UnitTest name="SecurityWebApi_GetTenantMapBySearchCriteria_NoAuthHeader_491070" storage="c:\ngvl\sqa\automation\main\laminar.automation\laminar.automation.services.securitywebapi.test\bin\debug\laminar.automation.services.securitywebapi.test.dll" id="2c9de3d0-340d-aa49-4323-8cdebc105d48">
      <Description>[API]: GET api/Invitation?AccountNumber... Verify 401 response code for service call when called without an authorization header</Description>
      <TestCategory>
        <TestCategoryItem TestCategory="SecurityWebApi_Service" />
        <TestCategoryItem TestCategory="P1" />
        <TestCategoryItem TestCategory="AutoBVT" />
      </TestCategory>
      <Execution id="3d812a86-a037-4280-85fb-cfef058ae6fe" />
      <Workitems>
        <Workitem>491070</Workitem>
      </Workitems>
      <Properties>
        <Property>
          <Key>__Internal_AsyncTypeName__</Key>
          <Value>Laminar.Automation.Services.SecurityWebApi.Test.TestMethods.TenantMapTest+&lt;SecurityWebApi_GetTenantMapBySearchCriteria_NoAuthHeader_491070&gt;d__25</Value>
        </Property>
      </Properties>
      <TestMethod codeBase="C:/NGVL/SQA/Automation/Main/Laminar.Automation/Laminar.Automation.Services.SecurityWebApi.Test/bin/Debug/Laminar.Automation.Services.SecurityWebApi.Test.DLL" adapterTypeName="Microsoft.VisualStudio.TestTools.TestTypes.Unit.UnitTestAdapter, Microsoft.VisualStudio.QualityTools.Tips.UnitTest.Adapter, Version=12.0.0.0, Culture=neutral, PublicKeyToken=b03f5f7f11d50a3a" className="Laminar.Automation.Services.SecurityWebApi.Test.TestMethods.TenantMapTest, Laminar.Automation.Services.SecurityWebApi.Test, Version=1.0.0.0, Culture=neutral, PublicKeyToken=null" name="SecurityWebApi_GetTenantMapBySearchCriteria_NoAuthHeader_491070" />
    </UnitTest>
    <UnitTest name="SecurityWebApi_PostCloneExistingInvitation_TimingLogs_491165" storage="c:\ngvl\sqa\automation\main\laminar.automation\laminar.automation.services.securitywebapi.test\bin\debug\laminar.automation.services.securitywebapi.test.dll" id="80e4448a-6f34-ecce-09a9-cfb1c227698e">
      <Description>[API]: POST api/Invitation/{InvitationKey}/Clone - Verify that timing information is being logged</Description>
      <TestCategory>
        <TestCategoryItem TestCategory="SecurityWebApi_Service" />
        <TestCategoryItem TestCategory="BL6Phase1" />
        <TestCategoryItem TestCategory="P2" />
        <TestCategoryItem TestCategory="AutoBVT" />
      </TestCategory>
      <Execution id="bfbd83bf-4887-49c2-939d-f8f0e5ae4cab" />
      <Workitems>
        <Workitem>491165</Workitem>
      </Workitems>
      <Properties>
        <Property>
          <Key>__Internal_AsyncTypeName__</Key>
          <Value>Laminar.Automation.Services.SecurityWebApi.Test.TestMethods.InvitationTest+&lt;SecurityWebApi_PostCloneExistingInvitation_TimingLogs_491165&gt;d__30f</Value>
        </Property>
      </Properties>
      <TestMethod codeBase="C:/NGVL/SQA/Automation/Main/Laminar.Automation/Laminar.Automation.Services.SecurityWebApi.Test/bin/Debug/Laminar.Automation.Services.SecurityWebApi.Test.DLL" adapterTypeName="Microsoft.VisualStudio.TestTools.TestTypes.Unit.UnitTestAdapter, Microsoft.VisualStudio.QualityTools.Tips.UnitTest.Adapter, Version=12.0.0.0, Culture=neutral, PublicKeyToken=b03f5f7f11d50a3a" className="Laminar.Automation.Services.SecurityWebApi.Test.TestMethods.InvitationTest, Laminar.Automation.Services.SecurityWebApi.Test, Version=1.0.0.0, Culture=neutral, PublicKeyToken=null" name="SecurityWebApi_PostCloneExistingInvitation_TimingLogs_491165" />
    </UnitTest>
    <UnitTest name="GetUsersByAccountAndRolesCheckAccountNumberLength_478060" storage="c:\ngvl\sqa\automation\main\laminar.automation\laminar.automation.services.securitywebapi.test\bin\debug\laminar.automation.services.securitywebapi.test.dll" id="dd1a753a-70f1-7743-d1f0-b9d2ac24698c">
      <Description>[API]: GET Users/{account}/Roles/{roles}/  - Verify the length of the Account provided</Description>
      <TestCategory>
        <TestCategoryItem TestCategory="SecurityWebApi_Service" />
        <TestCategoryItem TestCategory="AutoBVT" />
        <TestCategoryItem TestCategory="P2" />
      </TestCategory>
      <Execution id="4653ca2e-b0c1-4d1d-b096-3d7355bdc3ab" />
      <Workitems>
        <Workitem>478060</Workitem>
      </Workitems>
      <Properties>
        <Property>
          <Key>__Internal_AsyncTypeName__</Key>
          <Value>Laminar.Automation.Services.SecurityWebApi.Test.TestMethods.UserEndPointsTest+&lt;GetUsersByAccountAndRolesCheckAccountNumberLength_478060&gt;d__26</Value>
        </Property>
      </Properties>
      <TestMethod codeBase="C:/NGVL/SQA/Automation/Main/Laminar.Automation/Laminar.Automation.Services.SecurityWebApi.Test/bin/Debug/Laminar.Automation.Services.SecurityWebApi.Test.DLL" adapterTypeName="Microsoft.VisualStudio.TestTools.TestTypes.Unit.UnitTestAdapter, Microsoft.VisualStudio.QualityTools.Tips.UnitTest.Adapter, Version=12.0.0.0, Culture=neutral, PublicKeyToken=b03f5f7f11d50a3a" className="Laminar.Automation.Services.SecurityWebApi.Test.TestMethods.UserEndPointsTest, Laminar.Automation.Services.SecurityWebApi.Test, Version=1.0.0.0, Culture=neutral, PublicKeyToken=null" name="GetUsersByAccountAndRolesCheckAccountNumberLength_478060" />
    </UnitTest>
    <UnitTest name="SecurityWebApi_GetTenantsAsync_LengthOfAParNumberExceedsMaximum_ReturnsBadRequest_478039" storage="c:\ngvl\sqa\automation\main\laminar.automation\laminar.automation.services.securitywebapi.test\bin\debug\laminar.automation.services.securitywebapi.test.dll" id="26ee48eb-b69d-e0ec-1cda-0d14d8ae1790">
      <Description>[API]: GET api/Tenants by domain or PAR - Verify the length of each PAR number provided in querystring</Description>
      <TestCategory>
        <TestCategoryItem TestCategory="SecurityWebApi_Service" />
        <TestCategoryItem TestCategory="AutoBVT" />
        <TestCategoryItem TestCategory="P2" />
      </TestCategory>
      <Execution id="562b71ca-1e09-4f6a-b206-13819cd30042" />
      <Workitems>
        <Workitem>478039</Workitem>
      </Workitems>
      <Properties>
        <Property>
          <Key>__Internal_AsyncTypeName__</Key>
          <Value>Laminar.Automation.Services.SecurityWebApi.Test.TestMethods.TenantEndPointsTest+&lt;SecurityWebApi_GetTenantsAsync_LengthOfAParNumberExceedsMaximum_ReturnsBadRequest_478039&gt;d__5b</Value>
        </Property>
      </Properties>
      <TestMethod codeBase="C:/NGVL/SQA/Automation/Main/Laminar.Automation/Laminar.Automation.Services.SecurityWebApi.Test/bin/Debug/Laminar.Automation.Services.SecurityWebApi.Test.DLL" adapterTypeName="Microsoft.VisualStudio.TestTools.TestTypes.Unit.UnitTestAdapter, Microsoft.VisualStudio.QualityTools.Tips.UnitTest.Adapter, Version=12.0.0.0, Culture=neutral, PublicKeyToken=b03f5f7f11d50a3a" className="Laminar.Automation.Services.SecurityWebApi.Test.TestMethods.TenantEndPointsTest, Laminar.Automation.Services.SecurityWebApi.Test, Version=1.0.0.0, Culture=neutral, PublicKeyToken=null" name="SecurityWebApi_GetTenantsAsync_LengthOfAParNumberExceedsMaximum_ReturnsBadRequest_478039" />
    </UnitTest>
    <UnitTest name="SecurityWebApi_GetInvitationBySearchCriteria_HappyPath_491125" storage="c:\ngvl\sqa\automation\main\laminar.automation\laminar.automation.services.securitywebapi.test\bin\debug\laminar.automation.services.securitywebapi.test.dll" id="2443913c-2c12-058b-2c5c-f8a18796cdc9">
      <Description>[API]: GET api/Invitation?AccountNumber... Verify the returned object values match with the values from the database invite table</Description>
      <TestCategory>
        <TestCategoryItem TestCategory="SecurityWebApi_Service" />
        <TestCategoryItem TestCategory="P1" />
        <TestCategoryItem TestCategory="AutoBVT" />
        <TestCategoryItem TestCategory="BL6Phase1" />
      </TestCategory>
      <Execution id="cdd9b800-cfeb-42be-832c-1150ddfca1de" />
      <Workitems>
        <Workitem>491125</Workitem>
      </Workitems>
      <Properties>
        <Property>
          <Key>__Internal_AsyncTypeName__</Key>
          <Value>Laminar.Automation.Services.SecurityWebApi.Test.TestMethods.InvitationTest+&lt;SecurityWebApi_GetInvitationBySearchCriteria_HappyPath_491125&gt;d__ff</Value>
        </Property>
      </Properties>
      <TestMethod codeBase="C:/NGVL/SQA/Automation/Main/Laminar.Automation/Laminar.Automation.Services.SecurityWebApi.Test/bin/Debug/Laminar.Automation.Services.SecurityWebApi.Test.DLL" adapterTypeName="Microsoft.VisualStudio.TestTools.TestTypes.Unit.UnitTestAdapter, Microsoft.VisualStudio.QualityTools.Tips.UnitTest.Adapter, Version=12.0.0.0, Culture=neutral, PublicKeyToken=b03f5f7f11d50a3a" className="Laminar.Automation.Services.SecurityWebApi.Test.TestMethods.InvitationTest, Laminar.Automation.Services.SecurityWebApi.Test, Version=1.0.0.0, Culture=neutral, PublicKeyToken=null" name="SecurityWebApi_GetInvitationBySearchCriteria_HappyPath_491125" />
    </UnitTest>
    <UnitTest name="GetTenantMapsByIdBadRequestIfTenantKeyNotProvided_478042" storage="c:\ngvl\sqa\automation\main\laminar.automation\laminar.automation.services.securitywebapi.test\bin\debug\laminar.automation.services.securitywebapi.test.dll" id="0207ef45-b802-80bf-37a1-23f5ec5f166b">
      <Description>[API]: GET Tenants/{id}/Maps - Verify that BadRequest is returned if no tenantKey is provided</Description>
      <TestCategory>
        <TestCategoryItem TestCategory="SecurityWebApi_Service" />
        <TestCategoryItem TestCategory="AutoBVT" />
        <TestCategoryItem TestCategory="P2" />
      </TestCategory>
      <Execution id="ae4d6437-53f2-457e-9574-b17eed5bc7bc" />
      <Workitems>
        <Workitem>478042</Workitem>
      </Workitems>
      <Properties>
        <Property>
          <Key>__Internal_AsyncTypeName__</Key>
          <Value>Laminar.Automation.Services.SecurityWebApi.Test.TestMethods.TenantEndPointsTest+&lt;GetTenantMapsByIdBadRequestIfTenantKeyNotProvided_478042&gt;d__8d</Value>
        </Property>
      </Properties>
      <TestMethod codeBase="C:/NGVL/SQA/Automation/Main/Laminar.Automation/Laminar.Automation.Services.SecurityWebApi.Test/bin/Debug/Laminar.Automation.Services.SecurityWebApi.Test.DLL" adapterTypeName="Microsoft.VisualStudio.TestTools.TestTypes.Unit.UnitTestAdapter, Microsoft.VisualStudio.QualityTools.Tips.UnitTest.Adapter, Version=12.0.0.0, Culture=neutral, PublicKeyToken=b03f5f7f11d50a3a" className="Laminar.Automation.Services.SecurityWebApi.Test.TestMethods.TenantEndPointsTest, Laminar.Automation.Services.SecurityWebApi.Test, Version=1.0.0.0, Culture=neutral, PublicKeyToken=null" name="GetTenantMapsByIdBadRequestIfTenantKeyNotProvided_478042" />
    </UnitTest>
    <UnitTest name="GetTenantAdminsByIdNoTenantKeyProvided_478049" storage="c:\ngvl\sqa\automation\main\laminar.automation\laminar.automation.services.securitywebapi.test\bin\debug\laminar.automation.services.securitywebapi.test.dll" id="c602824c-b7aa-8a78-3a69-c9768c42a0ee">
      <Description>[API]: GET Tenants/{id}/Admins - Verify that BadRequest is returned if no tenantKey is provided</Description>
      <TestCategory>
        <TestCategoryItem TestCategory="SecurityWebApi_Service" />
        <TestCategoryItem TestCategory="AutoBVT" />
        <TestCategoryItem TestCategory="P2" />
      </TestCategory>
      <Execution id="a409f0ce-69a9-4c5d-87ef-af34f44882a8" />
      <Workitems>
        <Workitem>478049</Workitem>
      </Workitems>
      <Properties>
        <Property>
          <Key>__Internal_AsyncTypeName__</Key>
          <Value>Laminar.Automation.Services.SecurityWebApi.Test.TestMethods.TenantEndPointsTest+&lt;GetTenantAdminsByIdNoTenantKeyProvided_478049&gt;d__b7</Value>
        </Property>
      </Properties>
      <TestMethod codeBase="C:/NGVL/SQA/Automation/Main/Laminar.Automation/Laminar.Automation.Services.SecurityWebApi.Test/bin/Debug/Laminar.Automation.Services.SecurityWebApi.Test.DLL" adapterTypeName="Microsoft.VisualStudio.TestTools.TestTypes.Unit.UnitTestAdapter, Microsoft.VisualStudio.QualityTools.Tips.UnitTest.Adapter, Version=12.0.0.0, Culture=neutral, PublicKeyToken=b03f5f7f11d50a3a" className="Laminar.Automation.Services.SecurityWebApi.Test.TestMethods.TenantEndPointsTest, Laminar.Automation.Services.SecurityWebApi.Test, Version=1.0.0.0, Culture=neutral, PublicKeyToken=null" name="GetTenantAdminsByIdNoTenantKeyProvided_478049" />
    </UnitTest>
    <UnitTest name="SecurityWebApi_GetInvitationBySearchCriteria_AgreementNumbers_HappyPath_548077" storage="c:\ngvl\sqa\automation\main\laminar.automation\laminar.automation.services.securitywebapi.test\bin\debug\laminar.automation.services.securitywebapi.test.dll" id="ed6b28cc-301e-5d4f-6ac0-531892c29409">
      <Description>[API]: GET api/Invitation?AgreementNumbers... by search criteria - Verify that correct invite data is returned for passed in AgreementNumbers(s) with 200 status code if invite row was found</Description>
      <TestCategory>
        <TestCategoryItem TestCategory="SecurityWebApi_Service" />
        <TestCategoryItem TestCategory="P1" />
        <TestCategoryItem TestCategory="AutoBVT" />
        <TestCategoryItem TestCategory="BL6Phase2" />
      </TestCategory>
      <Execution id="15d5e13c-20c6-417e-9317-42a60271def6" />
      <Workitems>
        <Workitem>548077</Workitem>
      </Workitems>
      <Properties>
        <Property>
          <Key>__Internal_AsyncTypeName__</Key>
          <Value>Laminar.Automation.Services.SecurityWebApi.Test.TestMethods.InvitationTest+&lt;SecurityWebApi_GetInvitationBySearchCriteria_AgreementNumbers_HappyPath_548077&gt;d__98</Value>
        </Property>
      </Properties>
      <TestMethod codeBase="C:/NGVL/SQA/Automation/Main/Laminar.Automation/Laminar.Automation.Services.SecurityWebApi.Test/bin/Debug/Laminar.Automation.Services.SecurityWebApi.Test.DLL" adapterTypeName="Microsoft.VisualStudio.TestTools.TestTypes.Unit.UnitTestAdapter, Microsoft.VisualStudio.QualityTools.Tips.UnitTest.Adapter, Version=12.0.0.0, Culture=neutral, PublicKeyToken=b03f5f7f11d50a3a" className="Laminar.Automation.Services.SecurityWebApi.Test.TestMethods.InvitationTest, Laminar.Automation.Services.SecurityWebApi.Test, Version=1.0.0.0, Culture=neutral, PublicKeyToken=null" name="SecurityWebApi_GetInvitationBySearchCriteria_AgreementNumbers_HappyPath_548077" />
    </UnitTest>
    <UnitTest name="SecurityWebApi_PostCloneExistingInvitation_HappyPath_491164" storage="c:\ngvl\sqa\automation\main\laminar.automation\laminar.automation.services.securitywebapi.test\bin\debug\laminar.automation.services.securitywebapi.test.dll" id="328af4ae-601b-3caa-71d6-7800a4003e83">
      <Description>[API]: POST api/Invitation/{InvitationKey}/Clone - Verify 201 repsonse code and the correct data is being returned for the passed in InvitationID and InvitationCloneRequest</Description>
      <TestCategory>
        <TestCategoryItem TestCategory="SecurityWebApi_Service" />
        <TestCategoryItem TestCategory="P1" />
        <TestCategoryItem TestCategory="AutoBVT" />
        <TestCategoryItem TestCategory="BL6Phase1" />
      </TestCategory>
      <Execution id="17882c28-9679-44d6-9e0c-dd976a8026b2" />
      <Workitems>
        <Workitem>491164</Workitem>
      </Workitems>
      <Properties>
        <Property>
          <Key>__Internal_AsyncTypeName__</Key>
          <Value>Laminar.Automation.Services.SecurityWebApi.Test.TestMethods.InvitationTest+&lt;SecurityWebApi_PostCloneExistingInvitation_HappyPath_491164&gt;d__272</Value>
        </Property>
      </Properties>
      <TestMethod codeBase="C:/NGVL/SQA/Automation/Main/Laminar.Automation/Laminar.Automation.Services.SecurityWebApi.Test/bin/Debug/Laminar.Automation.Services.SecurityWebApi.Test.DLL" adapterTypeName="Microsoft.VisualStudio.TestTools.TestTypes.Unit.UnitTestAdapter, Microsoft.VisualStudio.QualityTools.Tips.UnitTest.Adapter, Version=12.0.0.0, Culture=neutral, PublicKeyToken=b03f5f7f11d50a3a" className="Laminar.Automation.Services.SecurityWebApi.Test.TestMethods.InvitationTest, Laminar.Automation.Services.SecurityWebApi.Test, Version=1.0.0.0, Culture=neutral, PublicKeyToken=null" name="SecurityWebApi_PostCloneExistingInvitation_HappyPath_491164" />
    </UnitTest>
    <UnitTest name="SecurityWebApi_GetRolesByRoleScenarioHappyPath_607293" storage="c:\ngvl\sqa\automation\main\laminar.automation\laminar.automation.services.securitywebapi.test\bin\debug\laminar.automation.services.securitywebapi.test.dll" id="1988a555-07c0-2a43-5244-eb0d15e51630">
      <Description>[API]: GET Roles/{roleScenario} - Verify that OK (200) status code and correct data (json) are returned for a valid Role Scenario</Description>
      <TestCategory>
        <TestCategoryItem TestCategory="SecurityWebApi_Service" />
        <TestCategoryItem TestCategory="AutoBVT" />
        <TestCategoryItem TestCategory="P2" />
      </TestCategory>
      <Execution id="17f7c704-076b-41d8-9942-6d9168d5b39e" />
      <Workitems>
        <Workitem>607293</Workitem>
      </Workitems>
      <Properties>
        <Property>
          <Key>__Internal_AsyncTypeName__</Key>
          <Value>Laminar.Automation.Services.SecurityWebApi.Test.TestMethods.RolesEndpointTest+&lt;SecurityWebApi_GetRolesByRoleScenarioHappyPath_607293&gt;d__0</Value>
        </Property>
      </Properties>
      <TestMethod codeBase="C:/NGVL/SQA/Automation/Main/Laminar.Automation/Laminar.Automation.Services.SecurityWebApi.Test/bin/Debug/Laminar.Automation.Services.SecurityWebApi.Test.DLL" adapterTypeName="Microsoft.VisualStudio.TestTools.TestTypes.Unit.UnitTestAdapter, Microsoft.VisualStudio.QualityTools.Tips.UnitTest.Adapter, Version=12.0.0.0, Culture=neutral, PublicKeyToken=b03f5f7f11d50a3a" className="Laminar.Automation.Services.SecurityWebApi.Test.TestMethods.RolesEndpointTest, Laminar.Automation.Services.SecurityWebApi.Test, Version=1.0.0.0, Culture=neutral, PublicKeyToken=null" name="SecurityWebApi_GetRolesByRoleScenarioHappyPath_607293" />
    </UnitTest>
    <UnitTest name="SecurityWebApi_CreateUserWithNoRole_Fail_622541" storage="c:\ngvl\sqa\automation\main\laminar.automation\laminar.automation.services.securitywebapi.test\bin\debug\laminar.automation.services.securitywebapi.test.dll" id="2fb691a8-b3aa-eb2b-f946-b11f4308ef27">
      <Description>[API]: POST Users - Verify that BadRequest (400) status code is returned if roles information is not provided</Description>
      <TestCategory>
        <TestCategoryItem TestCategory="SecurityWebApi_Service" />
        <TestCategoryItem TestCategory="P1" />
        <TestCategoryItem TestCategory="AutoBVT" />
      </TestCategory>
      <Execution id="35dd153f-3626-4cfa-bdb1-8acf7ebea798" />
      <Workitems>
        <Workitem>622541</Workitem>
      </Workitems>
      <Properties>
        <Property>
          <Key>__Internal_AsyncTypeName__</Key>
          <Value>Laminar.Automation.Services.SecurityWebApi.Test.TestMethods.UserEndPointsTest+&lt;SecurityWebApi_CreateUserWithNoRole_Fail_622541&gt;d__96</Value>
        </Property>
      </Properties>
      <TestMethod codeBase="C:/NGVL/SQA/Automation/Main/Laminar.Automation/Laminar.Automation.Services.SecurityWebApi.Test/bin/Debug/Laminar.Automation.Services.SecurityWebApi.Test.DLL" adapterTypeName="Microsoft.VisualStudio.TestTools.TestTypes.Unit.UnitTestAdapter, Microsoft.VisualStudio.QualityTools.Tips.UnitTest.Adapter, Version=12.0.0.0, Culture=neutral, PublicKeyToken=b03f5f7f11d50a3a" className="Laminar.Automation.Services.SecurityWebApi.Test.TestMethods.UserEndPointsTest, Laminar.Automation.Services.SecurityWebApi.Test, Version=1.0.0.0, Culture=neutral, PublicKeyToken=null" name="SecurityWebApi_CreateUserWithNoRole_Fail_622541" />
    </UnitTest>
    <UnitTest name="SecurityWebApi_GetTenantMapBySearchCriteria_TimingLogs_491096" storage="c:\ngvl\sqa\automation\main\laminar.automation\laminar.automation.services.securitywebapi.test\bin\debug\laminar.automation.services.securitywebapi.test.dll" id="dec9014f-defa-2b65-6dd4-4fd13f435d34">
      <Description>[API]: GET /api/TenantMaps?PARNumbers...Verify that timing information is being logged</Description>
      <TestCategory>
        <TestCategoryItem TestCategory="SecurityWebApi_Service" />
        <TestCategoryItem TestCategory="AutoBVT" />
        <TestCategoryItem TestCategory="P2" />
      </TestCategory>
      <Execution id="97bdf949-e5c9-4042-9f95-fd16fa27fae8" />
      <Workitems>
        <Workitem>491096</Workitem>
      </Workitems>
      <Properties>
        <Property>
          <Key>__Internal_AsyncTypeName__</Key>
          <Value>Laminar.Automation.Services.SecurityWebApi.Test.TestMethods.TenantMapTest+&lt;SecurityWebApi_GetTenantMapBySearchCriteria_TimingLogs_491096&gt;d__40</Value>
        </Property>
      </Properties>
      <TestMethod codeBase="C:/NGVL/SQA/Automation/Main/Laminar.Automation/Laminar.Automation.Services.SecurityWebApi.Test/bin/Debug/Laminar.Automation.Services.SecurityWebApi.Test.DLL" adapterTypeName="Microsoft.VisualStudio.TestTools.TestTypes.Unit.UnitTestAdapter, Microsoft.VisualStudio.QualityTools.Tips.UnitTest.Adapter, Version=12.0.0.0, Culture=neutral, PublicKeyToken=b03f5f7f11d50a3a" className="Laminar.Automation.Services.SecurityWebApi.Test.TestMethods.TenantMapTest, Laminar.Automation.Services.SecurityWebApi.Test, Version=1.0.0.0, Culture=neutral, PublicKeyToken=null" name="SecurityWebApi_GetTenantMapBySearchCriteria_TimingLogs_491096" />
    </UnitTest>
    <UnitTest name="SecurityWebApi_UpdateInvitation_InvitationExpired_491048" storage="c:\ngvl\sqa\automation\main\laminar.automation\laminar.automation.services.securitywebapi.test\bin\debug\laminar.automation.services.securitywebapi.test.dll" id="672729d4-064f-8897-96e2-49cb3430512f">
      <Description>[API]: PUT api/Update invitation by invitation key - Verify 404 response code when the status of the requested invitation in not in the pending state</Description>
      <TestCategory>
        <TestCategoryItem TestCategory="SecurityWebApi_Service" />
        <TestCategoryItem TestCategory="P1" />
        <TestCategoryItem TestCategory="AutoBVT" />
        <TestCategoryItem TestCategory="BL6Phase1" />
      </TestCategory>
      <Execution id="3df45df6-ae12-42ad-a3c4-93fdfdc03b4c" />
      <Workitems>
        <Workitem>491048</Workitem>
      </Workitems>
      <Properties>
        <Property>
          <Key>__Internal_AsyncTypeName__</Key>
          <Value>Laminar.Automation.Services.SecurityWebApi.Test.TestMethods.InvitationTest+&lt;SecurityWebApi_UpdateInvitation_InvitationExpired_491048&gt;d__1c3</Value>
        </Property>
      </Properties>
      <TestMethod codeBase="C:/NGVL/SQA/Automation/Main/Laminar.Automation/Laminar.Automation.Services.SecurityWebApi.Test/bin/Debug/Laminar.Automation.Services.SecurityWebApi.Test.DLL" adapterTypeName="Microsoft.VisualStudio.TestTools.TestTypes.Unit.UnitTestAdapter, Microsoft.VisualStudio.QualityTools.Tips.UnitTest.Adapter, Version=12.0.0.0, Culture=neutral, PublicKeyToken=b03f5f7f11d50a3a" className="Laminar.Automation.Services.SecurityWebApi.Test.TestMethods.InvitationTest, Laminar.Automation.Services.SecurityWebApi.Test, Version=1.0.0.0, Culture=neutral, PublicKeyToken=null" name="SecurityWebApi_UpdateInvitation_InvitationExpired_491048" />
    </UnitTest>
    <UnitTest name="SecurityWebApi_PostTenant_InvitationStatusIsRenewed_CreatesTenant_517259" storage="c:\ngvl\sqa\automation\main\laminar.automation\laminar.automation.services.securitywebapi.test\bin\debug\laminar.automation.services.securitywebapi.test.dll" id="e7c6a9b8-1bbe-d589-a53f-aa9faa3fbaa3">
      <Description>[API]: POST Tenant - Verify if the TenantRequest and InvitationKey are valid and Invitation is in Renewed status, the service returns tenant created status.</Description>
      <TestCategory>
        <TestCategoryItem TestCategory="SecurityWebApi_Service" />
        <TestCategoryItem TestCategory="AutoBVT" />
        <TestCategoryItem TestCategory="P2" />
      </TestCategory>
      <Execution id="1493d612-b443-4c26-8ed6-8042ea2010b8" />
      <Workitems>
        <Workitem>517259</Workitem>
      </Workitems>
      <Properties>
        <Property>
          <Key>__Internal_AsyncTypeName__</Key>
          <Value>Laminar.Automation.Services.SecurityWebApi.Test.TestMethods.TenantEndPointsTest+&lt;SecurityWebApi_PostTenant_InvitationStatusIsRenewed_CreatesTenant_517259&gt;d__fa</Value>
        </Property>
      </Properties>
      <TestMethod codeBase="C:/NGVL/SQA/Automation/Main/Laminar.Automation/Laminar.Automation.Services.SecurityWebApi.Test/bin/Debug/Laminar.Automation.Services.SecurityWebApi.Test.DLL" adapterTypeName="Microsoft.VisualStudio.TestTools.TestTypes.Unit.UnitTestAdapter, Microsoft.VisualStudio.QualityTools.Tips.UnitTest.Adapter, Version=12.0.0.0, Culture=neutral, PublicKeyToken=b03f5f7f11d50a3a" className="Laminar.Automation.Services.SecurityWebApi.Test.TestMethods.TenantEndPointsTest, Laminar.Automation.Services.SecurityWebApi.Test, Version=1.0.0.0, Culture=neutral, PublicKeyToken=null" name="SecurityWebApi_PostTenant_InvitationStatusIsRenewed_CreatesTenant_517259" />
    </UnitTest>
    <UnitTest name="SecurityWebApi_GetTenantMapBySearchCriteria_RecordNotFoundWithGivenQueryString_491106" storage="c:\ngvl\sqa\automation\main\laminar.automation\laminar.automation.services.securitywebapi.test\bin\debug\laminar.automation.services.securitywebapi.test.dll" id="b0801c3a-aa77-aaab-8e34-62ee369cfe62">
      <Description>[API]: GET /api/TenantMaps?PARNumbers... by search criteria - Verify an empty array is returned when no records match the PARNumbers that were provided in the querystring</Description>
      <TestCategory>
        <TestCategoryItem TestCategory="SecurityWebApi_Service" />
        <TestCategoryItem TestCategory="P1" />
        <TestCategoryItem TestCategory="AutoBVT" />
      </TestCategory>
      <Execution id="43124342-0d1a-4f80-a3f7-f2677b8d37d2" />
      <Workitems>
        <Workitem>491106</Workitem>
      </Workitems>
      <Properties>
        <Property>
          <Key>__Internal_AsyncTypeName__</Key>
          <Value>Laminar.Automation.Services.SecurityWebApi.Test.TestMethods.TenantMapTest+&lt;SecurityWebApi_GetTenantMapBySearchCriteria_RecordNotFoundWithGivenQueryString_491106&gt;d__60</Value>
        </Property>
      </Properties>
      <TestMethod codeBase="C:/NGVL/SQA/Automation/Main/Laminar.Automation/Laminar.Automation.Services.SecurityWebApi.Test/bin/Debug/Laminar.Automation.Services.SecurityWebApi.Test.DLL" adapterTypeName="Microsoft.VisualStudio.TestTools.TestTypes.Unit.UnitTestAdapter, Microsoft.VisualStudio.QualityTools.Tips.UnitTest.Adapter, Version=12.0.0.0, Culture=neutral, PublicKeyToken=b03f5f7f11d50a3a" className="Laminar.Automation.Services.SecurityWebApi.Test.TestMethods.TenantMapTest, Laminar.Automation.Services.SecurityWebApi.Test, Version=1.0.0.0, Culture=neutral, PublicKeyToken=null" name="SecurityWebApi_GetTenantMapBySearchCriteria_RecordNotFoundWithGivenQueryString_491106" />
    </UnitTest>
    <UnitTest name="SecurityWebApi_GetInvitationBySearchCriteria_ApproverUPN_NotFound_622604" storage="c:\ngvl\sqa\automation\main\laminar.automation\laminar.automation.services.securitywebapi.test\bin\debug\laminar.automation.services.securitywebapi.test.dll" id="192d403c-afa7-cc6d-3196-28dce544adcd">
      <Description>[API]: GET api/Invitation?ApproverUPNs... by search criteria - Verify no matching PermissionRequest returns HTTP OK(200)</Description>
      <TestCategory>
        <TestCategoryItem TestCategory="SecurityWebApi_Service" />
        <TestCategoryItem TestCategory="P1" />
        <TestCategoryItem TestCategory="AutoBVT" />
        <TestCategoryItem TestCategory="BL7Phase1" />
      </TestCategory>
      <Execution id="3059ddeb-8efa-45a9-aade-dd21de1913be" />
      <Workitems>
        <Workitem>622604</Workitem>
      </Workitems>
      <Properties>
        <Property>
          <Key>__Internal_AsyncTypeName__</Key>
          <Value>Laminar.Automation.Services.SecurityWebApi.Test.TestMethods.InvitationTest+&lt;SecurityWebApi_GetInvitationBySearchCriteria_ApproverUPN_NotFound_622604&gt;d__196</Value>
        </Property>
      </Properties>
      <TestMethod codeBase="C:/NGVL/SQA/Automation/Main/Laminar.Automation/Laminar.Automation.Services.SecurityWebApi.Test/bin/Debug/Laminar.Automation.Services.SecurityWebApi.Test.DLL" adapterTypeName="Microsoft.VisualStudio.TestTools.TestTypes.Unit.UnitTestAdapter, Microsoft.VisualStudio.QualityTools.Tips.UnitTest.Adapter, Version=12.0.0.0, Culture=neutral, PublicKeyToken=b03f5f7f11d50a3a" className="Laminar.Automation.Services.SecurityWebApi.Test.TestMethods.InvitationTest, Laminar.Automation.Services.SecurityWebApi.Test, Version=1.0.0.0, Culture=neutral, PublicKeyToken=null" name="SecurityWebApi_GetInvitationBySearchCriteria_ApproverUPN_NotFound_622604" />
    </UnitTest>
    <UnitTest name="SecurityWebApi_PostTenant_InvitationKeyIsInvalid_ReturnsInternalServerError_517236" storage="c:\ngvl\sqa\automation\main\laminar.automation\laminar.automation.services.securitywebapi.test\bin\debug\laminar.automation.services.securitywebapi.test.dll" id="c9740a89-1de4-1b3c-a99c-da60c10066f3">
      <Description>[API]: POST Tenant - Verify if the InvitationKey is Invalid, the service returns HTTP 500.</Description>
      <TestCategory>
        <TestCategoryItem TestCategory="SecurityWebApi_Service" />
        <TestCategoryItem TestCategory="AutoBVT" />
        <TestCategoryItem TestCategory="P2" />
      </TestCategory>
      <Execution id="073577ac-0ae6-4efe-99f6-0b389ca8ae20" />
      <Workitems>
        <Workitem>517236</Workitem>
      </Workitems>
      <Properties>
        <Property>
          <Key>__Internal_AsyncTypeName__</Key>
          <Value>Laminar.Automation.Services.SecurityWebApi.Test.TestMethods.TenantEndPointsTest+&lt;SecurityWebApi_PostTenant_InvitationKeyIsInvalid_ReturnsInternalServerError_517236&gt;d__127</Value>
        </Property>
      </Properties>
      <TestMethod codeBase="C:/NGVL/SQA/Automation/Main/Laminar.Automation/Laminar.Automation.Services.SecurityWebApi.Test/bin/Debug/Laminar.Automation.Services.SecurityWebApi.Test.DLL" adapterTypeName="Microsoft.VisualStudio.TestTools.TestTypes.Unit.UnitTestAdapter, Microsoft.VisualStudio.QualityTools.Tips.UnitTest.Adapter, Version=12.0.0.0, Culture=neutral, PublicKeyToken=b03f5f7f11d50a3a" className="Laminar.Automation.Services.SecurityWebApi.Test.TestMethods.TenantEndPointsTest, Laminar.Automation.Services.SecurityWebApi.Test, Version=1.0.0.0, Culture=neutral, PublicKeyToken=null" name="SecurityWebApi_PostTenant_InvitationKeyIsInvalid_ReturnsInternalServerError_517236" />
    </UnitTest>
    <UnitTest name="SecurityWebApi_GetTenantMapBySearchCriteria_PartnerAgreementCreator_HappyPath_499744" storage="c:\ngvl\sqa\automation\main\laminar.automation\laminar.automation.services.securitywebapi.test\bin\debug\laminar.automation.services.securitywebapi.test.dll" id="b5bdce49-955a-96ef-1547-7078622fad27">
      <Description>[API]: GET /api/TenantMaps?PARNumbers...PartnerAgreementCreator user test</Description>
      <TestCategory>
        <TestCategoryItem TestCategory="SecurityWebApi_Service" />
        <TestCategoryItem TestCategory="P1" />
        <TestCategoryItem TestCategory="AutoBVT" />
      </TestCategory>
      <Execution id="1f86a2d6-3352-43d5-8c03-8ec35f56f0a7" />
      <Workitems>
        <Workitem>499744</Workitem>
      </Workitems>
      <Properties>
        <Property>
          <Key>__Internal_AsyncTypeName__</Key>
          <Value>Laminar.Automation.Services.SecurityWebApi.Test.TestMethods.TenantMapTest+&lt;SecurityWebApi_GetTenantMapBySearchCriteria_PartnerAgreementCreator_HappyPath_499744&gt;d__6b</Value>
        </Property>
      </Properties>
      <TestMethod codeBase="C:/NGVL/SQA/Automation/Main/Laminar.Automation/Laminar.Automation.Services.SecurityWebApi.Test/bin/Debug/Laminar.Automation.Services.SecurityWebApi.Test.DLL" adapterTypeName="Microsoft.VisualStudio.TestTools.TestTypes.Unit.UnitTestAdapter, Microsoft.VisualStudio.QualityTools.Tips.UnitTest.Adapter, Version=12.0.0.0, Culture=neutral, PublicKeyToken=b03f5f7f11d50a3a" className="Laminar.Automation.Services.SecurityWebApi.Test.TestMethods.TenantMapTest, Laminar.Automation.Services.SecurityWebApi.Test, Version=1.0.0.0, Culture=neutral, PublicKeyToken=null" name="SecurityWebApi_GetTenantMapBySearchCriteria_PartnerAgreementCreator_HappyPath_499744" />
    </UnitTest>
    <UnitTest name="SecurityWebApi_GetInvitationBySearchCriteria_HappyPath_MatchOneCriterion" storage="c:\ngvl\sqa\automation\main\laminar.automation\laminar.automation.services.securitywebapi.test\bin\debug\laminar.automation.services.securitywebapi.test.dll" id="85436df8-eef0-6d6e-d86a-fd7925dbac39">
      <Description>[API]: GET api/Invitations?AccountNumbers={}&amp;EmailAddresses={}&amp;StatusKeys={}- Verify that the correct invitation is returned for one matching search criterion with 200 status code</Description>
      <TestCategory>
        <TestCategoryItem TestCategory="SecurityWebApi_Service" />
        <TestCategoryItem TestCategory="P1" />
        <TestCategoryItem TestCategory="AutoBVT" />
      </TestCategory>
      <Execution id="028a58e7-b8b9-4487-9cae-85331bda5894" />
      <Workitems>
        <Workitem>525841</Workitem>
      </Workitems>
      <Properties>
        <Property>
          <Key>__Internal_AsyncTypeName__</Key>
          <Value>Laminar.Automation.Services.SecurityWebApi.Test.TestMethods.InvitationTest+&lt;SecurityWebApi_GetInvitationBySearchCriteria_HappyPath_MatchOneCriterion&gt;d__162</Value>
        </Property>
      </Properties>
      <TestMethod codeBase="C:/NGVL/SQA/Automation/Main/Laminar.Automation/Laminar.Automation.Services.SecurityWebApi.Test/bin/Debug/Laminar.Automation.Services.SecurityWebApi.Test.DLL" adapterTypeName="Microsoft.VisualStudio.TestTools.TestTypes.Unit.UnitTestAdapter, Microsoft.VisualStudio.QualityTools.Tips.UnitTest.Adapter, Version=12.0.0.0, Culture=neutral, PublicKeyToken=b03f5f7f11d50a3a" className="Laminar.Automation.Services.SecurityWebApi.Test.TestMethods.InvitationTest, Laminar.Automation.Services.SecurityWebApi.Test, Version=1.0.0.0, Culture=neutral, PublicKeyToken=null" name="SecurityWebApi_GetInvitationBySearchCriteria_HappyPath_MatchOneCriterion" />
    </UnitTest>
    <UnitTest name="SecurityWebApi_CreateCustomerInvitationWithBaseCustomerInfo_VerifyAndCleanup_526541" storage="c:\ngvl\sqa\automation\main\laminar.automation\laminar.automation.services.securitywebapi.test\bin\debug\laminar.automation.services.securitywebapi.test.dll" id="36b0d355-93d2-4a87-eea7-a95577ef7568">
      <TestCategory>
        <TestCategoryItem TestCategory="SecurityWebApi_Service" />
        <TestCategoryItem TestCategory="AutoBVT" />
        <TestCategoryItem TestCategory="P2" />
      </TestCategory>
      <Execution id="ae6346e8-67b9-4731-a16c-b48b6ec382e3" />
      <Workitems>
        <Workitem>526541</Workitem>
      </Workitems>
      <TestMethod codeBase="C:/NGVL/SQA/Automation/Main/Laminar.Automation/Laminar.Automation.Services.SecurityWebApi.Test/bin/Debug/Laminar.Automation.Services.SecurityWebApi.Test.DLL" adapterTypeName="Microsoft.VisualStudio.TestTools.TestTypes.Unit.UnitTestAdapter, Microsoft.VisualStudio.QualityTools.Tips.UnitTest.Adapter, Version=12.0.0.0, Culture=neutral, PublicKeyToken=b03f5f7f11d50a3a" className="Laminar.Automation.Services.SecurityWebApi.Test.TestMethods.InvitationTest, Laminar.Automation.Services.SecurityWebApi.Test, Version=1.0.0.0, Culture=neutral, PublicKeyToken=null" name="SecurityWebApi_CreateCustomerInvitationWithBaseCustomerInfo_VerifyAndCleanup_526541" />
    </UnitTest>
    <UnitTest name="SecurityWebApi_GetInvitationBySearchCriteria_HappyPath_MatchAllCriteria" storage="c:\ngvl\sqa\automation\main\laminar.automation\laminar.automation.services.securitywebapi.test\bin\debug\laminar.automation.services.securitywebapi.test.dll" id="463252f8-f8b7-f1ba-cfd9-ee92986c3112">
      <Description>[API]: GET api/Invitations?AccountNumbers={}&amp;EmailAddresses={}&amp;StatusKeys={}- Verify that correct invitations are returned for matching search criteria with 200 status code</Description>
      <TestCategory>
        <TestCategoryItem TestCategory="SecurityWebApi_Service" />
        <TestCategoryItem TestCategory="P1" />
        <TestCategoryItem TestCategory="AutoBVT" />
      </TestCategory>
      <Execution id="23de3040-6655-4610-a989-a613d5fb6fcf" />
      <Workitems>
        <Workitem>525829</Workitem>
      </Workitems>
      <Properties>
        <Property>
          <Key>__Internal_AsyncTypeName__</Key>
          <Value>Laminar.Automation.Services.SecurityWebApi.Test.TestMethods.InvitationTest+&lt;SecurityWebApi_GetInvitationBySearchCriteria_HappyPath_MatchAllCriteria&gt;d__153</Value>
        </Property>
      </Properties>
      <TestMethod codeBase="C:/NGVL/SQA/Automation/Main/Laminar.Automation/Laminar.Automation.Services.SecurityWebApi.Test/bin/Debug/Laminar.Automation.Services.SecurityWebApi.Test.DLL" adapterTypeName="Microsoft.VisualStudio.TestTools.TestTypes.Unit.UnitTestAdapter, Microsoft.VisualStudio.QualityTools.Tips.UnitTest.Adapter, Version=12.0.0.0, Culture=neutral, PublicKeyToken=b03f5f7f11d50a3a" className="Laminar.Automation.Services.SecurityWebApi.Test.TestMethods.InvitationTest, Laminar.Automation.Services.SecurityWebApi.Test, Version=1.0.0.0, Culture=neutral, PublicKeyToken=null" name="SecurityWebApi_GetInvitationBySearchCriteria_HappyPath_MatchAllCriteria" />
    </UnitTest>
    <UnitTest name="SecurityWebApi_GetInvitationBySearchCriteria_PartnerAgreementCreatorNoAgreementAccess_499721" storage="c:\ngvl\sqa\automation\main\laminar.automation\laminar.automation.services.securitywebapi.test\bin\debug\laminar.automation.services.securitywebapi.test.dll" id="9e51bb18-4925-23bb-60bd-09efdc660084">
      <Description>[API]: GET api/Invitation?AccountNumber...PartnerAgreementCreator that does not have access to the corresponding agreement user test</Description>
      <TestCategory>
        <TestCategoryItem TestCategory="SecurityWebApi_Service" />
        <TestCategoryItem TestCategory="P1" />
        <TestCategoryItem TestCategory="AutoBVT" />
        <TestCategoryItem TestCategory="BL6Phase1" />
      </TestCategory>
      <Execution id="c8c1891f-68f0-438f-b59b-970ed3455cb1" />
      <Workitems>
        <Workitem>499721</Workitem>
      </Workitems>
      <Properties>
        <Property>
          <Key>__Internal_AsyncTypeName__</Key>
          <Value>Laminar.Automation.Services.SecurityWebApi.Test.TestMethods.InvitationTest+&lt;SecurityWebApi_GetInvitationBySearchCriteria_PartnerAgreementCreatorNoAgreementAccess_499721&gt;d__140</Value>
        </Property>
      </Properties>
      <TestMethod codeBase="C:/NGVL/SQA/Automation/Main/Laminar.Automation/Laminar.Automation.Services.SecurityWebApi.Test/bin/Debug/Laminar.Automation.Services.SecurityWebApi.Test.DLL" adapterTypeName="Microsoft.VisualStudio.TestTools.TestTypes.Unit.UnitTestAdapter, Microsoft.VisualStudio.QualityTools.Tips.UnitTest.Adapter, Version=12.0.0.0, Culture=neutral, PublicKeyToken=b03f5f7f11d50a3a" className="Laminar.Automation.Services.SecurityWebApi.Test.TestMethods.InvitationTest, Laminar.Automation.Services.SecurityWebApi.Test, Version=1.0.0.0, Culture=neutral, PublicKeyToken=null" name="SecurityWebApi_GetInvitationBySearchCriteria_PartnerAgreementCreatorNoAgreementAccess_499721" />
    </UnitTest>
    <UnitTest name="SecurityWebApi_UpdateInvitation_CorrelationIDInResponseWhenNotInRequest_491045" storage="c:\ngvl\sqa\automation\main\laminar.automation\laminar.automation.services.securitywebapi.test\bin\debug\laminar.automation.services.securitywebapi.test.dll" id="d2c3827a-862e-7049-6099-91a0c4c59e46">
      <Description>[API]: PUT api/Update invitation by invitation key - Verify Correlation ID is populated in the response header when it not supplied in the request header</Description>
      <TestCategory>
        <TestCategoryItem TestCategory="SecurityWebApi_Service" />
        <TestCategoryItem TestCategory="AutoBVT" />
        <TestCategoryItem TestCategory="P2" />
        <TestCategoryItem TestCategory="BL6Phase1" />
      </TestCategory>
      <Execution id="70c7f64a-406c-4fa2-b191-5a60ab13b25e" />
      <Workitems>
        <Workitem>491045</Workitem>
      </Workitems>
      <Properties>
        <Property>
          <Key>__Internal_AsyncTypeName__</Key>
          <Value>Laminar.Automation.Services.SecurityWebApi.Test.TestMethods.InvitationTest+&lt;SecurityWebApi_UpdateInvitation_CorrelationIDInResponseWhenNotInRequest_491045&gt;d__207</Value>
        </Property>
      </Properties>
      <TestMethod codeBase="C:/NGVL/SQA/Automation/Main/Laminar.Automation/Laminar.Automation.Services.SecurityWebApi.Test/bin/Debug/Laminar.Automation.Services.SecurityWebApi.Test.DLL" adapterTypeName="Microsoft.VisualStudio.TestTools.TestTypes.Unit.UnitTestAdapter, Microsoft.VisualStudio.QualityTools.Tips.UnitTest.Adapter, Version=12.0.0.0, Culture=neutral, PublicKeyToken=b03f5f7f11d50a3a" className="Laminar.Automation.Services.SecurityWebApi.Test.TestMethods.InvitationTest, Laminar.Automation.Services.SecurityWebApi.Test, Version=1.0.0.0, Culture=neutral, PublicKeyToken=null" name="SecurityWebApi_UpdateInvitation_CorrelationIDInResponseWhenNotInRequest_491045" />
    </UnitTest>
    <UnitTest name="SecurityWebApi_UpdateInvitation_MalformedAuthHeader_479281" storage="c:\ngvl\sqa\automation\main\laminar.automation\laminar.automation.services.securitywebapi.test\bin\debug\laminar.automation.services.securitywebapi.test.dll" id="bea5f55b-b199-0612-6eb5-c1169caf802a">
      <Description>[API]: PUT api/Update invitation by invitation key - Verify 401 response code for service call when called with malformed authorization header</Description>
      <TestCategory>
        <TestCategoryItem TestCategory="SecurityWebApi_Service" />
        <TestCategoryItem TestCategory="P1" />
        <TestCategoryItem TestCategory="AutoBVT" />
        <TestCategoryItem TestCategory="BL6Phase1" />
      </TestCategory>
      <Execution id="bd67bbbc-464d-403c-9fa4-515bcf6972bd" />
      <Workitems>
        <Workitem>479281</Workitem>
      </Workitems>
      <Properties>
        <Property>
          <Key>__Internal_AsyncTypeName__</Key>
          <Value>Laminar.Automation.Services.SecurityWebApi.Test.TestMethods.InvitationTest+&lt;SecurityWebApi_UpdateInvitation_MalformedAuthHeader_479281&gt;d__1d5</Value>
        </Property>
      </Properties>
      <TestMethod codeBase="C:/NGVL/SQA/Automation/Main/Laminar.Automation/Laminar.Automation.Services.SecurityWebApi.Test/bin/Debug/Laminar.Automation.Services.SecurityWebApi.Test.DLL" adapterTypeName="Microsoft.VisualStudio.TestTools.TestTypes.Unit.UnitTestAdapter, Microsoft.VisualStudio.QualityTools.Tips.UnitTest.Adapter, Version=12.0.0.0, Culture=neutral, PublicKeyToken=b03f5f7f11d50a3a" className="Laminar.Automation.Services.SecurityWebApi.Test.TestMethods.InvitationTest, Laminar.Automation.Services.SecurityWebApi.Test, Version=1.0.0.0, Culture=neutral, PublicKeyToken=null" name="SecurityWebApi_UpdateInvitation_MalformedAuthHeader_479281" />
    </UnitTest>
    <UnitTest name="SecurityWebApi_Unsecure_474845" storage="c:\ngvl\sqa\automation\main\laminar.automation\laminar.automation.services.securitywebapi.test\bin\debug\laminar.automation.services.securitywebapi.test.dll" id="9243b90c-2127-db01-cfe8-b29e7cd65b04">
      <Description>[API]:  Verify service only accepts HTTPS and does not accept HTTP</Description>
      <TestCategory>
        <TestCategoryItem TestCategory="SecurityWebApi_Service" />
        <TestCategoryItem TestCategory="P1" />
        <TestCategoryItem TestCategory="AutoBVT" />
        <TestCategoryItem TestCategory="BL6Phase1" />
      </TestCategory>
      <Execution id="8e8d41a7-d278-4f2e-bd7b-95efccf293df" />
      <Workitems>
        <Workitem>474845</Workitem>
      </Workitems>
      <Properties>
        <Property>
          <Key>__Internal_AsyncTypeName__</Key>
          <Value>Laminar.Automation.Services.SecurityWebApi.Test.TestMethods.InvitationTest+&lt;SecurityWebApi_Unsecure_474845&gt;d__0</Value>
        </Property>
      </Properties>
      <TestMethod codeBase="C:/NGVL/SQA/Automation/Main/Laminar.Automation/Laminar.Automation.Services.SecurityWebApi.Test/bin/Debug/Laminar.Automation.Services.SecurityWebApi.Test.DLL" adapterTypeName="Microsoft.VisualStudio.TestTools.TestTypes.Unit.UnitTestAdapter, Microsoft.VisualStudio.QualityTools.Tips.UnitTest.Adapter, Version=12.0.0.0, Culture=neutral, PublicKeyToken=b03f5f7f11d50a3a" className="Laminar.Automation.Services.SecurityWebApi.Test.TestMethods.InvitationTest, Laminar.Automation.Services.SecurityWebApi.Test, Version=1.0.0.0, Culture=neutral, PublicKeyToken=null" name="SecurityWebApi_Unsecure_474845" />
    </UnitTest>
    <UnitTest name="SecurityWebApi_GetRolesByRoleScenarioNoAuthorization_607315" storage="c:\ngvl\sqa\automation\main\laminar.automation\laminar.automation.services.securitywebapi.test\bin\debug\laminar.automation.services.securitywebapi.test.dll" id="4ee1cbf4-8f30-e1c6-e36d-94275ae2eed0">
      <Description>[API]: GET Roles/{roleScenario} - Verify that Unauthorized (401) status code is returned if the request does not contain an Authorization token in request header</Description>
      <TestCategory>
        <TestCategoryItem TestCategory="SecurityWebApi_Service" />
        <TestCategoryItem TestCategory="AutoBVT" />
        <TestCategoryItem TestCategory="P2" />
      </TestCategory>
      <Execution id="6012b3f6-a09f-4eab-a4ad-8ee6e0b65e8e" />
      <Workitems>
        <Workitem>607315</Workitem>
      </Workitems>
      <Properties>
        <Property>
          <Key>__Internal_AsyncTypeName__</Key>
          <Value>Laminar.Automation.Services.SecurityWebApi.Test.TestMethods.RolesEndpointTest+&lt;SecurityWebApi_GetRolesByRoleScenarioNoAuthorization_607315&gt;d__9</Value>
        </Property>
      </Properties>
      <TestMethod codeBase="C:/NGVL/SQA/Automation/Main/Laminar.Automation/Laminar.Automation.Services.SecurityWebApi.Test/bin/Debug/Laminar.Automation.Services.SecurityWebApi.Test.DLL" adapterTypeName="Microsoft.VisualStudio.TestTools.TestTypes.Unit.UnitTestAdapter, Microsoft.VisualStudio.QualityTools.Tips.UnitTest.Adapter, Version=12.0.0.0, Culture=neutral, PublicKeyToken=b03f5f7f11d50a3a" className="Laminar.Automation.Services.SecurityWebApi.Test.TestMethods.RolesEndpointTest, Laminar.Automation.Services.SecurityWebApi.Test, Version=1.0.0.0, Culture=neutral, PublicKeyToken=null" name="SecurityWebApi_GetRolesByRoleScenarioNoAuthorization_607315" />
    </UnitTest>
    <UnitTest name="SecurityWebApi_GetInvitationBySearchCriteria_PartnerAgreementCreator_HappyPath_499715" storage="c:\ngvl\sqa\automation\main\laminar.automation\laminar.automation.services.securitywebapi.test\bin\debug\laminar.automation.services.securitywebapi.test.dll" id="3b46817e-b6a2-f0ca-2187-dc82781e3d91">
      <Description>[API]: GET api/Invitation?AccountNumber... PartnerAgreementCreator user test</Description>
      <TestCategory>
        <TestCategoryItem TestCategory="SecurityWebApi_Service" />
        <TestCategoryItem TestCategory="P1" />
        <TestCategoryItem TestCategory="AutoBVT" />
        <TestCategoryItem TestCategory="BL6Phase1" />
      </TestCategory>
      <Execution id="53dbda33-af42-4275-b123-b78238ce1a91" />
      <Workitems>
        <Workitem>499715</Workitem>
      </Workitems>
      <Properties>
        <Property>
          <Key>__Internal_AsyncTypeName__</Key>
          <Value>Laminar.Automation.Services.SecurityWebApi.Test.TestMethods.InvitationTest+&lt;SecurityWebApi_GetInvitationBySearchCriteria_PartnerAgreementCreator_HappyPath_499715&gt;d__134</Value>
        </Property>
      </Properties>
      <TestMethod codeBase="C:/NGVL/SQA/Automation/Main/Laminar.Automation/Laminar.Automation.Services.SecurityWebApi.Test/bin/Debug/Laminar.Automation.Services.SecurityWebApi.Test.DLL" adapterTypeName="Microsoft.VisualStudio.TestTools.TestTypes.Unit.UnitTestAdapter, Microsoft.VisualStudio.QualityTools.Tips.UnitTest.Adapter, Version=12.0.0.0, Culture=neutral, PublicKeyToken=b03f5f7f11d50a3a" className="Laminar.Automation.Services.SecurityWebApi.Test.TestMethods.InvitationTest, Laminar.Automation.Services.SecurityWebApi.Test, Version=1.0.0.0, Culture=neutral, PublicKeyToken=null" name="SecurityWebApi_GetInvitationBySearchCriteria_PartnerAgreementCreator_HappyPath_499715" />
    </UnitTest>
    <UnitTest name="SecurityWebApi_PostCloneExistingInvitation_PartnerNotAgreementApproverOrCreator_499734" storage="c:\ngvl\sqa\automation\main\laminar.automation\laminar.automation.services.securitywebapi.test\bin\debug\laminar.automation.services.securitywebapi.test.dll" id="166dc811-afeb-17a8-ed52-fd287f602e5a">
      <Description>[API]: POST api/Invitation/{InvitationKey}/Clone - PartnerNotAgreementApproverOrCreator user test</Description>
      <TestCategory>
        <TestCategoryItem TestCategory="SecurityWebApi_Service" />
        <TestCategoryItem TestCategory="P1" />
        <TestCategoryItem TestCategory="BL6Phase1" />
        <TestCategoryItem TestCategory="AutoBVT" />
      </TestCategory>
      <Execution id="b7b8686a-19c2-4461-ae45-3ece62125054" />
      <Workitems>
        <Workitem>499734</Workitem>
      </Workitems>
      <Properties>
        <Property>
          <Key>__Internal_AsyncTypeName__</Key>
          <Value>Laminar.Automation.Services.SecurityWebApi.Test.TestMethods.InvitationTest+&lt;SecurityWebApi_PostCloneExistingInvitation_PartnerNotAgreementApproverOrCreator_499734&gt;d__357</Value>
        </Property>
      </Properties>
      <TestMethod codeBase="C:/NGVL/SQA/Automation/Main/Laminar.Automation/Laminar.Automation.Services.SecurityWebApi.Test/bin/Debug/Laminar.Automation.Services.SecurityWebApi.Test.DLL" adapterTypeName="Microsoft.VisualStudio.TestTools.TestTypes.Unit.UnitTestAdapter, Microsoft.VisualStudio.QualityTools.Tips.UnitTest.Adapter, Version=12.0.0.0, Culture=neutral, PublicKeyToken=b03f5f7f11d50a3a" className="Laminar.Automation.Services.SecurityWebApi.Test.TestMethods.InvitationTest, Laminar.Automation.Services.SecurityWebApi.Test, Version=1.0.0.0, Culture=neutral, PublicKeyToken=null" name="SecurityWebApi_PostCloneExistingInvitation_PartnerNotAgreementApproverOrCreator_499734" />
    </UnitTest>
    <UnitTest name="SecurityWebApi_UsersEndpoint_PostServiceUsers_Returns400When_RequestContainsInvalidCertificate_628102" storage="c:\ngvl\sqa\automation\main\laminar.automation\laminar.automation.services.securitywebapi.test\bin\debug\laminar.automation.services.securitywebapi.test.dll" id="d820706b-156c-3c4e-71a7-f2fc662affb1">
      <Description>[API] POST api/Users/{accountNumber}/ServiceUsers: Endpoint returns 400 if the request contains an invalid certificate</Description>
      <TestCategory>
        <TestCategoryItem TestCategory="SecurityWebApi_Service" />
        <TestCategoryItem TestCategory="P1" />
        <TestCategoryItem TestCategory="AutoBVT" />
      </TestCategory>
      <Execution id="ae5b0e09-4cec-40ce-a58f-b71be495d1e8" />
      <Workitems>
        <Workitem>628102</Workitem>
      </Workitems>
      <Properties>
        <Property>
          <Key>__Internal_AsyncTypeName__</Key>
          <Value>Laminar.Automation.Services.SecurityWebApi.Test.TestMethods.UserEndPointsTest+&lt;SecurityWebApi_UsersEndpoint_PostServiceUsers_Returns400When_RequestContainsInvalidCertificate_628102&gt;d__129</Value>
        </Property>
      </Properties>
      <TestMethod codeBase="C:/NGVL/SQA/Automation/Main/Laminar.Automation/Laminar.Automation.Services.SecurityWebApi.Test/bin/Debug/Laminar.Automation.Services.SecurityWebApi.Test.DLL" adapterTypeName="Microsoft.VisualStudio.TestTools.TestTypes.Unit.UnitTestAdapter, Microsoft.VisualStudio.QualityTools.Tips.UnitTest.Adapter, Version=12.0.0.0, Culture=neutral, PublicKeyToken=b03f5f7f11d50a3a" className="Laminar.Automation.Services.SecurityWebApi.Test.TestMethods.UserEndPointsTest, Laminar.Automation.Services.SecurityWebApi.Test, Version=1.0.0.0, Culture=neutral, PublicKeyToken=null" name="SecurityWebApi_UsersEndpoint_PostServiceUsers_Returns400When_RequestContainsInvalidCertificate_628102" />
    </UnitTest>
    <UnitTest name="SecurityWebApi_CreateUnmappedCustomerInvitationsWithAgreementAdminRoleInDB_526541" storage="c:\ngvl\sqa\automation\main\laminar.automation\laminar.automation.services.securitywebapi.test\bin\debug\laminar.automation.services.securitywebapi.test.dll" id="5c73e87f-9cbe-c1e1-860a-3303d98331fd">
      <TestCategory>
        <TestCategoryItem TestCategory="SecurityWebApi_Service" />
        <TestCategoryItem TestCategory="AutoBVT" />
        <TestCategoryItem TestCategory="P2" />
      </TestCategory>
      <Execution id="8ee4d8c7-3433-4437-9768-4df76a76b460" />
      <Workitems>
        <Workitem>526541</Workitem>
      </Workitems>
      <TestMethod codeBase="C:/NGVL/SQA/Automation/Main/Laminar.Automation/Laminar.Automation.Services.SecurityWebApi.Test/bin/Debug/Laminar.Automation.Services.SecurityWebApi.Test.DLL" adapterTypeName="Microsoft.VisualStudio.TestTools.TestTypes.Unit.UnitTestAdapter, Microsoft.VisualStudio.QualityTools.Tips.UnitTest.Adapter, Version=12.0.0.0, Culture=neutral, PublicKeyToken=b03f5f7f11d50a3a" className="Laminar.Automation.Services.SecurityWebApi.Test.TestMethods.InvitationTest, Laminar.Automation.Services.SecurityWebApi.Test, Version=1.0.0.0, Culture=neutral, PublicKeyToken=null" name="SecurityWebApi_CreateUnmappedCustomerInvitationsWithAgreementAdminRoleInDB_526541" />
    </UnitTest>
    <UnitTest name="GetTenantAdminsByIdAuthTokenIsProvided_478054" storage="c:\ngvl\sqa\automation\main\laminar.automation\laminar.automation.services.securitywebapi.test\bin\debug\laminar.automation.services.securitywebapi.test.dll" id="2427767d-912f-8566-c14c-4c17b5aae429">
      <Description>[API]: GET Tenants/{id}/Admins - Verify if the request contains Authorization token in request header and if not returns 401 status code</Description>
      <TestCategory>
        <TestCategoryItem TestCategory="SecurityWebApi_Service" />
        <TestCategoryItem TestCategory="AutoBVT" />
        <TestCategoryItem TestCategory="P2" />
      </TestCategory>
      <Execution id="6e2c23e1-f5b9-4bfe-b0f1-cbcebcca96d2" />
      <Workitems>
        <Workitem>478054</Workitem>
      </Workitems>
      <Properties>
        <Property>
          <Key>__Internal_AsyncTypeName__</Key>
          <Value>Laminar.Automation.Services.SecurityWebApi.Test.TestMethods.TenantEndPointsTest+&lt;GetTenantAdminsByIdAuthTokenIsProvided_478054&gt;d__cd</Value>
        </Property>
      </Properties>
      <TestMethod codeBase="C:/NGVL/SQA/Automation/Main/Laminar.Automation/Laminar.Automation.Services.SecurityWebApi.Test/bin/Debug/Laminar.Automation.Services.SecurityWebApi.Test.DLL" adapterTypeName="Microsoft.VisualStudio.TestTools.TestTypes.Unit.UnitTestAdapter, Microsoft.VisualStudio.QualityTools.Tips.UnitTest.Adapter, Version=12.0.0.0, Culture=neutral, PublicKeyToken=b03f5f7f11d50a3a" className="Laminar.Automation.Services.SecurityWebApi.Test.TestMethods.TenantEndPointsTest, Laminar.Automation.Services.SecurityWebApi.Test, Version=1.0.0.0, Culture=neutral, PublicKeyToken=null" name="GetTenantAdminsByIdAuthTokenIsProvided_478054" />
    </UnitTest>
    <UnitTest name="SecurityWebApi_PostCloneExistingInvitation_CannotCloneCancelledInvitation_504717" storage="c:\ngvl\sqa\automation\main\laminar.automation\laminar.automation.services.securitywebapi.test\bin\debug\laminar.automation.services.securitywebapi.test.dll" id="a1529f86-0d4f-7efc-a1fc-4abcde0d56ab">
      <Description>[API]: POST api/Invitation/{InvitationKey}/Clone - Verify error returned when invitation is not in pending or expired state</Description>
      <TestCategory>
        <TestCategoryItem TestCategory="SecurityWebApi_Service" />
        <TestCategoryItem TestCategory="P1" />
        <TestCategoryItem TestCategory="AutoBVT" />
        <TestCategoryItem TestCategory="BL6_July" />
      </TestCategory>
      <Execution id="30da61ea-4304-47f7-a784-11af95fe1794" />
      <Workitems>
        <Workitem>504717</Workitem>
      </Workitems>
      <Properties>
        <Property>
          <Key>__Internal_AsyncTypeName__</Key>
          <Value>Laminar.Automation.Services.SecurityWebApi.Test.TestMethods.InvitationTest+&lt;SecurityWebApi_PostCloneExistingInvitation_CannotCloneCancelledInvitation_504717&gt;d__381</Value>
        </Property>
      </Properties>
      <TestMethod codeBase="C:/NGVL/SQA/Automation/Main/Laminar.Automation/Laminar.Automation.Services.SecurityWebApi.Test/bin/Debug/Laminar.Automation.Services.SecurityWebApi.Test.DLL" adapterTypeName="Microsoft.VisualStudio.TestTools.TestTypes.Unit.UnitTestAdapter, Microsoft.VisualStudio.QualityTools.Tips.UnitTest.Adapter, Version=12.0.0.0, Culture=neutral, PublicKeyToken=b03f5f7f11d50a3a" className="Laminar.Automation.Services.SecurityWebApi.Test.TestMethods.InvitationTest, Laminar.Automation.Services.SecurityWebApi.Test, Version=1.0.0.0, Culture=neutral, PublicKeyToken=null" name="SecurityWebApi_PostCloneExistingInvitation_CannotCloneCancelledInvitation_504717" />
    </UnitTest>
    <UnitTest name="SecurityWebApi_GetInvitationByInvitationKey_TimingLogs_479288" storage="c:\ngvl\sqa\automation\main\laminar.automation\laminar.automation.services.securitywebapi.test\bin\debug\laminar.automation.services.securitywebapi.test.dll" id="4420adb8-368a-e495-9437-b6522ac85ad2">
      <Description>[API]: GET api/Invitation by invitation key - Verify that timing information is being logged</Description>
      <TestCategory>
        <TestCategoryItem TestCategory="SecurityWebApi_Service" />
        <TestCategoryItem TestCategory="AutoBVT" />
        <TestCategoryItem TestCategory="P2" />
        <TestCategoryItem TestCategory="BL6Phase1" />
      </TestCategory>
      <Execution id="bfd50f96-9be4-40a3-89ee-db02d9327504" />
      <Workitems>
        <Workitem>479288</Workitem>
      </Workitems>
      <Properties>
        <Property>
          <Key>__Internal_AsyncTypeName__</Key>
          <Value>Laminar.Automation.Services.SecurityWebApi.Test.TestMethods.InvitationTest+&lt;SecurityWebApi_GetInvitationByInvitationKey_TimingLogs_479288&gt;d__5c</Value>
        </Property>
      </Properties>
      <TestMethod codeBase="C:/NGVL/SQA/Automation/Main/Laminar.Automation/Laminar.Automation.Services.SecurityWebApi.Test/bin/Debug/Laminar.Automation.Services.SecurityWebApi.Test.DLL" adapterTypeName="Microsoft.VisualStudio.TestTools.TestTypes.Unit.UnitTestAdapter, Microsoft.VisualStudio.QualityTools.Tips.UnitTest.Adapter, Version=12.0.0.0, Culture=neutral, PublicKeyToken=b03f5f7f11d50a3a" className="Laminar.Automation.Services.SecurityWebApi.Test.TestMethods.InvitationTest, Laminar.Automation.Services.SecurityWebApi.Test, Version=1.0.0.0, Culture=neutral, PublicKeyToken=null" name="SecurityWebApi_GetInvitationByInvitationKey_TimingLogs_479288" />
    </UnitTest>
    <UnitTest name="SecurityWebApi_PostCloneExistingInvitation_NoAuthHeader_479301" storage="c:\ngvl\sqa\automation\main\laminar.automation\laminar.automation.services.securitywebapi.test\bin\debug\laminar.automation.services.securitywebapi.test.dll" id="913b0279-27f7-86fe-18c7-dbd13bed59d6">
      <Description>[API]: POST api/Invitation/{InvitationKey}/Clone - Verify 401 response code for service call when called without an authorization header</Description>
      <TestCategory>
        <TestCategoryItem TestCategory="SecurityWebApi_Service" />
        <TestCategoryItem TestCategory="P1" />
        <TestCategoryItem TestCategory="AutoBVT" />
        <TestCategoryItem TestCategory="BL6Phase1" />
      </TestCategory>
      <Execution id="789314b6-ac8c-4af6-96a1-4f845ad6046b" />
      <Workitems>
        <Workitem>479301</Workitem>
      </Workitems>
      <Properties>
        <Property>
          <Key>__Internal_AsyncTypeName__</Key>
          <Value>Laminar.Automation.Services.SecurityWebApi.Test.TestMethods.InvitationTest+&lt;SecurityWebApi_PostCloneExistingInvitation_NoAuthHeader_479301&gt;d__2ed</Value>
        </Property>
      </Properties>
      <TestMethod codeBase="C:/NGVL/SQA/Automation/Main/Laminar.Automation/Laminar.Automation.Services.SecurityWebApi.Test/bin/Debug/Laminar.Automation.Services.SecurityWebApi.Test.DLL" adapterTypeName="Microsoft.VisualStudio.TestTools.TestTypes.Unit.UnitTestAdapter, Microsoft.VisualStudio.QualityTools.Tips.UnitTest.Adapter, Version=12.0.0.0, Culture=neutral, PublicKeyToken=b03f5f7f11d50a3a" className="Laminar.Automation.Services.SecurityWebApi.Test.TestMethods.InvitationTest, Laminar.Automation.Services.SecurityWebApi.Test, Version=1.0.0.0, Culture=neutral, PublicKeyToken=null" name="SecurityWebApi_PostCloneExistingInvitation_NoAuthHeader_479301" />
    </UnitTest>
    <UnitTest name="SecurityWebApi_PostTenant_InvitationStatusIsExpired_ReturnsInternalServerError_517237" storage="c:\ngvl\sqa\automation\main\laminar.automation\laminar.automation.services.securitywebapi.test\bin\debug\laminar.automation.services.securitywebapi.test.dll" id="78c1716d-5f0c-9b59-3c55-26d3d5ec131b">
      <Description>[API]: POST Tenant - Verify if the TenantRequest and InvitationKey are valid and Invitation is in Expired status, the service response is Not Created.</Description>
      <TestCategory>
        <TestCategoryItem TestCategory="SecurityWebApi_Service" />
        <TestCategoryItem TestCategory="AutoBVT" />
        <TestCategoryItem TestCategory="P2" />
      </TestCategory>
      <Execution id="3c942fa1-1856-42ca-ba39-e8cecff851aa" />
      <Workitems>
        <Workitem>517237</Workitem>
      </Workitems>
      <Properties>
        <Property>
          <Key>__Internal_AsyncTypeName__</Key>
          <Value>Laminar.Automation.Services.SecurityWebApi.Test.TestMethods.TenantEndPointsTest+&lt;SecurityWebApi_PostTenant_InvitationStatusIsExpired_ReturnsInternalServerError_517237&gt;d__11d</Value>
        </Property>
      </Properties>
      <TestMethod codeBase="C:/NGVL/SQA/Automation/Main/Laminar.Automation/Laminar.Automation.Services.SecurityWebApi.Test/bin/Debug/Laminar.Automation.Services.SecurityWebApi.Test.DLL" adapterTypeName="Microsoft.VisualStudio.TestTools.TestTypes.Unit.UnitTestAdapter, Microsoft.VisualStudio.QualityTools.Tips.UnitTest.Adapter, Version=12.0.0.0, Culture=neutral, PublicKeyToken=b03f5f7f11d50a3a" className="Laminar.Automation.Services.SecurityWebApi.Test.TestMethods.TenantEndPointsTest, Laminar.Automation.Services.SecurityWebApi.Test, Version=1.0.0.0, Culture=neutral, PublicKeyToken=null" name="SecurityWebApi_PostTenant_InvitationStatusIsExpired_ReturnsInternalServerError_517237" />
    </UnitTest>
    <UnitTest name="SecurityWebApi_UsersEndpoint_PostServiceUsers_Returns404When_UserHasNoAccessToAccount_622716" storage="c:\ngvl\sqa\automation\main\laminar.automation\laminar.automation.services.securitywebapi.test\bin\debug\laminar.automation.services.securitywebapi.test.dll" id="702791ad-811e-f9df-3c4c-f8cf9065b5ff">
      <Description>[API] POST api/Users/{accountNumber}/ServiceUsers: Endpoint returns 404 if the user does not have access to the account</Description>
      <TestCategory>
        <TestCategoryItem TestCategory="SecurityWebApi_Service" />
        <TestCategoryItem TestCategory="P1" />
        <TestCategoryItem TestCategory="AutoBVT" />
      </TestCategory>
      <Execution id="cbfbf77a-70e9-436c-b0ba-6a6de0c52864" />
      <Workitems>
        <Workitem>622716</Workitem>
      </Workitems>
      <Properties>
        <Property>
          <Key>__Internal_AsyncTypeName__</Key>
          <Value>Laminar.Automation.Services.SecurityWebApi.Test.TestMethods.UserEndPointsTest+&lt;SecurityWebApi_UsersEndpoint_PostServiceUsers_Returns404When_UserHasNoAccessToAccount_622716&gt;d__11e</Value>
        </Property>
      </Properties>
      <TestMethod codeBase="C:/NGVL/SQA/Automation/Main/Laminar.Automation/Laminar.Automation.Services.SecurityWebApi.Test/bin/Debug/Laminar.Automation.Services.SecurityWebApi.Test.DLL" adapterTypeName="Microsoft.VisualStudio.TestTools.TestTypes.Unit.UnitTestAdapter, Microsoft.VisualStudio.QualityTools.Tips.UnitTest.Adapter, Version=12.0.0.0, Culture=neutral, PublicKeyToken=b03f5f7f11d50a3a" className="Laminar.Automation.Services.SecurityWebApi.Test.TestMethods.UserEndPointsTest, Laminar.Automation.Services.SecurityWebApi.Test, Version=1.0.0.0, Culture=neutral, PublicKeyToken=null" name="SecurityWebApi_UsersEndpoint_PostServiceUsers_Returns404When_UserHasNoAccessToAccount_622716" />
    </UnitTest>
    <UnitTest name="SecurityWebApi_UpdateInvitation_HappyPath_491079" storage="c:\ngvl\sqa\automation\main\laminar.automation\laminar.automation.services.securitywebapi.test\bin\debug\laminar.automation.services.securitywebapi.test.dll" id="dc489d27-daa4-d11a-e313-cd261dd085af">
      <Description>[API]: PUT api/Update invitation by invitation key - Verify the correct data is returned for the passed in InvitationID and InvitationUpdateRequest with a 200 response code</Description>
      <TestCategory>
        <TestCategoryItem TestCategory="SecurityWebApi_Service" />
        <TestCategoryItem TestCategory="P1" />
        <TestCategoryItem TestCategory="AutoBVT" />
        <TestCategoryItem TestCategory="BL6Phase1" />
      </TestCategory>
      <Execution id="6d858099-9c19-478d-bd85-6254920a3afe" />
      <Workitems>
        <Workitem>491079</Workitem>
      </Workitems>
      <Properties>
        <Property>
          <Key>__Internal_AsyncTypeName__</Key>
          <Value>Laminar.Automation.Services.SecurityWebApi.Test.TestMethods.InvitationTest+&lt;SecurityWebApi_UpdateInvitation_HappyPath_491079&gt;d__1b6</Value>
        </Property>
      </Properties>
      <TestMethod codeBase="C:/NGVL/SQA/Automation/Main/Laminar.Automation/Laminar.Automation.Services.SecurityWebApi.Test/bin/Debug/Laminar.Automation.Services.SecurityWebApi.Test.DLL" adapterTypeName="Microsoft.VisualStudio.TestTools.TestTypes.Unit.UnitTestAdapter, Microsoft.VisualStudio.QualityTools.Tips.UnitTest.Adapter, Version=12.0.0.0, Culture=neutral, PublicKeyToken=b03f5f7f11d50a3a" className="Laminar.Automation.Services.SecurityWebApi.Test.TestMethods.InvitationTest, Laminar.Automation.Services.SecurityWebApi.Test, Version=1.0.0.0, Culture=neutral, PublicKeyToken=null" name="SecurityWebApi_UpdateInvitation_HappyPath_491079" />
    </UnitTest>
    <UnitTest name="GetTenantWithParNull_BadRequest_518064" storage="c:\ngvl\sqa\automation\main\laminar.automation\laminar.automation.services.securitywebapi.test\bin\debug\laminar.automation.services.securitywebapi.test.dll" id="48535901-69fa-720d-e26c-6837762fab4a">
      <Description>[API]: GET api/Tenants by domain or PAR - Verify that 400 status code is returned if api is called with a PAR that is not available in tenant</Description>
      <TestCategory>
        <TestCategoryItem TestCategory="SecurityWebApi_Service" />
        <TestCategoryItem TestCategory="AutoBVT" />
        <TestCategoryItem TestCategory="P2" />
      </TestCategory>
      <Execution id="01ce8fdc-da3b-4461-b84f-a529fb5347ff" />
      <Workitems>
        <Workitem>518064</Workitem>
      </Workitems>
      <Properties>
        <Property>
          <Key>__Internal_AsyncTypeName__</Key>
          <Value>Laminar.Automation.Services.SecurityWebApi.Test.TestMethods.TenantEndPointsTest+&lt;GetTenantWithParNull_BadRequest_518064&gt;d__30</Value>
        </Property>
      </Properties>
      <TestMethod codeBase="C:/NGVL/SQA/Automation/Main/Laminar.Automation/Laminar.Automation.Services.SecurityWebApi.Test/bin/Debug/Laminar.Automation.Services.SecurityWebApi.Test.DLL" adapterTypeName="Microsoft.VisualStudio.TestTools.TestTypes.Unit.UnitTestAdapter, Microsoft.VisualStudio.QualityTools.Tips.UnitTest.Adapter, Version=12.0.0.0, Culture=neutral, PublicKeyToken=b03f5f7f11d50a3a" className="Laminar.Automation.Services.SecurityWebApi.Test.TestMethods.TenantEndPointsTest, Laminar.Automation.Services.SecurityWebApi.Test, Version=1.0.0.0, Culture=neutral, PublicKeyToken=null" name="GetTenantWithParNull_BadRequest_518064" />
    </UnitTest>
    <UnitTest name="GetTenantByDomainData_HappyPath_478034" storage="c:\ngvl\sqa\automation\main\laminar.automation\laminar.automation.services.securitywebapi.test\bin\debug\laminar.automation.services.securitywebapi.test.dll" id="a51417f1-96c8-2dc8-c18f-5ebac1eba13c">
      <Description>[API]: GET api/Tenants by domain or PAR -Verify that tenant data is returned for the domain name entered if domain is available and the data returned has domain info in it with 200 status code</Description>
      <TestCategory>
        <TestCategoryItem TestCategory="SecurityWebApi_Service" />
        <TestCategoryItem TestCategory="P1" />
        <TestCategoryItem TestCategory="AutoBVT" />
      </TestCategory>
      <Execution id="9413d5d8-b07d-48fe-9d52-7f9cd19119fd" />
      <Workitems>
        <Workitem>478034</Workitem>
      </Workitems>
      <Properties>
        <Property>
          <Key>__Internal_AsyncTypeName__</Key>
          <Value>Laminar.Automation.Services.SecurityWebApi.Test.TestMethods.TenantEndPointsTest+&lt;GetTenantByDomainData_HappyPath_478034&gt;d__22</Value>
        </Property>
      </Properties>
      <TestMethod codeBase="C:/NGVL/SQA/Automation/Main/Laminar.Automation/Laminar.Automation.Services.SecurityWebApi.Test/bin/Debug/Laminar.Automation.Services.SecurityWebApi.Test.DLL" adapterTypeName="Microsoft.VisualStudio.TestTools.TestTypes.Unit.UnitTestAdapter, Microsoft.VisualStudio.QualityTools.Tips.UnitTest.Adapter, Version=12.0.0.0, Culture=neutral, PublicKeyToken=b03f5f7f11d50a3a" className="Laminar.Automation.Services.SecurityWebApi.Test.TestMethods.TenantEndPointsTest, Laminar.Automation.Services.SecurityWebApi.Test, Version=1.0.0.0, Culture=neutral, PublicKeyToken=null" name="GetTenantByDomainData_HappyPath_478034" />
    </UnitTest>
    <UnitTest name="SecurityWebApi_UsersEndpoint_PostServiceUsers_Returns400When_AnyRequiredParameterIsMissingInRequest_607338" storage="c:\ngvl\sqa\automation\main\laminar.automation\laminar.automation.services.securitywebapi.test\bin\debug\laminar.automation.services.securitywebapi.test.dll" id="ce9164a5-4930-d778-7ec2-fee5941e2d2e">
      <Description>[API] POST api/Users/{accountNumber}/ServiceUsers: Endpoint returns 400 if request is missing any required parameters</Description>
      <TestCategory>
        <TestCategoryItem TestCategory="SecurityWebApi_Service" />
        <TestCategoryItem TestCategory="P1" />
        <TestCategoryItem TestCategory="AutoBVT" />
      </TestCategory>
      <Execution id="5ae184ee-fe9a-4301-9c53-bccbcf46f851" />
      <Workitems>
        <Workitem>607338</Workitem>
      </Workitems>
      <Properties>
        <Property>
          <Key>__Internal_AsyncTypeName__</Key>
          <Value>Laminar.Automation.Services.SecurityWebApi.Test.TestMethods.UserEndPointsTest+&lt;SecurityWebApi_UsersEndpoint_PostServiceUsers_Returns400When_AnyRequiredParameterIsMissingInRequest_607338&gt;d__108</Value>
        </Property>
      </Properties>
      <TestMethod codeBase="C:/NGVL/SQA/Automation/Main/Laminar.Automation/Laminar.Automation.Services.SecurityWebApi.Test/bin/Debug/Laminar.Automation.Services.SecurityWebApi.Test.DLL" adapterTypeName="Microsoft.VisualStudio.TestTools.TestTypes.Unit.UnitTestAdapter, Microsoft.VisualStudio.QualityTools.Tips.UnitTest.Adapter, Version=12.0.0.0, Culture=neutral, PublicKeyToken=b03f5f7f11d50a3a" className="Laminar.Automation.Services.SecurityWebApi.Test.TestMethods.UserEndPointsTest, Laminar.Automation.Services.SecurityWebApi.Test, Version=1.0.0.0, Culture=neutral, PublicKeyToken=null" name="SecurityWebApi_UsersEndpoint_PostServiceUsers_Returns400When_AnyRequiredParameterIsMissingInRequest_607338" />
    </UnitTest>
    <UnitTest name="SecurityWebApi_PostCloneExistingInvitation_CorrelationIDPersistsToLoggedMessages_EventLogs_491159" storage="c:\ngvl\sqa\automation\main\laminar.automation\laminar.automation.services.securitywebapi.test\bin\debug\laminar.automation.services.securitywebapi.test.dll" id="908d6335-c934-0456-7768-62c405f15933">
      <Description>[API]: POST api/Invitation/{InvitationKey}/Clone - Verify Correlation ID is properly persisted to any logged messages when passed in request header (X-CorrelationId)</Description>
      <TestCategory>
        <TestCategoryItem TestCategory="SecurityWebApi_Service" />
        <TestCategoryItem TestCategory="AutoBVT" />
        <TestCategoryItem TestCategory="P2" />
        <TestCategoryItem TestCategory="BL6Phase1" />
      </TestCategory>
      <Execution id="e63314bb-0917-4590-afb5-a0157b44e919" />
      <Workitems>
        <Workitem>491159</Workitem>
      </Workitems>
      <Properties>
        <Property>
          <Key>__Internal_AsyncTypeName__</Key>
          <Value>Laminar.Automation.Services.SecurityWebApi.Test.TestMethods.InvitationTest+&lt;SecurityWebApi_PostCloneExistingInvitation_CorrelationIDPersistsToLoggedMessages_EventLogs_491159&gt;d__2ff</Value>
        </Property>
      </Properties>
      <TestMethod codeBase="C:/NGVL/SQA/Automation/Main/Laminar.Automation/Laminar.Automation.Services.SecurityWebApi.Test/bin/Debug/Laminar.Automation.Services.SecurityWebApi.Test.DLL" adapterTypeName="Microsoft.VisualStudio.TestTools.TestTypes.Unit.UnitTestAdapter, Microsoft.VisualStudio.QualityTools.Tips.UnitTest.Adapter, Version=12.0.0.0, Culture=neutral, PublicKeyToken=b03f5f7f11d50a3a" className="Laminar.Automation.Services.SecurityWebApi.Test.TestMethods.InvitationTest, Laminar.Automation.Services.SecurityWebApi.Test, Version=1.0.0.0, Culture=neutral, PublicKeyToken=null" name="SecurityWebApi_PostCloneExistingInvitation_CorrelationIDPersistsToLoggedMessages_EventLogs_491159" />
    </UnitTest>
    <UnitTest name="SecurityWebApi_CreateSupportUser_Success_622566" storage="c:\ngvl\sqa\automation\main\laminar.automation\laminar.automation.services.securitywebapi.test\bin\debug\laminar.automation.services.securitywebapi.test.dll" id="e34a06dd-a114-1315-736f-ca8958957eea">
      <Description>[API]: POST Users - Verify that Created (201) status code is returned and Support User is created in userProfile table for new users and Support roles are assigned</Description>
      <TestCategory>
        <TestCategoryItem TestCategory="SecurityWebApi_Service" />
        <TestCategoryItem TestCategory="P1" />
        <TestCategoryItem TestCategory="AutoBVT" />
      </TestCategory>
      <Execution id="32b1db86-a82e-4cde-b96c-8eff3c26c392" />
      <Workitems>
        <Workitem>622566</Workitem>
      </Workitems>
      <Properties>
        <Property>
          <Key>__Internal_AsyncTypeName__</Key>
          <Value>Laminar.Automation.Services.SecurityWebApi.Test.TestMethods.UserEndPointsTest+&lt;SecurityWebApi_CreateSupportUser_Success_622566&gt;d__6c</Value>
        </Property>
      </Properties>
      <TestMethod codeBase="C:/NGVL/SQA/Automation/Main/Laminar.Automation/Laminar.Automation.Services.SecurityWebApi.Test/bin/Debug/Laminar.Automation.Services.SecurityWebApi.Test.DLL" adapterTypeName="Microsoft.VisualStudio.TestTools.TestTypes.Unit.UnitTestAdapter, Microsoft.VisualStudio.QualityTools.Tips.UnitTest.Adapter, Version=12.0.0.0, Culture=neutral, PublicKeyToken=b03f5f7f11d50a3a" className="Laminar.Automation.Services.SecurityWebApi.Test.TestMethods.UserEndPointsTest, Laminar.Automation.Services.SecurityWebApi.Test, Version=1.0.0.0, Culture=neutral, PublicKeyToken=null" name="SecurityWebApi_CreateSupportUser_Success_622566" />
    </UnitTest>
    <UnitTest name="SecurityWebApi_PostCloneExistingInvitation_MalformedContactLanguageKey_504716" storage="c:\ngvl\sqa\automation\main\laminar.automation\laminar.automation.services.securitywebapi.test\bin\debug\laminar.automation.services.securitywebapi.test.dll" id="0cc853ed-b41c-595f-6431-23df387756ef">
      <Description>[API]: POST api/Invitation/{InvitationKey}/Clone - Verify error returned when contact language key is malformed</Description>
      <TestCategory>
        <TestCategoryItem TestCategory="SecurityWebApi_Service" />
        <TestCategoryItem TestCategory="P1" />
        <TestCategoryItem TestCategory="AutoBVT" />
        <TestCategoryItem TestCategory="BL6_July" />
      </TestCategory>
      <Execution id="fd8f35f0-1546-40f3-8e44-51664675a824" />
      <Workitems>
        <Workitem>504716</Workitem>
      </Workitems>
      <Properties>
        <Property>
          <Key>__Internal_AsyncTypeName__</Key>
          <Value>Laminar.Automation.Services.SecurityWebApi.Test.TestMethods.InvitationTest+&lt;SecurityWebApi_PostCloneExistingInvitation_MalformedContactLanguageKey_504716&gt;d__378</Value>
        </Property>
      </Properties>
      <TestMethod codeBase="C:/NGVL/SQA/Automation/Main/Laminar.Automation/Laminar.Automation.Services.SecurityWebApi.Test/bin/Debug/Laminar.Automation.Services.SecurityWebApi.Test.DLL" adapterTypeName="Microsoft.VisualStudio.TestTools.TestTypes.Unit.UnitTestAdapter, Microsoft.VisualStudio.QualityTools.Tips.UnitTest.Adapter, Version=12.0.0.0, Culture=neutral, PublicKeyToken=b03f5f7f11d50a3a" className="Laminar.Automation.Services.SecurityWebApi.Test.TestMethods.InvitationTest, Laminar.Automation.Services.SecurityWebApi.Test, Version=1.0.0.0, Culture=neutral, PublicKeyToken=null" name="SecurityWebApi_PostCloneExistingInvitation_MalformedContactLanguageKey_504716" />
    </UnitTest>
    <UnitTest name="SecurityWebApi_CreateUserWithBadUserData_Fail_611670" storage="c:\ngvl\sqa\automation\main\laminar.automation\laminar.automation.services.securitywebapi.test\bin\debug\laminar.automation.services.securitywebapi.test.dll" id="106174ff-a9d4-3cfb-b188-91703f52ee5f">
      <Description>[API]: POST Users - Verify that BadRequest (400) status code is returned if proper user data not provided</Description>
      <TestCategory>
        <TestCategoryItem TestCategory="SecurityWebApi_Service" />
        <TestCategoryItem TestCategory="P1" />
        <TestCategoryItem TestCategory="AutoBVT" />
      </TestCategory>
      <Execution id="407c649c-50eb-4e82-8904-ff3ac5baf7c5" />
      <Workitems>
        <Workitem>611670</Workitem>
      </Workitems>
      <Properties>
        <Property>
          <Key>__Internal_AsyncTypeName__</Key>
          <Value>Laminar.Automation.Services.SecurityWebApi.Test.TestMethods.UserEndPointsTest+&lt;SecurityWebApi_CreateUserWithBadUserData_Fail_611670&gt;d__8e</Value>
        </Property>
      </Properties>
      <TestMethod codeBase="C:/NGVL/SQA/Automation/Main/Laminar.Automation/Laminar.Automation.Services.SecurityWebApi.Test/bin/Debug/Laminar.Automation.Services.SecurityWebApi.Test.DLL" adapterTypeName="Microsoft.VisualStudio.TestTools.TestTypes.Unit.UnitTestAdapter, Microsoft.VisualStudio.QualityTools.Tips.UnitTest.Adapter, Version=12.0.0.0, Culture=neutral, PublicKeyToken=b03f5f7f11d50a3a" className="Laminar.Automation.Services.SecurityWebApi.Test.TestMethods.UserEndPointsTest, Laminar.Automation.Services.SecurityWebApi.Test, Version=1.0.0.0, Culture=neutral, PublicKeyToken=null" name="SecurityWebApi_CreateUserWithBadUserData_Fail_611670" />
    </UnitTest>
    <UnitTest name="SecurityWebApi_GetInvitationByInvitationKey_CorrelationIDInResponseWhenNotInRequest_491149" storage="c:\ngvl\sqa\automation\main\laminar.automation\laminar.automation.services.securitywebapi.test\bin\debug\laminar.automation.services.securitywebapi.test.dll" id="782cc078-7651-633e-46b0-a41c7107d51a">
      <Description>[API]: GET api/Invitation by invitation key - Verify Correlation ID is populated in the response header when it not supplied in the request header</Description>
      <TestCategory>
        <TestCategoryItem TestCategory="SecurityWebApi_Service" />
        <TestCategoryItem TestCategory="AutoBVT" />
        <TestCategoryItem TestCategory="P2" />
        <TestCategoryItem TestCategory="BL6Phase1" />
      </TestCategory>
      <Execution id="a5d290e0-3ce7-41e5-a3af-04b76bb58fe8" />
      <Workitems>
        <Workitem>491149</Workitem>
      </Workitems>
      <Properties>
        <Property>
          <Key>__Internal_AsyncTypeName__</Key>
          <Value>Laminar.Automation.Services.SecurityWebApi.Test.TestMethods.InvitationTest+&lt;SecurityWebApi_GetInvitationByInvitationKey_CorrelationIDInResponseWhenNotInRequest_491149&gt;d__6f</Value>
        </Property>
      </Properties>
      <TestMethod codeBase="C:/NGVL/SQA/Automation/Main/Laminar.Automation/Laminar.Automation.Services.SecurityWebApi.Test/bin/Debug/Laminar.Automation.Services.SecurityWebApi.Test.DLL" adapterTypeName="Microsoft.VisualStudio.TestTools.TestTypes.Unit.UnitTestAdapter, Microsoft.VisualStudio.QualityTools.Tips.UnitTest.Adapter, Version=12.0.0.0, Culture=neutral, PublicKeyToken=b03f5f7f11d50a3a" className="Laminar.Automation.Services.SecurityWebApi.Test.TestMethods.InvitationTest, Laminar.Automation.Services.SecurityWebApi.Test, Version=1.0.0.0, Culture=neutral, PublicKeyToken=null" name="SecurityWebApi_GetInvitationByInvitationKey_CorrelationIDInResponseWhenNotInRequest_491149" />
    </UnitTest>
    <UnitTest name="SecurityWebApi_Claims_Request_Without_Bearer_Token_Returns_Unauthorized" storage="c:\ngvl\sqa\automation\main\laminar.automation\laminar.automation.services.securitywebapi.test\bin\debug\laminar.automation.services.securitywebapi.test.dll" id="4212984f-fa47-c5fc-d38a-b2dae5e992fc">
      <Description>[API]: GET Claims/{id} - Verify that the endpoint returns Unauthorized if no bearer token is provided in the request header</Description>
      <TestCategory>
        <TestCategoryItem TestCategory="SecurityWebApi_Service" />
        <TestCategoryItem TestCategory="AutoBVT" />
        <TestCategoryItem TestCategory="P2" />
      </TestCategory>
      <Execution id="8558e040-5fe7-43ff-a762-d7a538715d75" />
      <Workitems>
        <Workitem>548816</Workitem>
      </Workitems>
      <Properties>
        <Property>
          <Key>__Internal_AsyncTypeName__</Key>
          <Value>Laminar.Automation.Services.SecurityWebApi.Test.TestMethods.ClaimsEndpointTest+&lt;SecurityWebApi_Claims_Request_Without_Bearer_Token_Returns_Unauthorized&gt;d__19</Value>
        </Property>
      </Properties>
      <TestMethod codeBase="C:/NGVL/SQA/Automation/Main/Laminar.Automation/Laminar.Automation.Services.SecurityWebApi.Test/bin/Debug/Laminar.Automation.Services.SecurityWebApi.Test.DLL" adapterTypeName="Microsoft.VisualStudio.TestTools.TestTypes.Unit.UnitTestAdapter, Microsoft.VisualStudio.QualityTools.Tips.UnitTest.Adapter, Version=12.0.0.0, Culture=neutral, PublicKeyToken=b03f5f7f11d50a3a" className="Laminar.Automation.Services.SecurityWebApi.Test.TestMethods.ClaimsEndpointTest, Laminar.Automation.Services.SecurityWebApi.Test, Version=1.0.0.0, Culture=neutral, PublicKeyToken=null" name="SecurityWebApi_Claims_Request_Without_Bearer_Token_Returns_Unauthorized" />
    </UnitTest>
    <UnitTest name="GetTenantMapsByIdCallerUserRolesPermissions_478046" storage="c:\ngvl\sqa\automation\main\laminar.automation\laminar.automation.services.securitywebapi.test\bin\debug\laminar.automation.services.securitywebapi.test.dll" id="9d8332a2-0d6b-d472-3188-bebe57bcfc68">
      <Description>[API]: GET Tenants/{id}/Maps - Verify that only users with proper roles can access the end point</Description>
      <TestCategory>
        <TestCategoryItem TestCategory="SecurityWebApi_Service" />
        <TestCategoryItem TestCategory="AutoBVT" />
        <TestCategoryItem TestCategory="P2" />
      </TestCategory>
      <Execution id="318235dd-c121-4142-a0a2-6e4104085d9e" />
      <Workitems>
        <Workitem>478046</Workitem>
      </Workitems>
      <Properties>
        <Property>
          <Key>__Internal_AsyncTypeName__</Key>
          <Value>Laminar.Automation.Services.SecurityWebApi.Test.TestMethods.TenantEndPointsTest+&lt;GetTenantMapsByIdCallerUserRolesPermissions_478046&gt;d__a6</Value>
        </Property>
      </Properties>
      <TestMethod codeBase="C:/NGVL/SQA/Automation/Main/Laminar.Automation/Laminar.Automation.Services.SecurityWebApi.Test/bin/Debug/Laminar.Automation.Services.SecurityWebApi.Test.DLL" adapterTypeName="Microsoft.VisualStudio.TestTools.TestTypes.Unit.UnitTestAdapter, Microsoft.VisualStudio.QualityTools.Tips.UnitTest.Adapter, Version=12.0.0.0, Culture=neutral, PublicKeyToken=b03f5f7f11d50a3a" className="Laminar.Automation.Services.SecurityWebApi.Test.TestMethods.TenantEndPointsTest, Laminar.Automation.Services.SecurityWebApi.Test, Version=1.0.0.0, Culture=neutral, PublicKeyToken=null" name="GetTenantMapsByIdCallerUserRolesPermissions_478046" />
    </UnitTest>
    <UnitTest name="SecurityWebApi_UpdateInvitation_CorrelationIDPersistsToLoggedMessages_EventLogs_491027" storage="c:\ngvl\sqa\automation\main\laminar.automation\laminar.automation.services.securitywebapi.test\bin\debug\laminar.automation.services.securitywebapi.test.dll" id="5086f608-11b6-7c36-7fdb-076281afed6e">
      <Description>[API]: PUT api/Update invitation by invitation key - Verify Correlation ID is properly persisted to any logged messages when passed in request header (X-CorrelationId)</Description>
      <TestCategory>
        <TestCategoryItem TestCategory="SecurityWebApi_Service" />
        <TestCategoryItem TestCategory="AutoBVT" />
        <TestCategoryItem TestCategory="P2" />
        <TestCategoryItem TestCategory="BL6Phase1" />
      </TestCategory>
      <Execution id="0ffa8278-6efc-47c0-8e0f-98a19c10a9bb" />
      <Workitems>
        <Workitem>491027</Workitem>
      </Workitems>
      <Properties>
        <Property>
          <Key>__Internal_AsyncTypeName__</Key>
          <Value>Laminar.Automation.Services.SecurityWebApi.Test.TestMethods.InvitationTest+&lt;SecurityWebApi_UpdateInvitation_CorrelationIDPersistsToLoggedMessages_EventLogs_491027&gt;d__1e7</Value>
        </Property>
      </Properties>
      <TestMethod codeBase="C:/NGVL/SQA/Automation/Main/Laminar.Automation/Laminar.Automation.Services.SecurityWebApi.Test/bin/Debug/Laminar.Automation.Services.SecurityWebApi.Test.DLL" adapterTypeName="Microsoft.VisualStudio.TestTools.TestTypes.Unit.UnitTestAdapter, Microsoft.VisualStudio.QualityTools.Tips.UnitTest.Adapter, Version=12.0.0.0, Culture=neutral, PublicKeyToken=b03f5f7f11d50a3a" className="Laminar.Automation.Services.SecurityWebApi.Test.TestMethods.InvitationTest, Laminar.Automation.Services.SecurityWebApi.Test, Version=1.0.0.0, Culture=neutral, PublicKeyToken=null" name="SecurityWebApi_UpdateInvitation_CorrelationIDPersistsToLoggedMessages_EventLogs_491027" />
    </UnitTest>
    <UnitTest name="GetTenantBadRequestIfNoQueryStringProvided_478031" storage="c:\ngvl\sqa\automation\main\laminar.automation\laminar.automation.services.securitywebapi.test\bin\debug\laminar.automation.services.securitywebapi.test.dll" id="5722b9cf-f4e5-c084-1e61-5f938e5a4787">
      <Description>[API]: GET api/Tenants by domain or PAR - Verify that BadRequest is returned if no querystring is provided</Description>
      <TestCategory>
        <TestCategoryItem TestCategory="SecurityWebApi_Service" />
        <TestCategoryItem TestCategory="AutoBVT" />
        <TestCategoryItem TestCategory="P2" />
      </TestCategory>
      <Execution id="ce370a4a-02d7-4e51-917f-2c5e6ab00569" />
      <Workitems>
        <Workitem>478031</Workitem>
      </Workitems>
      <Properties>
        <Property>
          <Key>__Internal_AsyncTypeName__</Key>
          <Value>Laminar.Automation.Services.SecurityWebApi.Test.TestMethods.TenantEndPointsTest+&lt;GetTenantBadRequestIfNoQueryStringProvided_478031&gt;d__0</Value>
        </Property>
      </Properties>
      <TestMethod codeBase="C:/NGVL/SQA/Automation/Main/Laminar.Automation/Laminar.Automation.Services.SecurityWebApi.Test/bin/Debug/Laminar.Automation.Services.SecurityWebApi.Test.DLL" adapterTypeName="Microsoft.VisualStudio.TestTools.TestTypes.Unit.UnitTestAdapter, Microsoft.VisualStudio.QualityTools.Tips.UnitTest.Adapter, Version=12.0.0.0, Culture=neutral, PublicKeyToken=b03f5f7f11d50a3a" className="Laminar.Automation.Services.SecurityWebApi.Test.TestMethods.TenantEndPointsTest, Laminar.Automation.Services.SecurityWebApi.Test, Version=1.0.0.0, Culture=neutral, PublicKeyToken=null" name="GetTenantBadRequestIfNoQueryStringProvided_478031" />
    </UnitTest>
    <UnitTest name="GetTenantAdminsByIdCallerRolesPermissionsCheck_478055" storage="c:\ngvl\sqa\automation\main\laminar.automation\laminar.automation.services.securitywebapi.test\bin\debug\laminar.automation.services.securitywebapi.test.dll" id="3ffba433-51e5-6ae6-6f71-7c629f6d86cf">
      <Description>[API]: GET Tenants/{id}/Admins - Verify that only users with proper roles can access the end point</Description>
      <TestCategory>
        <TestCategoryItem TestCategory="SecurityWebApi_Service" />
        <TestCategoryItem TestCategory="AutoBVT" />
        <TestCategoryItem TestCategory="P2" />
      </TestCategory>
      <Execution id="5d9ab4ad-a643-4ccd-b5b9-c25fdc410789" />
      <Workitems>
        <Workitem>478055</Workitem>
      </Workitems>
      <Properties>
        <Property>
          <Key>__Internal_AsyncTypeName__</Key>
          <Value>Laminar.Automation.Services.SecurityWebApi.Test.TestMethods.TenantEndPointsTest+&lt;GetTenantAdminsByIdCallerRolesPermissionsCheck_478055&gt;d__d3</Value>
        </Property>
      </Properties>
      <TestMethod codeBase="C:/NGVL/SQA/Automation/Main/Laminar.Automation/Laminar.Automation.Services.SecurityWebApi.Test/bin/Debug/Laminar.Automation.Services.SecurityWebApi.Test.DLL" adapterTypeName="Microsoft.VisualStudio.TestTools.TestTypes.Unit.UnitTestAdapter, Microsoft.VisualStudio.QualityTools.Tips.UnitTest.Adapter, Version=12.0.0.0, Culture=neutral, PublicKeyToken=b03f5f7f11d50a3a" className="Laminar.Automation.Services.SecurityWebApi.Test.TestMethods.TenantEndPointsTest, Laminar.Automation.Services.SecurityWebApi.Test, Version=1.0.0.0, Culture=neutral, PublicKeyToken=null" name="GetTenantAdminsByIdCallerRolesPermissionsCheck_478055" />
    </UnitTest>
    <UnitTest name="SecurityWebApi_GetInvitationBySearchCriteria_PartnerNotAgreementApproverOrCreator_499722" storage="c:\ngvl\sqa\automation\main\laminar.automation\laminar.automation.services.securitywebapi.test\bin\debug\laminar.automation.services.securitywebapi.test.dll" id="ccdc8735-3949-6441-51a3-497684871c13">
      <Description>[API]: GET api/Invitation?AccountNumber...Partner that is not an AgreementApprover or creator user test</Description>
      <TestCategory>
        <TestCategoryItem TestCategory="SecurityWebApi_Service" />
        <TestCategoryItem TestCategory="P1" />
        <TestCategoryItem TestCategory="AutoBVT" />
        <TestCategoryItem TestCategory="BL6Phase1" />
      </TestCategory>
      <Execution id="a590d06a-e31a-4140-ac84-adea7138c9dd" />
      <Workitems>
        <Workitem>499722</Workitem>
      </Workitems>
      <Properties>
        <Property>
          <Key>__Internal_AsyncTypeName__</Key>
          <Value>Laminar.Automation.Services.SecurityWebApi.Test.TestMethods.InvitationTest+&lt;SecurityWebApi_GetInvitationBySearchCriteria_PartnerNotAgreementApproverOrCreator_499722&gt;d__14b</Value>
        </Property>
      </Properties>
      <TestMethod codeBase="C:/NGVL/SQA/Automation/Main/Laminar.Automation/Laminar.Automation.Services.SecurityWebApi.Test/bin/Debug/Laminar.Automation.Services.SecurityWebApi.Test.DLL" adapterTypeName="Microsoft.VisualStudio.TestTools.TestTypes.Unit.UnitTestAdapter, Microsoft.VisualStudio.QualityTools.Tips.UnitTest.Adapter, Version=12.0.0.0, Culture=neutral, PublicKeyToken=b03f5f7f11d50a3a" className="Laminar.Automation.Services.SecurityWebApi.Test.TestMethods.InvitationTest, Laminar.Automation.Services.SecurityWebApi.Test, Version=1.0.0.0, Culture=neutral, PublicKeyToken=null" name="SecurityWebApi_GetInvitationBySearchCriteria_PartnerNotAgreementApproverOrCreator_499722" />
    </UnitTest>
    <UnitTest name="SecurityWebApi_GetRolesByRoleScenarioNoRoleScenario_608225" storage="c:\ngvl\sqa\automation\main\laminar.automation\laminar.automation.services.securitywebapi.test\bin\debug\laminar.automation.services.securitywebapi.test.dll" id="4daeeb54-dcea-3cfc-f7be-09ae23f76ab2">
      <Description>[API]: GET Roles/{roleScenario} - Verify that NotFound (404) is returned if roleScenario is missing</Description>
      <TestCategory>
        <TestCategoryItem TestCategory="SecurityWebApi_Service" />
        <TestCategoryItem TestCategory="AutoBVT" />
        <TestCategoryItem TestCategory="P2" />
      </TestCategory>
      <Execution id="11cda6c8-69bc-4e85-937a-63fc33ebcb46" />
      <Workitems>
        <Workitem>608225</Workitem>
      </Workitems>
      <Properties>
        <Property>
          <Key>__Internal_AsyncTypeName__</Key>
          <Value>Laminar.Automation.Services.SecurityWebApi.Test.TestMethods.RolesEndpointTest+&lt;SecurityWebApi_GetRolesByRoleScenarioNoRoleScenario_608225&gt;d__d</Value>
        </Property>
      </Properties>
      <TestMethod codeBase="C:/NGVL/SQA/Automation/Main/Laminar.Automation/Laminar.Automation.Services.SecurityWebApi.Test/bin/Debug/Laminar.Automation.Services.SecurityWebApi.Test.DLL" adapterTypeName="Microsoft.VisualStudio.TestTools.TestTypes.Unit.UnitTestAdapter, Microsoft.VisualStudio.QualityTools.Tips.UnitTest.Adapter, Version=12.0.0.0, Culture=neutral, PublicKeyToken=b03f5f7f11d50a3a" className="Laminar.Automation.Services.SecurityWebApi.Test.TestMethods.RolesEndpointTest, Laminar.Automation.Services.SecurityWebApi.Test, Version=1.0.0.0, Culture=neutral, PublicKeyToken=null" name="SecurityWebApi_GetRolesByRoleScenarioNoRoleScenario_608225" />
    </UnitTest>
    <UnitTest name="SecurityWebApi_UpdateInvitation_InvitationNotFound_479286" storage="c:\ngvl\sqa\automation\main\laminar.automation\laminar.automation.services.securitywebapi.test\bin\debug\laminar.automation.services.securitywebapi.test.dll" id="7765b5fd-add6-df54-7205-6ef9ab900665">
      <Description>[API]: PUT api/Update invitation by invitation key - Verify 404 response code for service call when Invitation not found with InvitationId from URL</Description>
      <TestCategory>
        <TestCategoryItem TestCategory="SecurityWebApi_Service" />
        <TestCategoryItem TestCategory="P1" />
        <TestCategoryItem TestCategory="AutoBVT" />
        <TestCategoryItem TestCategory="BL6Phase1" />
      </TestCategory>
      <Execution id="32953840-6db7-40d4-b568-c2300fb398b2" />
      <Workitems>
        <Workitem>479286</Workitem>
      </Workitems>
      <Properties>
        <Property>
          <Key>__Internal_AsyncTypeName__</Key>
          <Value>Laminar.Automation.Services.SecurityWebApi.Test.TestMethods.InvitationTest+&lt;SecurityWebApi_UpdateInvitation_InvitationNotFound_479286&gt;d__1cc</Value>
        </Property>
      </Properties>
      <TestMethod codeBase="C:/NGVL/SQA/Automation/Main/Laminar.Automation/Laminar.Automation.Services.SecurityWebApi.Test/bin/Debug/Laminar.Automation.Services.SecurityWebApi.Test.DLL" adapterTypeName="Microsoft.VisualStudio.TestTools.TestTypes.Unit.UnitTestAdapter, Microsoft.VisualStudio.QualityTools.Tips.UnitTest.Adapter, Version=12.0.0.0, Culture=neutral, PublicKeyToken=b03f5f7f11d50a3a" className="Laminar.Automation.Services.SecurityWebApi.Test.TestMethods.InvitationTest, Laminar.Automation.Services.SecurityWebApi.Test, Version=1.0.0.0, Culture=neutral, PublicKeyToken=null" name="SecurityWebApi_UpdateInvitation_InvitationNotFound_479286" />
    </UnitTest>
    <UnitTest name="SecurityWebApi_DeleteTenantMap_NoProperPermission_Fails_625194" storage="c:\ngvl\sqa\automation\main\laminar.automation\laminar.automation.services.securitywebapi.test\bin\debug\laminar.automation.services.securitywebapi.test.dll" id="807eaf27-d81a-3795-da3c-ae1c123e3fc4">
      <Description>[API]: DELETE TenantMap - Verify that Unauthorized (401) status code is returned if user calling does not have proper permissions</Description>
      <TestCategory>
        <TestCategoryItem TestCategory="SecurityWebApi_Service" />
        <TestCategoryItem TestCategory="P1" />
        <TestCategoryItem TestCategory="AutoBVT" />
      </TestCategory>
      <Execution id="a947ecf0-0625-4fad-a9b6-7c75aa706b38" />
      <Workitems>
        <Workitem>625194</Workitem>
      </Workitems>
      <Properties>
        <Property>
          <Key>__Internal_AsyncTypeName__</Key>
          <Value>Laminar.Automation.Services.SecurityWebApi.Test.TestMethods.TenantMapTest+&lt;SecurityWebApi_DeleteTenantMap_NoProperPermission_Fails_625194&gt;d__eb</Value>
        </Property>
      </Properties>
      <TestMethod codeBase="C:/NGVL/SQA/Automation/Main/Laminar.Automation/Laminar.Automation.Services.SecurityWebApi.Test/bin/Debug/Laminar.Automation.Services.SecurityWebApi.Test.DLL" adapterTypeName="Microsoft.VisualStudio.TestTools.TestTypes.Unit.UnitTestAdapter, Microsoft.VisualStudio.QualityTools.Tips.UnitTest.Adapter, Version=12.0.0.0, Culture=neutral, PublicKeyToken=b03f5f7f11d50a3a" className="Laminar.Automation.Services.SecurityWebApi.Test.TestMethods.TenantMapTest, Laminar.Automation.Services.SecurityWebApi.Test, Version=1.0.0.0, Culture=neutral, PublicKeyToken=null" name="SecurityWebApi_DeleteTenantMap_NoProperPermission_Fails_625194" />
    </UnitTest>
    <UnitTest name="SecurityWebApi_GetInvitationByInvitationKey_NoAuthHeader_479268" storage="c:\ngvl\sqa\automation\main\laminar.automation\laminar.automation.services.securitywebapi.test\bin\debug\laminar.automation.services.securitywebapi.test.dll" id="4a0cf81e-03b5-50a3-044b-b3c58bbf513c">
      <Description>[API]: GET api/Invitation by invitation key - Verify 401 response code for service call when called without an authorization header</Description>
      <TestCategory>
        <TestCategoryItem TestCategory="SecurityWebApi_Service" />
        <TestCategoryItem TestCategory="P1" />
        <TestCategoryItem TestCategory="AutoBVT" />
        <TestCategoryItem TestCategory="BL6Phase1" />
      </TestCategory>
      <Execution id="379049a2-b3d7-47ff-a9f3-99fa4b5526fd" />
      <Workitems>
        <Workitem>479268</Workitem>
      </Workitems>
      <Properties>
        <Property>
          <Key>__Internal_AsyncTypeName__</Key>
          <Value>Laminar.Automation.Services.SecurityWebApi.Test.TestMethods.InvitationTest+&lt;SecurityWebApi_GetInvitationByInvitationKey_NoAuthHeader_479268&gt;d__4a</Value>
        </Property>
      </Properties>
      <TestMethod codeBase="C:/NGVL/SQA/Automation/Main/Laminar.Automation/Laminar.Automation.Services.SecurityWebApi.Test/bin/Debug/Laminar.Automation.Services.SecurityWebApi.Test.DLL" adapterTypeName="Microsoft.VisualStudio.TestTools.TestTypes.Unit.UnitTestAdapter, Microsoft.VisualStudio.QualityTools.Tips.UnitTest.Adapter, Version=12.0.0.0, Culture=neutral, PublicKeyToken=b03f5f7f11d50a3a" className="Laminar.Automation.Services.SecurityWebApi.Test.TestMethods.InvitationTest, Laminar.Automation.Services.SecurityWebApi.Test, Version=1.0.0.0, Culture=neutral, PublicKeyToken=null" name="SecurityWebApi_GetInvitationByInvitationKey_NoAuthHeader_479268" />
    </UnitTest>
    <UnitTest name="SecurityWebApi_CreateUserNotGlobalAadRole_Fail_622542" storage="c:\ngvl\sqa\automation\main\laminar.automation\laminar.automation.services.securitywebapi.test\bin\debug\laminar.automation.services.securitywebapi.test.dll" id="3ce5cd31-2bc5-b39e-dc89-95d42e3d9e72">
      <Description>[API]: POST Users - Verify that BadRequest (400) status code is returned if roles information is not provided</Description>
      <TestCategory>
        <TestCategoryItem TestCategory="SecurityWebApi_Service" />
        <TestCategoryItem TestCategory="P1" />
        <TestCategoryItem TestCategory="AutoBVT" />
      </TestCategory>
      <Execution id="bcf79c3d-2c19-41e3-b6e3-41607f54a7f1" />
      <Workitems>
        <Workitem>622542</Workitem>
      </Workitems>
      <Properties>
        <Property>
          <Key>__Internal_AsyncTypeName__</Key>
          <Value>Laminar.Automation.Services.SecurityWebApi.Test.TestMethods.UserEndPointsTest+&lt;SecurityWebApi_CreateUserNotGlobalAadRole_Fail_622542&gt;d__a4</Value>
        </Property>
      </Properties>
      <TestMethod codeBase="C:/NGVL/SQA/Automation/Main/Laminar.Automation/Laminar.Automation.Services.SecurityWebApi.Test/bin/Debug/Laminar.Automation.Services.SecurityWebApi.Test.DLL" adapterTypeName="Microsoft.VisualStudio.TestTools.TestTypes.Unit.UnitTestAdapter, Microsoft.VisualStudio.QualityTools.Tips.UnitTest.Adapter, Version=12.0.0.0, Culture=neutral, PublicKeyToken=b03f5f7f11d50a3a" className="Laminar.Automation.Services.SecurityWebApi.Test.TestMethods.UserEndPointsTest, Laminar.Automation.Services.SecurityWebApi.Test, Version=1.0.0.0, Culture=neutral, PublicKeyToken=null" name="SecurityWebApi_CreateUserNotGlobalAadRole_Fail_622542" />
    </UnitTest>
    <UnitTest name="SecurityWebApi_PostTenant_InvitationKeyIsNotFound_ReturnsInternalServerError_507810" storage="c:\ngvl\sqa\automation\main\laminar.automation\laminar.automation.services.securitywebapi.test\bin\debug\laminar.automation.services.securitywebapi.test.dll" id="e882d4a6-e5c2-35ee-a77f-364b1ebfcfeb">
      <Description>[API]: POST Tenant - Verify if the InvitationKey is Not Found, the service returns HTTP 500.</Description>
      <TestCategory>
        <TestCategoryItem TestCategory="SecurityWebApi_Service" />
        <TestCategoryItem TestCategory="AutoBVT" />
        <TestCategoryItem TestCategory="P2" />
      </TestCategory>
      <Execution id="7e7bf947-d78b-431d-b5b1-14b92950897d" />
      <Workitems>
        <Workitem>507810</Workitem>
      </Workitems>
      <Properties>
        <Property>
          <Key>__Internal_AsyncTypeName__</Key>
          <Value>Laminar.Automation.Services.SecurityWebApi.Test.TestMethods.TenantEndPointsTest+&lt;SecurityWebApi_PostTenant_InvitationKeyIsNotFound_ReturnsInternalServerError_507810&gt;d__131</Value>
        </Property>
      </Properties>
      <TestMethod codeBase="C:/NGVL/SQA/Automation/Main/Laminar.Automation/Laminar.Automation.Services.SecurityWebApi.Test/bin/Debug/Laminar.Automation.Services.SecurityWebApi.Test.DLL" adapterTypeName="Microsoft.VisualStudio.TestTools.TestTypes.Unit.UnitTestAdapter, Microsoft.VisualStudio.QualityTools.Tips.UnitTest.Adapter, Version=12.0.0.0, Culture=neutral, PublicKeyToken=b03f5f7f11d50a3a" className="Laminar.Automation.Services.SecurityWebApi.Test.TestMethods.TenantEndPointsTest, Laminar.Automation.Services.SecurityWebApi.Test, Version=1.0.0.0, Culture=neutral, PublicKeyToken=null" name="SecurityWebApi_PostTenant_InvitationKeyIsNotFound_ReturnsInternalServerError_507810" />
    </UnitTest>
    <UnitTest name="SecurityWebApi_UpdateInvitation_HappyPath_504712" storage="c:\ngvl\sqa\automation\main\laminar.automation\laminar.automation.services.securitywebapi.test\bin\debug\laminar.automation.services.securitywebapi.test.dll" id="9105b94d-ff00-6033-53db-17d959164480">
      <Description>[API]: PUT api/Update invitation by invitation key - Verify contact language can be updated</Description>
      <TestCategory>
        <TestCategoryItem TestCategory="SecurityWebApi_Service" />
        <TestCategoryItem TestCategory="P1" />
        <TestCategoryItem TestCategory="AutoBVT" />
        <TestCategoryItem TestCategory="BL6_July" />
      </TestCategory>
      <Execution id="3b23bf52-58e2-4544-9114-da2679cfd4d8" />
      <Workitems>
        <Workitem>504712</Workitem>
      </Workitems>
      <Properties>
        <Property>
          <Key>__Internal_AsyncTypeName__</Key>
          <Value>Laminar.Automation.Services.SecurityWebApi.Test.TestMethods.InvitationTest+&lt;SecurityWebApi_UpdateInvitation_HappyPath_504712&gt;d__258</Value>
        </Property>
      </Properties>
      <TestMethod codeBase="C:/NGVL/SQA/Automation/Main/Laminar.Automation/Laminar.Automation.Services.SecurityWebApi.Test/bin/Debug/Laminar.Automation.Services.SecurityWebApi.Test.DLL" adapterTypeName="Microsoft.VisualStudio.TestTools.TestTypes.Unit.UnitTestAdapter, Microsoft.VisualStudio.QualityTools.Tips.UnitTest.Adapter, Version=12.0.0.0, Culture=neutral, PublicKeyToken=b03f5f7f11d50a3a" className="Laminar.Automation.Services.SecurityWebApi.Test.TestMethods.InvitationTest, Laminar.Automation.Services.SecurityWebApi.Test, Version=1.0.0.0, Culture=neutral, PublicKeyToken=null" name="SecurityWebApi_UpdateInvitation_HappyPath_504712" />
    </UnitTest>
    <UnitTest name="SecurityWebApi_GetInvitationBySearchCriteria_UserKey_NotFound_608227" storage="c:\ngvl\sqa\automation\main\laminar.automation\laminar.automation.services.securitywebapi.test\bin\debug\laminar.automation.services.securitywebapi.test.dll" id="bbc94bb6-f061-9862-331c-0db737c144f3">
      <Description>[API]: GET api/Invitation?UserKeys... by search criteria - Verify no matching PermissionRequest returns HTTP OK(200)</Description>
      <TestCategory>
        <TestCategoryItem TestCategory="SecurityWebApi_Service" />
        <TestCategoryItem TestCategory="P1" />
        <TestCategoryItem TestCategory="AutoBVT" />
        <TestCategoryItem TestCategory="BL7Phase1" />
      </TestCategory>
      <Execution id="c2ebd326-2e29-41b4-be72-98e772bacf30" />
      <Workitems>
        <Workitem>608227</Workitem>
      </Workitems>
      <Properties>
        <Property>
          <Key>__Internal_AsyncTypeName__</Key>
          <Value>Laminar.Automation.Services.SecurityWebApi.Test.TestMethods.InvitationTest+&lt;SecurityWebApi_GetInvitationBySearchCriteria_UserKey_NotFound_608227&gt;d__1ac</Value>
        </Property>
      </Properties>
      <TestMethod codeBase="C:/NGVL/SQA/Automation/Main/Laminar.Automation/Laminar.Automation.Services.SecurityWebApi.Test/bin/Debug/Laminar.Automation.Services.SecurityWebApi.Test.DLL" adapterTypeName="Microsoft.VisualStudio.TestTools.TestTypes.Unit.UnitTestAdapter, Microsoft.VisualStudio.QualityTools.Tips.UnitTest.Adapter, Version=12.0.0.0, Culture=neutral, PublicKeyToken=b03f5f7f11d50a3a" className="Laminar.Automation.Services.SecurityWebApi.Test.TestMethods.InvitationTest, Laminar.Automation.Services.SecurityWebApi.Test, Version=1.0.0.0, Culture=neutral, PublicKeyToken=null" name="SecurityWebApi_GetInvitationBySearchCriteria_UserKey_NotFound_608227" />
    </UnitTest>
    <UnitTest name="SecurityWebApi_PostCloneExistingInvitation_HappyPath_491169" storage="c:\ngvl\sqa\automation\main\laminar.automation\laminar.automation.services.securitywebapi.test\bin\debug\laminar.automation.services.securitywebapi.test.dll" id="d962c885-94b8-1374-2abb-7e54e8d19c5a">
      <Description>[API]: POST api/Invitation/{InvitationKey}/Clone - Verify the status of the Invitation with the InvitationID that was in the URL is set to cancelled if the status was pending</Description>
      <TestCategory>
        <TestCategoryItem TestCategory="SecurityWebApi_Service" />
        <TestCategoryItem TestCategory="P1" />
        <TestCategoryItem TestCategory="AutoBVT" />
        <TestCategoryItem TestCategory="BL6Phase1" />
      </TestCategory>
      <Execution id="a688187d-6f99-4fb9-a84b-ca4cd87df40b" />
      <Workitems>
        <Workitem>491169</Workitem>
      </Workitems>
      <Properties>
        <Property>
          <Key>__Internal_AsyncTypeName__</Key>
          <Value>Laminar.Automation.Services.SecurityWebApi.Test.TestMethods.InvitationTest+&lt;SecurityWebApi_PostCloneExistingInvitation_HappyPath_491169&gt;d__2bc</Value>
        </Property>
      </Properties>
      <TestMethod codeBase="C:/NGVL/SQA/Automation/Main/Laminar.Automation/Laminar.Automation.Services.SecurityWebApi.Test/bin/Debug/Laminar.Automation.Services.SecurityWebApi.Test.DLL" adapterTypeName="Microsoft.VisualStudio.TestTools.TestTypes.Unit.UnitTestAdapter, Microsoft.VisualStudio.QualityTools.Tips.UnitTest.Adapter, Version=12.0.0.0, Culture=neutral, PublicKeyToken=b03f5f7f11d50a3a" className="Laminar.Automation.Services.SecurityWebApi.Test.TestMethods.InvitationTest, Laminar.Automation.Services.SecurityWebApi.Test, Version=1.0.0.0, Culture=neutral, PublicKeyToken=null" name="SecurityWebApi_PostCloneExistingInvitation_HappyPath_491169" />
    </UnitTest>
    <UnitTest name="GetTenantAdminsByIdTenantKeyLengthCheck_478052" storage="c:\ngvl\sqa\automation\main\laminar.automation\laminar.automation.services.securitywebapi.test\bin\debug\laminar.automation.services.securitywebapi.test.dll" id="6bd190a2-0f5f-f984-4128-3ef3f163a682">
      <Description>[API]: GET Tenants/{id}/Admins - Verify the length of the tenantkey provided</Description>
      <TestCategory>
        <TestCategoryItem TestCategory="SecurityWebApi_Service" />
        <TestCategoryItem TestCategory="AutoBVT" />
        <TestCategoryItem TestCategory="P2" />
      </TestCategory>
      <Execution id="a189f812-cf6f-4e68-a713-1293fdc93622" />
      <Workitems>
        <Workitem>478052</Workitem>
      </Workitems>
      <Properties>
        <Property>
          <Key>__Internal_AsyncTypeName__</Key>
          <Value>Laminar.Automation.Services.SecurityWebApi.Test.TestMethods.TenantEndPointsTest+&lt;GetTenantAdminsByIdTenantKeyLengthCheck_478052&gt;d__c8</Value>
        </Property>
      </Properties>
      <TestMethod codeBase="C:/NGVL/SQA/Automation/Main/Laminar.Automation/Laminar.Automation.Services.SecurityWebApi.Test/bin/Debug/Laminar.Automation.Services.SecurityWebApi.Test.DLL" adapterTypeName="Microsoft.VisualStudio.TestTools.TestTypes.Unit.UnitTestAdapter, Microsoft.VisualStudio.QualityTools.Tips.UnitTest.Adapter, Version=12.0.0.0, Culture=neutral, PublicKeyToken=b03f5f7f11d50a3a" className="Laminar.Automation.Services.SecurityWebApi.Test.TestMethods.TenantEndPointsTest, Laminar.Automation.Services.SecurityWebApi.Test, Version=1.0.0.0, Culture=neutral, PublicKeyToken=null" name="GetTenantAdminsByIdTenantKeyLengthCheck_478052" />
    </UnitTest>
    <UnitTest name="SecurityWebApi_PostCloneExistingInvitation_PartnerAgreementCreatorNoAgreementAccess_499733" storage="c:\ngvl\sqa\automation\main\laminar.automation\laminar.automation.services.securitywebapi.test\bin\debug\laminar.automation.services.securitywebapi.test.dll" id="c5464e13-1c2b-480d-c40f-10b36be3b284">
      <Description>[API]: POST api/Invitation/{InvitationKey}/Clone - PartnerAgreementCreator no access to the corresponding Agreement user test</Description>
      <TestCategory>
        <TestCategoryItem TestCategory="SecurityWebApi_Service" />
        <TestCategoryItem TestCategory="BL6_July" />
        <TestCategoryItem TestCategory="AutoBVT" />
        <TestCategoryItem TestCategory="P2" />
      </TestCategory>
      <Execution id="921b4b79-6c66-4e99-b0b1-b6ea2706c867" />
      <Workitems>
        <Workitem>499733</Workitem>
      </Workitems>
      <Properties>
        <Property>
          <Key>__Internal_AsyncTypeName__</Key>
          <Value>Laminar.Automation.Services.SecurityWebApi.Test.TestMethods.InvitationTest+&lt;SecurityWebApi_PostCloneExistingInvitation_PartnerAgreementCreatorNoAgreementAccess_499733&gt;d__34c</Value>
        </Property>
      </Properties>
      <TestMethod codeBase="C:/NGVL/SQA/Automation/Main/Laminar.Automation/Laminar.Automation.Services.SecurityWebApi.Test/bin/Debug/Laminar.Automation.Services.SecurityWebApi.Test.DLL" adapterTypeName="Microsoft.VisualStudio.TestTools.TestTypes.Unit.UnitTestAdapter, Microsoft.VisualStudio.QualityTools.Tips.UnitTest.Adapter, Version=12.0.0.0, Culture=neutral, PublicKeyToken=b03f5f7f11d50a3a" className="Laminar.Automation.Services.SecurityWebApi.Test.TestMethods.InvitationTest, Laminar.Automation.Services.SecurityWebApi.Test, Version=1.0.0.0, Culture=neutral, PublicKeyToken=null" name="SecurityWebApi_PostCloneExistingInvitation_PartnerAgreementCreatorNoAgreementAccess_499733" />
    </UnitTest>
    <UnitTest name="SecurityWebApi_UpdateInvitation_HappyPath_491093" storage="c:\ngvl\sqa\automation\main\laminar.automation\laminar.automation.services.securitywebapi.test\bin\debug\laminar.automation.services.securitywebapi.test.dll" id="fb01f356-d764-102c-fd2f-ded3c38aec66">
      <Description>[API]: PUT api/Update invitation by invitation key - Verify the returned object values match with the values from the database invite table</Description>
      <TestCategory>
        <TestCategoryItem TestCategory="SecurityWebApi_Service" />
        <TestCategoryItem TestCategory="P1" />
        <TestCategoryItem TestCategory="AutoBVT" />
        <TestCategoryItem TestCategory="BL6Phase1" />
      </TestCategory>
      <Execution id="0b2d03f3-fb6e-4421-9d16-a6633204c3c1" />
      <Workitems>
        <Workitem>491093</Workitem>
      </Workitems>
      <Properties>
        <Property>
          <Key>__Internal_AsyncTypeName__</Key>
          <Value>Laminar.Automation.Services.SecurityWebApi.Test.TestMethods.InvitationTest+&lt;SecurityWebApi_UpdateInvitation_HappyPath_491093&gt;d__212</Value>
        </Property>
      </Properties>
      <TestMethod codeBase="C:/NGVL/SQA/Automation/Main/Laminar.Automation/Laminar.Automation.Services.SecurityWebApi.Test/bin/Debug/Laminar.Automation.Services.SecurityWebApi.Test.DLL" adapterTypeName="Microsoft.VisualStudio.TestTools.TestTypes.Unit.UnitTestAdapter, Microsoft.VisualStudio.QualityTools.Tips.UnitTest.Adapter, Version=12.0.0.0, Culture=neutral, PublicKeyToken=b03f5f7f11d50a3a" className="Laminar.Automation.Services.SecurityWebApi.Test.TestMethods.InvitationTest, Laminar.Automation.Services.SecurityWebApi.Test, Version=1.0.0.0, Culture=neutral, PublicKeyToken=null" name="SecurityWebApi_UpdateInvitation_HappyPath_491093" />
    </UnitTest>
    <UnitTest name="SecurityWebApi_GetInvitationBySearchCriteria_UserKey_HappyPath_608226" storage="c:\ngvl\sqa\automation\main\laminar.automation\laminar.automation.services.securitywebapi.test\bin\debug\laminar.automation.services.securitywebapi.test.dll" id="3bce7b6d-4a2f-6644-665a-a434405ba56d">
      <Description>[API]: GET api/Invitation?UserKeys... by search criteria - Verify the correct PermissionRequest returns with HTTP OK (200)</Description>
      <TestCategory>
        <TestCategoryItem TestCategory="SecurityWebApi_Service" />
        <TestCategoryItem TestCategory="P1" />
        <TestCategoryItem TestCategory="AutoBVT" />
        <TestCategoryItem TestCategory="BL7Phase1" />
      </TestCategory>
      <Execution id="117109a7-0eb9-4efb-a187-3cd6499c09cc" />
      <Workitems>
        <Workitem>608226</Workitem>
      </Workitems>
      <Properties>
        <Property>
          <Key>__Internal_AsyncTypeName__</Key>
          <Value>Laminar.Automation.Services.SecurityWebApi.Test.TestMethods.InvitationTest+&lt;SecurityWebApi_GetInvitationBySearchCriteria_UserKey_HappyPath_608226&gt;d__1a0</Value>
        </Property>
      </Properties>
      <TestMethod codeBase="C:/NGVL/SQA/Automation/Main/Laminar.Automation/Laminar.Automation.Services.SecurityWebApi.Test/bin/Debug/Laminar.Automation.Services.SecurityWebApi.Test.DLL" adapterTypeName="Microsoft.VisualStudio.TestTools.TestTypes.Unit.UnitTestAdapter, Microsoft.VisualStudio.QualityTools.Tips.UnitTest.Adapter, Version=12.0.0.0, Culture=neutral, PublicKeyToken=b03f5f7f11d50a3a" className="Laminar.Automation.Services.SecurityWebApi.Test.TestMethods.InvitationTest, Laminar.Automation.Services.SecurityWebApi.Test, Version=1.0.0.0, Culture=neutral, PublicKeyToken=null" name="SecurityWebApi_GetInvitationBySearchCriteria_UserKey_HappyPath_608226" />
    </UnitTest>
    <UnitTest name="SecurityWebApi_CreateCustomerUser_Success_611668" storage="c:\ngvl\sqa\automation\main\laminar.automation\laminar.automation.services.securitywebapi.test\bin\debug\laminar.automation.services.securitywebapi.test.dll" id="cb0f37d3-4060-b7a0-7866-868bc3f77d6c">
      <Description>[API]: POST Users - Verify that Created (201) status code is returned and Customer User is created in userProfile table for new users and Customer roles are assigned</Description>
      <TestCategory>
        <TestCategoryItem TestCategory="SecurityWebApi_Service" />
        <TestCategoryItem TestCategory="P1" />
        <TestCategoryItem TestCategory="AutoBVT" />
      </TestCategory>
      <Execution id="f725c494-eb2b-4a61-80e3-0f88238793fe" />
      <Workitems>
        <Workitem>611668</Workitem>
      </Workitems>
      <Properties>
        <Property>
          <Key>__Internal_AsyncTypeName__</Key>
          <Value>Laminar.Automation.Services.SecurityWebApi.Test.TestMethods.UserEndPointsTest+&lt;SecurityWebApi_CreateCustomerUser_Success_611668&gt;d__50</Value>
        </Property>
      </Properties>
      <TestMethod codeBase="C:/NGVL/SQA/Automation/Main/Laminar.Automation/Laminar.Automation.Services.SecurityWebApi.Test/bin/Debug/Laminar.Automation.Services.SecurityWebApi.Test.DLL" adapterTypeName="Microsoft.VisualStudio.TestTools.TestTypes.Unit.UnitTestAdapter, Microsoft.VisualStudio.QualityTools.Tips.UnitTest.Adapter, Version=12.0.0.0, Culture=neutral, PublicKeyToken=b03f5f7f11d50a3a" className="Laminar.Automation.Services.SecurityWebApi.Test.TestMethods.UserEndPointsTest, Laminar.Automation.Services.SecurityWebApi.Test, Version=1.0.0.0, Culture=neutral, PublicKeyToken=null" name="SecurityWebApi_CreateCustomerUser_Success_611668" />
    </UnitTest>
    <UnitTest name="SecurityWebApi_UsersEndpoint_GetServiceUsers_Returns404When_AccountNumberIsInvalid_607329" storage="c:\ngvl\sqa\automation\main\laminar.automation\laminar.automation.services.securitywebapi.test\bin\debug\laminar.automation.services.securitywebapi.test.dll" id="5e290a5a-41c1-d408-0129-36b4636585c7">
      <Description>[API] GET api/Users/{accountNumber}/ServiceUsers: Endpoint returns 404 if account number is invalid</Description>
      <TestCategory>
        <TestCategoryItem TestCategory="SecurityWebApi_Service" />
        <TestCategoryItem TestCategory="P1" />
        <TestCategoryItem TestCategory="AutoBVT" />
      </TestCategory>
      <Execution id="7856dc36-8356-4c41-bfee-c082b8a810f9" />
      <Workitems>
        <Workitem>607329</Workitem>
      </Workitems>
      <Properties>
        <Property>
          <Key>__Internal_AsyncTypeName__</Key>
          <Value>Laminar.Automation.Services.SecurityWebApi.Test.TestMethods.UserEndPointsTest+&lt;SecurityWebApi_UsersEndpoint_GetServiceUsers_Returns404When_AccountNumberIsInvalid_607329&gt;d__cd</Value>
        </Property>
      </Properties>
      <TestMethod codeBase="C:/NGVL/SQA/Automation/Main/Laminar.Automation/Laminar.Automation.Services.SecurityWebApi.Test/bin/Debug/Laminar.Automation.Services.SecurityWebApi.Test.DLL" adapterTypeName="Microsoft.VisualStudio.TestTools.TestTypes.Unit.UnitTestAdapter, Microsoft.VisualStudio.QualityTools.Tips.UnitTest.Adapter, Version=12.0.0.0, Culture=neutral, PublicKeyToken=b03f5f7f11d50a3a" className="Laminar.Automation.Services.SecurityWebApi.Test.TestMethods.UserEndPointsTest, Laminar.Automation.Services.SecurityWebApi.Test, Version=1.0.0.0, Culture=neutral, PublicKeyToken=null" name="SecurityWebApi_UsersEndpoint_GetServiceUsers_Returns404When_AccountNumberIsInvalid_607329" />
    </UnitTest>
    <UnitTest name="SecurityWebApi_GetInvitationBySearchCriteria_HappyPath_479285" storage="c:\ngvl\sqa\automation\main\laminar.automation\laminar.automation.services.securitywebapi.test\bin\debug\laminar.automation.services.securitywebapi.test.dll" id="e58ebe95-984e-29f7-5ea6-854ae3ce4998">
      <Description>[API]: GET api/Invitation?AccountNumber... by search criteria - Verify 200 response code &amp; returned payload (invitation) when service is called with valid AccountKey and the payload matches expected json structure of Invitation object</Description>
      <TestCategory>
        <TestCategoryItem TestCategory="SecurityWebApi_Service" />
        <TestCategoryItem TestCategory="P1" />
        <TestCategoryItem TestCategory="AutoBVT" />
        <TestCategoryItem TestCategory="BL6Phase1" />
      </TestCategory>
      <Execution id="66558b5f-ce28-4925-826e-b98f8c2b8e17" />
      <Workitems>
        <Workitem>479285</Workitem>
      </Workitems>
      <Properties>
        <Property>
          <Key>__Internal_AsyncTypeName__</Key>
          <Value>Laminar.Automation.Services.SecurityWebApi.Test.TestMethods.InvitationTest+&lt;SecurityWebApi_GetInvitationBySearchCriteria_HappyPath_479285&gt;d__d2</Value>
        </Property>
      </Properties>
      <TestMethod codeBase="C:/NGVL/SQA/Automation/Main/Laminar.Automation/Laminar.Automation.Services.SecurityWebApi.Test/bin/Debug/Laminar.Automation.Services.SecurityWebApi.Test.DLL" adapterTypeName="Microsoft.VisualStudio.TestTools.TestTypes.Unit.UnitTestAdapter, Microsoft.VisualStudio.QualityTools.Tips.UnitTest.Adapter, Version=12.0.0.0, Culture=neutral, PublicKeyToken=b03f5f7f11d50a3a" className="Laminar.Automation.Services.SecurityWebApi.Test.TestMethods.InvitationTest, Laminar.Automation.Services.SecurityWebApi.Test, Version=1.0.0.0, Culture=neutral, PublicKeyToken=null" name="SecurityWebApi_GetInvitationBySearchCriteria_HappyPath_479285" />
    </UnitTest>
    <UnitTest name="SecurityWebApi_PostCloneExistingInvitation_HappyPath_491168" storage="c:\ngvl\sqa\automation\main\laminar.automation\laminar.automation.services.securitywebapi.test\bin\debug\laminar.automation.services.securitywebapi.test.dll" id="6ba32da0-65d0-4439-1db3-06256dd04489">
      <Description>[API]: POST api/Invitation/{InvitationKey}/Clone - Verify the status of the Invitation with the InvitationID that was in the URL is set to renewed if the status was expired</Description>
      <TestCategory>
        <TestCategoryItem TestCategory="SecurityWebApi_Service" />
        <TestCategoryItem TestCategory="P1" />
        <TestCategoryItem TestCategory="AutoBVT" />
        <TestCategoryItem TestCategory="BL6Phase1" />
      </TestCategory>
      <Execution id="849e1e6c-7b06-4a2e-8603-f45ac260f7f8" />
      <Workitems>
        <Workitem>491168</Workitem>
      </Workitems>
      <Properties>
        <Property>
          <Key>__Internal_AsyncTypeName__</Key>
          <Value>Laminar.Automation.Services.SecurityWebApi.Test.TestMethods.InvitationTest+&lt;SecurityWebApi_PostCloneExistingInvitation_HappyPath_491168&gt;d__2a8</Value>
        </Property>
      </Properties>
      <TestMethod codeBase="C:/NGVL/SQA/Automation/Main/Laminar.Automation/Laminar.Automation.Services.SecurityWebApi.Test/bin/Debug/Laminar.Automation.Services.SecurityWebApi.Test.DLL" adapterTypeName="Microsoft.VisualStudio.TestTools.TestTypes.Unit.UnitTestAdapter, Microsoft.VisualStudio.QualityTools.Tips.UnitTest.Adapter, Version=12.0.0.0, Culture=neutral, PublicKeyToken=b03f5f7f11d50a3a" className="Laminar.Automation.Services.SecurityWebApi.Test.TestMethods.InvitationTest, Laminar.Automation.Services.SecurityWebApi.Test, Version=1.0.0.0, Culture=neutral, PublicKeyToken=null" name="SecurityWebApi_PostCloneExistingInvitation_HappyPath_491168" />
    </UnitTest>
    <UnitTest name="SecurityWebApi_PostCloneExistingInvitation_HappyPath_504715" storage="c:\ngvl\sqa\automation\main\laminar.automation\laminar.automation.services.securitywebapi.test\bin\debug\laminar.automation.services.securitywebapi.test.dll" id="f4b7766e-c6b5-9967-e3bc-26bb8472b0b9">
      <Description>[API]: POST api/Invitation/{InvitationKey}/Clone - Verify clone can change contact language</Description>
      <TestCategory>
        <TestCategoryItem TestCategory="SecurityWebApi_Service" />
        <TestCategoryItem TestCategory="P1" />
        <TestCategoryItem TestCategory="AutoBVT" />
        <TestCategoryItem TestCategory="BL6_July" />
      </TestCategory>
      <Execution id="d926fd30-93f3-4320-ba69-38ae58397d7d" />
      <Workitems>
        <Workitem>504715</Workitem>
      </Workitems>
      <Properties>
        <Property>
          <Key>__Internal_AsyncTypeName__</Key>
          <Value>Laminar.Automation.Services.SecurityWebApi.Test.TestMethods.InvitationTest+&lt;SecurityWebApi_PostCloneExistingInvitation_HappyPath_504715&gt;d__362</Value>
        </Property>
      </Properties>
      <TestMethod codeBase="C:/NGVL/SQA/Automation/Main/Laminar.Automation/Laminar.Automation.Services.SecurityWebApi.Test/bin/Debug/Laminar.Automation.Services.SecurityWebApi.Test.DLL" adapterTypeName="Microsoft.VisualStudio.TestTools.TestTypes.Unit.UnitTestAdapter, Microsoft.VisualStudio.QualityTools.Tips.UnitTest.Adapter, Version=12.0.0.0, Culture=neutral, PublicKeyToken=b03f5f7f11d50a3a" className="Laminar.Automation.Services.SecurityWebApi.Test.TestMethods.InvitationTest, Laminar.Automation.Services.SecurityWebApi.Test, Version=1.0.0.0, Culture=neutral, PublicKeyToken=null" name="SecurityWebApi_PostCloneExistingInvitation_HappyPath_504715" />
    </UnitTest>
    <UnitTest name="SecurityWebApi_GetTenantsAsync_IfTenantIdIsNotFound_Returns404_525715" storage="c:\ngvl\sqa\automation\main\laminar.automation\laminar.automation.services.securitywebapi.test\bin\debug\laminar.automation.services.securitywebapi.test.dll" id="c6f79650-5b9e-8c32-fb52-2e9be9e69a14">
      <Description>[API]: GET api/Tenants by Tenant ID - Verify if the tenant ID requested is not found, 404 error is returned.</Description>
      <TestCategory>
        <TestCategoryItem TestCategory="SecurityWebApi_Service" />
        <TestCategoryItem TestCategory="AutoBVT" />
        <TestCategoryItem TestCategory="P2" />
      </TestCategory>
      <Execution id="09d87569-2685-490d-ae50-43eacca1c14c" />
      <Workitems>
        <Workitem>525715</Workitem>
      </Workitems>
      <Properties>
        <Property>
          <Key>__Internal_AsyncTypeName__</Key>
          <Value>Laminar.Automation.Services.SecurityWebApi.Test.TestMethods.TenantEndPointsTest+&lt;SecurityWebApi_GetTenantsAsync_IfTenantIdIsNotFound_Returns404_525715&gt;d__7d</Value>
        </Property>
      </Properties>
      <TestMethod codeBase="C:/NGVL/SQA/Automation/Main/Laminar.Automation/Laminar.Automation.Services.SecurityWebApi.Test/bin/Debug/Laminar.Automation.Services.SecurityWebApi.Test.DLL" adapterTypeName="Microsoft.VisualStudio.TestTools.TestTypes.Unit.UnitTestAdapter, Microsoft.VisualStudio.QualityTools.Tips.UnitTest.Adapter, Version=12.0.0.0, Culture=neutral, PublicKeyToken=b03f5f7f11d50a3a" className="Laminar.Automation.Services.SecurityWebApi.Test.TestMethods.TenantEndPointsTest, Laminar.Automation.Services.SecurityWebApi.Test, Version=1.0.0.0, Culture=neutral, PublicKeyToken=null" name="SecurityWebApi_GetTenantsAsync_IfTenantIdIsNotFound_Returns404_525715" />
    </UnitTest>
    <UnitTest name="SecurityWebApi_PostTenant_InvitationStatusIsPending_CreatesTenant_507813" storage="c:\ngvl\sqa\automation\main\laminar.automation\laminar.automation.services.securitywebapi.test\bin\debug\laminar.automation.services.securitywebapi.test.dll" id="937c0fa8-828e-2670-1692-ea5dba5c4440">
      <Description>[API]: POST Tenant - Verify if the TenantRequest and Invitation are valid and Invitation is in Pending status, the service returns tenant created status.</Description>
      <TestCategory>
        <TestCategoryItem TestCategory="SecurityWebApi_Service" />
        <TestCategoryItem TestCategory="AutoBVT" />
        <TestCategoryItem TestCategory="P2" />
      </TestCategory>
      <Execution id="d9b8264a-d020-41b4-9643-9b27c237f27e" />
      <Workitems>
        <Workitem>507813</Workitem>
      </Workitems>
      <Properties>
        <Property>
          <Key>__Internal_AsyncTypeName__</Key>
          <Value>Laminar.Automation.Services.SecurityWebApi.Test.TestMethods.TenantEndPointsTest+&lt;SecurityWebApi_PostTenant_InvitationStatusIsPending_CreatesTenant_507813&gt;d__d9</Value>
        </Property>
      </Properties>
      <TestMethod codeBase="C:/NGVL/SQA/Automation/Main/Laminar.Automation/Laminar.Automation.Services.SecurityWebApi.Test/bin/Debug/Laminar.Automation.Services.SecurityWebApi.Test.DLL" adapterTypeName="Microsoft.VisualStudio.TestTools.TestTypes.Unit.UnitTestAdapter, Microsoft.VisualStudio.QualityTools.Tips.UnitTest.Adapter, Version=12.0.0.0, Culture=neutral, PublicKeyToken=b03f5f7f11d50a3a" className="Laminar.Automation.Services.SecurityWebApi.Test.TestMethods.TenantEndPointsTest, Laminar.Automation.Services.SecurityWebApi.Test, Version=1.0.0.0, Culture=neutral, PublicKeyToken=null" name="SecurityWebApi_PostTenant_InvitationStatusIsPending_CreatesTenant_507813" />
    </UnitTest>
    <UnitTest name="SecurityWebApi_PostTenantMaps_InvitationStatusIsPending_CreatesTenantMap_518362" storage="c:\ngvl\sqa\automation\main\laminar.automation\laminar.automation.services.securitywebapi.test\bin\debug\laminar.automation.services.securitywebapi.test.dll" id="89eb948f-8217-8673-98c8-ee413d8413e2">
      <Description>[API]: POST TenantMaps - Verify if the invitation is in Pending Status (happy path), the service returns 201</Description>
      <TestCategory>
        <TestCategoryItem TestCategory="SecurityWebApi_Service" />
        <TestCategoryItem TestCategory="P1" />
        <TestCategoryItem TestCategory="AutoBVT" />
      </TestCategory>
      <Execution id="85099b63-58c9-402c-b22a-e1a4dcb04bc2" />
      <Workitems>
        <Workitem>518362</Workitem>
      </Workitems>
      <Properties>
        <Property>
          <Key>__Internal_AsyncTypeName__</Key>
          <Value>Laminar.Automation.Services.SecurityWebApi.Test.TestMethods.TenantMapTest+&lt;SecurityWebApi_PostTenantMaps_InvitationStatusIsPending_CreatesTenantMap_518362&gt;d__9a</Value>
        </Property>
      </Properties>
      <TestMethod codeBase="C:/NGVL/SQA/Automation/Main/Laminar.Automation/Laminar.Automation.Services.SecurityWebApi.Test/bin/Debug/Laminar.Automation.Services.SecurityWebApi.Test.DLL" adapterTypeName="Microsoft.VisualStudio.TestTools.TestTypes.Unit.UnitTestAdapter, Microsoft.VisualStudio.QualityTools.Tips.UnitTest.Adapter, Version=12.0.0.0, Culture=neutral, PublicKeyToken=b03f5f7f11d50a3a" className="Laminar.Automation.Services.SecurityWebApi.Test.TestMethods.TenantMapTest, Laminar.Automation.Services.SecurityWebApi.Test, Version=1.0.0.0, Culture=neutral, PublicKeyToken=null" name="SecurityWebApi_PostTenantMaps_InvitationStatusIsPending_CreatesTenantMap_518362" />
    </UnitTest>
    <UnitTest name="SecurityWebApi_CreateUserWithNoToken_Failed_622573" storage="c:\ngvl\sqa\automation\main\laminar.automation\laminar.automation.services.securitywebapi.test\bin\debug\laminar.automation.services.securitywebapi.test.dll" id="d34fa61a-8135-424f-e169-050ac309e26d">
      <Description>[API]: POST Users - Verify that Unauthorized (401) status code is returned if the caller does not provide the auth token to call the endpoint</Description>
      <TestCategory>
        <TestCategoryItem TestCategory="SecurityWebApi_Service" />
        <TestCategoryItem TestCategory="P1" />
        <TestCategoryItem TestCategory="AutoBVT" />
      </TestCategory>
      <Execution id="9aec8330-531c-4288-8f6a-894cedc1bf3e" />
      <Workitems>
        <Workitem>622573</Workitem>
      </Workitems>
      <Properties>
        <Property>
          <Key>__Internal_AsyncTypeName__</Key>
          <Value>Laminar.Automation.Services.SecurityWebApi.Test.TestMethods.UserEndPointsTest+&lt;SecurityWebApi_CreateUserWithNoToken_Failed_622573&gt;d__b9</Value>
        </Property>
      </Properties>
      <TestMethod codeBase="C:/NGVL/SQA/Automation/Main/Laminar.Automation/Laminar.Automation.Services.SecurityWebApi.Test/bin/Debug/Laminar.Automation.Services.SecurityWebApi.Test.DLL" adapterTypeName="Microsoft.VisualStudio.TestTools.TestTypes.Unit.UnitTestAdapter, Microsoft.VisualStudio.QualityTools.Tips.UnitTest.Adapter, Version=12.0.0.0, Culture=neutral, PublicKeyToken=b03f5f7f11d50a3a" className="Laminar.Automation.Services.SecurityWebApi.Test.TestMethods.UserEndPointsTest, Laminar.Automation.Services.SecurityWebApi.Test, Version=1.0.0.0, Culture=neutral, PublicKeyToken=null" name="SecurityWebApi_CreateUserWithNoToken_Failed_622573" />
    </UnitTest>
    <UnitTest name="SecurityWebApi_GetTenantsAsync_AuthTokenNotProvided_ReturnsUnauthorized_478041" storage="c:\ngvl\sqa\automation\main\laminar.automation\laminar.automation.services.securitywebapi.test\bin\debug\laminar.automation.services.securitywebapi.test.dll" id="1af030be-b625-9858-eba3-d16ff438920c">
      <Description>[API]: GET api/Tenants by domain or PAR - Verify if the request does not contain a valid Authorization token the service returns 401 status code</Description>
      <TestCategory>
        <TestCategoryItem TestCategory="SecurityWebApi_Service" />
        <TestCategoryItem TestCategory="AutoBVT" />
        <TestCategoryItem TestCategory="P2" />
      </TestCategory>
      <Execution id="2b6d9f66-b1ac-49c4-96ff-14bb2793b83a" />
      <Workitems>
        <Workitem>478041</Workitem>
      </Workitems>
      <Properties>
        <Property>
          <Key>__Internal_AsyncTypeName__</Key>
          <Value>Laminar.Automation.Services.SecurityWebApi.Test.TestMethods.TenantEndPointsTest+&lt;SecurityWebApi_GetTenantsAsync_AuthTokenNotProvided_ReturnsUnauthorized_478041&gt;d__63</Value>
        </Property>
      </Properties>
      <TestMethod codeBase="C:/NGVL/SQA/Automation/Main/Laminar.Automation/Laminar.Automation.Services.SecurityWebApi.Test/bin/Debug/Laminar.Automation.Services.SecurityWebApi.Test.DLL" adapterTypeName="Microsoft.VisualStudio.TestTools.TestTypes.Unit.UnitTestAdapter, Microsoft.VisualStudio.QualityTools.Tips.UnitTest.Adapter, Version=12.0.0.0, Culture=neutral, PublicKeyToken=b03f5f7f11d50a3a" className="Laminar.Automation.Services.SecurityWebApi.Test.TestMethods.TenantEndPointsTest, Laminar.Automation.Services.SecurityWebApi.Test, Version=1.0.0.0, Culture=neutral, PublicKeyToken=null" name="SecurityWebApi_GetTenantsAsync_AuthTokenNotProvided_ReturnsUnauthorized_478041" />
    </UnitTest>
    <UnitTest name="SecurityWebApi_GetInvitationByInvitationKey_PartnerNotAgreementApproverOrCreator_499712" storage="c:\ngvl\sqa\automation\main\laminar.automation\laminar.automation.services.securitywebapi.test\bin\debug\laminar.automation.services.securitywebapi.test.dll" id="cd094ab9-31ca-0fb1-3ab0-75e7f68022b8">
      <Description>[API]: GET api/Invitation by invitation key - Partner is not an agreement approver or creator user test</Description>
      <TestCategory>
        <TestCategoryItem TestCategory="SecurityWebApi_Service" />
        <TestCategoryItem TestCategory="P1" />
        <TestCategoryItem TestCategory="AutoBVT" />
        <TestCategoryItem TestCategory="BL6Phase1" />
      </TestCategory>
      <Execution id="69486d54-f037-418e-9347-0b0938d6be48" />
      <Workitems>
        <Workitem>499712</Workitem>
      </Workitems>
      <Properties>
        <Property>
          <Key>__Internal_AsyncTypeName__</Key>
          <Value>Laminar.Automation.Services.SecurityWebApi.Test.TestMethods.InvitationTest+&lt;SecurityWebApi_GetInvitationByInvitationKey_PartnerNotAgreementApproverOrCreator_499712&gt;d__90</Value>
        </Property>
      </Properties>
      <TestMethod codeBase="C:/NGVL/SQA/Automation/Main/Laminar.Automation/Laminar.Automation.Services.SecurityWebApi.Test/bin/Debug/Laminar.Automation.Services.SecurityWebApi.Test.DLL" adapterTypeName="Microsoft.VisualStudio.TestTools.TestTypes.Unit.UnitTestAdapter, Microsoft.VisualStudio.QualityTools.Tips.UnitTest.Adapter, Version=12.0.0.0, Culture=neutral, PublicKeyToken=b03f5f7f11d50a3a" className="Laminar.Automation.Services.SecurityWebApi.Test.TestMethods.InvitationTest, Laminar.Automation.Services.SecurityWebApi.Test, Version=1.0.0.0, Culture=neutral, PublicKeyToken=null" name="SecurityWebApi_GetInvitationByInvitationKey_PartnerNotAgreementApproverOrCreator_499712" />
    </UnitTest>
    <UnitTest name="SecurityWebApi_PostTenantMaps_RequestIsNotAuthenticated_ReturnsUnauthorized_518359" storage="c:\ngvl\sqa\automation\main\laminar.automation\laminar.automation.services.securitywebapi.test\bin\debug\laminar.automation.services.securitywebapi.test.dll" id="ca75b304-1cbd-87fd-6139-2106b4088db8">
      <Description>[API]: POST TenantMaps - Verify if the incoming request is not authenticated, service returns 401</Description>
      <TestCategory>
        <TestCategoryItem TestCategory="SecurityWebApi_Service" />
        <TestCategoryItem TestCategory="P1" />
        <TestCategoryItem TestCategory="AutoBVT" />
      </TestCategory>
      <Execution id="65f4b443-f2a7-4a31-a830-b1635dee4b08" />
      <Workitems>
        <Workitem>518359</Workitem>
      </Workitems>
      <Properties>
        <Property>
          <Key>__Internal_AsyncTypeName__</Key>
          <Value>Laminar.Automation.Services.SecurityWebApi.Test.TestMethods.TenantMapTest+&lt;SecurityWebApi_PostTenantMaps_RequestIsNotAuthenticated_ReturnsUnauthorized_518359&gt;d__92</Value>
        </Property>
      </Properties>
      <TestMethod codeBase="C:/NGVL/SQA/Automation/Main/Laminar.Automation/Laminar.Automation.Services.SecurityWebApi.Test/bin/Debug/Laminar.Automation.Services.SecurityWebApi.Test.DLL" adapterTypeName="Microsoft.VisualStudio.TestTools.TestTypes.Unit.UnitTestAdapter, Microsoft.VisualStudio.QualityTools.Tips.UnitTest.Adapter, Version=12.0.0.0, Culture=neutral, PublicKeyToken=b03f5f7f11d50a3a" className="Laminar.Automation.Services.SecurityWebApi.Test.TestMethods.TenantMapTest, Laminar.Automation.Services.SecurityWebApi.Test, Version=1.0.0.0, Culture=neutral, PublicKeyToken=null" name="SecurityWebApi_PostTenantMaps_RequestIsNotAuthenticated_ReturnsUnauthorized_518359" />
    </UnitTest>
    <UnitTest name="SecurityWebApi_GetInvitationBySearchCriteria_MalformedAuthHeader_491119" storage="c:\ngvl\sqa\automation\main\laminar.automation\laminar.automation.services.securitywebapi.test\bin\debug\laminar.automation.services.securitywebapi.test.dll" id="e992ad8d-2398-5a75-81cd-372925095f59">
      <Description>[API]: GET api/Invitation?AccountNumber... Verify 401 response code for service call when called with malformed authorization header</Description>
      <TestCategory>
        <TestCategoryItem TestCategory="SecurityWebApi_Service" />
        <TestCategoryItem TestCategory="P1" />
        <TestCategoryItem TestCategory="AutoBVT" />
        <TestCategoryItem TestCategory="BL6Phase1" />
      </TestCategory>
      <Execution id="d29b4a56-cd62-44a7-8a0c-50fbcdbbe469" />
      <Workitems>
        <Workitem>491119</Workitem>
      </Workitems>
      <Properties>
        <Property>
          <Key>__Internal_AsyncTypeName__</Key>
          <Value>Laminar.Automation.Services.SecurityWebApi.Test.TestMethods.InvitationTest+&lt;SecurityWebApi_GetInvitationBySearchCriteria_MalformedAuthHeader_491119&gt;d__ef</Value>
        </Property>
      </Properties>
      <TestMethod codeBase="C:/NGVL/SQA/Automation/Main/Laminar.Automation/Laminar.Automation.Services.SecurityWebApi.Test/bin/Debug/Laminar.Automation.Services.SecurityWebApi.Test.DLL" adapterTypeName="Microsoft.VisualStudio.TestTools.TestTypes.Unit.UnitTestAdapter, Microsoft.VisualStudio.QualityTools.Tips.UnitTest.Adapter, Version=12.0.0.0, Culture=neutral, PublicKeyToken=b03f5f7f11d50a3a" className="Laminar.Automation.Services.SecurityWebApi.Test.TestMethods.InvitationTest, Laminar.Automation.Services.SecurityWebApi.Test, Version=1.0.0.0, Culture=neutral, PublicKeyToken=null" name="SecurityWebApi_GetInvitationBySearchCriteria_MalformedAuthHeader_491119" />
    </UnitTest>
    <UnitTest name="GetUsersByAccountAndRolesNotFound_478059" storage="c:\ngvl\sqa\automation\main\laminar.automation\laminar.automation.services.securitywebapi.test\bin\debug\laminar.automation.services.securitywebapi.test.dll" id="7897bdd3-f61a-e3ec-f4a0-388142d9ced4">
      <Description>[API]: GET Users/{account}/Roles/{roles}/ - Verify that 404 status will be returned if no user exists in ITA with the provided roles and account</Description>
      <TestCategory>
        <TestCategoryItem TestCategory="SecurityWebApi_Service" />
        <TestCategoryItem TestCategory="AutoBVT" />
        <TestCategoryItem TestCategory="P2" />
      </TestCategory>
      <Execution id="abcd94cb-5e5e-4e7f-b2c7-89afe61096f3" />
      <Workitems>
        <Workitem>478059</Workitem>
      </Workitems>
      <Properties>
        <Property>
          <Key>__Internal_AsyncTypeName__</Key>
          <Value>Laminar.Automation.Services.SecurityWebApi.Test.TestMethods.UserEndPointsTest+&lt;GetUsersByAccountAndRolesNotFound_478059&gt;d__1f</Value>
        </Property>
      </Properties>
      <TestMethod codeBase="C:/NGVL/SQA/Automation/Main/Laminar.Automation/Laminar.Automation.Services.SecurityWebApi.Test/bin/Debug/Laminar.Automation.Services.SecurityWebApi.Test.DLL" adapterTypeName="Microsoft.VisualStudio.TestTools.TestTypes.Unit.UnitTestAdapter, Microsoft.VisualStudio.QualityTools.Tips.UnitTest.Adapter, Version=12.0.0.0, Culture=neutral, PublicKeyToken=b03f5f7f11d50a3a" className="Laminar.Automation.Services.SecurityWebApi.Test.TestMethods.UserEndPointsTest, Laminar.Automation.Services.SecurityWebApi.Test, Version=1.0.0.0, Culture=neutral, PublicKeyToken=null" name="GetUsersByAccountAndRolesNotFound_478059" />
    </UnitTest>
    <UnitTest name="GetUsersByAccountAndRolesbadRequestNoAccountKeyProvided_478057" storage="c:\ngvl\sqa\automation\main\laminar.automation\laminar.automation.services.securitywebapi.test\bin\debug\laminar.automation.services.securitywebapi.test.dll" id="560568ca-940c-5aea-2da7-e15cc213e989">
      <Description>[API]: GET Users/{account}/Roles/{roles}/ - Verify that BadRequest is returned if no Account Key is provided</Description>
      <TestCategory>
        <TestCategoryItem TestCategory="SecurityWebApi_Service" />
        <TestCategoryItem TestCategory="AutoBVT" />
        <TestCategoryItem TestCategory="P2" />
      </TestCategory>
      <Execution id="d9e9f231-bd4b-412b-968f-d2d2a3872413" />
      <Workitems>
        <Workitem>478057</Workitem>
      </Workitems>
      <Properties>
        <Property>
          <Key>__Internal_AsyncTypeName__</Key>
          <Value>Laminar.Automation.Services.SecurityWebApi.Test.TestMethods.UserEndPointsTest+&lt;GetUsersByAccountAndRolesbadRequestNoAccountKeyProvided_478057&gt;d__7</Value>
        </Property>
      </Properties>
      <TestMethod codeBase="C:/NGVL/SQA/Automation/Main/Laminar.Automation/Laminar.Automation.Services.SecurityWebApi.Test/bin/Debug/Laminar.Automation.Services.SecurityWebApi.Test.DLL" adapterTypeName="Microsoft.VisualStudio.TestTools.TestTypes.Unit.UnitTestAdapter, Microsoft.VisualStudio.QualityTools.Tips.UnitTest.Adapter, Version=12.0.0.0, Culture=neutral, PublicKeyToken=b03f5f7f11d50a3a" className="Laminar.Automation.Services.SecurityWebApi.Test.TestMethods.UserEndPointsTest, Laminar.Automation.Services.SecurityWebApi.Test, Version=1.0.0.0, Culture=neutral, PublicKeyToken=null" name="GetUsersByAccountAndRolesbadRequestNoAccountKeyProvided_478057" />
    </UnitTest>
    <UnitTest name="SecurityWebApi_GetInvitationBySearchCriteria_HappyPath_479275" storage="c:\ngvl\sqa\automation\main\laminar.automation\laminar.automation.services.securitywebapi.test\bin\debug\laminar.automation.services.securitywebapi.test.dll" id="17ace622-d717-008d-a8dc-80c8937511e3">
      <Description>[API]: GET api/Invitation?AccountNumber... by search criteria - Verify that correct invite data is returned for passed in AccountKey(s) with 200 status code if invite row was found</Description>
      <TestCategory>
        <TestCategoryItem TestCategory="SecurityWebApi_Service" />
        <TestCategoryItem TestCategory="P1" />
        <TestCategoryItem TestCategory="AutoBVT" />
        <TestCategoryItem TestCategory="BL6Phase1" />
      </TestCategory>
      <Execution id="7ab4df3a-7ecd-405d-8413-93097eb2c5e4" />
      <Workitems>
        <Workitem>479275</Workitem>
      </Workitems>
      <Properties>
        <Property>
          <Key>__Internal_AsyncTypeName__</Key>
          <Value>Laminar.Automation.Services.SecurityWebApi.Test.TestMethods.InvitationTest+&lt;SecurityWebApi_GetInvitationBySearchCriteria_HappyPath_479275&gt;d__c6</Value>
        </Property>
      </Properties>
      <TestMethod codeBase="C:/NGVL/SQA/Automation/Main/Laminar.Automation/Laminar.Automation.Services.SecurityWebApi.Test/bin/Debug/Laminar.Automation.Services.SecurityWebApi.Test.DLL" adapterTypeName="Microsoft.VisualStudio.TestTools.TestTypes.Unit.UnitTestAdapter, Microsoft.VisualStudio.QualityTools.Tips.UnitTest.Adapter, Version=12.0.0.0, Culture=neutral, PublicKeyToken=b03f5f7f11d50a3a" className="Laminar.Automation.Services.SecurityWebApi.Test.TestMethods.InvitationTest, Laminar.Automation.Services.SecurityWebApi.Test, Version=1.0.0.0, Culture=neutral, PublicKeyToken=null" name="SecurityWebApi_GetInvitationBySearchCriteria_HappyPath_479275" />
    </UnitTest>
    <UnitTest name="SecurityWebApi_GetInvitationBySearchCriteria_LimitAccessToAssociatedInvitations" storage="c:\ngvl\sqa\automation\main\laminar.automation\laminar.automation.services.securitywebapi.test\bin\debug\laminar.automation.services.securitywebapi.test.dll" id="7a09f1be-ed1d-8343-9389-e1b0df2e6a03">
      <Description>[API]: GET api/Invitations?AccountNumbers={}&amp;EmailAddresses={}&amp;StatusKeys={}- Verify that no invitations are returned for users without agreement access; 200 status code should be returned</Description>
      <TestCategory>
        <TestCategoryItem TestCategory="SecurityWebApi_Service" />
        <TestCategoryItem TestCategory="P1" />
        <TestCategoryItem TestCategory="AutoBVT" />
      </TestCategory>
      <Execution id="4e4f7856-55b3-4ab3-ab65-2d3c4e7849b1" />
      <Workitems>
        <Workitem>525855</Workitem>
      </Workitems>
      <Properties>
        <Property>
          <Key>__Internal_AsyncTypeName__</Key>
          <Value>Laminar.Automation.Services.SecurityWebApi.Test.TestMethods.InvitationTest+&lt;SecurityWebApi_GetInvitationBySearchCriteria_LimitAccessToAssociatedInvitations&gt;d__17d</Value>
        </Property>
      </Properties>
      <TestMethod codeBase="C:/NGVL/SQA/Automation/Main/Laminar.Automation/Laminar.Automation.Services.SecurityWebApi.Test/bin/Debug/Laminar.Automation.Services.SecurityWebApi.Test.DLL" adapterTypeName="Microsoft.VisualStudio.TestTools.TestTypes.Unit.UnitTestAdapter, Microsoft.VisualStudio.QualityTools.Tips.UnitTest.Adapter, Version=12.0.0.0, Culture=neutral, PublicKeyToken=b03f5f7f11d50a3a" className="Laminar.Automation.Services.SecurityWebApi.Test.TestMethods.InvitationTest, Laminar.Automation.Services.SecurityWebApi.Test, Version=1.0.0.0, Culture=neutral, PublicKeyToken=null" name="SecurityWebApi_GetInvitationBySearchCriteria_LimitAccessToAssociatedInvitations" />
    </UnitTest>
    <UnitTest name="SecurityWebApi_CreateUnmappedCustomerInvitationsInDB_526541" storage="c:\ngvl\sqa\automation\main\laminar.automation\laminar.automation.services.securitywebapi.test\bin\debug\laminar.automation.services.securitywebapi.test.dll" id="815eb28e-300b-752c-e1c9-427841cc32ca">
      <TestCategory>
        <TestCategoryItem TestCategory="SecurityWebApi_Service" />
        <TestCategoryItem TestCategory="AutoBVT" />
        <TestCategoryItem TestCategory="P2" />
      </TestCategory>
      <Execution id="ca2a8546-3e23-4f33-abdd-9d2acf293e7d" />
      <Workitems>
        <Workitem>526541</Workitem>
      </Workitems>
      <TestMethod codeBase="C:/NGVL/SQA/Automation/Main/Laminar.Automation/Laminar.Automation.Services.SecurityWebApi.Test/bin/Debug/Laminar.Automation.Services.SecurityWebApi.Test.DLL" adapterTypeName="Microsoft.VisualStudio.TestTools.TestTypes.Unit.UnitTestAdapter, Microsoft.VisualStudio.QualityTools.Tips.UnitTest.Adapter, Version=12.0.0.0, Culture=neutral, PublicKeyToken=b03f5f7f11d50a3a" className="Laminar.Automation.Services.SecurityWebApi.Test.TestMethods.InvitationTest, Laminar.Automation.Services.SecurityWebApi.Test, Version=1.0.0.0, Culture=neutral, PublicKeyToken=null" name="SecurityWebApi_CreateUnmappedCustomerInvitationsInDB_526541" />
    </UnitTest>
    <UnitTest name="SecurityWebApi_GetTenantsAsync_DomainNameLengthExceedsMaximum_ReturnsBadRequest_478038" storage="c:\ngvl\sqa\automation\main\laminar.automation\laminar.automation.services.securitywebapi.test\bin\debug\laminar.automation.services.securitywebapi.test.dll" id="9bf96cc6-c2b7-5ae5-0636-21f2a87eb4ed">
      <Description>[API]: GET api/Tenants by domain or PAR - Verify the length of the domain name provided in querystring</Description>
      <TestCategory>
        <TestCategoryItem TestCategory="SecurityWebApi_Service" />
        <TestCategoryItem TestCategory="AutoBVT" />
        <TestCategoryItem TestCategory="P2" />
      </TestCategory>
      <Execution id="cd60ef14-567d-4431-95b8-aa4283994805" />
      <Workitems>
        <Workitem>478038</Workitem>
      </Workitems>
      <Properties>
        <Property>
          <Key>__Internal_AsyncTypeName__</Key>
          <Value>Laminar.Automation.Services.SecurityWebApi.Test.TestMethods.TenantEndPointsTest+&lt;SecurityWebApi_GetTenantsAsync_DomainNameLengthExceedsMaximum_ReturnsBadRequest_478038&gt;d__4b</Value>
        </Property>
      </Properties>
      <TestMethod codeBase="C:/NGVL/SQA/Automation/Main/Laminar.Automation/Laminar.Automation.Services.SecurityWebApi.Test/bin/Debug/Laminar.Automation.Services.SecurityWebApi.Test.DLL" adapterTypeName="Microsoft.VisualStudio.TestTools.TestTypes.Unit.UnitTestAdapter, Microsoft.VisualStudio.QualityTools.Tips.UnitTest.Adapter, Version=12.0.0.0, Culture=neutral, PublicKeyToken=b03f5f7f11d50a3a" className="Laminar.Automation.Services.SecurityWebApi.Test.TestMethods.TenantEndPointsTest, Laminar.Automation.Services.SecurityWebApi.Test, Version=1.0.0.0, Culture=neutral, PublicKeyToken=null" name="SecurityWebApi_GetTenantsAsync_DomainNameLengthExceedsMaximum_ReturnsBadRequest_478038" />
    </UnitTest>
    <UnitTest name="SecurityWebApi_GetTenantMapBySearchCriteria_PartnerAgreementCreatorNoAgreementAccess_499745" storage="c:\ngvl\sqa\automation\main\laminar.automation\laminar.automation.services.securitywebapi.test\bin\debug\laminar.automation.services.securitywebapi.test.dll" id="9272be85-8e2e-e795-53ec-804ada9a7cb7">
      <Description>[API]: GET /api/TenantMaps?PARNumbers... PartnerAgreementCreator with no access to corresponding agreement user test</Description>
      <TestCategory>
        <TestCategoryItem TestCategory="SecurityWebApi_Service" />
        <TestCategoryItem TestCategory="P1" />
        <TestCategoryItem TestCategory="AutoBVT" />
      </TestCategory>
      <Execution id="82c77ca5-7c2a-4a2d-b103-53c6f38e329e" />
      <Workitems>
        <Workitem>499745</Workitem>
      </Workitems>
      <Properties>
        <Property>
          <Key>__Internal_AsyncTypeName__</Key>
          <Value>Laminar.Automation.Services.SecurityWebApi.Test.TestMethods.TenantMapTest+&lt;SecurityWebApi_GetTenantMapBySearchCriteria_PartnerAgreementCreatorNoAgreementAccess_499745&gt;d__78</Value>
        </Property>
      </Properties>
      <TestMethod codeBase="C:/NGVL/SQA/Automation/Main/Laminar.Automation/Laminar.Automation.Services.SecurityWebApi.Test/bin/Debug/Laminar.Automation.Services.SecurityWebApi.Test.DLL" adapterTypeName="Microsoft.VisualStudio.TestTools.TestTypes.Unit.UnitTestAdapter, Microsoft.VisualStudio.QualityTools.Tips.UnitTest.Adapter, Version=12.0.0.0, Culture=neutral, PublicKeyToken=b03f5f7f11d50a3a" className="Laminar.Automation.Services.SecurityWebApi.Test.TestMethods.TenantMapTest, Laminar.Automation.Services.SecurityWebApi.Test, Version=1.0.0.0, Culture=neutral, PublicKeyToken=null" name="SecurityWebApi_GetTenantMapBySearchCriteria_PartnerAgreementCreatorNoAgreementAccess_499745" />
    </UnitTest>
    <UnitTest name="SecurityWebApi_CreateCustomerParentAndDependentInvitations_VerifyAndCleanup_526541" storage="c:\ngvl\sqa\automation\main\laminar.automation\laminar.automation.services.securitywebapi.test\bin\debug\laminar.automation.services.securitywebapi.test.dll" id="502dec02-2f1d-e2a1-608c-f64d731ea7c0">
      <TestCategory>
        <TestCategoryItem TestCategory="SecurityWebApi_Service" />
        <TestCategoryItem TestCategory="AutoBVT" />
        <TestCategoryItem TestCategory="P2" />
      </TestCategory>
      <Execution id="d5a0ae04-aac8-4287-bd46-12d83dc614d0" />
      <Workitems>
        <Workitem>526541</Workitem>
      </Workitems>
      <TestMethod codeBase="C:/NGVL/SQA/Automation/Main/Laminar.Automation/Laminar.Automation.Services.SecurityWebApi.Test/bin/Debug/Laminar.Automation.Services.SecurityWebApi.Test.DLL" adapterTypeName="Microsoft.VisualStudio.TestTools.TestTypes.Unit.UnitTestAdapter, Microsoft.VisualStudio.QualityTools.Tips.UnitTest.Adapter, Version=12.0.0.0, Culture=neutral, PublicKeyToken=b03f5f7f11d50a3a" className="Laminar.Automation.Services.SecurityWebApi.Test.TestMethods.InvitationTest, Laminar.Automation.Services.SecurityWebApi.Test, Version=1.0.0.0, Culture=neutral, PublicKeyToken=null" name="SecurityWebApi_CreateCustomerParentAndDependentInvitations_VerifyAndCleanup_526541" />
    </UnitTest>
    <UnitTest name="SecurityWebApi_GetInvitationByInvitationKey_InviteNotFound_479277" storage="c:\ngvl\sqa\automation\main\laminar.automation\laminar.automation.services.securitywebapi.test\bin\debug\laminar.automation.services.securitywebapi.test.dll" id="3b59d902-a223-c13c-6c24-5a49d98150a2">
      <Description>[API]: GET api/Invitation by invitation key - Verify 404 response code when invite record is not found with InvitationKey provided</Description>
      <TestCategory>
        <TestCategoryItem TestCategory="SecurityWebApi_Service" />
        <TestCategoryItem TestCategory="P1" />
        <TestCategoryItem TestCategory="BL6Phase1" />
        <TestCategoryItem TestCategory="AutoBVT" />
      </TestCategory>
      <Execution id="ab07698c-e6d2-4094-9e60-9fecf893efb8" />
      <Workitems>
        <Workitem>479277</Workitem>
      </Workitems>
      <Properties>
        <Property>
          <Key>__Internal_AsyncTypeName__</Key>
          <Value>Laminar.Automation.Services.SecurityWebApi.Test.TestMethods.InvitationTest+&lt;SecurityWebApi_GetInvitationByInvitationKey_InviteNotFound_479277&gt;d__3a</Value>
        </Property>
      </Properties>
      <TestMethod codeBase="C:/NGVL/SQA/Automation/Main/Laminar.Automation/Laminar.Automation.Services.SecurityWebApi.Test/bin/Debug/Laminar.Automation.Services.SecurityWebApi.Test.DLL" adapterTypeName="Microsoft.VisualStudio.TestTools.TestTypes.Unit.UnitTestAdapter, Microsoft.VisualStudio.QualityTools.Tips.UnitTest.Adapter, Version=12.0.0.0, Culture=neutral, PublicKeyToken=b03f5f7f11d50a3a" className="Laminar.Automation.Services.SecurityWebApi.Test.TestMethods.InvitationTest, Laminar.Automation.Services.SecurityWebApi.Test, Version=1.0.0.0, Culture=neutral, PublicKeyToken=null" name="SecurityWebApi_GetInvitationByInvitationKey_InviteNotFound_479277" />
    </UnitTest>
    <UnitTest name="SecurityWebApi_UpdateInvitation_MalformedContactLanguageKey_504713" storage="c:\ngvl\sqa\automation\main\laminar.automation\laminar.automation.services.securitywebapi.test\bin\debug\laminar.automation.services.securitywebapi.test.dll" id="05d42c91-a163-5dcb-b34a-41cad86ca4b2">
      <Description>[API]: PUT api/Update invitation by invitation key - Verify error returned with malformed contact language key</Description>
      <TestCategory>
        <TestCategoryItem TestCategory="SecurityWebApi_Service" />
        <TestCategoryItem TestCategory="P1" />
        <TestCategoryItem TestCategory="AutoBVT" />
        <TestCategoryItem TestCategory="BL6_July" />
      </TestCategory>
      <Execution id="3c1c7bfe-0a18-45f7-ad08-eda8449e5f1d" />
      <Workitems>
        <Workitem>504713</Workitem>
      </Workitems>
      <Properties>
        <Property>
          <Key>__Internal_AsyncTypeName__</Key>
          <Value>Laminar.Automation.Services.SecurityWebApi.Test.TestMethods.InvitationTest+&lt;SecurityWebApi_UpdateInvitation_MalformedContactLanguageKey_504713&gt;d__269</Value>
        </Property>
      </Properties>
      <TestMethod codeBase="C:/NGVL/SQA/Automation/Main/Laminar.Automation/Laminar.Automation.Services.SecurityWebApi.Test/bin/Debug/Laminar.Automation.Services.SecurityWebApi.Test.DLL" adapterTypeName="Microsoft.VisualStudio.TestTools.TestTypes.Unit.UnitTestAdapter, Microsoft.VisualStudio.QualityTools.Tips.UnitTest.Adapter, Version=12.0.0.0, Culture=neutral, PublicKeyToken=b03f5f7f11d50a3a" className="Laminar.Automation.Services.SecurityWebApi.Test.TestMethods.InvitationTest, Laminar.Automation.Services.SecurityWebApi.Test, Version=1.0.0.0, Culture=neutral, PublicKeyToken=null" name="SecurityWebApi_UpdateInvitation_MalformedContactLanguageKey_504713" />
    </UnitTest>
    <UnitTest name="SecurityWebApi_GetTenantMapBySearchCriteria_NoQueryStringParameters_491075" storage="c:\ngvl\sqa\automation\main\laminar.automation\laminar.automation.services.securitywebapi.test\bin\debug\laminar.automation.services.securitywebapi.test.dll" id="5dae3404-7d11-e83d-d581-499d58e7dc9c">
      <Description>[API]: GET /api/TenantMaps?PARNumbers... by search criteria - Verify 400 response code when service called with no parameters in the querystring</Description>
      <TestCategory>
        <TestCategoryItem TestCategory="SecurityWebApi_Service" />
        <TestCategoryItem TestCategory="P1" />
        <TestCategoryItem TestCategory="AutoBVT" />
      </TestCategory>
      <Execution id="eedb2cb3-e66b-420b-9ebb-101bede42db1" />
      <Workitems>
        <Workitem>491075</Workitem>
      </Workitems>
      <Properties>
        <Property>
          <Key>__Internal_AsyncTypeName__</Key>
          <Value>Laminar.Automation.Services.SecurityWebApi.Test.TestMethods.TenantMapTest+&lt;SecurityWebApi_GetTenantMapBySearchCriteria_NoQueryStringParameters_491075&gt;d__2e</Value>
        </Property>
      </Properties>
      <TestMethod codeBase="C:/NGVL/SQA/Automation/Main/Laminar.Automation/Laminar.Automation.Services.SecurityWebApi.Test/bin/Debug/Laminar.Automation.Services.SecurityWebApi.Test.DLL" adapterTypeName="Microsoft.VisualStudio.TestTools.TestTypes.Unit.UnitTestAdapter, Microsoft.VisualStudio.QualityTools.Tips.UnitTest.Adapter, Version=12.0.0.0, Culture=neutral, PublicKeyToken=b03f5f7f11d50a3a" className="Laminar.Automation.Services.SecurityWebApi.Test.TestMethods.TenantMapTest, Laminar.Automation.Services.SecurityWebApi.Test, Version=1.0.0.0, Culture=neutral, PublicKeyToken=null" name="SecurityWebApi_GetTenantMapBySearchCriteria_NoQueryStringParameters_491075" />
    </UnitTest>
    <UnitTest name="SecurityWebApi_PostCloneExistingInvitation_HappyPath_491162" storage="c:\ngvl\sqa\automation\main\laminar.automation\laminar.automation.services.securitywebapi.test\bin\debug\laminar.automation.services.securitywebapi.test.dll" id="28adf4e6-3cfb-3286-8506-d27ac9ca8701">
      <Description>[API]: POST api/Invitation/{InvitationKey}/Clone - Verify data is properly updated in the database when a valid call is made</Description>
      <TestCategory>
        <TestCategoryItem TestCategory="SecurityWebApi_Service" />
        <TestCategoryItem TestCategory="P1" />
        <TestCategoryItem TestCategory="AutoBVT" />
        <TestCategoryItem TestCategory="BL6Phase1" />
      </TestCategory>
      <Execution id="decef2d3-d996-451a-bb11-eeb1065a1151" />
      <Workitems>
        <Workitem>491162</Workitem>
      </Workitems>
      <Properties>
        <Property>
          <Key>__Internal_AsyncTypeName__</Key>
          <Value>Laminar.Automation.Services.SecurityWebApi.Test.TestMethods.InvitationTest+&lt;SecurityWebApi_PostCloneExistingInvitation_HappyPath_491162&gt;d__294</Value>
        </Property>
      </Properties>
      <TestMethod codeBase="C:/NGVL/SQA/Automation/Main/Laminar.Automation/Laminar.Automation.Services.SecurityWebApi.Test/bin/Debug/Laminar.Automation.Services.SecurityWebApi.Test.DLL" adapterTypeName="Microsoft.VisualStudio.TestTools.TestTypes.Unit.UnitTestAdapter, Microsoft.VisualStudio.QualityTools.Tips.UnitTest.Adapter, Version=12.0.0.0, Culture=neutral, PublicKeyToken=b03f5f7f11d50a3a" className="Laminar.Automation.Services.SecurityWebApi.Test.TestMethods.InvitationTest, Laminar.Automation.Services.SecurityWebApi.Test, Version=1.0.0.0, Culture=neutral, PublicKeyToken=null" name="SecurityWebApi_PostCloneExistingInvitation_HappyPath_491162" />
    </UnitTest>
    <UnitTest name="SecurityWebApi_GetInvitationByInvitationKey_MalformedAuthHeader_479267" storage="c:\ngvl\sqa\automation\main\laminar.automation\laminar.automation.services.securitywebapi.test\bin\debug\laminar.automation.services.securitywebapi.test.dll" id="1390cba3-c69e-8a2f-8565-d5f75675bea9">
      <Description>[API]: GET api/Invitation by invitation key - Verify 401 response code for service call when called with malformed authorization header</Description>
      <TestCategory>
        <TestCategoryItem TestCategory="SecurityWebApi_Service" />
        <TestCategoryItem TestCategory="P1" />
        <TestCategoryItem TestCategory="AutoBVT" />
        <TestCategoryItem TestCategory="BL6Phase1" />
      </TestCategory>
      <Execution id="567bc9b7-ffdc-49cc-a4d2-d6d914b00dc7" />
      <Workitems>
        <Workitem>479267</Workitem>
      </Workitems>
      <Properties>
        <Property>
          <Key>__Internal_AsyncTypeName__</Key>
          <Value>Laminar.Automation.Services.SecurityWebApi.Test.TestMethods.InvitationTest+&lt;SecurityWebApi_GetInvitationByInvitationKey_MalformedAuthHeader_479267&gt;d__42</Value>
        </Property>
      </Properties>
      <TestMethod codeBase="C:/NGVL/SQA/Automation/Main/Laminar.Automation/Laminar.Automation.Services.SecurityWebApi.Test/bin/Debug/Laminar.Automation.Services.SecurityWebApi.Test.DLL" adapterTypeName="Microsoft.VisualStudio.TestTools.TestTypes.Unit.UnitTestAdapter, Microsoft.VisualStudio.QualityTools.Tips.UnitTest.Adapter, Version=12.0.0.0, Culture=neutral, PublicKeyToken=b03f5f7f11d50a3a" className="Laminar.Automation.Services.SecurityWebApi.Test.TestMethods.InvitationTest, Laminar.Automation.Services.SecurityWebApi.Test, Version=1.0.0.0, Culture=neutral, PublicKeyToken=null" name="SecurityWebApi_GetInvitationByInvitationKey_MalformedAuthHeader_479267" />
    </UnitTest>
    <UnitTest name="SecurityWebApi_GetInvitationByInvitationKey_CorrelationIDResponseRequestMatch_479317" storage="c:\ngvl\sqa\automation\main\laminar.automation\laminar.automation.services.securitywebapi.test\bin\debug\laminar.automation.services.securitywebapi.test.dll" id="9b0cc38b-851b-3999-cc5d-0b7d14134380">
      <Description>[API]: GET api/Invitation by invitation key - Verify Correlation ID passed in request header (X-CorrelationId) matches Correlation ID returned in response header (X-CorrelationId)</Description>
      <TestCategory>
        <TestCategoryItem TestCategory="SecurityWebApi_Service" />
        <TestCategoryItem TestCategory="AutoBVT" />
        <TestCategoryItem TestCategory="P2" />
        <TestCategoryItem TestCategory="BL6Phase1" />
      </TestCategory>
      <Execution id="2d79060f-9429-4fc9-97a7-5ab2fb00cb64" />
      <Workitems>
        <Workitem>479317</Workitem>
      </Workitems>
      <Properties>
        <Property>
          <Key>__Internal_AsyncTypeName__</Key>
          <Value>Laminar.Automation.Services.SecurityWebApi.Test.TestMethods.InvitationTest+&lt;SecurityWebApi_GetInvitationByInvitationKey_CorrelationIDResponseRequestMatch_479317&gt;d__66</Value>
        </Property>
      </Properties>
      <TestMethod codeBase="C:/NGVL/SQA/Automation/Main/Laminar.Automation/Laminar.Automation.Services.SecurityWebApi.Test/bin/Debug/Laminar.Automation.Services.SecurityWebApi.Test.DLL" adapterTypeName="Microsoft.VisualStudio.TestTools.TestTypes.Unit.UnitTestAdapter, Microsoft.VisualStudio.QualityTools.Tips.UnitTest.Adapter, Version=12.0.0.0, Culture=neutral, PublicKeyToken=b03f5f7f11d50a3a" className="Laminar.Automation.Services.SecurityWebApi.Test.TestMethods.InvitationTest, Laminar.Automation.Services.SecurityWebApi.Test, Version=1.0.0.0, Culture=neutral, PublicKeyToken=null" name="SecurityWebApi_GetInvitationByInvitationKey_CorrelationIDResponseRequestMatch_479317" />
    </UnitTest>
    <UnitTest name="SecurityWebApi_GetTenantsAsync_DomainNameLengthDoesNotExceedMaximum_ReturnsQueryResult_478038" storage="c:\ngvl\sqa\automation\main\laminar.automation\laminar.automation.services.securitywebapi.test\bin\debug\laminar.automation.services.securitywebapi.test.dll" id="14e53ccb-c734-f7b8-b597-2d4547fe3a59">
      <Description>[API]: GET api/Tenants by domain or PAR - Verify the length of the domain name provided in querystring</Description>
      <TestCategory>
        <TestCategoryItem TestCategory="SecurityWebApi_Service" />
        <TestCategoryItem TestCategory="AutoBVT" />
        <TestCategoryItem TestCategory="P2" />
      </TestCategory>
      <Execution id="38972247-6c70-4a45-9ede-3cec135af6b1" />
      <Workitems>
        <Workitem>478038</Workitem>
      </Workitems>
      <Properties>
        <Property>
          <Key>__Internal_AsyncTypeName__</Key>
          <Value>Laminar.Automation.Services.SecurityWebApi.Test.TestMethods.TenantEndPointsTest+&lt;SecurityWebApi_GetTenantsAsync_DomainNameLengthDoesNotExceedMaximum_ReturnsQueryResult_478038&gt;d__53</Value>
        </Property>
      </Properties>
      <TestMethod codeBase="C:/NGVL/SQA/Automation/Main/Laminar.Automation/Laminar.Automation.Services.SecurityWebApi.Test/bin/Debug/Laminar.Automation.Services.SecurityWebApi.Test.DLL" adapterTypeName="Microsoft.VisualStudio.TestTools.TestTypes.Unit.UnitTestAdapter, Microsoft.VisualStudio.QualityTools.Tips.UnitTest.Adapter, Version=12.0.0.0, Culture=neutral, PublicKeyToken=b03f5f7f11d50a3a" className="Laminar.Automation.Services.SecurityWebApi.Test.TestMethods.TenantEndPointsTest, Laminar.Automation.Services.SecurityWebApi.Test, Version=1.0.0.0, Culture=neutral, PublicKeyToken=null" name="SecurityWebApi_GetTenantsAsync_DomainNameLengthDoesNotExceedMaximum_ReturnsQueryResult_478038" />
    </UnitTest>
    <UnitTest name="SecurityWebApi_GetInvitationBySearchCriteria_ApproverUPN_HappyPath_611684" storage="c:\ngvl\sqa\automation\main\laminar.automation\laminar.automation.services.securitywebapi.test\bin\debug\laminar.automation.services.securitywebapi.test.dll" id="3a188ead-398c-3357-9684-24e647fabeff">
      <Description>[API]: GET api/Invitation?ApproverUPNs... by search criteria - Verify the correct PermissionRequest is returned with HTTP result OK(200)</Description>
      <TestCategory>
        <TestCategoryItem TestCategory="SecurityWebApi_Service" />
        <TestCategoryItem TestCategory="P1" />
        <TestCategoryItem TestCategory="AutoBVT" />
        <TestCategoryItem TestCategory="BL7Phase1" />
      </TestCategory>
      <Execution id="486ab464-498f-4377-9a93-a51be40ca22c" />
      <Workitems>
        <Workitem>611684</Workitem>
      </Workitems>
      <Properties>
        <Property>
          <Key>__Internal_AsyncTypeName__</Key>
          <Value>Laminar.Automation.Services.SecurityWebApi.Test.TestMethods.InvitationTest+&lt;SecurityWebApi_GetInvitationBySearchCriteria_ApproverUPN_HappyPath_611684&gt;d__18a</Value>
        </Property>
      </Properties>
      <TestMethod codeBase="C:/NGVL/SQA/Automation/Main/Laminar.Automation/Laminar.Automation.Services.SecurityWebApi.Test/bin/Debug/Laminar.Automation.Services.SecurityWebApi.Test.DLL" adapterTypeName="Microsoft.VisualStudio.TestTools.TestTypes.Unit.UnitTestAdapter, Microsoft.VisualStudio.QualityTools.Tips.UnitTest.Adapter, Version=12.0.0.0, Culture=neutral, PublicKeyToken=b03f5f7f11d50a3a" className="Laminar.Automation.Services.SecurityWebApi.Test.TestMethods.InvitationTest, Laminar.Automation.Services.SecurityWebApi.Test, Version=1.0.0.0, Culture=neutral, PublicKeyToken=null" name="SecurityWebApi_GetInvitationBySearchCriteria_ApproverUPN_HappyPath_611684" />
    </UnitTest>
    <UnitTest name="SecurityWebApi_UsersEndpoint_GetServiceUsers_Returns401When_UserHasNoAccessToEndpoint_622714" storage="c:\ngvl\sqa\automation\main\laminar.automation\laminar.automation.services.securitywebapi.test\bin\debug\laminar.automation.services.securitywebapi.test.dll" id="9c8afeef-167f-da3f-006d-39f3b2273264">
      <Description>[API] GET api/Users/{accountNumber}/ServiceUsers: Endpoint returns 401 if user has no access to the endpoint</Description>
      <TestCategory>
        <TestCategoryItem TestCategory="SecurityWebApi_Service" />
        <TestCategoryItem TestCategory="P1" />
        <TestCategoryItem TestCategory="AutoBVT" />
      </TestCategory>
      <Execution id="e03da1cb-6707-4a22-a96e-5e16c2647994" />
      <Workitems>
        <Workitem>622714</Workitem>
      </Workitems>
      <Properties>
        <Property>
          <Key>__Internal_AsyncTypeName__</Key>
          <Value>Laminar.Automation.Services.SecurityWebApi.Test.TestMethods.UserEndPointsTest+&lt;SecurityWebApi_UsersEndpoint_GetServiceUsers_Returns401When_UserHasNoAccessToEndpoint_622714&gt;d__dd</Value>
        </Property>
      </Properties>
      <TestMethod codeBase="C:/NGVL/SQA/Automation/Main/Laminar.Automation/Laminar.Automation.Services.SecurityWebApi.Test/bin/Debug/Laminar.Automation.Services.SecurityWebApi.Test.DLL" adapterTypeName="Microsoft.VisualStudio.TestTools.TestTypes.Unit.UnitTestAdapter, Microsoft.VisualStudio.QualityTools.Tips.UnitTest.Adapter, Version=12.0.0.0, Culture=neutral, PublicKeyToken=b03f5f7f11d50a3a" className="Laminar.Automation.Services.SecurityWebApi.Test.TestMethods.UserEndPointsTest, Laminar.Automation.Services.SecurityWebApi.Test, Version=1.0.0.0, Culture=neutral, PublicKeyToken=null" name="SecurityWebApi_UsersEndpoint_GetServiceUsers_Returns401When_UserHasNoAccessToEndpoint_622714" />
    </UnitTest>
    <UnitTest name="SecurityWebApi_GetInvitationBySearchCriteria_RecordNotFoundWithGivenQueryString_479278" storage="c:\ngvl\sqa\automation\main\laminar.automation\laminar.automation.services.securitywebapi.test\bin\debug\laminar.automation.services.securitywebapi.test.dll" id="bf0c81b1-5f35-bf99-e2b4-cce0c9b89249">
      <Description>[API]: GET api/Invitation?AccountNumber... by search criteria - Verify an empty array is returned when invite record is not found with AccountNumber(s) provided</Description>
      <TestCategory>
        <TestCategoryItem TestCategory="SecurityWebApi_Service" />
        <TestCategoryItem TestCategory="P1" />
        <TestCategoryItem TestCategory="AutoBVT" />
        <TestCategoryItem TestCategory="BL6Phase1" />
      </TestCategory>
      <Execution id="3ce9b2e3-d296-42cc-8657-42a0e04b5123" />
      <Workitems>
        <Workitem>479278</Workitem>
      </Workitems>
      <Properties>
        <Property>
          <Key>__Internal_AsyncTypeName__</Key>
          <Value>Laminar.Automation.Services.SecurityWebApi.Test.TestMethods.InvitationTest+&lt;SecurityWebApi_GetInvitationBySearchCriteria_RecordNotFoundWithGivenQueryString_479278&gt;d__e5</Value>
        </Property>
      </Properties>
      <TestMethod codeBase="C:/NGVL/SQA/Automation/Main/Laminar.Automation/Laminar.Automation.Services.SecurityWebApi.Test/bin/Debug/Laminar.Automation.Services.SecurityWebApi.Test.DLL" adapterTypeName="Microsoft.VisualStudio.TestTools.TestTypes.Unit.UnitTestAdapter, Microsoft.VisualStudio.QualityTools.Tips.UnitTest.Adapter, Version=12.0.0.0, Culture=neutral, PublicKeyToken=b03f5f7f11d50a3a" className="Laminar.Automation.Services.SecurityWebApi.Test.TestMethods.InvitationTest, Laminar.Automation.Services.SecurityWebApi.Test, Version=1.0.0.0, Culture=neutral, PublicKeyToken=null" name="SecurityWebApi_GetInvitationBySearchCriteria_RecordNotFoundWithGivenQueryString_479278" />
    </UnitTest>
    <UnitTest name="SecurityWebApi_DeleteTenantMap_NoAuthToken_Fails_625193" storage="c:\ngvl\sqa\automation\main\laminar.automation\laminar.automation.services.securitywebapi.test\bin\debug\laminar.automation.services.securitywebapi.test.dll" id="20a97544-60d2-94fb-3a53-18ddacd80261">
      <Description>[API]: DELETE TenantMap - Verify that Unauthorized (401) status code is returned if authorization token is not provided</Description>
      <TestCategory>
        <TestCategoryItem TestCategory="SecurityWebApi_Service" />
        <TestCategoryItem TestCategory="P1" />
        <TestCategoryItem TestCategory="AutoBVT" />
      </TestCategory>
      <Execution id="66e6b81e-3e83-44b2-a82c-69e9b9e8eb5e" />
      <Workitems>
        <Workitem>625193</Workitem>
      </Workitems>
      <Properties>
        <Property>
          <Key>__Internal_AsyncTypeName__</Key>
          <Value>Laminar.Automation.Services.SecurityWebApi.Test.TestMethods.TenantMapTest+&lt;SecurityWebApi_DeleteTenantMap_NoAuthToken_Fails_625193&gt;d__e4</Value>
        </Property>
      </Properties>
      <TestMethod codeBase="C:/NGVL/SQA/Automation/Main/Laminar.Automation/Laminar.Automation.Services.SecurityWebApi.Test/bin/Debug/Laminar.Automation.Services.SecurityWebApi.Test.DLL" adapterTypeName="Microsoft.VisualStudio.TestTools.TestTypes.Unit.UnitTestAdapter, Microsoft.VisualStudio.QualityTools.Tips.UnitTest.Adapter, Version=12.0.0.0, Culture=neutral, PublicKeyToken=b03f5f7f11d50a3a" className="Laminar.Automation.Services.SecurityWebApi.Test.TestMethods.TenantMapTest, Laminar.Automation.Services.SecurityWebApi.Test, Version=1.0.0.0, Culture=neutral, PublicKeyToken=null" name="SecurityWebApi_DeleteTenantMap_NoAuthToken_Fails_625193" />
    </UnitTest>
    <UnitTest name="SecurityWebApi_GetTenantMapBySearchCriteria_HappyPath_491094" storage="c:\ngvl\sqa\automation\main\laminar.automation\laminar.automation.services.securitywebapi.test\bin\debug\laminar.automation.services.securitywebapi.test.dll" id="7bdd9f75-0cb8-b59c-defa-3b80fda15227">
      <Description>[API]: GET /api/TenantMaps?PARNumbers... by search criteria - Verify the returned object fields match the values from the database tenant map table</Description>
      <TestCategory>
        <TestCategoryItem TestCategory="SecurityWebApi_Service" />
        <TestCategoryItem TestCategory="P1" />
        <TestCategoryItem TestCategory="AutoBVT" />
      </TestCategory>
      <Execution id="450cdf13-ed00-462a-b844-47ae780ed608" />
      <Workitems>
        <Workitem>491094</Workitem>
      </Workitems>
      <Properties>
        <Property>
          <Key>__Internal_AsyncTypeName__</Key>
          <Value>Laminar.Automation.Services.SecurityWebApi.Test.TestMethods.TenantMapTest+&lt;SecurityWebApi_GetTenantMapBySearchCriteria_HappyPath_491094&gt;d__d</Value>
        </Property>
      </Properties>
      <TestMethod codeBase="C:/NGVL/SQA/Automation/Main/Laminar.Automation/Laminar.Automation.Services.SecurityWebApi.Test/bin/Debug/Laminar.Automation.Services.SecurityWebApi.Test.DLL" adapterTypeName="Microsoft.VisualStudio.TestTools.TestTypes.Unit.UnitTestAdapter, Microsoft.VisualStudio.QualityTools.Tips.UnitTest.Adapter, Version=12.0.0.0, Culture=neutral, PublicKeyToken=b03f5f7f11d50a3a" className="Laminar.Automation.Services.SecurityWebApi.Test.TestMethods.TenantMapTest, Laminar.Automation.Services.SecurityWebApi.Test, Version=1.0.0.0, Culture=neutral, PublicKeyToken=null" name="SecurityWebApi_GetTenantMapBySearchCriteria_HappyPath_491094" />
    </UnitTest>
    <UnitTest name="SecurityWebApi_UsersEndpoint_PostServiceUsers_Returns400When_RequestContainsExpiredCertificate_628103" storage="c:\ngvl\sqa\automation\main\laminar.automation\laminar.automation.services.securitywebapi.test\bin\debug\laminar.automation.services.securitywebapi.test.dll" id="d3a0bef8-b851-5122-4a32-a971a67cf886">
      <Description>[API] POST api/Users/{accountNumber}/ServiceUsers: Endpoint returns 400 if the request contains an expired certificate</Description>
      <TestCategory>
        <TestCategoryItem TestCategory="SecurityWebApi_Service" />
        <TestCategoryItem TestCategory="P1" />
        <TestCategoryItem TestCategory="AutoBVT" />
      </TestCategory>
      <Execution id="a80ae0d9-9e0f-4648-9244-491db081793c" />
      <Workitems>
        <Workitem>628103</Workitem>
      </Workitems>
      <Properties>
        <Property>
          <Key>__Internal_AsyncTypeName__</Key>
          <Value>Laminar.Automation.Services.SecurityWebApi.Test.TestMethods.UserEndPointsTest+&lt;SecurityWebApi_UsersEndpoint_PostServiceUsers_Returns400When_RequestContainsExpiredCertificate_628103&gt;d__134</Value>
        </Property>
      </Properties>
      <TestMethod codeBase="C:/NGVL/SQA/Automation/Main/Laminar.Automation/Laminar.Automation.Services.SecurityWebApi.Test/bin/Debug/Laminar.Automation.Services.SecurityWebApi.Test.DLL" adapterTypeName="Microsoft.VisualStudio.TestTools.TestTypes.Unit.UnitTestAdapter, Microsoft.VisualStudio.QualityTools.Tips.UnitTest.Adapter, Version=12.0.0.0, Culture=neutral, PublicKeyToken=b03f5f7f11d50a3a" className="Laminar.Automation.Services.SecurityWebApi.Test.TestMethods.UserEndPointsTest, Laminar.Automation.Services.SecurityWebApi.Test, Version=1.0.0.0, Culture=neutral, PublicKeyToken=null" name="SecurityWebApi_UsersEndpoint_PostServiceUsers_Returns400When_RequestContainsExpiredCertificate_628103" />
    </UnitTest>
    <UnitTest name="SecurityWebApi_DeleteTenantMap_NotProperPayload_Fails_625192" storage="c:\ngvl\sqa\automation\main\laminar.automation\laminar.automation.services.securitywebapi.test\bin\debug\laminar.automation.services.securitywebapi.test.dll" id="92c5ed69-4ad0-5115-004b-67ecf0dddba3">
      <Description>[API]: DELETE TenantMap - Verify that BadRequest (400) status code is returned if TenantId, IdentifierTypeName and IdentifierTypeValue are not provided</Description>
      <TestCategory>
        <TestCategoryItem TestCategory="SecurityWebApi_Service" />
        <TestCategoryItem TestCategory="P1" />
        <TestCategoryItem TestCategory="AutoBVT" />
      </TestCategory>
      <Execution id="d8605427-b1ae-4ab5-a2e3-bb172dff3ac3" />
      <Workitems>
        <Workitem>625192</Workitem>
      </Workitems>
      <Properties>
        <Property>
          <Key>__Internal_AsyncTypeName__</Key>
          <Value>Laminar.Automation.Services.SecurityWebApi.Test.TestMethods.TenantMapTest+&lt;SecurityWebApi_DeleteTenantMap_NotProperPayload_Fails_625192&gt;d__dd</Value>
        </Property>
      </Properties>
      <TestMethod codeBase="C:/NGVL/SQA/Automation/Main/Laminar.Automation/Laminar.Automation.Services.SecurityWebApi.Test/bin/Debug/Laminar.Automation.Services.SecurityWebApi.Test.DLL" adapterTypeName="Microsoft.VisualStudio.TestTools.TestTypes.Unit.UnitTestAdapter, Microsoft.VisualStudio.QualityTools.Tips.UnitTest.Adapter, Version=12.0.0.0, Culture=neutral, PublicKeyToken=b03f5f7f11d50a3a" className="Laminar.Automation.Services.SecurityWebApi.Test.TestMethods.TenantMapTest, Laminar.Automation.Services.SecurityWebApi.Test, Version=1.0.0.0, Culture=neutral, PublicKeyToken=null" name="SecurityWebApi_DeleteTenantMap_NotProperPayload_Fails_625192" />
    </UnitTest>
    <UnitTest name="SecurityWebApi_GetInvitationBySearchCriteria_AgreementNumbers_NoRecordsFound_548078" storage="c:\ngvl\sqa\automation\main\laminar.automation\laminar.automation.services.securitywebapi.test\bin\debug\laminar.automation.services.securitywebapi.test.dll" id="8e0cb993-aa98-2618-2a2f-295393ba9932">
      <Description>[API]: GET api/Invitation?AgreementNumbers... by search criteria - Verify that no data is returned for passed in AgreementNumbers(s) with 200 status code if no invite row was found</Description>
      <TestCategory>
        <TestCategoryItem TestCategory="SecurityWebApi_Service" />
        <TestCategoryItem TestCategory="AutoBVT" />
        <TestCategoryItem TestCategory="P2" />
        <TestCategoryItem TestCategory="BL6Phase2" />
      </TestCategory>
      <Execution id="3a3a1a98-1365-476f-b9af-038ca5c6ac84" />
      <Workitems>
        <Workitem>548078</Workitem>
      </Workitems>
      <Properties>
        <Property>
          <Key>__Internal_AsyncTypeName__</Key>
          <Value>Laminar.Automation.Services.SecurityWebApi.Test.TestMethods.InvitationTest+&lt;SecurityWebApi_GetInvitationBySearchCriteria_AgreementNumbers_NoRecordsFound_548078&gt;d__b2</Value>
        </Property>
      </Properties>
      <TestMethod codeBase="C:/NGVL/SQA/Automation/Main/Laminar.Automation/Laminar.Automation.Services.SecurityWebApi.Test/bin/Debug/Laminar.Automation.Services.SecurityWebApi.Test.DLL" adapterTypeName="Microsoft.VisualStudio.TestTools.TestTypes.Unit.UnitTestAdapter, Microsoft.VisualStudio.QualityTools.Tips.UnitTest.Adapter, Version=12.0.0.0, Culture=neutral, PublicKeyToken=b03f5f7f11d50a3a" className="Laminar.Automation.Services.SecurityWebApi.Test.TestMethods.InvitationTest, Laminar.Automation.Services.SecurityWebApi.Test, Version=1.0.0.0, Culture=neutral, PublicKeyToken=null" name="SecurityWebApi_GetInvitationBySearchCriteria_AgreementNumbers_NoRecordsFound_548078" />
    </UnitTest>
    <UnitTest name="SecurityWebApi_UsersEndpoint_PostServiceUsers_Returns404When_AccountNumberDoesNotExists_607337" storage="c:\ngvl\sqa\automation\main\laminar.automation\laminar.automation.services.securitywebapi.test\bin\debug\laminar.automation.services.securitywebapi.test.dll" id="1597e452-a800-586e-0482-8b11643b5dc8">
      <Description>[API] POST api/Users/{accountNumber}/ServiceUsers: Endpoint returns 404 if account number does not exist</Description>
      <TestCategory>
        <TestCategoryItem TestCategory="SecurityWebApi_Service" />
        <TestCategoryItem TestCategory="P1" />
        <TestCategoryItem TestCategory="AutoBVT" />
      </TestCategory>
      <Execution id="59cd1514-5755-4a41-b2f1-9d95cb9b9974" />
      <Workitems>
        <Workitem>607337</Workitem>
      </Workitems>
      <Properties>
        <Property>
          <Key>__Internal_AsyncTypeName__</Key>
          <Value>Laminar.Automation.Services.SecurityWebApi.Test.TestMethods.UserEndPointsTest+&lt;SecurityWebApi_UsersEndpoint_PostServiceUsers_Returns404When_AccountNumberDoesNotExists_607337&gt;d__fd</Value>
        </Property>
      </Properties>
      <TestMethod codeBase="C:/NGVL/SQA/Automation/Main/Laminar.Automation/Laminar.Automation.Services.SecurityWebApi.Test/bin/Debug/Laminar.Automation.Services.SecurityWebApi.Test.DLL" adapterTypeName="Microsoft.VisualStudio.TestTools.TestTypes.Unit.UnitTestAdapter, Microsoft.VisualStudio.QualityTools.Tips.UnitTest.Adapter, Version=12.0.0.0, Culture=neutral, PublicKeyToken=b03f5f7f11d50a3a" className="Laminar.Automation.Services.SecurityWebApi.Test.TestMethods.UserEndPointsTest, Laminar.Automation.Services.SecurityWebApi.Test, Version=1.0.0.0, Culture=neutral, PublicKeyToken=null" name="SecurityWebApi_UsersEndpoint_PostServiceUsers_Returns404When_AccountNumberDoesNotExists_607337" />
    </UnitTest>
    <UnitTest name="SecurityWebApi_DeleteTenantMap_NewTenantIdNotExists_Fails_625196" storage="c:\ngvl\sqa\automation\main\laminar.automation\laminar.automation.services.securitywebapi.test\bin\debug\laminar.automation.services.securitywebapi.test.dll" id="e95a6bca-741f-991a-2e9a-2178f2498031">
      <Description>[API]: DELETE TenantMap - Verify that BadRequest (404) status code is returned if TenantMap requested to be deleted does not exists in the database</Description>
      <TestCategory>
        <TestCategoryItem TestCategory="SecurityWebApi_Service" />
        <TestCategoryItem TestCategory="P1" />
        <TestCategoryItem TestCategory="AutoBVT" />
      </TestCategory>
      <Execution id="b285e5f2-2faf-4733-a284-d5eac41b55b2" />
      <Workitems>
        <Workitem>625196</Workitem>
      </Workitems>
      <Properties>
        <Property>
          <Key>__Internal_AsyncTypeName__</Key>
          <Value>Laminar.Automation.Services.SecurityWebApi.Test.TestMethods.TenantMapTest+&lt;SecurityWebApi_DeleteTenantMap_NewTenantIdNotExists_Fails_625196&gt;d__f2</Value>
        </Property>
      </Properties>
      <TestMethod codeBase="C:/NGVL/SQA/Automation/Main/Laminar.Automation/Laminar.Automation.Services.SecurityWebApi.Test/bin/Debug/Laminar.Automation.Services.SecurityWebApi.Test.DLL" adapterTypeName="Microsoft.VisualStudio.TestTools.TestTypes.Unit.UnitTestAdapter, Microsoft.VisualStudio.QualityTools.Tips.UnitTest.Adapter, Version=12.0.0.0, Culture=neutral, PublicKeyToken=b03f5f7f11d50a3a" className="Laminar.Automation.Services.SecurityWebApi.Test.TestMethods.TenantMapTest, Laminar.Automation.Services.SecurityWebApi.Test, Version=1.0.0.0, Culture=neutral, PublicKeyToken=null" name="SecurityWebApi_DeleteTenantMap_NewTenantIdNotExists_Fails_625196" />
    </UnitTest>
    <UnitTest name="SecurityWebApi_UpdateInvitation_TimingLogs_491097" storage="c:\ngvl\sqa\automation\main\laminar.automation\laminar.automation.services.securitywebapi.test\bin\debug\laminar.automation.services.securitywebapi.test.dll" id="54ced34f-b19f-4ccc-bbe2-9fd77bfb7f0e">
      <Description>[API]: PUT api/Update invitation by invitation key - Verify that timing information is being logged</Description>
      <TestCategory>
        <TestCategoryItem TestCategory="SecurityWebApi_Service" />
        <TestCategoryItem TestCategory="AutoBVT" />
        <TestCategoryItem TestCategory="P2" />
        <TestCategoryItem TestCategory="BL6Phase1" />
      </TestCategory>
      <Execution id="aa54b26d-3392-49ed-9d2f-b7a1d9fd5df6" />
      <Workitems>
        <Workitem>491097</Workitem>
      </Workitems>
      <Properties>
        <Property>
          <Key>__Internal_AsyncTypeName__</Key>
          <Value>Laminar.Automation.Services.SecurityWebApi.Test.TestMethods.InvitationTest+&lt;SecurityWebApi_UpdateInvitation_TimingLogs_491097&gt;d__1f2</Value>
        </Property>
      </Properties>
      <TestMethod codeBase="C:/NGVL/SQA/Automation/Main/Laminar.Automation/Laminar.Automation.Services.SecurityWebApi.Test/bin/Debug/Laminar.Automation.Services.SecurityWebApi.Test.DLL" adapterTypeName="Microsoft.VisualStudio.TestTools.TestTypes.Unit.UnitTestAdapter, Microsoft.VisualStudio.QualityTools.Tips.UnitTest.Adapter, Version=12.0.0.0, Culture=neutral, PublicKeyToken=b03f5f7f11d50a3a" className="Laminar.Automation.Services.SecurityWebApi.Test.TestMethods.InvitationTest, Laminar.Automation.Services.SecurityWebApi.Test, Version=1.0.0.0, Culture=neutral, PublicKeyToken=null" name="SecurityWebApi_UpdateInvitation_TimingLogs_491097" />
    </UnitTest>
    <UnitTest name="SecurityWebApi_GetInvitationBySearchCriteria_NoAuthHeader_491121" storage="c:\ngvl\sqa\automation\main\laminar.automation\laminar.automation.services.securitywebapi.test\bin\debug\laminar.automation.services.securitywebapi.test.dll" id="fc64c183-b23d-ad29-022b-99ac3e7aaf81">
      <Description>[API]: GET api/Invitation?AccountNumber... Verify 401 response code for service call when called without an authorization header</Description>
      <TestCategory>
        <TestCategoryItem TestCategory="SecurityWebApi_Service" />
        <TestCategoryItem TestCategory="P1" />
        <TestCategoryItem TestCategory="AutoBVT" />
        <TestCategoryItem TestCategory="BL6Phase1" />
      </TestCategory>
      <Execution id="38afeec4-cb9a-4b65-b24a-d9fa68a6ffe1" />
      <Workitems>
        <Workitem>491121</Workitem>
      </Workitems>
      <Properties>
        <Property>
          <Key>__Internal_AsyncTypeName__</Key>
          <Value>Laminar.Automation.Services.SecurityWebApi.Test.TestMethods.InvitationTest+&lt;SecurityWebApi_GetInvitationBySearchCriteria_NoAuthHeader_491121&gt;d__f7</Value>
        </Property>
      </Properties>
      <TestMethod codeBase="C:/NGVL/SQA/Automation/Main/Laminar.Automation/Laminar.Automation.Services.SecurityWebApi.Test/bin/Debug/Laminar.Automation.Services.SecurityWebApi.Test.DLL" adapterTypeName="Microsoft.VisualStudio.TestTools.TestTypes.Unit.UnitTestAdapter, Microsoft.VisualStudio.QualityTools.Tips.UnitTest.Adapter, Version=12.0.0.0, Culture=neutral, PublicKeyToken=b03f5f7f11d50a3a" className="Laminar.Automation.Services.SecurityWebApi.Test.TestMethods.InvitationTest, Laminar.Automation.Services.SecurityWebApi.Test, Version=1.0.0.0, Culture=neutral, PublicKeyToken=null" name="SecurityWebApi_GetInvitationBySearchCriteria_NoAuthHeader_491121" />
    </UnitTest>
    <UnitTest name="SecurityWebApi_UsersEndpoint_GetServiceUsers_Returns404When_AccountHasNoServiceUsers_607333" storage="c:\ngvl\sqa\automation\main\laminar.automation\laminar.automation.services.securitywebapi.test\bin\debug\laminar.automation.services.securitywebapi.test.dll" id="39cf40e3-35e0-609f-475e-ff3302fa70ca">
      <Description>[API] GET api/Users/{accountNumber}/ServiceUsers: Endpoint returns 404 if account has no service users</Description>
      <TestCategory>
        <TestCategoryItem TestCategory="SecurityWebApi_Service" />
        <TestCategoryItem TestCategory="P1" />
        <TestCategoryItem TestCategory="AutoBVT" />
      </TestCategory>
      <Execution id="faf42d3b-f4de-4f89-ba27-8378015ddbb7" />
      <Workitems>
        <Workitem>607333</Workitem>
      </Workitems>
      <Properties>
        <Property>
          <Key>__Internal_AsyncTypeName__</Key>
          <Value>Laminar.Automation.Services.SecurityWebApi.Test.TestMethods.UserEndPointsTest+&lt;SecurityWebApi_UsersEndpoint_GetServiceUsers_Returns404When_AccountHasNoServiceUsers_607333&gt;d__d5</Value>
        </Property>
      </Properties>
      <TestMethod codeBase="C:/NGVL/SQA/Automation/Main/Laminar.Automation/Laminar.Automation.Services.SecurityWebApi.Test/bin/Debug/Laminar.Automation.Services.SecurityWebApi.Test.DLL" adapterTypeName="Microsoft.VisualStudio.TestTools.TestTypes.Unit.UnitTestAdapter, Microsoft.VisualStudio.QualityTools.Tips.UnitTest.Adapter, Version=12.0.0.0, Culture=neutral, PublicKeyToken=b03f5f7f11d50a3a" className="Laminar.Automation.Services.SecurityWebApi.Test.TestMethods.UserEndPointsTest, Laminar.Automation.Services.SecurityWebApi.Test, Version=1.0.0.0, Culture=neutral, PublicKeyToken=null" name="SecurityWebApi_UsersEndpoint_GetServiceUsers_Returns404When_AccountHasNoServiceUsers_607333" />
    </UnitTest>
    <UnitTest name="SecurityWebApi_UsersEndpoint_PostServiceUsers_Returns_objectID_607335" storage="c:\ngvl\sqa\automation\main\laminar.automation\laminar.automation.services.securitywebapi.test\bin\debug\laminar.automation.services.securitywebapi.test.dll" id="5aea8839-14d7-5f34-03f3-2a0896d7994c">
      <Description>[API] POST api/Users/{accountNumber}/ServiceUsers: Endpoint returns object ID of new service principal</Description>
      <TestCategory>
        <TestCategoryItem TestCategory="SecurityWebApi_Service" />
        <TestCategoryItem TestCategory="P1" />
        <TestCategoryItem TestCategory="AutoBVT" />
      </TestCategory>
      <Execution id="46f2c6e2-7a6e-4b2d-9ccb-f6dc0af54e14" />
      <Workitems>
        <Workitem>607335</Workitem>
      </Workitems>
      <Properties>
        <Property>
          <Key>__Internal_AsyncTypeName__</Key>
          <Value>Laminar.Automation.Services.SecurityWebApi.Test.TestMethods.UserEndPointsTest+&lt;SecurityWebApi_UsersEndpoint_PostServiceUsers_Returns_objectID_607335&gt;d__f0</Value>
        </Property>
      </Properties>
      <TestMethod codeBase="C:/NGVL/SQA/Automation/Main/Laminar.Automation/Laminar.Automation.Services.SecurityWebApi.Test/bin/Debug/Laminar.Automation.Services.SecurityWebApi.Test.DLL" adapterTypeName="Microsoft.VisualStudio.TestTools.TestTypes.Unit.UnitTestAdapter, Microsoft.VisualStudio.QualityTools.Tips.UnitTest.Adapter, Version=12.0.0.0, Culture=neutral, PublicKeyToken=b03f5f7f11d50a3a" className="Laminar.Automation.Services.SecurityWebApi.Test.TestMethods.UserEndPointsTest, Laminar.Automation.Services.SecurityWebApi.Test, Version=1.0.0.0, Culture=neutral, PublicKeyToken=null" name="SecurityWebApi_UsersEndpoint_PostServiceUsers_Returns_objectID_607335" />
    </UnitTest>
    <UnitTest name="SecurityWebApi_UsersEndpoint_GetServiceUsers_Returns404When_UserHasNoAccessToAccount_622715" storage="c:\ngvl\sqa\automation\main\laminar.automation\laminar.automation.services.securitywebapi.test\bin\debug\laminar.automation.services.securitywebapi.test.dll" id="739d54ce-014d-5f85-9e78-a55d27586755">
      <Description>[API] GET api/Users/{accountNumber}/ServiceUsers: Endpoint returns 404 if the user does not have access to the account</Description>
      <TestCategory>
        <TestCategoryItem TestCategory="SecurityWebApi_Service" />
        <TestCategoryItem TestCategory="P1" />
        <TestCategoryItem TestCategory="AutoBVT" />
      </TestCategory>
      <Execution id="a3799d62-16ad-4d97-8db8-a11ea23e34bf" />
      <Workitems>
        <Workitem>622715</Workitem>
      </Workitems>
      <Properties>
        <Property>
          <Key>__Internal_AsyncTypeName__</Key>
          <Value>Laminar.Automation.Services.SecurityWebApi.Test.TestMethods.UserEndPointsTest+&lt;SecurityWebApi_UsersEndpoint_GetServiceUsers_Returns404When_UserHasNoAccessToAccount_622715&gt;d__e5</Value>
        </Property>
      </Properties>
      <TestMethod codeBase="C:/NGVL/SQA/Automation/Main/Laminar.Automation/Laminar.Automation.Services.SecurityWebApi.Test/bin/Debug/Laminar.Automation.Services.SecurityWebApi.Test.DLL" adapterTypeName="Microsoft.VisualStudio.TestTools.TestTypes.Unit.UnitTestAdapter, Microsoft.VisualStudio.QualityTools.Tips.UnitTest.Adapter, Version=12.0.0.0, Culture=neutral, PublicKeyToken=b03f5f7f11d50a3a" className="Laminar.Automation.Services.SecurityWebApi.Test.TestMethods.UserEndPointsTest, Laminar.Automation.Services.SecurityWebApi.Test, Version=1.0.0.0, Culture=neutral, PublicKeyToken=null" name="SecurityWebApi_UsersEndpoint_GetServiceUsers_Returns404When_UserHasNoAccessToAccount_622715" />
    </UnitTest>
    <UnitTest name="SecurityWebApi_PostTenant_WithInviteKeyInPendingStatus_CreatesTenant_507813" storage="c:\ngvl\sqa\automation\main\laminar.automation\laminar.automation.services.securitywebapi.test\bin\debug\laminar.automation.services.securitywebapi.test.dll" id="44673783-2f1b-bec9-a985-868a2abd4536">
      <Description>[API]: POST Tenant - Verify if the TenantRequest and Invitation are valid and Invitation is in Pending status, the service returns tenant created status.</Description>
      <TestCategory>
        <TestCategoryItem TestCategory="SecurityWebApi_Service" />
        <TestCategoryItem TestCategory="AutoBVT" />
        <TestCategoryItem TestCategory="P2" />
      </TestCategory>
      <Execution id="eb1d43a8-b86d-48db-8bfb-cf8ba5171c2f" />
      <Workitems>
        <Workitem>507813</Workitem>
      </Workitems>
      <Properties>
        <Property>
          <Key>__Internal_AsyncTypeName__</Key>
          <Value>Laminar.Automation.Services.SecurityWebApi.Test.TestMethods.TenantEndPointsTest+&lt;SecurityWebApi_PostTenant_WithInviteKeyInPendingStatus_CreatesTenant_507813&gt;d__f2</Value>
        </Property>
      </Properties>
      <TestMethod codeBase="C:/NGVL/SQA/Automation/Main/Laminar.Automation/Laminar.Automation.Services.SecurityWebApi.Test/bin/Debug/Laminar.Automation.Services.SecurityWebApi.Test.DLL" adapterTypeName="Microsoft.VisualStudio.TestTools.TestTypes.Unit.UnitTestAdapter, Microsoft.VisualStudio.QualityTools.Tips.UnitTest.Adapter, Version=12.0.0.0, Culture=neutral, PublicKeyToken=b03f5f7f11d50a3a" className="Laminar.Automation.Services.SecurityWebApi.Test.TestMethods.TenantEndPointsTest, Laminar.Automation.Services.SecurityWebApi.Test, Version=1.0.0.0, Culture=neutral, PublicKeyToken=null" name="SecurityWebApi_PostTenant_WithInviteKeyInPendingStatus_CreatesTenant_507813" />
    </UnitTest>
    <UnitTest name="SecurityWebApi_GetInvitationByInvitationKey_HappyPath_479284" storage="c:\ngvl\sqa\automation\main\laminar.automation\laminar.automation.services.securitywebapi.test\bin\debug\laminar.automation.services.securitywebapi.test.dll" id="1ae0525e-545d-bbd2-e444-313f0be22a98">
      <Description>[API]: GET api/Invitation by invitation key - Verify 200 response code &amp; returned payload (invitation) when service is called with valid InvitationKey and that the payload matches expected json structure of Invitation object</Description>
      <TestCategory>
        <TestCategoryItem TestCategory="SecurityWebApi_Service" />
        <TestCategoryItem TestCategory="P1" />
        <TestCategoryItem TestCategory="AutoBVT" />
        <TestCategoryItem TestCategory="BL6Phase1" />
      </TestCategory>
      <Execution id="c2315ff9-1ebc-4bc8-ba03-3db8d5f67a8b" />
      <Workitems>
        <Workitem>479284</Workitem>
      </Workitems>
      <Properties>
        <Property>
          <Key>__Internal_AsyncTypeName__</Key>
          <Value>Laminar.Automation.Services.SecurityWebApi.Test.TestMethods.InvitationTest+&lt;SecurityWebApi_GetInvitationByInvitationKey_HappyPath_479284&gt;d__13</Value>
        </Property>
      </Properties>
      <TestMethod codeBase="C:/NGVL/SQA/Automation/Main/Laminar.Automation/Laminar.Automation.Services.SecurityWebApi.Test/bin/Debug/Laminar.Automation.Services.SecurityWebApi.Test.DLL" adapterTypeName="Microsoft.VisualStudio.TestTools.TestTypes.Unit.UnitTestAdapter, Microsoft.VisualStudio.QualityTools.Tips.UnitTest.Adapter, Version=12.0.0.0, Culture=neutral, PublicKeyToken=b03f5f7f11d50a3a" className="Laminar.Automation.Services.SecurityWebApi.Test.TestMethods.InvitationTest, Laminar.Automation.Services.SecurityWebApi.Test, Version=1.0.0.0, Culture=neutral, PublicKeyToken=null" name="SecurityWebApi_GetInvitationByInvitationKey_HappyPath_479284" />
    </UnitTest>
    <UnitTest name="SecurityWebApi_GetTenantsAsync_ParAndDomainNameAreProvided_ApiIgnoresParAndUsesDomainNameForSearch_478037" storage="c:\ngvl\sqa\automation\main\laminar.automation\laminar.automation.services.securitywebapi.test\bin\debug\laminar.automation.services.securitywebapi.test.dll" id="3b0f0683-d8d9-1ae7-6ae5-6dc93369ef0a">
      <Description>[API]: GET api/Tenants by domain or PAR - Verify if both PAR and Domain query string is provided, the API uses the DomainName to return the data</Description>
      <TestCategory>
        <TestCategoryItem TestCategory="SecurityWebApi_Service" />
        <TestCategoryItem TestCategory="AutoBVT" />
        <TestCategoryItem TestCategory="P2" />
      </TestCategory>
      <Execution id="3f0a11ac-2043-4325-a23d-0a7cbae7cb60" />
      <Workitems>
        <Workitem>478037</Workitem>
      </Workitems>
      <Properties>
        <Property>
          <Key>__Internal_AsyncTypeName__</Key>
          <Value>Laminar.Automation.Services.SecurityWebApi.Test.TestMethods.TenantEndPointsTest+&lt;SecurityWebApi_GetTenantsAsync_ParAndDomainNameAreProvided_ApiIgnoresParAndUsesDomainNameForSearch_478037&gt;d__3f</Value>
        </Property>
      </Properties>
      <TestMethod codeBase="C:/NGVL/SQA/Automation/Main/Laminar.Automation/Laminar.Automation.Services.SecurityWebApi.Test/bin/Debug/Laminar.Automation.Services.SecurityWebApi.Test.DLL" adapterTypeName="Microsoft.VisualStudio.TestTools.TestTypes.Unit.UnitTestAdapter, Microsoft.VisualStudio.QualityTools.Tips.UnitTest.Adapter, Version=12.0.0.0, Culture=neutral, PublicKeyToken=b03f5f7f11d50a3a" className="Laminar.Automation.Services.SecurityWebApi.Test.TestMethods.TenantEndPointsTest, Laminar.Automation.Services.SecurityWebApi.Test, Version=1.0.0.0, Culture=neutral, PublicKeyToken=null" name="SecurityWebApi_GetTenantsAsync_ParAndDomainNameAreProvided_ApiIgnoresParAndUsesDomainNameForSearch_478037" />
    </UnitTest>
    <UnitTest name="SecurityWebApi_CreateUserNoUserAdminRole_Fail_611671" storage="c:\ngvl\sqa\automation\main\laminar.automation\laminar.automation.services.securitywebapi.test\bin\debug\laminar.automation.services.securitywebapi.test.dll" id="5e3797bb-8d38-0ae1-9135-d5890bb37f0a">
      <Description>[API]: POST Users - Verify that Unauthorized (401) status code is returned if the caller does not have the proper permissions to call the endpoint</Description>
      <TestCategory>
        <TestCategoryItem TestCategory="SecurityWebApi_Service" />
        <TestCategoryItem TestCategory="P1" />
        <TestCategoryItem TestCategory="AutoBVT" />
      </TestCategory>
      <Execution id="28c222ff-442c-42ac-95fb-83e63d1ea6ed" />
      <Workitems>
        <Workitem>611671</Workitem>
      </Workitems>
      <Properties>
        <Property>
          <Key>__Internal_AsyncTypeName__</Key>
          <Value>Laminar.Automation.Services.SecurityWebApi.Test.TestMethods.UserEndPointsTest+&lt;SecurityWebApi_CreateUserNoUserAdminRole_Fail_611671&gt;d__b2</Value>
        </Property>
      </Properties>
      <TestMethod codeBase="C:/NGVL/SQA/Automation/Main/Laminar.Automation/Laminar.Automation.Services.SecurityWebApi.Test/bin/Debug/Laminar.Automation.Services.SecurityWebApi.Test.DLL" adapterTypeName="Microsoft.VisualStudio.TestTools.TestTypes.Unit.UnitTestAdapter, Microsoft.VisualStudio.QualityTools.Tips.UnitTest.Adapter, Version=12.0.0.0, Culture=neutral, PublicKeyToken=b03f5f7f11d50a3a" className="Laminar.Automation.Services.SecurityWebApi.Test.TestMethods.UserEndPointsTest, Laminar.Automation.Services.SecurityWebApi.Test, Version=1.0.0.0, Culture=neutral, PublicKeyToken=null" name="SecurityWebApi_CreateUserNoUserAdminRole_Fail_611671" />
    </UnitTest>
    <UnitTest name="SecurityWebApi_PostTenantMaps_InvitationStatusIsnExpired_ReturnsInternalServerError_518365" storage="c:\ngvl\sqa\automation\main\laminar.automation\laminar.automation.services.securitywebapi.test\bin\debug\laminar.automation.services.securitywebapi.test.dll" id="cae1a17d-3fff-d497-8501-dfd912cca825">
      <Description>[API]: POST TenantMaps - Verify if the invitation status is Expired, the service returns 500 &amp; Error Code 306.</Description>
      <TestCategory>
        <TestCategoryItem TestCategory="SecurityWebApi_Service" />
        <TestCategoryItem TestCategory="P1" />
        <TestCategoryItem TestCategory="AutoBVT" />
      </TestCategory>
      <Execution id="fc36a49d-6f57-4510-b5cd-97a7481a60e0" />
      <Workitems>
        <Workitem>518365</Workitem>
      </Workitems>
      <Properties>
        <Property>
          <Key>__Internal_AsyncTypeName__</Key>
          <Value>Laminar.Automation.Services.SecurityWebApi.Test.TestMethods.TenantMapTest+&lt;SecurityWebApi_PostTenantMaps_InvitationStatusIsnExpired_ReturnsInternalServerError_518365&gt;d__b8</Value>
        </Property>
      </Properties>
      <TestMethod codeBase="C:/NGVL/SQA/Automation/Main/Laminar.Automation/Laminar.Automation.Services.SecurityWebApi.Test/bin/Debug/Laminar.Automation.Services.SecurityWebApi.Test.DLL" adapterTypeName="Microsoft.VisualStudio.TestTools.TestTypes.Unit.UnitTestAdapter, Microsoft.VisualStudio.QualityTools.Tips.UnitTest.Adapter, Version=12.0.0.0, Culture=neutral, PublicKeyToken=b03f5f7f11d50a3a" className="Laminar.Automation.Services.SecurityWebApi.Test.TestMethods.TenantMapTest, Laminar.Automation.Services.SecurityWebApi.Test, Version=1.0.0.0, Culture=neutral, PublicKeyToken=null" name="SecurityWebApi_PostTenantMaps_InvitationStatusIsnExpired_ReturnsInternalServerError_518365" />
    </UnitTest>
    <UnitTest name="SecurityWebApi_UpdateInvitation_PartnerAgreementCreatorNoAgreementAccess_499738" storage="c:\ngvl\sqa\automation\main\laminar.automation\laminar.automation.services.securitywebapi.test\bin\debug\laminar.automation.services.securitywebapi.test.dll" id="e004fed5-f715-0360-4b0a-fa45ae17a43c">
      <Description>[API]: PUT api/Update invitation by invitation key - PartnerAgreementCreator with no access to the corresponding agreement user test</Description>
      <TestCategory>
        <TestCategoryItem TestCategory="SecurityWebApi_Service" />
        <TestCategoryItem TestCategory="P1" />
        <TestCategoryItem TestCategory="AutoBVT" />
        <TestCategoryItem TestCategory="BL6_July" />
      </TestCategory>
      <Execution id="02efbca3-0dcc-47b1-8473-b8b4e42489d4" />
      <Workitems>
        <Workitem>499738</Workitem>
      </Workitems>
      <Properties>
        <Property>
          <Key>__Internal_AsyncTypeName__</Key>
          <Value>Laminar.Automation.Services.SecurityWebApi.Test.TestMethods.InvitationTest+&lt;SecurityWebApi_UpdateInvitation_PartnerAgreementCreatorNoAgreementAccess_499738&gt;d__242</Value>
        </Property>
      </Properties>
      <TestMethod codeBase="C:/NGVL/SQA/Automation/Main/Laminar.Automation/Laminar.Automation.Services.SecurityWebApi.Test/bin/Debug/Laminar.Automation.Services.SecurityWebApi.Test.DLL" adapterTypeName="Microsoft.VisualStudio.TestTools.TestTypes.Unit.UnitTestAdapter, Microsoft.VisualStudio.QualityTools.Tips.UnitTest.Adapter, Version=12.0.0.0, Culture=neutral, PublicKeyToken=b03f5f7f11d50a3a" className="Laminar.Automation.Services.SecurityWebApi.Test.TestMethods.InvitationTest, Laminar.Automation.Services.SecurityWebApi.Test, Version=1.0.0.0, Culture=neutral, PublicKeyToken=null" name="SecurityWebApi_UpdateInvitation_PartnerAgreementCreatorNoAgreementAccess_499738" />
    </UnitTest>
    <UnitTest name="SecurityWebApi_UpdateInvitation_Partner_NotAgreementApproverOrCreator_499739" storage="c:\ngvl\sqa\automation\main\laminar.automation\laminar.automation.services.securitywebapi.test\bin\debug\laminar.automation.services.securitywebapi.test.dll" id="5dba1a75-95cf-0067-ee8b-8e54ebdb63f1">
      <Description>[API]: PUT api/Update invitation by invitation key - Partner that is not an Agreement Approver or Creator user test</Description>
      <TestCategory>
        <TestCategoryItem TestCategory="SecurityWebApi_Service" />
        <TestCategoryItem TestCategory="P1" />
        <TestCategoryItem TestCategory="AutoBVT" />
        <TestCategoryItem TestCategory="BL6Phase1" />
      </TestCategory>
      <Execution id="aa4e7f0a-8bd5-4f63-a0fe-ee05f67754e1" />
      <Workitems>
        <Workitem>499739</Workitem>
      </Workitems>
      <Properties>
        <Property>
          <Key>__Internal_AsyncTypeName__</Key>
          <Value>Laminar.Automation.Services.SecurityWebApi.Test.TestMethods.InvitationTest+&lt;SecurityWebApi_UpdateInvitation_Partner_NotAgreementApproverOrCreator_499739&gt;d__24d</Value>
        </Property>
      </Properties>
      <TestMethod codeBase="C:/NGVL/SQA/Automation/Main/Laminar.Automation/Laminar.Automation.Services.SecurityWebApi.Test/bin/Debug/Laminar.Automation.Services.SecurityWebApi.Test.DLL" adapterTypeName="Microsoft.VisualStudio.TestTools.TestTypes.Unit.UnitTestAdapter, Microsoft.VisualStudio.QualityTools.Tips.UnitTest.Adapter, Version=12.0.0.0, Culture=neutral, PublicKeyToken=b03f5f7f11d50a3a" className="Laminar.Automation.Services.SecurityWebApi.Test.TestMethods.InvitationTest, Laminar.Automation.Services.SecurityWebApi.Test, Version=1.0.0.0, Culture=neutral, PublicKeyToken=null" name="SecurityWebApi_UpdateInvitation_Partner_NotAgreementApproverOrCreator_499739" />
    </UnitTest>
    <UnitTest name="SecurityWebApi_GetTenantMapBySearchCriteria_CorrelationIDPersistsToLoggedMessages_EventLogs_491064" storage="c:\ngvl\sqa\automation\main\laminar.automation\laminar.automation.services.securitywebapi.test\bin\debug\laminar.automation.services.securitywebapi.test.dll" id="f5451f38-f8f1-f8c4-8038-90f36ea9ccea">
      <Description>[API]: GET /api/TenantMaps?PARNumbers... Verify Correlation ID is properly persisted to any logged messages when passed in request header (X-CorrelationId)</Description>
      <TestCategory>
        <TestCategoryItem TestCategory="SecurityWebApi_Service" />
        <TestCategoryItem TestCategory="AutoBVT" />
        <TestCategoryItem TestCategory="P2" />
      </TestCategory>
      <Execution id="30ca2cdd-80d9-46ce-9a8e-396f58f129e3" />
      <Workitems>
        <Workitem>491064</Workitem>
      </Workitems>
      <Properties>
        <Property>
          <Key>__Internal_AsyncTypeName__</Key>
          <Value>Laminar.Automation.Services.SecurityWebApi.Test.TestMethods.TenantMapTest+&lt;SecurityWebApi_GetTenantMapBySearchCriteria_CorrelationIDPersistsToLoggedMessages_EventLogs_491064&gt;d__35</Value>
        </Property>
      </Properties>
      <TestMethod codeBase="C:/NGVL/SQA/Automation/Main/Laminar.Automation/Laminar.Automation.Services.SecurityWebApi.Test/bin/Debug/Laminar.Automation.Services.SecurityWebApi.Test.DLL" adapterTypeName="Microsoft.VisualStudio.TestTools.TestTypes.Unit.UnitTestAdapter, Microsoft.VisualStudio.QualityTools.Tips.UnitTest.Adapter, Version=12.0.0.0, Culture=neutral, PublicKeyToken=b03f5f7f11d50a3a" className="Laminar.Automation.Services.SecurityWebApi.Test.TestMethods.TenantMapTest, Laminar.Automation.Services.SecurityWebApi.Test, Version=1.0.0.0, Culture=neutral, PublicKeyToken=null" name="SecurityWebApi_GetTenantMapBySearchCriteria_CorrelationIDPersistsToLoggedMessages_EventLogs_491064" />
    </UnitTest>
    <UnitTest name="SecurityWebApi_GetInvitationBySearchCriteria_HappyPath_NoMatchingCriteria" storage="c:\ngvl\sqa\automation\main\laminar.automation\laminar.automation.services.securitywebapi.test\bin\debug\laminar.automation.services.securitywebapi.test.dll" id="17d1fc9b-d7c4-13ad-6d48-2106439ae489">
      <Description>[API]: GET api/Invitations?AccountNumbers={}&amp;EmailAddresses={}&amp;StatusKeys={}- Verify no invitations are returned when there is no matching search criteria with 200 status code</Description>
      <TestCategory>
        <TestCategoryItem TestCategory="SecurityWebApi_Service" />
        <TestCategoryItem TestCategory="P1" />
        <TestCategoryItem TestCategory="AutoBVT" />
      </TestCategory>
      <Execution id="a4fd07f0-fe31-462b-b7a0-ab76481184c6" />
      <Workitems>
        <Workitem>525843</Workitem>
      </Workitems>
      <Properties>
        <Property>
          <Key>__Internal_AsyncTypeName__</Key>
          <Value>Laminar.Automation.Services.SecurityWebApi.Test.TestMethods.InvitationTest+&lt;SecurityWebApi_GetInvitationBySearchCriteria_HappyPath_NoMatchingCriteria&gt;d__171</Value>
        </Property>
      </Properties>
      <TestMethod codeBase="C:/NGVL/SQA/Automation/Main/Laminar.Automation/Laminar.Automation.Services.SecurityWebApi.Test/bin/Debug/Laminar.Automation.Services.SecurityWebApi.Test.DLL" adapterTypeName="Microsoft.VisualStudio.TestTools.TestTypes.Unit.UnitTestAdapter, Microsoft.VisualStudio.QualityTools.Tips.UnitTest.Adapter, Version=12.0.0.0, Culture=neutral, PublicKeyToken=b03f5f7f11d50a3a" className="Laminar.Automation.Services.SecurityWebApi.Test.TestMethods.InvitationTest, Laminar.Automation.Services.SecurityWebApi.Test, Version=1.0.0.0, Culture=neutral, PublicKeyToken=null" name="SecurityWebApi_GetInvitationBySearchCriteria_HappyPath_NoMatchingCriteria" />
    </UnitTest>
    <UnitTest name="SecurityWebApi_GetInvitationBySearchCriteria_CorrelationIDResponseRequestMatch_491148" storage="c:\ngvl\sqa\automation\main\laminar.automation\laminar.automation.services.securitywebapi.test\bin\debug\laminar.automation.services.securitywebapi.test.dll" id="04ea5100-6aa5-bc1c-4cd8-5f528f747da2">
      <Description>[API]: GET api/Invitation?AccountNumber...Verify Correlation ID passed in request header (X-CorrelationId) matches Correlation ID returned in response header (X-CorrelationId)</Description>
      <TestCategory>
        <TestCategoryItem TestCategory="SecurityWebApi_Service" />
        <TestCategoryItem TestCategory="AutoBVT" />
        <TestCategoryItem TestCategory="P2" />
        <TestCategoryItem TestCategory="BL6Phase1" />
      </TestCategory>
      <Execution id="8c6a3740-50db-4ef8-91a7-9b4215e212af" />
      <Workitems>
        <Workitem>491148</Workitem>
      </Workitems>
      <Properties>
        <Property>
          <Key>__Internal_AsyncTypeName__</Key>
          <Value>Laminar.Automation.Services.SecurityWebApi.Test.TestMethods.InvitationTest+&lt;SecurityWebApi_GetInvitationBySearchCriteria_CorrelationIDResponseRequestMatch_491148&gt;d__121</Value>
        </Property>
      </Properties>
      <TestMethod codeBase="C:/NGVL/SQA/Automation/Main/Laminar.Automation/Laminar.Automation.Services.SecurityWebApi.Test/bin/Debug/Laminar.Automation.Services.SecurityWebApi.Test.DLL" adapterTypeName="Microsoft.VisualStudio.TestTools.TestTypes.Unit.UnitTestAdapter, Microsoft.VisualStudio.QualityTools.Tips.UnitTest.Adapter, Version=12.0.0.0, Culture=neutral, PublicKeyToken=b03f5f7f11d50a3a" className="Laminar.Automation.Services.SecurityWebApi.Test.TestMethods.InvitationTest, Laminar.Automation.Services.SecurityWebApi.Test, Version=1.0.0.0, Culture=neutral, PublicKeyToken=null" name="SecurityWebApi_GetInvitationBySearchCriteria_CorrelationIDResponseRequestMatch_491148" />
    </UnitTest>
    <UnitTest name="SecurityWebApi_UsersEndpoint_GetServiceUsers_607321" storage="c:\ngvl\sqa\automation\main\laminar.automation\laminar.automation.services.securitywebapi.test\bin\debug\laminar.automation.services.securitywebapi.test.dll" id="36423beb-5640-568d-cef2-ec5445c0f1cf">
      <Description>[API] GET api/Users/{accountNumber}/ServiceUsers: Endpoint returns list of all service principals for the given account number</Description>
      <TestCategory>
        <TestCategoryItem TestCategory="SecurityWebApi_Service" />
        <TestCategoryItem TestCategory="P1" />
        <TestCategoryItem TestCategory="AutoBVT" />
      </TestCategory>
      <Execution id="01f16430-4763-4d9e-addc-48c4de8b2f59" />
      <Workitems>
        <Workitem>607321</Workitem>
      </Workitems>
      <Properties>
        <Property>
          <Key>__Internal_AsyncTypeName__</Key>
          <Value>Laminar.Automation.Services.SecurityWebApi.Test.TestMethods.UserEndPointsTest+&lt;SecurityWebApi_UsersEndpoint_GetServiceUsers_607321&gt;d__c2</Value>
        </Property>
      </Properties>
      <TestMethod codeBase="C:/NGVL/SQA/Automation/Main/Laminar.Automation/Laminar.Automation.Services.SecurityWebApi.Test/bin/Debug/Laminar.Automation.Services.SecurityWebApi.Test.DLL" adapterTypeName="Microsoft.VisualStudio.TestTools.TestTypes.Unit.UnitTestAdapter, Microsoft.VisualStudio.QualityTools.Tips.UnitTest.Adapter, Version=12.0.0.0, Culture=neutral, PublicKeyToken=b03f5f7f11d50a3a" className="Laminar.Automation.Services.SecurityWebApi.Test.TestMethods.UserEndPointsTest, Laminar.Automation.Services.SecurityWebApi.Test, Version=1.0.0.0, Culture=neutral, PublicKeyToken=null" name="SecurityWebApi_UsersEndpoint_GetServiceUsers_607321" />
    </UnitTest>
    <UnitTest name="SecurityWebApi_GetInvitationByInvitationKey_HappyPath_479274" storage="c:\ngvl\sqa\automation\main\laminar.automation\laminar.automation.services.securitywebapi.test\bin\debug\laminar.automation.services.securitywebapi.test.dll" id="35d7f943-0dd0-2f3a-b53f-1d0772f175e4">
      <Description>[API]: GET api/Invitation by invitation key - Verify that correct invite data is returned for passed in InvitationKey with 200 status code if invite row was found</Description>
      <TestCategory>
        <TestCategoryItem TestCategory="SecurityWebApi_Service" />
        <TestCategoryItem TestCategory="P1" />
        <TestCategoryItem TestCategory="AutoBVT" />
        <TestCategoryItem TestCategory="BL6Phase1" />
      </TestCategory>
      <Execution id="a0bfc9f2-bbac-4a66-b8f2-f471cff5f2dc" />
      <Workitems>
        <Workitem>479274</Workitem>
      </Workitems>
      <Properties>
        <Property>
          <Key>__Internal_AsyncTypeName__</Key>
          <Value>Laminar.Automation.Services.SecurityWebApi.Test.TestMethods.InvitationTest+&lt;SecurityWebApi_GetInvitationByInvitationKey_HappyPath_479274&gt;d__1f</Value>
        </Property>
      </Properties>
      <TestMethod codeBase="C:/NGVL/SQA/Automation/Main/Laminar.Automation/Laminar.Automation.Services.SecurityWebApi.Test/bin/Debug/Laminar.Automation.Services.SecurityWebApi.Test.DLL" adapterTypeName="Microsoft.VisualStudio.TestTools.TestTypes.Unit.UnitTestAdapter, Microsoft.VisualStudio.QualityTools.Tips.UnitTest.Adapter, Version=12.0.0.0, Culture=neutral, PublicKeyToken=b03f5f7f11d50a3a" className="Laminar.Automation.Services.SecurityWebApi.Test.TestMethods.InvitationTest, Laminar.Automation.Services.SecurityWebApi.Test, Version=1.0.0.0, Culture=neutral, PublicKeyToken=null" name="SecurityWebApi_GetInvitationByInvitationKey_HappyPath_479274" />
    </UnitTest>
    <UnitTest name="SecurityWebApi_GetInvitationBySearchCriteria_TimingLogs_491126" storage="c:\ngvl\sqa\automation\main\laminar.automation\laminar.automation.services.securitywebapi.test\bin\debug\laminar.automation.services.securitywebapi.test.dll" id="d896afaf-a543-9e02-1b1f-d96ff9029bec">
      <Description>[API]: GET api/Invitation?AccountNumber...Verify that timing information is being logged</Description>
      <TestCategory>
        <TestCategoryItem TestCategory="SecurityWebApi_Service" />
        <TestCategoryItem TestCategory="AutoBVT" />
        <TestCategoryItem TestCategory="P2" />
        <TestCategoryItem TestCategory="BL6Phase1" />
      </TestCategory>
      <Execution id="fad1471e-9593-4cbd-b8cc-9f05f510b5ea" />
      <Workitems>
        <Workitem>491126</Workitem>
      </Workitems>
      <Properties>
        <Property>
          <Key>__Internal_AsyncTypeName__</Key>
          <Value>Laminar.Automation.Services.SecurityWebApi.Test.TestMethods.InvitationTest+&lt;SecurityWebApi_GetInvitationBySearchCriteria_TimingLogs_491126&gt;d__117</Value>
        </Property>
      </Properties>
      <TestMethod codeBase="C:/NGVL/SQA/Automation/Main/Laminar.Automation/Laminar.Automation.Services.SecurityWebApi.Test/bin/Debug/Laminar.Automation.Services.SecurityWebApi.Test.DLL" adapterTypeName="Microsoft.VisualStudio.TestTools.TestTypes.Unit.UnitTestAdapter, Microsoft.VisualStudio.QualityTools.Tips.UnitTest.Adapter, Version=12.0.0.0, Culture=neutral, PublicKeyToken=b03f5f7f11d50a3a" className="Laminar.Automation.Services.SecurityWebApi.Test.TestMethods.InvitationTest, Laminar.Automation.Services.SecurityWebApi.Test, Version=1.0.0.0, Culture=neutral, PublicKeyToken=null" name="SecurityWebApi_GetInvitationBySearchCriteria_TimingLogs_491126" />
    </UnitTest>
    <UnitTest name="SecurityWebApi_Claims_HappyPath_User_Can_Get_Own_ITA_Roles" storage="c:\ngvl\sqa\automation\main\laminar.automation\laminar.automation.services.securitywebapi.test\bin\debug\laminar.automation.services.securitywebapi.test.dll" id="09825a91-874d-cb87-0de5-e467bf0262e8">
      <Description>[API]: GET Claims/{id} - Verify that a user can get its own list of ITA roles</Description>
      <TestCategory>
        <TestCategoryItem TestCategory="SecurityWebApi_Service" />
        <TestCategoryItem TestCategory="AutoBVT" />
        <TestCategoryItem TestCategory="P2" />
      </TestCategory>
      <Execution id="9ebda9bd-2a0f-406c-850a-649e518fa99f" />
      <Workitems>
        <Workitem>548808</Workitem>
      </Workitems>
      <Properties>
        <Property>
          <Key>__Internal_AsyncTypeName__</Key>
          <Value>Laminar.Automation.Services.SecurityWebApi.Test.TestMethods.ClaimsEndpointTest+&lt;SecurityWebApi_Claims_HappyPath_User_Can_Get_Own_ITA_Roles&gt;d__8</Value>
        </Property>
      </Properties>
      <TestMethod codeBase="C:/NGVL/SQA/Automation/Main/Laminar.Automation/Laminar.Automation.Services.SecurityWebApi.Test/bin/Debug/Laminar.Automation.Services.SecurityWebApi.Test.DLL" adapterTypeName="Microsoft.VisualStudio.TestTools.TestTypes.Unit.UnitTestAdapter, Microsoft.VisualStudio.QualityTools.Tips.UnitTest.Adapter, Version=12.0.0.0, Culture=neutral, PublicKeyToken=b03f5f7f11d50a3a" className="Laminar.Automation.Services.SecurityWebApi.Test.TestMethods.ClaimsEndpointTest, Laminar.Automation.Services.SecurityWebApi.Test, Version=1.0.0.0, Culture=neutral, PublicKeyToken=null" name="SecurityWebApi_Claims_HappyPath_User_Can_Get_Own_ITA_Roles" />
    </UnitTest>
    <UnitTest name="SecurityWebApi_GetInvitationWithTenantMapStatus_InvitationKeyIsInvalid_ReturnsNotFoundError_517305" storage="c:\ngvl\sqa\automation\main\laminar.automation\laminar.automation.services.securitywebapi.test\bin\debug\laminar.automation.services.securitywebapi.test.dll" id="1c32e259-a6c0-d19f-ebae-54b25c1e8479">
      <Description>[API]: Verify if Invitation Key is Invalid, the service returns a HTTP 404.</Description>
      <TestCategory>
        <TestCategoryItem TestCategory="SecurityWebApi_Service" />
        <TestCategoryItem TestCategory="AutoBVT" />
        <TestCategoryItem TestCategory="P2" />
      </TestCategory>
      <Execution id="6b5fa4a6-d891-4b9f-b08b-df1a282f3dda" />
      <Workitems>
        <Workitem>517305</Workitem>
      </Workitems>
      <Properties>
        <Property>
          <Key>__Internal_AsyncTypeName__</Key>
          <Value>Laminar.Automation.Services.SecurityWebApi.Test.TestMethods.InvitationTest+&lt;SecurityWebApi_GetInvitationWithTenantMapStatus_InvitationKeyIsInvalid_ReturnsNotFoundError_517305&gt;d__38a</Value>
        </Property>
      </Properties>
      <TestMethod codeBase="C:/NGVL/SQA/Automation/Main/Laminar.Automation/Laminar.Automation.Services.SecurityWebApi.Test/bin/Debug/Laminar.Automation.Services.SecurityWebApi.Test.DLL" adapterTypeName="Microsoft.VisualStudio.TestTools.TestTypes.Unit.UnitTestAdapter, Microsoft.VisualStudio.QualityTools.Tips.UnitTest.Adapter, Version=12.0.0.0, Culture=neutral, PublicKeyToken=b03f5f7f11d50a3a" className="Laminar.Automation.Services.SecurityWebApi.Test.TestMethods.InvitationTest, Laminar.Automation.Services.SecurityWebApi.Test, Version=1.0.0.0, Culture=neutral, PublicKeyToken=null" name="SecurityWebApi_GetInvitationWithTenantMapStatus_InvitationKeyIsInvalid_ReturnsNotFoundError_517305" />
    </UnitTest>
    <UnitTest name="SecurityWebApi_PostTenant_TenantLanguageAndCountryDoNotMatch_ReturnsInternalServerError_517258" storage="c:\ngvl\sqa\automation\main\laminar.automation\laminar.automation.services.securitywebapi.test\bin\debug\laminar.automation.services.securitywebapi.test.dll" id="21b5448a-9b86-7aca-1df8-b0df5707fa5b">
      <Description>[API]: POST Tenant - Verify if the countryCode does not have a corresponding languageKey, server returns 500.</Description>
      <TestCategory>
        <TestCategoryItem TestCategory="SecurityWebApi_Service" />
        <TestCategoryItem TestCategory="AutoBVT" />
        <TestCategoryItem TestCategory="P2" />
      </TestCategory>
      <Execution id="216e9bd5-35e9-48d9-936b-086534579302" />
      <Workitems>
        <Workitem>517258</Workitem>
      </Workitems>
      <Properties>
        <Property>
          <Key>__Internal_AsyncTypeName__</Key>
          <Value>Laminar.Automation.Services.SecurityWebApi.Test.TestMethods.TenantEndPointsTest+&lt;SecurityWebApi_PostTenant_TenantLanguageAndCountryDoNotMatch_ReturnsInternalServerError_517258&gt;d__113</Value>
        </Property>
      </Properties>
      <TestMethod codeBase="C:/NGVL/SQA/Automation/Main/Laminar.Automation/Laminar.Automation.Services.SecurityWebApi.Test/bin/Debug/Laminar.Automation.Services.SecurityWebApi.Test.DLL" adapterTypeName="Microsoft.VisualStudio.TestTools.TestTypes.Unit.UnitTestAdapter, Microsoft.VisualStudio.QualityTools.Tips.UnitTest.Adapter, Version=12.0.0.0, Culture=neutral, PublicKeyToken=b03f5f7f11d50a3a" className="Laminar.Automation.Services.SecurityWebApi.Test.TestMethods.TenantEndPointsTest, Laminar.Automation.Services.SecurityWebApi.Test, Version=1.0.0.0, Culture=neutral, PublicKeyToken=null" name="SecurityWebApi_PostTenant_TenantLanguageAndCountryDoNotMatch_ReturnsInternalServerError_517258" />
    </UnitTest>
    <UnitTest name="SecurityWebApi_GetInvitationWithTenantMapStatus_InvitationKeyIsNotFound_ReturnsNotFoundError_517304" storage="c:\ngvl\sqa\automation\main\laminar.automation\laminar.automation.services.securitywebapi.test\bin\debug\laminar.automation.services.securitywebapi.test.dll" id="c153eb3f-e703-fa58-30f9-c1c8a0e6feda">
      <Description>[API]: Verify if Invitation Key is Not Found, the service returns a HTTP 404.</Description>
      <TestCategory>
        <TestCategoryItem TestCategory="SecurityWebApi_Service" />
        <TestCategoryItem TestCategory="AutoBVT" />
        <TestCategoryItem TestCategory="P2" />
      </TestCategory>
      <Execution id="46d6d6ce-df6a-49f2-92fe-340ab9eae510" />
      <Workitems>
        <Workitem>517304</Workitem>
      </Workitems>
      <Properties>
        <Property>
          <Key>__Internal_AsyncTypeName__</Key>
          <Value>Laminar.Automation.Services.SecurityWebApi.Test.TestMethods.InvitationTest+&lt;SecurityWebApi_GetInvitationWithTenantMapStatus_InvitationKeyIsNotFound_ReturnsNotFoundError_517304&gt;d__393</Value>
        </Property>
      </Properties>
      <TestMethod codeBase="C:/NGVL/SQA/Automation/Main/Laminar.Automation/Laminar.Automation.Services.SecurityWebApi.Test/bin/Debug/Laminar.Automation.Services.SecurityWebApi.Test.DLL" adapterTypeName="Microsoft.VisualStudio.TestTools.TestTypes.Unit.UnitTestAdapter, Microsoft.VisualStudio.QualityTools.Tips.UnitTest.Adapter, Version=12.0.0.0, Culture=neutral, PublicKeyToken=b03f5f7f11d50a3a" className="Laminar.Automation.Services.SecurityWebApi.Test.TestMethods.InvitationTest, Laminar.Automation.Services.SecurityWebApi.Test, Version=1.0.0.0, Culture=neutral, PublicKeyToken=null" name="SecurityWebApi_GetInvitationWithTenantMapStatus_InvitationKeyIsNotFound_ReturnsNotFoundError_517304" />
    </UnitTest>
    <UnitTest name="GetTenantAdminsByIdTenantNotFound_478051" storage="c:\ngvl\sqa\automation\main\laminar.automation\laminar.automation.services.securitywebapi.test\bin\debug\laminar.automation.services.securitywebapi.test.dll" id="4b45dcf2-84e9-83c2-5215-8104e262181e">
      <Description>[API]: GET Tenants/{id}/Admins - Verify that 404 status code is retuned if the provided tenantKey is not found in Aad</Description>
      <TestCategory>
        <TestCategoryItem TestCategory="SecurityWebApi_Service" />
        <TestCategoryItem TestCategory="AutoBVT" />
        <TestCategoryItem TestCategory="P2" />
      </TestCategory>
      <Execution id="90ff7b07-ff2c-4e38-af03-468db7eabd45" />
      <Workitems>
        <Workitem>478051</Workitem>
      </Workitems>
      <Properties>
        <Property>
          <Key>__Internal_AsyncTypeName__</Key>
          <Value>Laminar.Automation.Services.SecurityWebApi.Test.TestMethods.TenantEndPointsTest+&lt;GetTenantAdminsByIdTenantNotFound_478051&gt;d__c3</Value>
        </Property>
      </Properties>
      <TestMethod codeBase="C:/NGVL/SQA/Automation/Main/Laminar.Automation/Laminar.Automation.Services.SecurityWebApi.Test/bin/Debug/Laminar.Automation.Services.SecurityWebApi.Test.DLL" adapterTypeName="Microsoft.VisualStudio.TestTools.TestTypes.Unit.UnitTestAdapter, Microsoft.VisualStudio.QualityTools.Tips.UnitTest.Adapter, Version=12.0.0.0, Culture=neutral, PublicKeyToken=b03f5f7f11d50a3a" className="Laminar.Automation.Services.SecurityWebApi.Test.TestMethods.TenantEndPointsTest, Laminar.Automation.Services.SecurityWebApi.Test, Version=1.0.0.0, Culture=neutral, PublicKeyToken=null" name="GetTenantAdminsByIdTenantNotFound_478051" />
    </UnitTest>
    <UnitTest name="SecurityWebApi_PostTenantMaps_UserClicksSignInAfterCompletionOfOriginalSignIn_CreatesTenantMap_519284" storage="c:\ngvl\sqa\automation\main\laminar.automation\laminar.automation.services.securitywebapi.test\bin\debug\laminar.automation.services.securitywebapi.test.dll" id="d2e642cc-580c-7ef4-af71-22eaa73ff292">
      <Description>[API]: POST TenantMaps - Verify if a user sends a second sign-in request to the service after successful completion of the first request, the service returns 201</Description>
      <TestCategory>
        <TestCategoryItem TestCategory="SecurityWebApi_Service" />
        <TestCategoryItem TestCategory="P1" />
        <TestCategoryItem TestCategory="AutoBVT" />
      </TestCategory>
      <Execution id="3d433ef4-44d8-44e3-ab12-4e5b798a46c6" />
      <Workitems>
        <Workitem>519284</Workitem>
      </Workitems>
      <Properties>
        <Property>
          <Key>__Internal_AsyncTypeName__</Key>
          <Value>Laminar.Automation.Services.SecurityWebApi.Test.TestMethods.TenantMapTest+&lt;SecurityWebApi_PostTenantMaps_UserClicksSignInAfterCompletionOfOriginalSignIn_CreatesTenantMap_519284&gt;d__cb</Value>
        </Property>
      </Properties>
      <TestMethod codeBase="C:/NGVL/SQA/Automation/Main/Laminar.Automation/Laminar.Automation.Services.SecurityWebApi.Test/bin/Debug/Laminar.Automation.Services.SecurityWebApi.Test.DLL" adapterTypeName="Microsoft.VisualStudio.TestTools.TestTypes.Unit.UnitTestAdapter, Microsoft.VisualStudio.QualityTools.Tips.UnitTest.Adapter, Version=12.0.0.0, Culture=neutral, PublicKeyToken=b03f5f7f11d50a3a" className="Laminar.Automation.Services.SecurityWebApi.Test.TestMethods.TenantMapTest, Laminar.Automation.Services.SecurityWebApi.Test, Version=1.0.0.0, Culture=neutral, PublicKeyToken=null" name="SecurityWebApi_PostTenantMaps_UserClicksSignInAfterCompletionOfOriginalSignIn_CreatesTenantMap_519284" />
    </UnitTest>
    <UnitTest name="SecurityWebApi_GetTenantMapBySearchCriteria_CorrelationIDResponseRequestMatch_491065" storage="c:\ngvl\sqa\automation\main\laminar.automation\laminar.automation.services.securitywebapi.test\bin\debug\laminar.automation.services.securitywebapi.test.dll" id="19e4f2a1-6713-37ef-8eb1-8cd139e82fe0">
      <Description>[API]: GET /api/TenantMaps?PARNumbers...Verify Correlation ID passed in request header (X-CorrelationId) matches Correlation ID returned in response header (X-CorrelationId)</Description>
      <TestCategory>
        <TestCategoryItem TestCategory="SecurityWebApi_Service" />
        <TestCategoryItem TestCategory="AutoBVT" />
        <TestCategoryItem TestCategory="P2" />
      </TestCategory>
      <Execution id="c352ebc2-b8c7-4945-9787-814ba9f577c2" />
      <Workitems>
        <Workitem>491065</Workitem>
      </Workitems>
      <Properties>
        <Property>
          <Key>__Internal_AsyncTypeName__</Key>
          <Value>Laminar.Automation.Services.SecurityWebApi.Test.TestMethods.TenantMapTest+&lt;SecurityWebApi_GetTenantMapBySearchCriteria_CorrelationIDResponseRequestMatch_491065&gt;d__4b</Value>
        </Property>
      </Properties>
      <TestMethod codeBase="C:/NGVL/SQA/Automation/Main/Laminar.Automation/Laminar.Automation.Services.SecurityWebApi.Test/bin/Debug/Laminar.Automation.Services.SecurityWebApi.Test.DLL" adapterTypeName="Microsoft.VisualStudio.TestTools.TestTypes.Unit.UnitTestAdapter, Microsoft.VisualStudio.QualityTools.Tips.UnitTest.Adapter, Version=12.0.0.0, Culture=neutral, PublicKeyToken=b03f5f7f11d50a3a" className="Laminar.Automation.Services.SecurityWebApi.Test.TestMethods.TenantMapTest, Laminar.Automation.Services.SecurityWebApi.Test, Version=1.0.0.0, Culture=neutral, PublicKeyToken=null" name="SecurityWebApi_GetTenantMapBySearchCriteria_CorrelationIDResponseRequestMatch_491065" />
    </UnitTest>
    <UnitTest name="SecurityWebApi_UpdateInvitation_NoAuthHeader_479283" storage="c:\ngvl\sqa\automation\main\laminar.automation\laminar.automation.services.securitywebapi.test\bin\debug\laminar.automation.services.securitywebapi.test.dll" id="0eb36bc2-7d7e-3fcd-61fe-619f4d43fe86">
      <Description>[API]: PUT api/Update invitation by invitation key - Verify 401 response code for service call when called without an authorization header</Description>
      <TestCategory>
        <TestCategoryItem TestCategory="SecurityWebApi_Service" />
        <TestCategoryItem TestCategory="P1" />
        <TestCategoryItem TestCategory="BL6Phase1" />
        <TestCategoryItem TestCategory="AutoBVT" />
      </TestCategory>
      <Execution id="09972e3d-2437-405f-99df-86fe6971fb09" />
      <Workitems>
        <Workitem>479283</Workitem>
      </Workitems>
      <Properties>
        <Property>
          <Key>__Internal_AsyncTypeName__</Key>
          <Value>Laminar.Automation.Services.SecurityWebApi.Test.TestMethods.InvitationTest+&lt;SecurityWebApi_UpdateInvitation_NoAuthHeader_479283&gt;d__1de</Value>
        </Property>
      </Properties>
      <TestMethod codeBase="C:/NGVL/SQA/Automation/Main/Laminar.Automation/Laminar.Automation.Services.SecurityWebApi.Test/bin/Debug/Laminar.Automation.Services.SecurityWebApi.Test.DLL" adapterTypeName="Microsoft.VisualStudio.TestTools.TestTypes.Unit.UnitTestAdapter, Microsoft.VisualStudio.QualityTools.Tips.UnitTest.Adapter, Version=12.0.0.0, Culture=neutral, PublicKeyToken=b03f5f7f11d50a3a" className="Laminar.Automation.Services.SecurityWebApi.Test.TestMethods.InvitationTest, Laminar.Automation.Services.SecurityWebApi.Test, Version=1.0.0.0, Culture=neutral, PublicKeyToken=null" name="SecurityWebApi_UpdateInvitation_NoAuthHeader_479283" />
    </UnitTest>
    <UnitTest name="GetTenantByDomainName_NotFound_478035" storage="c:\ngvl\sqa\automation\main\laminar.automation\laminar.automation.services.securitywebapi.test\bin\debug\laminar.automation.services.securitywebapi.test.dll" id="78a44c87-995d-d7cc-787e-847bf101e4a6">
      <Description>[API]: GET api/Tenants by domain or PAR -Verify that 404 status code is returned if api is called with a domain name that is not available</Description>
      <TestCategory>
        <TestCategoryItem TestCategory="SecurityWebApi_Service" />
        <TestCategoryItem TestCategory="AutoBVT" />
        <TestCategoryItem TestCategory="P2" />
      </TestCategory>
      <Execution id="be9ab695-c8d7-45bf-b5e6-2ff2402ad5a6" />
      <Workitems>
        <Workitem>478035</Workitem>
      </Workitems>
      <Properties>
        <Property>
          <Key>__Internal_AsyncTypeName__</Key>
          <Value>Laminar.Automation.Services.SecurityWebApi.Test.TestMethods.TenantEndPointsTest+&lt;GetTenantByDomainName_NotFound_478035&gt;d__2b</Value>
        </Property>
      </Properties>
      <TestMethod codeBase="C:/NGVL/SQA/Automation/Main/Laminar.Automation/Laminar.Automation.Services.SecurityWebApi.Test/bin/Debug/Laminar.Automation.Services.SecurityWebApi.Test.DLL" adapterTypeName="Microsoft.VisualStudio.TestTools.TestTypes.Unit.UnitTestAdapter, Microsoft.VisualStudio.QualityTools.Tips.UnitTest.Adapter, Version=12.0.0.0, Culture=neutral, PublicKeyToken=b03f5f7f11d50a3a" className="Laminar.Automation.Services.SecurityWebApi.Test.TestMethods.TenantEndPointsTest, Laminar.Automation.Services.SecurityWebApi.Test, Version=1.0.0.0, Culture=neutral, PublicKeyToken=null" name="GetTenantByDomainName_NotFound_478035" />
    </UnitTest>
    <UnitTest name="SecurityWebApi_GetInvitationBySearchCriteria_CorrelationIDInResponseWhenNotInRequest_491150" storage="c:\ngvl\sqa\automation\main\laminar.automation\laminar.automation.services.securitywebapi.test\bin\debug\laminar.automation.services.securitywebapi.test.dll" id="4ff2f60c-ba2f-00af-e22a-19adba3bdcd7">
      <Description>[API]: GET api/Invitation?AccountNumber...Verify Correlation ID is populated in the response header when it not supplied in the request header</Description>
      <TestCategory>
        <TestCategoryItem TestCategory="SecurityWebApi_Service" />
        <TestCategoryItem TestCategory="AutoBVT" />
        <TestCategoryItem TestCategory="P2" />
        <TestCategoryItem TestCategory="BL6Phase1" />
      </TestCategory>
      <Execution id="6dc144f9-893e-4cbd-8095-cd2d63032e15" />
      <Workitems>
        <Workitem>491150</Workitem>
      </Workitems>
      <Properties>
        <Property>
          <Key>__Internal_AsyncTypeName__</Key>
          <Value>Laminar.Automation.Services.SecurityWebApi.Test.TestMethods.InvitationTest+&lt;SecurityWebApi_GetInvitationBySearchCriteria_CorrelationIDInResponseWhenNotInRequest_491150&gt;d__12a</Value>
        </Property>
      </Properties>
      <TestMethod codeBase="C:/NGVL/SQA/Automation/Main/Laminar.Automation/Laminar.Automation.Services.SecurityWebApi.Test/bin/Debug/Laminar.Automation.Services.SecurityWebApi.Test.DLL" adapterTypeName="Microsoft.VisualStudio.TestTools.TestTypes.Unit.UnitTestAdapter, Microsoft.VisualStudio.QualityTools.Tips.UnitTest.Adapter, Version=12.0.0.0, Culture=neutral, PublicKeyToken=b03f5f7f11d50a3a" className="Laminar.Automation.Services.SecurityWebApi.Test.TestMethods.InvitationTest, Laminar.Automation.Services.SecurityWebApi.Test, Version=1.0.0.0, Culture=neutral, PublicKeyToken=null" name="SecurityWebApi_GetInvitationBySearchCriteria_CorrelationIDInResponseWhenNotInRequest_491150" />
    </UnitTest>
    <UnitTest name="SecurityWebApi_GetInvitationBySearchCriteria_CorrelationIDPersistsToLoggedMessages_EventLogs_491147" storage="c:\ngvl\sqa\automation\main\laminar.automation\laminar.automation.services.securitywebapi.test\bin\debug\laminar.automation.services.securitywebapi.test.dll" id="df212ef7-b315-7805-9dce-b9f7a4b67b04">
      <Description>[API]: GET api/Invitation?AccountNumber... Verify Correlation ID is properly persisted to any logged messages when passed in request header (X-CorrelationId)</Description>
      <TestCategory>
        <TestCategoryItem TestCategory="SecurityWebApi_Service" />
        <TestCategoryItem TestCategory="AutoBVT" />
        <TestCategoryItem TestCategory="P2" />
        <TestCategoryItem TestCategory="BL6Phase1" />
      </TestCategory>
      <Execution id="7a031994-bc90-4436-9651-0ba97e542b0f" />
      <Workitems>
        <Workitem>491147</Workitem>
      </Workitems>
      <Properties>
        <Property>
          <Key>__Internal_AsyncTypeName__</Key>
          <Value>Laminar.Automation.Services.SecurityWebApi.Test.TestMethods.InvitationTest+&lt;SecurityWebApi_GetInvitationBySearchCriteria_CorrelationIDPersistsToLoggedMessages_EventLogs_491147&gt;d__10d</Value>
        </Property>
      </Properties>
      <TestMethod codeBase="C:/NGVL/SQA/Automation/Main/Laminar.Automation/Laminar.Automation.Services.SecurityWebApi.Test/bin/Debug/Laminar.Automation.Services.SecurityWebApi.Test.DLL" adapterTypeName="Microsoft.VisualStudio.TestTools.TestTypes.Unit.UnitTestAdapter, Microsoft.VisualStudio.QualityTools.Tips.UnitTest.Adapter, Version=12.0.0.0, Culture=neutral, PublicKeyToken=b03f5f7f11d50a3a" className="Laminar.Automation.Services.SecurityWebApi.Test.TestMethods.InvitationTest, Laminar.Automation.Services.SecurityWebApi.Test, Version=1.0.0.0, Culture=neutral, PublicKeyToken=null" name="SecurityWebApi_GetInvitationBySearchCriteria_CorrelationIDPersistsToLoggedMessages_EventLogs_491147" />
    </UnitTest>
    <UnitTest name="SecurityWebApi_UsersEndpoint_PostServiceUsers_Returns401When_UserHasNoAccessToEndpoint_625140" storage="c:\ngvl\sqa\automation\main\laminar.automation\laminar.automation.services.securitywebapi.test\bin\debug\laminar.automation.services.securitywebapi.test.dll" id="9ce4f067-dd9c-d9ec-bbbd-a70c278d46cf">
      <Description>[API] POST api/Users/{accountNumber}/ServiceUsers: Endpoint returns 401 if the user does not have access to the endpoint</Description>
      <TestCategory>
        <TestCategoryItem TestCategory="SecurityWebApi_Service" />
        <TestCategoryItem TestCategory="P1" />
        <TestCategoryItem TestCategory="AutoBVT" />
      </TestCategory>
      <Execution id="31de8c2b-4f1b-4c79-9966-8ee4726e7198" />
      <Workitems>
        <Workitem>625140</Workitem>
      </Workitems>
      <Properties>
        <Property>
          <Key>__Internal_AsyncTypeName__</Key>
          <Value>Laminar.Automation.Services.SecurityWebApi.Test.TestMethods.UserEndPointsTest+&lt;SecurityWebApi_UsersEndpoint_PostServiceUsers_Returns401When_UserHasNoAccessToEndpoint_625140&gt;d__113</Value>
        </Property>
      </Properties>
      <TestMethod codeBase="C:/NGVL/SQA/Automation/Main/Laminar.Automation/Laminar.Automation.Services.SecurityWebApi.Test/bin/Debug/Laminar.Automation.Services.SecurityWebApi.Test.DLL" adapterTypeName="Microsoft.VisualStudio.TestTools.TestTypes.Unit.UnitTestAdapter, Microsoft.VisualStudio.QualityTools.Tips.UnitTest.Adapter, Version=12.0.0.0, Culture=neutral, PublicKeyToken=b03f5f7f11d50a3a" className="Laminar.Automation.Services.SecurityWebApi.Test.TestMethods.UserEndPointsTest, Laminar.Automation.Services.SecurityWebApi.Test, Version=1.0.0.0, Culture=neutral, PublicKeyToken=null" name="SecurityWebApi_UsersEndpoint_PostServiceUsers_Returns401When_UserHasNoAccessToEndpoint_625140" />
    </UnitTest>
    <UnitTest name="SecurityWebApi_GetTenantsAsync_HappyPath_SearchByTenantIdReturnsTenantInfo_525714" storage="c:\ngvl\sqa\automation\main\laminar.automation\laminar.automation.services.securitywebapi.test\bin\debug\laminar.automation.services.securitywebapi.test.dll" id="0e7fe192-af3d-a859-7478-2dd8c04fb9fd">
      <Description>[API]: GET api/Tenants by Tenant ID - Return Tenant Info if found</Description>
      <TestCategory>
        <TestCategoryItem TestCategory="SecurityWebApi_Service" />
        <TestCategoryItem TestCategory="P1" />
        <TestCategoryItem TestCategory="AutoBVT" />
      </TestCategory>
      <Execution id="f3bbf64b-3ba0-4005-a155-0092b3ab64ce" />
      <Workitems>
        <Workitem>525714</Workitem>
      </Workitems>
      <Properties>
        <Property>
          <Key>__Internal_AsyncTypeName__</Key>
          <Value>Laminar.Automation.Services.SecurityWebApi.Test.TestMethods.TenantEndPointsTest+&lt;SecurityWebApi_GetTenantsAsync_HappyPath_SearchByTenantIdReturnsTenantInfo_525714&gt;d__6e</Value>
        </Property>
      </Properties>
      <TestMethod codeBase="C:/NGVL/SQA/Automation/Main/Laminar.Automation/Laminar.Automation.Services.SecurityWebApi.Test/bin/Debug/Laminar.Automation.Services.SecurityWebApi.Test.DLL" adapterTypeName="Microsoft.VisualStudio.TestTools.TestTypes.Unit.UnitTestAdapter, Microsoft.VisualStudio.QualityTools.Tips.UnitTest.Adapter, Version=12.0.0.0, Culture=neutral, PublicKeyToken=b03f5f7f11d50a3a" className="Laminar.Automation.Services.SecurityWebApi.Test.TestMethods.TenantEndPointsTest, Laminar.Automation.Services.SecurityWebApi.Test, Version=1.0.0.0, Culture=neutral, PublicKeyToken=null" name="SecurityWebApi_GetTenantsAsync_HappyPath_SearchByTenantIdReturnsTenantInfo_525714" />
    </UnitTest>
    <UnitTest name="SecurityWebApi_GetInvitationByInvitationKey_HappyPath_479276" storage="c:\ngvl\sqa\automation\main\laminar.automation\laminar.automation.services.securitywebapi.test\bin\debug\laminar.automation.services.securitywebapi.test.dll" id="3b48abbd-f2f4-19fb-cc7d-3d9978791cf3">
      <Description>[API]: GET api/Invitation by invitation key - Verify the returned object values match with the values from the database invite table</Description>
      <TestCategory>
        <TestCategoryItem TestCategory="SecurityWebApi_Service" />
        <TestCategoryItem TestCategory="P1" />
        <TestCategoryItem TestCategory="AutoBVT" />
        <TestCategoryItem TestCategory="BL6Phase1" />
      </TestCategory>
      <Execution id="a357cdf2-d718-436e-9b84-9df164c831a6" />
      <Workitems>
        <Workitem>479276</Workitem>
      </Workitems>
      <Properties>
        <Property>
          <Key>__Internal_AsyncTypeName__</Key>
          <Value>Laminar.Automation.Services.SecurityWebApi.Test.TestMethods.InvitationTest+&lt;SecurityWebApi_GetInvitationByInvitationKey_HappyPath_479276&gt;d__2b</Value>
        </Property>
      </Properties>
      <TestMethod codeBase="C:/NGVL/SQA/Automation/Main/Laminar.Automation/Laminar.Automation.Services.SecurityWebApi.Test/bin/Debug/Laminar.Automation.Services.SecurityWebApi.Test.DLL" adapterTypeName="Microsoft.VisualStudio.TestTools.TestTypes.Unit.UnitTestAdapter, Microsoft.VisualStudio.QualityTools.Tips.UnitTest.Adapter, Version=12.0.0.0, Culture=neutral, PublicKeyToken=b03f5f7f11d50a3a" className="Laminar.Automation.Services.SecurityWebApi.Test.TestMethods.InvitationTest, Laminar.Automation.Services.SecurityWebApi.Test, Version=1.0.0.0, Culture=neutral, PublicKeyToken=null" name="SecurityWebApi_GetInvitationByInvitationKey_HappyPath_479276" />
    </UnitTest>
    <UnitTest name="SecurityWebApi_PostCloneExistingInvitation_PartnerAgreementCreator_HappyPath_499732" storage="c:\ngvl\sqa\automation\main\laminar.automation\laminar.automation.services.securitywebapi.test\bin\debug\laminar.automation.services.securitywebapi.test.dll" id="ea49b300-2b25-52bb-ca2d-0dfb0a6e2bfc">
      <Description>[API]: POST api/Invitation/{InvitationKey}/Clone - PartnerAgreementCreator user test</Description>
      <TestCategory>
        <TestCategoryItem TestCategory="SecurityWebApi_Service" />
        <TestCategoryItem TestCategory="P1" />
        <TestCategoryItem TestCategory="BL6Phase1" />
        <TestCategoryItem TestCategory="AutoBVT" />
      </TestCategory>
      <Execution id="1ed7faac-0d1e-4902-ad0d-75263b0260c1" />
      <Workitems>
        <Workitem>499732</Workitem>
      </Workitems>
      <Properties>
        <Property>
          <Key>__Internal_AsyncTypeName__</Key>
          <Value>Laminar.Automation.Services.SecurityWebApi.Test.TestMethods.InvitationTest+&lt;SecurityWebApi_PostCloneExistingInvitation_PartnerAgreementCreator_HappyPath_499732&gt;d__33e</Value>
        </Property>
      </Properties>
      <TestMethod codeBase="C:/NGVL/SQA/Automation/Main/Laminar.Automation/Laminar.Automation.Services.SecurityWebApi.Test/bin/Debug/Laminar.Automation.Services.SecurityWebApi.Test.DLL" adapterTypeName="Microsoft.VisualStudio.TestTools.TestTypes.Unit.UnitTestAdapter, Microsoft.VisualStudio.QualityTools.Tips.UnitTest.Adapter, Version=12.0.0.0, Culture=neutral, PublicKeyToken=b03f5f7f11d50a3a" className="Laminar.Automation.Services.SecurityWebApi.Test.TestMethods.InvitationTest, Laminar.Automation.Services.SecurityWebApi.Test, Version=1.0.0.0, Culture=neutral, PublicKeyToken=null" name="SecurityWebApi_PostCloneExistingInvitation_PartnerAgreementCreator_HappyPath_499732" />
    </UnitTest>
    <UnitTest name="SecurityWebApi_UpdateInvitation_HappyPath_491046" storage="c:\ngvl\sqa\automation\main\laminar.automation\laminar.automation.services.securitywebapi.test\bin\debug\laminar.automation.services.securitywebapi.test.dll" id="a03cc0b5-778a-a7f3-d54a-b2033a361a70">
      <Description>[API]: PUT api/Update invitation by invitation key - Verify data is properly updated in the database when a valid call is made</Description>
      <TestCategory>
        <TestCategoryItem TestCategory="SecurityWebApi_Service" />
        <TestCategoryItem TestCategory="P1" />
        <TestCategoryItem TestCategory="AutoBVT" />
        <TestCategoryItem TestCategory="BL6Phase1" />
      </TestCategory>
      <Execution id="61a8a5d5-9696-4ba0-874c-4959e65578f7" />
      <Workitems>
        <Workitem>491046</Workitem>
      </Workitems>
      <Properties>
        <Property>
          <Key>__Internal_AsyncTypeName__</Key>
          <Value>Laminar.Automation.Services.SecurityWebApi.Test.TestMethods.InvitationTest+&lt;SecurityWebApi_UpdateInvitation_HappyPath_491046&gt;d__222</Value>
        </Property>
      </Properties>
      <TestMethod codeBase="C:/NGVL/SQA/Automation/Main/Laminar.Automation/Laminar.Automation.Services.SecurityWebApi.Test/bin/Debug/Laminar.Automation.Services.SecurityWebApi.Test.DLL" adapterTypeName="Microsoft.VisualStudio.TestTools.TestTypes.Unit.UnitTestAdapter, Microsoft.VisualStudio.QualityTools.Tips.UnitTest.Adapter, Version=12.0.0.0, Culture=neutral, PublicKeyToken=b03f5f7f11d50a3a" className="Laminar.Automation.Services.SecurityWebApi.Test.TestMethods.InvitationTest, Laminar.Automation.Services.SecurityWebApi.Test, Version=1.0.0.0, Culture=neutral, PublicKeyToken=null" name="SecurityWebApi_UpdateInvitation_HappyPath_491046" />
    </UnitTest>
    <UnitTest name="SecurityWebApi_PostCloneExistingInvitation_CorrelationIDInResponseWhenNotInRequest_491155" storage="c:\ngvl\sqa\automation\main\laminar.automation\laminar.automation.services.securitywebapi.test\bin\debug\laminar.automation.services.securitywebapi.test.dll" id="914832d9-cbfb-2ca6-7d88-c2dd0b7f57fe">
      <Description>[API]: POST api/Invitation/{InvitationKey}/Clone - Verify Correlation ID is populated in the response header when it not supplied in the request header</Description>
      <TestCategory>
        <TestCategoryItem TestCategory="SecurityWebApi_Service" />
        <TestCategoryItem TestCategory="AutoBVT" />
        <TestCategoryItem TestCategory="P2" />
        <TestCategoryItem TestCategory="BL6Phase1" />
      </TestCategory>
      <Execution id="8a2b07f3-e5cb-4b37-a105-9738adb68f56" />
      <Workitems>
        <Workitem>491155</Workitem>
      </Workitems>
      <Properties>
        <Property>
          <Key>__Internal_AsyncTypeName__</Key>
          <Value>Laminar.Automation.Services.SecurityWebApi.Test.TestMethods.InvitationTest+&lt;SecurityWebApi_PostCloneExistingInvitation_CorrelationIDInResponseWhenNotInRequest_491155&gt;d__32e</Value>
        </Property>
      </Properties>
      <TestMethod codeBase="C:/NGVL/SQA/Automation/Main/Laminar.Automation/Laminar.Automation.Services.SecurityWebApi.Test/bin/Debug/Laminar.Automation.Services.SecurityWebApi.Test.DLL" adapterTypeName="Microsoft.VisualStudio.TestTools.TestTypes.Unit.UnitTestAdapter, Microsoft.VisualStudio.QualityTools.Tips.UnitTest.Adapter, Version=12.0.0.0, Culture=neutral, PublicKeyToken=b03f5f7f11d50a3a" className="Laminar.Automation.Services.SecurityWebApi.Test.TestMethods.InvitationTest, Laminar.Automation.Services.SecurityWebApi.Test, Version=1.0.0.0, Culture=neutral, PublicKeyToken=null" name="SecurityWebApi_PostCloneExistingInvitation_CorrelationIDInResponseWhenNotInRequest_491155" />
    </UnitTest>
    <UnitTest name="SecurityWebApi_PostTenantMaps_InvitationStatusIsProvisioned_CreatesTenantMap_518364" storage="c:\ngvl\sqa\automation\main\laminar.automation\laminar.automation.services.securitywebapi.test\bin\debug\laminar.automation.services.securitywebapi.test.dll" id="c7ce4ad0-1cb2-b26b-c275-7accd8d9034f">
      <Description>[API]: POST TenantMaps - Verify if Invitation Status is Provisioned, the service returns 201.</Description>
      <TestCategory>
        <TestCategoryItem TestCategory="SecurityWebApi_Service" />
        <TestCategoryItem TestCategory="P1" />
        <TestCategoryItem TestCategory="AutoBVT" />
      </TestCategory>
      <Execution id="30462295-79b1-42fd-85c1-7b9b14516d8c" />
      <Workitems>
        <Workitem>518364</Workitem>
      </Workitems>
      <Properties>
        <Property>
          <Key>__Internal_AsyncTypeName__</Key>
          <Value>Laminar.Automation.Services.SecurityWebApi.Test.TestMethods.TenantMapTest+&lt;SecurityWebApi_PostTenantMaps_InvitationStatusIsProvisioned_CreatesTenantMap_518364&gt;d__ae</Value>
        </Property>
      </Properties>
      <TestMethod codeBase="C:/NGVL/SQA/Automation/Main/Laminar.Automation/Laminar.Automation.Services.SecurityWebApi.Test/bin/Debug/Laminar.Automation.Services.SecurityWebApi.Test.DLL" adapterTypeName="Microsoft.VisualStudio.TestTools.TestTypes.Unit.UnitTestAdapter, Microsoft.VisualStudio.QualityTools.Tips.UnitTest.Adapter, Version=12.0.0.0, Culture=neutral, PublicKeyToken=b03f5f7f11d50a3a" className="Laminar.Automation.Services.SecurityWebApi.Test.TestMethods.TenantMapTest, Laminar.Automation.Services.SecurityWebApi.Test, Version=1.0.0.0, Culture=neutral, PublicKeyToken=null" name="SecurityWebApi_PostTenantMaps_InvitationStatusIsProvisioned_CreatesTenantMap_518364" />
    </UnitTest>
    <UnitTest name="SecurityWebApi_UpdateInvitation_CorrelationIDResponseRequestMatch_491028" storage="c:\ngvl\sqa\automation\main\laminar.automation\laminar.automation.services.securitywebapi.test\bin\debug\laminar.automation.services.securitywebapi.test.dll" id="ec971ded-de29-3a71-4393-021f2e5d11cf">
      <Description>[API]: PUT api/Update invitation by invitation key - Verify Correlation ID passed in request header (X-CorrelationId) matches Correlation ID returned in response header (X-CorrelationId)</Description>
      <TestCategory>
        <TestCategoryItem TestCategory="SecurityWebApi_Service" />
        <TestCategoryItem TestCategory="AutoBVT" />
        <TestCategoryItem TestCategory="P2" />
        <TestCategoryItem TestCategory="BL6Phase1" />
      </TestCategory>
      <Execution id="5328f7bd-e9a6-4d2f-86da-605846862105" />
      <Workitems>
        <Workitem>491028</Workitem>
      </Workitems>
      <Properties>
        <Property>
          <Key>__Internal_AsyncTypeName__</Key>
          <Value>Laminar.Automation.Services.SecurityWebApi.Test.TestMethods.InvitationTest+&lt;SecurityWebApi_UpdateInvitation_CorrelationIDResponseRequestMatch_491028&gt;d__1fd</Value>
        </Property>
      </Properties>
      <TestMethod codeBase="C:/NGVL/SQA/Automation/Main/Laminar.Automation/Laminar.Automation.Services.SecurityWebApi.Test/bin/Debug/Laminar.Automation.Services.SecurityWebApi.Test.DLL" adapterTypeName="Microsoft.VisualStudio.TestTools.TestTypes.Unit.UnitTestAdapter, Microsoft.VisualStudio.QualityTools.Tips.UnitTest.Adapter, Version=12.0.0.0, Culture=neutral, PublicKeyToken=b03f5f7f11d50a3a" className="Laminar.Automation.Services.SecurityWebApi.Test.TestMethods.InvitationTest, Laminar.Automation.Services.SecurityWebApi.Test, Version=1.0.0.0, Culture=neutral, PublicKeyToken=null" name="SecurityWebApi_UpdateInvitation_CorrelationIDResponseRequestMatch_491028" />
    </UnitTest>
    <UnitTest name="GetTenantMapsByIdTenantKeyLengthCheck_478047" storage="c:\ngvl\sqa\automation\main\laminar.automation\laminar.automation.services.securitywebapi.test\bin\debug\laminar.automation.services.securitywebapi.test.dll" id="ad297329-6bd8-6725-e8e0-8fdbd95a4462">
      <Description>[API]: GET Tenants/{id}/Maps - Verify the length of the tenantkey provided</Description>
      <TestCategory>
        <TestCategoryItem TestCategory="SecurityWebApi_Service" />
        <TestCategoryItem TestCategory="AutoBVT" />
        <TestCategoryItem TestCategory="P2" />
      </TestCategory>
      <Execution id="db762af9-18c1-4a90-9051-a9d972af5ce8" />
      <Workitems>
        <Workitem>478047</Workitem>
      </Workitems>
      <Properties>
        <Property>
          <Key>__Internal_AsyncTypeName__</Key>
          <Value>Laminar.Automation.Services.SecurityWebApi.Test.TestMethods.TenantEndPointsTest+&lt;GetTenantMapsByIdTenantKeyLengthCheck_478047&gt;d__ab</Value>
        </Property>
      </Properties>
      <TestMethod codeBase="C:/NGVL/SQA/Automation/Main/Laminar.Automation/Laminar.Automation.Services.SecurityWebApi.Test/bin/Debug/Laminar.Automation.Services.SecurityWebApi.Test.DLL" adapterTypeName="Microsoft.VisualStudio.TestTools.TestTypes.Unit.UnitTestAdapter, Microsoft.VisualStudio.QualityTools.Tips.UnitTest.Adapter, Version=12.0.0.0, Culture=neutral, PublicKeyToken=b03f5f7f11d50a3a" className="Laminar.Automation.Services.SecurityWebApi.Test.TestMethods.TenantEndPointsTest, Laminar.Automation.Services.SecurityWebApi.Test, Version=1.0.0.0, Culture=neutral, PublicKeyToken=null" name="GetTenantMapsByIdTenantKeyLengthCheck_478047" />
    </UnitTest>
    <UnitTest name="GetTenantMapsByIdAuthTokenIsProvided_478048" storage="c:\ngvl\sqa\automation\main\laminar.automation\laminar.automation.services.securitywebapi.test\bin\debug\laminar.automation.services.securitywebapi.test.dll" id="0a77e8df-59ab-b4e5-d5e6-04bed81e31c1">
      <Description>[API]: GET Tenants/{id}/Maps - Verify if the request contains Authorization token in request header and if not returns 401 status code</Description>
      <TestCategory>
        <TestCategoryItem TestCategory="SecurityWebApi_Service" />
        <TestCategoryItem TestCategory="AutoBVT" />
        <TestCategoryItem TestCategory="P2" />
      </TestCategory>
      <Execution id="457ef7de-e2be-4b11-a939-ebcd630df8ac" />
      <Workitems>
        <Workitem>478048</Workitem>
      </Workitems>
      <Properties>
        <Property>
          <Key>__Internal_AsyncTypeName__</Key>
          <Value>Laminar.Automation.Services.SecurityWebApi.Test.TestMethods.TenantEndPointsTest+&lt;GetTenantMapsByIdAuthTokenIsProvided_478048&gt;d__b0</Value>
        </Property>
      </Properties>
      <TestMethod codeBase="C:/NGVL/SQA/Automation/Main/Laminar.Automation/Laminar.Automation.Services.SecurityWebApi.Test/bin/Debug/Laminar.Automation.Services.SecurityWebApi.Test.DLL" adapterTypeName="Microsoft.VisualStudio.TestTools.TestTypes.Unit.UnitTestAdapter, Microsoft.VisualStudio.QualityTools.Tips.UnitTest.Adapter, Version=12.0.0.0, Culture=neutral, PublicKeyToken=b03f5f7f11d50a3a" className="Laminar.Automation.Services.SecurityWebApi.Test.TestMethods.TenantEndPointsTest, Laminar.Automation.Services.SecurityWebApi.Test, Version=1.0.0.0, Culture=neutral, PublicKeyToken=null" name="GetTenantMapsByIdAuthTokenIsProvided_478048" />
    </UnitTest>
    <UnitTest name="GetTenantByParNumber_NotFound_478036" storage="c:\ngvl\sqa\automation\main\laminar.automation\laminar.automation.services.securitywebapi.test\bin\debug\laminar.automation.services.securitywebapi.test.dll" id="267cf6ca-c077-7ff5-4cd4-1701cad896ac">
      <Description>[API]: GET api/Tenants by domain or PAR - Verify that 404 status code is returned if api is called with a PAR that is not available in tenantMap</Description>
      <TestCategory>
        <TestCategoryItem TestCategory="SecurityWebApi_Service" />
        <TestCategoryItem TestCategory="AutoBVT" />
        <TestCategoryItem TestCategory="P2" />
      </TestCategory>
      <Execution id="25739ad0-597d-4a1a-8f61-9656c211217f" />
      <Workitems>
        <Workitem>478036</Workitem>
      </Workitems>
      <Properties>
        <Property>
          <Key>__Internal_AsyncTypeName__</Key>
          <Value>Laminar.Automation.Services.SecurityWebApi.Test.TestMethods.TenantEndPointsTest+&lt;GetTenantByParNumber_NotFound_478036&gt;d__34</Value>
        </Property>
      </Properties>
      <TestMethod codeBase="C:/NGVL/SQA/Automation/Main/Laminar.Automation/Laminar.Automation.Services.SecurityWebApi.Test/bin/Debug/Laminar.Automation.Services.SecurityWebApi.Test.DLL" adapterTypeName="Microsoft.VisualStudio.TestTools.TestTypes.Unit.UnitTestAdapter, Microsoft.VisualStudio.QualityTools.Tips.UnitTest.Adapter, Version=12.0.0.0, Culture=neutral, PublicKeyToken=b03f5f7f11d50a3a" className="Laminar.Automation.Services.SecurityWebApi.Test.TestMethods.TenantEndPointsTest, Laminar.Automation.Services.SecurityWebApi.Test, Version=1.0.0.0, Culture=neutral, PublicKeyToken=null" name="GetTenantByParNumber_NotFound_478036" />
    </UnitTest>
    <UnitTest name="GetTenantByParNumber_HappyPath_478033" storage="c:\ngvl\sqa\automation\main\laminar.automation\laminar.automation.services.securitywebapi.test\bin\debug\laminar.automation.services.securitywebapi.test.dll" id="b965c27e-637e-a1b7-ae07-4b1f96c52515">
      <Description>[API]: GET api/Tenants by domain or PAR- Verify that tenant data is returned for the PAR number that exists in the tenantmap and the tenant data returned has domain info in it with 200 status code</Description>
      <TestCategory>
        <TestCategoryItem TestCategory="SecurityWebApi_Service" />
        <TestCategoryItem TestCategory="P1" />
        <TestCategoryItem TestCategory="AutoBVT" />
      </TestCategory>
      <Execution id="d8df21ac-f309-44ec-8669-e9fb01117caa" />
      <Workitems>
        <Workitem>478033</Workitem>
      </Workitems>
      <Properties>
        <Property>
          <Key>__Internal_AsyncTypeName__</Key>
          <Value>Laminar.Automation.Services.SecurityWebApi.Test.TestMethods.TenantEndPointsTest+&lt;GetTenantByParNumber_HappyPath_478033&gt;d__8</Value>
        </Property>
      </Properties>
      <TestMethod codeBase="C:/NGVL/SQA/Automation/Main/Laminar.Automation/Laminar.Automation.Services.SecurityWebApi.Test/bin/Debug/Laminar.Automation.Services.SecurityWebApi.Test.DLL" adapterTypeName="Microsoft.VisualStudio.TestTools.TestTypes.Unit.UnitTestAdapter, Microsoft.VisualStudio.QualityTools.Tips.UnitTest.Adapter, Version=12.0.0.0, Culture=neutral, PublicKeyToken=b03f5f7f11d50a3a" className="Laminar.Automation.Services.SecurityWebApi.Test.TestMethods.TenantEndPointsTest, Laminar.Automation.Services.SecurityWebApi.Test, Version=1.0.0.0, Culture=neutral, PublicKeyToken=null" name="GetTenantByParNumber_HappyPath_478033" />
    </UnitTest>
    <UnitTest name="SecurityWebApi_Claims_Request_Without_Object_Id_Parameter_Returns_NotFound" storage="c:\ngvl\sqa\automation\main\laminar.automation\laminar.automation.services.securitywebapi.test\bin\debug\laminar.automation.services.securitywebapi.test.dll" id="910868a9-ae8b-d72b-be63-c6f011cd4b60">
      <Description>[API]: GET Claims/{id} - Verify that the endpoint returns Not found if the route has no object id parameter</Description>
      <TestCategory>
        <TestCategoryItem TestCategory="SecurityWebApi_Service" />
        <TestCategoryItem TestCategory="AutoBVT" />
        <TestCategoryItem TestCategory="P2" />
      </TestCategory>
      <Execution id="a6a08093-a618-4335-b621-833cced9f2b8" />
      <Workitems>
        <Workitem>548817</Workitem>
      </Workitems>
      <Properties>
        <Property>
          <Key>__Internal_AsyncTypeName__</Key>
          <Value>Laminar.Automation.Services.SecurityWebApi.Test.TestMethods.ClaimsEndpointTest+&lt;SecurityWebApi_Claims_Request_Without_Object_Id_Parameter_Returns_NotFound&gt;d__20</Value>
        </Property>
      </Properties>
      <TestMethod codeBase="C:/NGVL/SQA/Automation/Main/Laminar.Automation/Laminar.Automation.Services.SecurityWebApi.Test/bin/Debug/Laminar.Automation.Services.SecurityWebApi.Test.DLL" adapterTypeName="Microsoft.VisualStudio.TestTools.TestTypes.Unit.UnitTestAdapter, Microsoft.VisualStudio.QualityTools.Tips.UnitTest.Adapter, Version=12.0.0.0, Culture=neutral, PublicKeyToken=b03f5f7f11d50a3a" className="Laminar.Automation.Services.SecurityWebApi.Test.TestMethods.ClaimsEndpointTest, Laminar.Automation.Services.SecurityWebApi.Test, Version=1.0.0.0, Culture=neutral, PublicKeyToken=null" name="SecurityWebApi_Claims_Request_Without_Object_Id_Parameter_Returns_NotFound" />
    </UnitTest>
    <UnitTest name="SecurityWebApi_GetInvitationByInvitationKey_PartnerAgreementCreator_HappyPath_499710" storage="c:\ngvl\sqa\automation\main\laminar.automation\laminar.automation.services.securitywebapi.test\bin\debug\laminar.automation.services.securitywebapi.test.dll" id="3809d138-1d94-3cf8-9cad-c9b27e3bd5d8">
      <Description>[API]: GET api/Invitation by invitation key - PartnerAgreementCreator user test</Description>
      <TestCategory>
        <TestCategoryItem TestCategory="SecurityWebApi_Service" />
        <TestCategoryItem TestCategory="P1" />
        <TestCategoryItem TestCategory="AutoBVT" />
        <TestCategoryItem TestCategory="BL6Phase1" />
      </TestCategory>
      <Execution id="c5f44be1-5042-47e3-b604-eab65276dde0" />
      <Workitems>
        <Workitem>499710</Workitem>
      </Workitems>
      <Properties>
        <Property>
          <Key>__Internal_AsyncTypeName__</Key>
          <Value>Laminar.Automation.Services.SecurityWebApi.Test.TestMethods.InvitationTest+&lt;SecurityWebApi_GetInvitationByInvitationKey_PartnerAgreementCreator_HappyPath_499710&gt;d__79</Value>
        </Property>
      </Properties>
      <TestMethod codeBase="C:/NGVL/SQA/Automation/Main/Laminar.Automation/Laminar.Automation.Services.SecurityWebApi.Test/bin/Debug/Laminar.Automation.Services.SecurityWebApi.Test.DLL" adapterTypeName="Microsoft.VisualStudio.TestTools.TestTypes.Unit.UnitTestAdapter, Microsoft.VisualStudio.QualityTools.Tips.UnitTest.Adapter, Version=12.0.0.0, Culture=neutral, PublicKeyToken=b03f5f7f11d50a3a" className="Laminar.Automation.Services.SecurityWebApi.Test.TestMethods.InvitationTest, Laminar.Automation.Services.SecurityWebApi.Test, Version=1.0.0.0, Culture=neutral, PublicKeyToken=null" name="SecurityWebApi_GetInvitationByInvitationKey_PartnerAgreementCreator_HappyPath_499710" />
    </UnitTest>
    <UnitTest name="SecurityWebApi_GetTenantMapBySearchCriteria_MalformedAuthHeader_491050" storage="c:\ngvl\sqa\automation\main\laminar.automation\laminar.automation.services.securitywebapi.test\bin\debug\laminar.automation.services.securitywebapi.test.dll" id="314d0e83-13b1-3d92-9a68-ce36ffb6f972">
      <Description>[API]:  GET /api/TenantMaps?PARNumbers... Verify 401 response code for service call when called with malformed authorization header</Description>
      <TestCategory>
        <TestCategoryItem TestCategory="SecurityWebApi_Service" />
        <TestCategoryItem TestCategory="P1" />
        <TestCategoryItem TestCategory="AutoBVT" />
      </TestCategory>
      <Execution id="fe2ff84c-463a-49f3-92a6-86660a5b3a9f" />
      <Workitems>
        <Workitem>491050</Workitem>
      </Workitems>
      <Properties>
        <Property>
          <Key>__Internal_AsyncTypeName__</Key>
          <Value>Laminar.Automation.Services.SecurityWebApi.Test.TestMethods.TenantMapTest+&lt;SecurityWebApi_GetTenantMapBySearchCriteria_MalformedAuthHeader_491050&gt;d__1c</Value>
        </Property>
      </Properties>
      <TestMethod codeBase="C:/NGVL/SQA/Automation/Main/Laminar.Automation/Laminar.Automation.Services.SecurityWebApi.Test/bin/Debug/Laminar.Automation.Services.SecurityWebApi.Test.DLL" adapterTypeName="Microsoft.VisualStudio.TestTools.TestTypes.Unit.UnitTestAdapter, Microsoft.VisualStudio.QualityTools.Tips.UnitTest.Adapter, Version=12.0.0.0, Culture=neutral, PublicKeyToken=b03f5f7f11d50a3a" className="Laminar.Automation.Services.SecurityWebApi.Test.TestMethods.TenantMapTest, Laminar.Automation.Services.SecurityWebApi.Test, Version=1.0.0.0, Culture=neutral, PublicKeyToken=null" name="SecurityWebApi_GetTenantMapBySearchCriteria_MalformedAuthHeader_491050" />
    </UnitTest>
    <UnitTest name="SecurityWebApi_CreateSupportInvitationWithBaseSupportInfo_VerifyAndCleanup_526541" storage="c:\ngvl\sqa\automation\main\laminar.automation\laminar.automation.services.securitywebapi.test\bin\debug\laminar.automation.services.securitywebapi.test.dll" id="9da6946f-2e06-32eb-438b-d33c1f70a3aa">
      <TestCategory>
        <TestCategoryItem TestCategory="SecurityWebApi_Service" />
        <TestCategoryItem TestCategory="AutoBVT" />
        <TestCategoryItem TestCategory="P2" />
      </TestCategory>
      <Execution id="59bd096b-b816-4f5e-be88-0e34c45042b4" />
      <Workitems>
        <Workitem>526541</Workitem>
      </Workitems>
      <TestMethod codeBase="C:/NGVL/SQA/Automation/Main/Laminar.Automation/Laminar.Automation.Services.SecurityWebApi.Test/bin/Debug/Laminar.Automation.Services.SecurityWebApi.Test.DLL" adapterTypeName="Microsoft.VisualStudio.TestTools.TestTypes.Unit.UnitTestAdapter, Microsoft.VisualStudio.QualityTools.Tips.UnitTest.Adapter, Version=12.0.0.0, Culture=neutral, PublicKeyToken=b03f5f7f11d50a3a" className="Laminar.Automation.Services.SecurityWebApi.Test.TestMethods.InvitationTest, Laminar.Automation.Services.SecurityWebApi.Test, Version=1.0.0.0, Culture=neutral, PublicKeyToken=null" name="SecurityWebApi_CreateSupportInvitationWithBaseSupportInfo_VerifyAndCleanup_526541" />
    </UnitTest>
    <UnitTest name="SecurityWebApi_gzip_498077" storage="c:\ngvl\sqa\automation\main\laminar.automation\laminar.automation.services.securitywebapi.test\bin\debug\laminar.automation.services.securitywebapi.test.dll" id="ffc21d99-9fee-8a98-e253-4a983abc386d">
      <Description>[API]: Versify gzip compression</Description>
      <TestCategory>
        <TestCategoryItem TestCategory="SecurityWebApi_Service" />
        <TestCategoryItem TestCategory="P1" />
        <TestCategoryItem TestCategory="AutoBVT" />
        <TestCategoryItem TestCategory="BL6Phase1" />
      </TestCategory>
      <Execution id="66c040fa-b0d0-497e-8ea2-5e3ac064ab4f" />
      <Workitems>
        <Workitem>498077</Workitem>
      </Workitems>
      <Properties>
        <Property>
          <Key>__Internal_AsyncTypeName__</Key>
          <Value>Laminar.Automation.Services.SecurityWebApi.Test.TestMethods.InvitationTest+&lt;SecurityWebApi_gzip_498077&gt;d__a</Value>
        </Property>
      </Properties>
      <TestMethod codeBase="C:/NGVL/SQA/Automation/Main/Laminar.Automation/Laminar.Automation.Services.SecurityWebApi.Test/bin/Debug/Laminar.Automation.Services.SecurityWebApi.Test.DLL" adapterTypeName="Microsoft.VisualStudio.TestTools.TestTypes.Unit.UnitTestAdapter, Microsoft.VisualStudio.QualityTools.Tips.UnitTest.Adapter, Version=12.0.0.0, Culture=neutral, PublicKeyToken=b03f5f7f11d50a3a" className="Laminar.Automation.Services.SecurityWebApi.Test.TestMethods.InvitationTest, Laminar.Automation.Services.SecurityWebApi.Test, Version=1.0.0.0, Culture=neutral, PublicKeyToken=null" name="SecurityWebApi_gzip_498077" />
    </UnitTest>
    <UnitTest name="SecurityWebApi_GetTenantMapBySearchCriteria_PartnerNotAgreementApproverOrCreator_499746" storage="c:\ngvl\sqa\automation\main\laminar.automation\laminar.automation.services.securitywebapi.test\bin\debug\laminar.automation.services.securitywebapi.test.dll" id="06294243-7a2e-d995-0a8a-923ed84dc423">
      <Description>[API]: GET /api/TenantMaps?PARNumbers... Partner is not an agreement approver or creator user test</Description>
      <TestCategory>
        <TestCategoryItem TestCategory="SecurityWebApi_Service" />
        <TestCategoryItem TestCategory="P1" />
        <TestCategoryItem TestCategory="AutoBVT" />
      </TestCategory>
      <Execution id="ce514346-45a2-422b-96b3-3fff80e8cbc7" />
      <Workitems>
        <Workitem>499746</Workitem>
      </Workitems>
      <Properties>
        <Property>
          <Key>__Internal_AsyncTypeName__</Key>
          <Value>Laminar.Automation.Services.SecurityWebApi.Test.TestMethods.TenantMapTest+&lt;SecurityWebApi_GetTenantMapBySearchCriteria_PartnerNotAgreementApproverOrCreator_499746&gt;d__85</Value>
        </Property>
      </Properties>
      <TestMethod codeBase="C:/NGVL/SQA/Automation/Main/Laminar.Automation/Laminar.Automation.Services.SecurityWebApi.Test/bin/Debug/Laminar.Automation.Services.SecurityWebApi.Test.DLL" adapterTypeName="Microsoft.VisualStudio.TestTools.TestTypes.Unit.UnitTestAdapter, Microsoft.VisualStudio.QualityTools.Tips.UnitTest.Adapter, Version=12.0.0.0, Culture=neutral, PublicKeyToken=b03f5f7f11d50a3a" className="Laminar.Automation.Services.SecurityWebApi.Test.TestMethods.TenantMapTest, Laminar.Automation.Services.SecurityWebApi.Test, Version=1.0.0.0, Culture=neutral, PublicKeyToken=null" name="SecurityWebApi_GetTenantMapBySearchCriteria_PartnerNotAgreementApproverOrCreator_499746" />
    </UnitTest>
    <UnitTest name="SecurityWebApi_PostCloneExistingInvitation_HappyPath_491170" storage="c:\ngvl\sqa\automation\main\laminar.automation\laminar.automation.services.securitywebapi.test\bin\debug\laminar.automation.services.securitywebapi.test.dll" id="f3fcdce5-cf05-dc16-dac5-65e1c6109c2d">
      <Description>[API]: POST api/Invitation/{InvitationKey}/Clone - Verify the status of the Invitation with the InvitationID that was in the URL is does not change status was not expired or pending</Description>
      <TestCategory>
        <TestCategoryItem TestCategory="SecurityWebApi_Service" />
        <TestCategoryItem TestCategory="P1" />
        <TestCategoryItem TestCategory="AutoBVT" />
        <TestCategoryItem TestCategory="BL6Phase1" />
      </TestCategory>
      <Execution id="ee964e12-08a0-4e19-95cc-2da769d4bf0a" />
      <Workitems>
        <Workitem>491170</Workitem>
      </Workitems>
      <Properties>
        <Property>
          <Key>__Internal_AsyncTypeName__</Key>
          <Value>Laminar.Automation.Services.SecurityWebApi.Test.TestMethods.InvitationTest+&lt;SecurityWebApi_PostCloneExistingInvitation_HappyPath_491170&gt;d__2d0</Value>
        </Property>
      </Properties>
      <TestMethod codeBase="C:/NGVL/SQA/Automation/Main/Laminar.Automation/Laminar.Automation.Services.SecurityWebApi.Test/bin/Debug/Laminar.Automation.Services.SecurityWebApi.Test.DLL" adapterTypeName="Microsoft.VisualStudio.TestTools.TestTypes.Unit.UnitTestAdapter, Microsoft.VisualStudio.QualityTools.Tips.UnitTest.Adapter, Version=12.0.0.0, Culture=neutral, PublicKeyToken=b03f5f7f11d50a3a" className="Laminar.Automation.Services.SecurityWebApi.Test.TestMethods.InvitationTest, Laminar.Automation.Services.SecurityWebApi.Test, Version=1.0.0.0, Culture=neutral, PublicKeyToken=null" name="SecurityWebApi_PostCloneExistingInvitation_HappyPath_491170" />
    </UnitTest>
    <UnitTest name="SecurityWebApi_PostCloneExistingInvitation_CorrelationIDResponseRequestMatch_491160" storage="c:\ngvl\sqa\automation\main\laminar.automation\laminar.automation.services.securitywebapi.test\bin\debug\laminar.automation.services.securitywebapi.test.dll" id="507303e3-3ca0-961b-9c4c-148125a871a5">
      <Description>[API]: POST api/Invitation/{InvitationKey}/Clone - Verify Correlation ID passed in request header (X-CorrelationId) matches Correlation ID returned in response header (X-CorrelationId)</Description>
      <TestCategory>
        <TestCategoryItem TestCategory="SecurityWebApi_Service" />
        <TestCategoryItem TestCategory="AutoBVT" />
        <TestCategoryItem TestCategory="P2" />
        <TestCategoryItem TestCategory="BL6Phase1" />
      </TestCategory>
      <Execution id="92b328aa-e8a9-4ed6-8b89-739ddbd637d1" />
      <Workitems>
        <Workitem>491160</Workitem>
      </Workitems>
      <Properties>
        <Property>
          <Key>__Internal_AsyncTypeName__</Key>
          <Value>Laminar.Automation.Services.SecurityWebApi.Test.TestMethods.InvitationTest+&lt;SecurityWebApi_PostCloneExistingInvitation_CorrelationIDResponseRequestMatch_491160&gt;d__31f</Value>
        </Property>
      </Properties>
      <TestMethod codeBase="C:/NGVL/SQA/Automation/Main/Laminar.Automation/Laminar.Automation.Services.SecurityWebApi.Test/bin/Debug/Laminar.Automation.Services.SecurityWebApi.Test.DLL" adapterTypeName="Microsoft.VisualStudio.TestTools.TestTypes.Unit.UnitTestAdapter, Microsoft.VisualStudio.QualityTools.Tips.UnitTest.Adapter, Version=12.0.0.0, Culture=neutral, PublicKeyToken=b03f5f7f11d50a3a" className="Laminar.Automation.Services.SecurityWebApi.Test.TestMethods.InvitationTest, Laminar.Automation.Services.SecurityWebApi.Test, Version=1.0.0.0, Culture=neutral, PublicKeyToken=null" name="SecurityWebApi_PostCloneExistingInvitation_CorrelationIDResponseRequestMatch_491160" />
    </UnitTest>
    <UnitTest name="SecurityWebApi_GetInvitationBySearchCriteria_PurchasingAccountNumbers_NoRecordsFound_548080" storage="c:\ngvl\sqa\automation\main\laminar.automation\laminar.automation.services.securitywebapi.test\bin\debug\laminar.automation.services.securitywebapi.test.dll" id="8564f1be-4c92-df63-4cad-41bd9ba4bdd7">
      <Description>[API]: GET api/Invitation?PurchasingAccountNumbers... by search criteria - Verify that no invite data is returned for passed in PurchasingAccountNumbers(s) with 200 status code if no invite row was found</Description>
      <TestCategory>
        <TestCategoryItem TestCategory="SecurityWebApi_Service" />
        <TestCategoryItem TestCategory="AutoBVT" />
        <TestCategoryItem TestCategory="P2" />
        <TestCategoryItem TestCategory="BL6Phase2" />
      </TestCategory>
      <Execution id="85733d89-bf12-477b-9f38-0adcf26fc2b4" />
      <Workitems>
        <Workitem>548080</Workitem>
      </Workitems>
      <Properties>
        <Property>
          <Key>__Internal_AsyncTypeName__</Key>
          <Value>Laminar.Automation.Services.SecurityWebApi.Test.TestMethods.InvitationTest+&lt;SecurityWebApi_GetInvitationBySearchCriteria_PurchasingAccountNumbers_NoRecordsFound_548080&gt;d__bc</Value>
        </Property>
      </Properties>
      <TestMethod codeBase="C:/NGVL/SQA/Automation/Main/Laminar.Automation/Laminar.Automation.Services.SecurityWebApi.Test/bin/Debug/Laminar.Automation.Services.SecurityWebApi.Test.DLL" adapterTypeName="Microsoft.VisualStudio.TestTools.TestTypes.Unit.UnitTestAdapter, Microsoft.VisualStudio.QualityTools.Tips.UnitTest.Adapter, Version=12.0.0.0, Culture=neutral, PublicKeyToken=b03f5f7f11d50a3a" className="Laminar.Automation.Services.SecurityWebApi.Test.TestMethods.InvitationTest, Laminar.Automation.Services.SecurityWebApi.Test, Version=1.0.0.0, Culture=neutral, PublicKeyToken=null" name="SecurityWebApi_GetInvitationBySearchCriteria_PurchasingAccountNumbers_NoRecordsFound_548080" />
    </UnitTest>
    <UnitTest name="SecurityWebApi_CreatePartnerUser_Success_622564" storage="c:\ngvl\sqa\automation\main\laminar.automation\laminar.automation.services.securitywebapi.test\bin\debug\laminar.automation.services.securitywebapi.test.dll" id="7fe2854a-9b2c-ad99-4a27-265cb778a384">
      <Description>[API]: POST Users - Verify that Created (201) status code is returned and Partner User is created in userProfile table for new users and Partner roles are assigned</Description>
      <TestCategory>
        <TestCategoryItem TestCategory="SecurityWebApi_Service" />
        <TestCategoryItem TestCategory="P1" />
        <TestCategoryItem TestCategory="AutoBVT" />
      </TestCategory>
      <Execution id="5ab0da38-80e6-4448-9ff0-362e187a77d2" />
      <Workitems>
        <Workitem>622564</Workitem>
      </Workitems>
      <Properties>
        <Property>
          <Key>__Internal_AsyncTypeName__</Key>
          <Value>Laminar.Automation.Services.SecurityWebApi.Test.TestMethods.UserEndPointsTest+&lt;SecurityWebApi_CreatePartnerUser_Success_622564&gt;d__5e</Value>
        </Property>
      </Properties>
      <TestMethod codeBase="C:/NGVL/SQA/Automation/Main/Laminar.Automation/Laminar.Automation.Services.SecurityWebApi.Test/bin/Debug/Laminar.Automation.Services.SecurityWebApi.Test.DLL" adapterTypeName="Microsoft.VisualStudio.TestTools.TestTypes.Unit.UnitTestAdapter, Microsoft.VisualStudio.QualityTools.Tips.UnitTest.Adapter, Version=12.0.0.0, Culture=neutral, PublicKeyToken=b03f5f7f11d50a3a" className="Laminar.Automation.Services.SecurityWebApi.Test.TestMethods.UserEndPointsTest, Laminar.Automation.Services.SecurityWebApi.Test, Version=1.0.0.0, Culture=neutral, PublicKeyToken=null" name="SecurityWebApi_CreatePartnerUser_Success_622564" />
    </UnitTest>
    <UnitTest name="GetTenantAdminsByIdReturnedTenantAdminsFromGraphMatches_478050" storage="c:\ngvl\sqa\automation\main\laminar.automation\laminar.automation.services.securitywebapi.test\bin\debug\laminar.automation.services.securitywebapi.test.dll" id="985f1a9e-20f3-2733-24ef-fb05620322e7">
      <Description>[API]: GET Tenants/{id}/Admins - Verify that Aad admin users are returned from graph if tenant found with 200 status code</Description>
      <TestCategory>
        <TestCategoryItem TestCategory="SecurityWebApi_Service" />
        <TestCategoryItem TestCategory="P1" />
        <TestCategoryItem TestCategory="AutoBVT" />
      </TestCategory>
      <Execution id="64a67831-89dc-4745-b827-5470713cba3b" />
      <Workitems>
        <Workitem>478050</Workitem>
      </Workitems>
      <Properties>
        <Property>
          <Key>__Internal_AsyncTypeName__</Key>
          <Value>Laminar.Automation.Services.SecurityWebApi.Test.TestMethods.TenantEndPointsTest+&lt;GetTenantAdminsByIdReturnedTenantAdminsFromGraphMatches_478050&gt;d__bc</Value>
        </Property>
      </Properties>
      <TestMethod codeBase="C:/NGVL/SQA/Automation/Main/Laminar.Automation/Laminar.Automation.Services.SecurityWebApi.Test/bin/Debug/Laminar.Automation.Services.SecurityWebApi.Test.DLL" adapterTypeName="Microsoft.VisualStudio.TestTools.TestTypes.Unit.UnitTestAdapter, Microsoft.VisualStudio.QualityTools.Tips.UnitTest.Adapter, Version=12.0.0.0, Culture=neutral, PublicKeyToken=b03f5f7f11d50a3a" className="Laminar.Automation.Services.SecurityWebApi.Test.TestMethods.TenantEndPointsTest, Laminar.Automation.Services.SecurityWebApi.Test, Version=1.0.0.0, Culture=neutral, PublicKeyToken=null" name="GetTenantAdminsByIdReturnedTenantAdminsFromGraphMatches_478050" />
    </UnitTest>
    <UnitTest name="SecurityWebApi_CreateFieldUser_Success_622568" storage="c:\ngvl\sqa\automation\main\laminar.automation\laminar.automation.services.securitywebapi.test\bin\debug\laminar.automation.services.securitywebapi.test.dll" id="c52169da-5920-8b08-31e2-b44c4a495b2a">
      <Description>[API]: POST Users - Verify that Created (201) status code is returned and Field User is created in userProfile table for new users and Field roles are assigned</Description>
      <TestCategory>
        <TestCategoryItem TestCategory="SecurityWebApi_Service" />
        <TestCategoryItem TestCategory="P1" />
        <TestCategoryItem TestCategory="AutoBVT" />
      </TestCategory>
      <Execution id="8960f6a1-984b-4775-85b4-ec9aeeab671d" />
      <Workitems>
        <Workitem>622568</Workitem>
      </Workitems>
      <Properties>
        <Property>
          <Key>__Internal_AsyncTypeName__</Key>
          <Value>Laminar.Automation.Services.SecurityWebApi.Test.TestMethods.UserEndPointsTest+&lt;SecurityWebApi_CreateFieldUser_Success_622568&gt;d__80</Value>
        </Property>
      </Properties>
      <TestMethod codeBase="C:/NGVL/SQA/Automation/Main/Laminar.Automation/Laminar.Automation.Services.SecurityWebApi.Test/bin/Debug/Laminar.Automation.Services.SecurityWebApi.Test.DLL" adapterTypeName="Microsoft.VisualStudio.TestTools.TestTypes.Unit.UnitTestAdapter, Microsoft.VisualStudio.QualityTools.Tips.UnitTest.Adapter, Version=12.0.0.0, Culture=neutral, PublicKeyToken=b03f5f7f11d50a3a" className="Laminar.Automation.Services.SecurityWebApi.Test.TestMethods.UserEndPointsTest, Laminar.Automation.Services.SecurityWebApi.Test, Version=1.0.0.0, Culture=neutral, PublicKeyToken=null" name="SecurityWebApi_CreateFieldUser_Success_622568" />
    </UnitTest>
    <UnitTest name="SecurityWebApi_DeleteTenantMap_HappyPath_Success_625191" storage="c:\ngvl\sqa\automation\main\laminar.automation\laminar.automation.services.securitywebapi.test\bin\debug\laminar.automation.services.securitywebapi.test.dll" id="a710f029-6d0f-90c0-6f57-949ca8920279">
      <Description>[API]: DELETE TenantMap - Verify that Ok (200) status code is returned if user deletes an existing TenantMap</Description>
      <TestCategory>
        <TestCategoryItem TestCategory="SecurityWebApi_Service" />
        <TestCategoryItem TestCategory="P1" />
        <TestCategoryItem TestCategory="AutoBVT" />
      </TestCategory>
      <Execution id="0831d088-142c-4a5b-8f99-4b7e6bc66cf9" />
      <Workitems>
        <Workitem>625191</Workitem>
      </Workitems>
      <Properties>
        <Property>
          <Key>__Internal_AsyncTypeName__</Key>
          <Value>Laminar.Automation.Services.SecurityWebApi.Test.TestMethods.TenantMapTest+&lt;SecurityWebApi_DeleteTenantMap_HappyPath_Success_625191&gt;d__d6</Value>
        </Property>
      </Properties>
      <TestMethod codeBase="C:/NGVL/SQA/Automation/Main/Laminar.Automation/Laminar.Automation.Services.SecurityWebApi.Test/bin/Debug/Laminar.Automation.Services.SecurityWebApi.Test.DLL" adapterTypeName="Microsoft.VisualStudio.TestTools.TestTypes.Unit.UnitTestAdapter, Microsoft.VisualStudio.QualityTools.Tips.UnitTest.Adapter, Version=12.0.0.0, Culture=neutral, PublicKeyToken=b03f5f7f11d50a3a" className="Laminar.Automation.Services.SecurityWebApi.Test.TestMethods.TenantMapTest, Laminar.Automation.Services.SecurityWebApi.Test, Version=1.0.0.0, Culture=neutral, PublicKeyToken=null" name="SecurityWebApi_DeleteTenantMap_HappyPath_Success_625191" />
    </UnitTest>
    <UnitTest name="SecurityWebApi_CreateOperationsUser_Success_622567" storage="c:\ngvl\sqa\automation\main\laminar.automation\laminar.automation.services.securitywebapi.test\bin\debug\laminar.automation.services.securitywebapi.test.dll" id="74eb5e02-c583-06da-ee17-7bd57277a6e0">
      <Description>[API]: POST Users - Verify that Created (201) status code is returned and Operations User is created in userProfile table for new users and Operations roles are assigned</Description>
      <TestCategory>
        <TestCategoryItem TestCategory="SecurityWebApi_Service" />
        <TestCategoryItem TestCategory="P1" />
        <TestCategoryItem TestCategory="AutoBVT" />
      </TestCategory>
      <Execution id="bbf4dbed-9dfa-4709-af72-2ea2018911b8" />
      <Workitems>
        <Workitem>622567</Workitem>
      </Workitems>
      <Properties>
        <Property>
          <Key>__Internal_AsyncTypeName__</Key>
          <Value>Laminar.Automation.Services.SecurityWebApi.Test.TestMethods.UserEndPointsTest+&lt;SecurityWebApi_CreateOperationsUser_Success_622567&gt;d__76</Value>
        </Property>
      </Properties>
      <TestMethod codeBase="C:/NGVL/SQA/Automation/Main/Laminar.Automation/Laminar.Automation.Services.SecurityWebApi.Test/bin/Debug/Laminar.Automation.Services.SecurityWebApi.Test.DLL" adapterTypeName="Microsoft.VisualStudio.TestTools.TestTypes.Unit.UnitTestAdapter, Microsoft.VisualStudio.QualityTools.Tips.UnitTest.Adapter, Version=12.0.0.0, Culture=neutral, PublicKeyToken=b03f5f7f11d50a3a" className="Laminar.Automation.Services.SecurityWebApi.Test.TestMethods.UserEndPointsTest, Laminar.Automation.Services.SecurityWebApi.Test, Version=1.0.0.0, Culture=neutral, PublicKeyToken=null" name="SecurityWebApi_CreateOperationsUser_Success_622567" />
    </UnitTest>
    <UnitTest name="GetUsersByAccountAndRolesAuthTokenProvided_478063" storage="c:\ngvl\sqa\automation\main\laminar.automation\laminar.automation.services.securitywebapi.test\bin\debug\laminar.automation.services.securitywebapi.test.dll" id="89009c2d-c1b7-d737-4689-df5fe1c54ddf">
      <Description>[API]: GET Users/{account}/Roles/{roles}/ - Verify if the request contains Authorization token in request header and if not returns 401 status code</Description>
      <TestCategory>
        <TestCategoryItem TestCategory="SecurityWebApi_Service" />
        <TestCategoryItem TestCategory="AutoBVT" />
        <TestCategoryItem TestCategory="P2" />
      </TestCategory>
      <Execution id="bd5fdce8-8aec-4a71-b19d-26b14ab75b22" />
      <Workitems>
        <Workitem>478063</Workitem>
      </Workitems>
      <Properties>
        <Property>
          <Key>__Internal_AsyncTypeName__</Key>
          <Value>Laminar.Automation.Services.SecurityWebApi.Test.TestMethods.UserEndPointsTest+&lt;GetUsersByAccountAndRolesAuthTokenProvided_478063&gt;d__34</Value>
        </Property>
      </Properties>
      <TestMethod codeBase="C:/NGVL/SQA/Automation/Main/Laminar.Automation/Laminar.Automation.Services.SecurityWebApi.Test/bin/Debug/Laminar.Automation.Services.SecurityWebApi.Test.DLL" adapterTypeName="Microsoft.VisualStudio.TestTools.TestTypes.Unit.UnitTestAdapter, Microsoft.VisualStudio.QualityTools.Tips.UnitTest.Adapter, Version=12.0.0.0, Culture=neutral, PublicKeyToken=b03f5f7f11d50a3a" className="Laminar.Automation.Services.SecurityWebApi.Test.TestMethods.UserEndPointsTest, Laminar.Automation.Services.SecurityWebApi.Test, Version=1.0.0.0, Culture=neutral, PublicKeyToken=null" name="GetUsersByAccountAndRolesAuthTokenProvided_478063" />
    </UnitTest>
    <UnitTest name="SecurityWebApi_PostCloneExistingInvitation_MalformedAuthHeader_479300" storage="c:\ngvl\sqa\automation\main\laminar.automation\laminar.automation.services.securitywebapi.test\bin\debug\laminar.automation.services.securitywebapi.test.dll" id="013e7a8e-3d61-a277-87ea-384a2c600c3d">
      <Description>[API]: POST api/Invitation/{InvitationKey}/Clone - Verify 401 response code for service call when called with malformed authorization header</Description>
      <TestCategory>
        <TestCategoryItem TestCategory="SecurityWebApi_Service" />
        <TestCategoryItem TestCategory="P1" />
        <TestCategoryItem TestCategory="AutoBVT" />
        <TestCategoryItem TestCategory="BL6Phase1" />
      </TestCategory>
      <Execution id="147c04c3-c2aa-4fe0-adc8-6921e9867a5f" />
      <Workitems>
        <Workitem>479300</Workitem>
      </Workitems>
      <Properties>
        <Property>
          <Key>__Internal_AsyncTypeName__</Key>
          <Value>Laminar.Automation.Services.SecurityWebApi.Test.TestMethods.InvitationTest+&lt;SecurityWebApi_PostCloneExistingInvitation_MalformedAuthHeader_479300&gt;d__2e4</Value>
        </Property>
      </Properties>
      <TestMethod codeBase="C:/NGVL/SQA/Automation/Main/Laminar.Automation/Laminar.Automation.Services.SecurityWebApi.Test/bin/Debug/Laminar.Automation.Services.SecurityWebApi.Test.DLL" adapterTypeName="Microsoft.VisualStudio.TestTools.TestTypes.Unit.UnitTestAdapter, Microsoft.VisualStudio.QualityTools.Tips.UnitTest.Adapter, Version=12.0.0.0, Culture=neutral, PublicKeyToken=b03f5f7f11d50a3a" className="Laminar.Automation.Services.SecurityWebApi.Test.TestMethods.InvitationTest, Laminar.Automation.Services.SecurityWebApi.Test, Version=1.0.0.0, Culture=neutral, PublicKeyToken=null" name="SecurityWebApi_PostCloneExistingInvitation_MalformedAuthHeader_479300" />
    </UnitTest>
    <UnitTest name="SecurityWebApi_GetInvitationByInvitationKey_CorrelationIDPersistsToLoggedMessages_EventLogs_479316" storage="c:\ngvl\sqa\automation\main\laminar.automation\laminar.automation.services.securitywebapi.test\bin\debug\laminar.automation.services.securitywebapi.test.dll" id="6813b2fc-e046-3f57-ff12-29dd56b529e8">
      <Description>[API]: GET api/Invitation by invitation key - Verify Correlation ID is properly persisted to any logged messages when passed in request header (X-CorrelationId)</Description>
      <TestCategory>
        <TestCategoryItem TestCategory="SecurityWebApi_Service" />
        <TestCategoryItem TestCategory="AutoBVT" />
        <TestCategoryItem TestCategory="P2" />
        <TestCategoryItem TestCategory="BL6Phase1" />
      </TestCategory>
      <Execution id="d05cf1ba-3ae5-4401-b0bf-16f3e51670cf" />
      <Workitems>
        <Workitem>479316</Workitem>
      </Workitems>
      <Properties>
        <Property>
          <Key>__Internal_AsyncTypeName__</Key>
          <Value>Laminar.Automation.Services.SecurityWebApi.Test.TestMethods.InvitationTest+&lt;SecurityWebApi_GetInvitationByInvitationKey_CorrelationIDPersistsToLoggedMessages_EventLogs_479316&gt;d__52</Value>
        </Property>
      </Properties>
      <TestMethod codeBase="C:/NGVL/SQA/Automation/Main/Laminar.Automation/Laminar.Automation.Services.SecurityWebApi.Test/bin/Debug/Laminar.Automation.Services.SecurityWebApi.Test.DLL" adapterTypeName="Microsoft.VisualStudio.TestTools.TestTypes.Unit.UnitTestAdapter, Microsoft.VisualStudio.QualityTools.Tips.UnitTest.Adapter, Version=12.0.0.0, Culture=neutral, PublicKeyToken=b03f5f7f11d50a3a" className="Laminar.Automation.Services.SecurityWebApi.Test.TestMethods.InvitationTest, Laminar.Automation.Services.SecurityWebApi.Test, Version=1.0.0.0, Culture=neutral, PublicKeyToken=null" name="SecurityWebApi_GetInvitationByInvitationKey_CorrelationIDPersistsToLoggedMessages_EventLogs_479316" />
    </UnitTest>
    <UnitTest name="SecurityWebApi_GetInvitationBySearchCriteria_PurchasingAccountNumbers_HappyPath_548079" storage="c:\ngvl\sqa\automation\main\laminar.automation\laminar.automation.services.securitywebapi.test\bin\debug\laminar.automation.services.securitywebapi.test.dll" id="26d6adf0-f3c9-4835-0fac-5650586acb2f">
      <Description>[API]: GET api/Invitation?PurchasingAccountNumbers... by search criteria - Verify that correct invite data is returned for passed in PurchasingAccountNumbers(s) with 200 status code if invite row was found</Description>
      <TestCategory>
        <TestCategoryItem TestCategory="SecurityWebApi_Service" />
        <TestCategoryItem TestCategory="P1" />
        <TestCategoryItem TestCategory="AutoBVT" />
        <TestCategoryItem TestCategory="BL6Phase2" />
      </TestCategory>
      <Execution id="75677575-b8fe-481c-8aa9-05a5294c2f5e" />
      <Workitems>
        <Workitem>548079</Workitem>
      </Workitems>
      <Properties>
        <Property>
          <Key>__Internal_AsyncTypeName__</Key>
          <Value>Laminar.Automation.Services.SecurityWebApi.Test.TestMethods.InvitationTest+&lt;SecurityWebApi_GetInvitationBySearchCriteria_PurchasingAccountNumbers_HappyPath_548079&gt;d__a5</Value>
        </Property>
      </Properties>
      <TestMethod codeBase="C:/NGVL/SQA/Automation/Main/Laminar.Automation/Laminar.Automation.Services.SecurityWebApi.Test/bin/Debug/Laminar.Automation.Services.SecurityWebApi.Test.DLL" adapterTypeName="Microsoft.VisualStudio.TestTools.TestTypes.Unit.UnitTestAdapter, Microsoft.VisualStudio.QualityTools.Tips.UnitTest.Adapter, Version=12.0.0.0, Culture=neutral, PublicKeyToken=b03f5f7f11d50a3a" className="Laminar.Automation.Services.SecurityWebApi.Test.TestMethods.InvitationTest, Laminar.Automation.Services.SecurityWebApi.Test, Version=1.0.0.0, Culture=neutral, PublicKeyToken=null" name="SecurityWebApi_GetInvitationBySearchCriteria_PurchasingAccountNumbers_HappyPath_548079" />
    </UnitTest>
    <UnitTest name="SecurityWebApi_Claims_User_Without_UMDataReaderRole_Cannot_Get_Another_Users_Roles" storage="c:\ngvl\sqa\automation\main\laminar.automation\laminar.automation.services.securitywebapi.test\bin\debug\laminar.automation.services.securitywebapi.test.dll" id="8577e726-ed4f-0535-34df-cd733bbc7d78">
      <Description>[API]: GET Claims/{id} - Verify that a user cannot get any other user's ITA roles</Description>
      <TestCategory>
        <TestCategoryItem TestCategory="SecurityWebApi_Service" />
        <TestCategoryItem TestCategory="AutoBVT" />
        <TestCategoryItem TestCategory="P2" />
      </TestCategory>
      <Execution id="8b4feeeb-3427-4c5f-9458-7579435cc701" />
      <Workitems>
        <Workitem>548815</Workitem>
      </Workitems>
      <Properties>
        <Property>
          <Key>__Internal_AsyncTypeName__</Key>
          <Value>Laminar.Automation.Services.SecurityWebApi.Test.TestMethods.ClaimsEndpointTest+&lt;SecurityWebApi_Claims_User_Without_UMDataReaderRole_Cannot_Get_Another_Users_Roles&gt;d__12</Value>
        </Property>
      </Properties>
      <TestMethod codeBase="C:/NGVL/SQA/Automation/Main/Laminar.Automation/Laminar.Automation.Services.SecurityWebApi.Test/bin/Debug/Laminar.Automation.Services.SecurityWebApi.Test.DLL" adapterTypeName="Microsoft.VisualStudio.TestTools.TestTypes.Unit.UnitTestAdapter, Microsoft.VisualStudio.QualityTools.Tips.UnitTest.Adapter, Version=12.0.0.0, Culture=neutral, PublicKeyToken=b03f5f7f11d50a3a" className="Laminar.Automation.Services.SecurityWebApi.Test.TestMethods.ClaimsEndpointTest, Laminar.Automation.Services.SecurityWebApi.Test, Version=1.0.0.0, Culture=neutral, PublicKeyToken=null" name="SecurityWebApi_Claims_User_Without_UMDataReaderRole_Cannot_Get_Another_Users_Roles" />
    </UnitTest>
    <UnitTest name="SecurityWebApi_PostTenantMaps_InvitationStatusIsProvisioned_CreatesTenantMap_518363" storage="c:\ngvl\sqa\automation\main\laminar.automation\laminar.automation.services.securitywebapi.test\bin\debug\laminar.automation.services.securitywebapi.test.dll" id="32405ed5-ff64-ca9a-2627-d7f3bafb8399">
      <Description>[API]: POST TenantMaps - Verify if the invitation is in Provisioned Status, the service returns 201</Description>
      <TestCategory>
        <TestCategoryItem TestCategory="SecurityWebApi_Service" />
        <TestCategoryItem TestCategory="P1" />
        <TestCategoryItem TestCategory="AutoBVT" />
      </TestCategory>
      <Execution id="1e1534fc-9a3c-4cf5-9bff-f83afaf3f665" />
      <Workitems>
        <Workitem>518363</Workitem>
      </Workitems>
      <Properties>
        <Property>
          <Key>__Internal_AsyncTypeName__</Key>
          <Value>Laminar.Automation.Services.SecurityWebApi.Test.TestMethods.TenantMapTest+&lt;SecurityWebApi_PostTenantMaps_InvitationStatusIsProvisioned_CreatesTenantMap_518363&gt;d__c0</Value>
        </Property>
      </Properties>
      <TestMethod codeBase="C:/NGVL/SQA/Automation/Main/Laminar.Automation/Laminar.Automation.Services.SecurityWebApi.Test/bin/Debug/Laminar.Automation.Services.SecurityWebApi.Test.DLL" adapterTypeName="Microsoft.VisualStudio.TestTools.TestTypes.Unit.UnitTestAdapter, Microsoft.VisualStudio.QualityTools.Tips.UnitTest.Adapter, Version=12.0.0.0, Culture=neutral, PublicKeyToken=b03f5f7f11d50a3a" className="Laminar.Automation.Services.SecurityWebApi.Test.TestMethods.TenantMapTest, Laminar.Automation.Services.SecurityWebApi.Test, Version=1.0.0.0, Culture=neutral, PublicKeyToken=null" name="SecurityWebApi_PostTenantMaps_InvitationStatusIsProvisioned_CreatesTenantMap_518363" />
    </UnitTest>
    <UnitTest name="SecurityWebApi_GetTenantMapBySearchCriteria_CorrelationIDInResponseWhenNotInRequest_491069" storage="c:\ngvl\sqa\automation\main\laminar.automation\laminar.automation.services.securitywebapi.test\bin\debug\laminar.automation.services.securitywebapi.test.dll" id="060aa4ec-75f9-0266-1bf9-eae5260be96f">
      <Description>[API]: GET /api/TenantMaps?PARNumbers...Verify Correlation ID is populated in the response header when it not supplied in the request header</Description>
      <TestCategory>
        <TestCategoryItem TestCategory="SecurityWebApi_Service" />
        <TestCategoryItem TestCategory="AutoBVT" />
        <TestCategoryItem TestCategory="P2" />
      </TestCategory>
      <Execution id="f91023dc-0e42-4f84-8690-83cacd479c8c" />
      <Workitems>
        <Workitem>491069</Workitem>
      </Workitems>
      <Properties>
        <Property>
          <Key>__Internal_AsyncTypeName__</Key>
          <Value>Laminar.Automation.Services.SecurityWebApi.Test.TestMethods.TenantMapTest+&lt;SecurityWebApi_GetTenantMapBySearchCriteria_CorrelationIDInResponseWhenNotInRequest_491069&gt;d__55</Value>
        </Property>
      </Properties>
      <TestMethod codeBase="C:/NGVL/SQA/Automation/Main/Laminar.Automation/Laminar.Automation.Services.SecurityWebApi.Test/bin/Debug/Laminar.Automation.Services.SecurityWebApi.Test.DLL" adapterTypeName="Microsoft.VisualStudio.TestTools.TestTypes.Unit.UnitTestAdapter, Microsoft.VisualStudio.QualityTools.Tips.UnitTest.Adapter, Version=12.0.0.0, Culture=neutral, PublicKeyToken=b03f5f7f11d50a3a" className="Laminar.Automation.Services.SecurityWebApi.Test.TestMethods.TenantMapTest, Laminar.Automation.Services.SecurityWebApi.Test, Version=1.0.0.0, Culture=neutral, PublicKeyToken=null" name="SecurityWebApi_GetTenantMapBySearchCriteria_CorrelationIDInResponseWhenNotInRequest_491069" />
    </UnitTest>
    <UnitTest name="SecurityWebApi_GetTenantMapBySearchCriteria_HappyPath_491080" storage="c:\ngvl\sqa\automation\main\laminar.automation\laminar.automation.services.securitywebapi.test\bin\debug\laminar.automation.services.securitywebapi.test.dll" id="7290f291-986e-e12c-92f1-9ccf46a14c4b">
      <Description>[API]: GET /api/TenantMaps?PARNumbers... by search criteria - Verify the correct data is returned for the passed in PARNumbers with a 200 response code and the TenantMap returned matches expected json structure of TenantMap object</Description>
      <TestCategory>
        <TestCategoryItem TestCategory="SecurityWebApi_Service" />
        <TestCategoryItem TestCategory="P1" />
        <TestCategoryItem TestCategory="AutoBVT" />
      </TestCategory>
      <Execution id="e8a5d729-c026-49de-9a5d-6c967a312015" />
      <Workitems>
        <Workitem>491080</Workitem>
      </Workitems>
      <Properties>
        <Property>
          <Key>__Internal_AsyncTypeName__</Key>
          <Value>Laminar.Automation.Services.SecurityWebApi.Test.TestMethods.TenantMapTest+&lt;SecurityWebApi_GetTenantMapBySearchCriteria_HappyPath_491080&gt;d__0</Value>
        </Property>
      </Properties>
      <TestMethod codeBase="C:/NGVL/SQA/Automation/Main/Laminar.Automation/Laminar.Automation.Services.SecurityWebApi.Test/bin/Debug/Laminar.Automation.Services.SecurityWebApi.Test.DLL" adapterTypeName="Microsoft.VisualStudio.TestTools.TestTypes.Unit.UnitTestAdapter, Microsoft.VisualStudio.QualityTools.Tips.UnitTest.Adapter, Version=12.0.0.0, Culture=neutral, PublicKeyToken=b03f5f7f11d50a3a" className="Laminar.Automation.Services.SecurityWebApi.Test.TestMethods.TenantMapTest, Laminar.Automation.Services.SecurityWebApi.Test, Version=1.0.0.0, Culture=neutral, PublicKeyToken=null" name="SecurityWebApi_GetTenantMapBySearchCriteria_HappyPath_491080" />
    </UnitTest>
    <UnitTest name="SecurityWebApi_GetRolesByRoleScenarioInvalidRoleScenario_610205" storage="c:\ngvl\sqa\automation\main\laminar.automation\laminar.automation.services.securitywebapi.test\bin\debug\laminar.automation.services.securitywebapi.test.dll" id="f3a60945-fa20-de7f-46ff-8721e901c947">
      <Description>[API]: GET Roles/{roleScenario} - Verify that BadRequest (400) is returned if an invalid roleScenario is provided</Description>
      <TestCategory>
        <TestCategoryItem TestCategory="SecurityWebApi_Service" />
        <TestCategoryItem TestCategory="AutoBVT" />
        <TestCategoryItem TestCategory="P2" />
      </TestCategory>
      <Execution id="969d5d15-eacf-41ae-a91e-b8606563f52c" />
      <Workitems>
        <Workitem>610205</Workitem>
      </Workitems>
      <Properties>
        <Property>
          <Key>__Internal_AsyncTypeName__</Key>
          <Value>Laminar.Automation.Services.SecurityWebApi.Test.TestMethods.RolesEndpointTest+&lt;SecurityWebApi_GetRolesByRoleScenarioInvalidRoleScenario_610205&gt;d__11</Value>
        </Property>
      </Properties>
      <TestMethod codeBase="C:/NGVL/SQA/Automation/Main/Laminar.Automation/Laminar.Automation.Services.SecurityWebApi.Test/bin/Debug/Laminar.Automation.Services.SecurityWebApi.Test.DLL" adapterTypeName="Microsoft.VisualStudio.TestTools.TestTypes.Unit.UnitTestAdapter, Microsoft.VisualStudio.QualityTools.Tips.UnitTest.Adapter, Version=12.0.0.0, Culture=neutral, PublicKeyToken=b03f5f7f11d50a3a" className="Laminar.Automation.Services.SecurityWebApi.Test.TestMethods.RolesEndpointTest, Laminar.Automation.Services.SecurityWebApi.Test, Version=1.0.0.0, Culture=neutral, PublicKeyToken=null" name="SecurityWebApi_GetRolesByRoleScenarioInvalidRoleScenario_610205" />
    </UnitTest>
    <UnitTest name="SecurityWebApi_PostTenantMaps_WithGivenInviteKeyWhereInvitationStatusIsPending_CreatesTenantMap_518362" storage="c:\ngvl\sqa\automation\main\laminar.automation\laminar.automation.services.securitywebapi.test\bin\debug\laminar.automation.services.securitywebapi.test.dll" id="3e3679a4-83d5-2fe4-593f-c3a95eeed27f">
      <Description>[API]: POST TenantMaps (Invite Key provided) - Verify if the invitation is in Pending Status (happy path), the service returns 201</Description>
      <TestCategory>
        <TestCategoryItem TestCategory="SecurityWebApi_Service" />
        <TestCategoryItem TestCategory="AutoBVT" />
        <TestCategoryItem TestCategory="P2" />
      </TestCategory>
      <Execution id="3b9aaec7-56de-4bef-bbe1-0ba79afc4782" />
      <Workitems>
        <Workitem>518362</Workitem>
      </Workitems>
      <Properties>
        <Property>
          <Key>__Internal_AsyncTypeName__</Key>
          <Value>Laminar.Automation.Services.SecurityWebApi.Test.TestMethods.TenantMapTest+&lt;SecurityWebApi_PostTenantMaps_WithGivenInviteKeyWhereInvitationStatusIsPending_CreatesTenantMap_518362&gt;d__a3</Value>
        </Property>
      </Properties>
      <TestMethod codeBase="C:/NGVL/SQA/Automation/Main/Laminar.Automation/Laminar.Automation.Services.SecurityWebApi.Test/bin/Debug/Laminar.Automation.Services.SecurityWebApi.Test.DLL" adapterTypeName="Microsoft.VisualStudio.TestTools.TestTypes.Unit.UnitTestAdapter, Microsoft.VisualStudio.QualityTools.Tips.UnitTest.Adapter, Version=12.0.0.0, Culture=neutral, PublicKeyToken=b03f5f7f11d50a3a" className="Laminar.Automation.Services.SecurityWebApi.Test.TestMethods.TenantMapTest, Laminar.Automation.Services.SecurityWebApi.Test, Version=1.0.0.0, Culture=neutral, PublicKeyToken=null" name="SecurityWebApi_PostTenantMaps_WithGivenInviteKeyWhereInvitationStatusIsPending_CreatesTenantMap_518362" />
    </UnitTest>
    <UnitTest name="SecurityWebApi_CreatePartnerInvitationWithBasePartnerInfo_VerifyAndCleanup_526541" storage="c:\ngvl\sqa\automation\main\laminar.automation\laminar.automation.services.securitywebapi.test\bin\debug\laminar.automation.services.securitywebapi.test.dll" id="1739334e-eaed-5dc4-387d-0174a73dcfe9">
      <TestCategory>
        <TestCategoryItem TestCategory="SecurityWebApi_Service" />
        <TestCategoryItem TestCategory="AutoBVT" />
        <TestCategoryItem TestCategory="P2" />
      </TestCategory>
      <Execution id="a84db336-3b0a-4000-8065-49f6564b2fe8" />
      <Workitems>
        <Workitem>526541</Workitem>
      </Workitems>
      <TestMethod codeBase="C:/NGVL/SQA/Automation/Main/Laminar.Automation/Laminar.Automation.Services.SecurityWebApi.Test/bin/Debug/Laminar.Automation.Services.SecurityWebApi.Test.DLL" adapterTypeName="Microsoft.VisualStudio.TestTools.TestTypes.Unit.UnitTestAdapter, Microsoft.VisualStudio.QualityTools.Tips.UnitTest.Adapter, Version=12.0.0.0, Culture=neutral, PublicKeyToken=b03f5f7f11d50a3a" className="Laminar.Automation.Services.SecurityWebApi.Test.TestMethods.InvitationTest, Laminar.Automation.Services.SecurityWebApi.Test, Version=1.0.0.0, Culture=neutral, PublicKeyToken=null" name="SecurityWebApi_CreatePartnerInvitationWithBasePartnerInfo_VerifyAndCleanup_526541" />
    </UnitTest>
    <UnitTest name="GetTenantMapsByIdNotFound_478045" storage="c:\ngvl\sqa\automation\main\laminar.automation\laminar.automation.services.securitywebapi.test\bin\debug\laminar.automation.services.securitywebapi.test.dll" id="452e8492-2076-5a55-c5bf-c9ad8d008cce">
      <Description>[API]: GET Tenants/{id}/Maps - Verify that 404 status code is returned if api is called with a TenantKey is not available in tenantMap table</Description>
      <TestCategory>
        <TestCategoryItem TestCategory="SecurityWebApi_Service" />
        <TestCategoryItem TestCategory="AutoBVT" />
        <TestCategoryItem TestCategory="P2" />
      </TestCategory>
      <Execution id="8a7b2610-b4d4-4199-b49e-bd0850cbc21d" />
      <Workitems>
        <Workitem>478045</Workitem>
      </Workitems>
      <Properties>
        <Property>
          <Key>__Internal_AsyncTypeName__</Key>
          <Value>Laminar.Automation.Services.SecurityWebApi.Test.TestMethods.TenantEndPointsTest+&lt;GetTenantMapsByIdNotFound_478045&gt;d__a1</Value>
        </Property>
      </Properties>
      <TestMethod codeBase="C:/NGVL/SQA/Automation/Main/Laminar.Automation/Laminar.Automation.Services.SecurityWebApi.Test/bin/Debug/Laminar.Automation.Services.SecurityWebApi.Test.DLL" adapterTypeName="Microsoft.VisualStudio.TestTools.TestTypes.Unit.UnitTestAdapter, Microsoft.VisualStudio.QualityTools.Tips.UnitTest.Adapter, Version=12.0.0.0, Culture=neutral, PublicKeyToken=b03f5f7f11d50a3a" className="Laminar.Automation.Services.SecurityWebApi.Test.TestMethods.TenantEndPointsTest, Laminar.Automation.Services.SecurityWebApi.Test, Version=1.0.0.0, Culture=neutral, PublicKeyToken=null" name="GetTenantMapsByIdNotFound_478045" />
    </UnitTest>
    <UnitTest name="SecurityWebApi_GetInvitationBySearchCriteria_NoParameters_479269" storage="c:\ngvl\sqa\automation\main\laminar.automation\laminar.automation.services.securitywebapi.test\bin\debug\laminar.automation.services.securitywebapi.test.dll" id="35f4e0de-00d8-364b-5279-861a5af4152c">
      <Description>[API]: GET api/Invitation?AccountNumber... by search criteria - Verify 400 response code for service call when no parameters are passed on querystring</Description>
      <TestCategory>
        <TestCategoryItem TestCategory="SecurityWebApi_Service" />
        <TestCategoryItem TestCategory="P1" />
        <TestCategoryItem TestCategory="AutoBVT" />
        <TestCategoryItem TestCategory="BL6Phase1" />
      </TestCategory>
      <Execution id="877768c9-bf28-4712-aaa5-1508665d565c" />
      <Workitems>
        <Workitem>479269</Workitem>
      </Workitems>
      <Properties>
        <Property>
          <Key>__Internal_AsyncTypeName__</Key>
          <Value>Laminar.Automation.Services.SecurityWebApi.Test.TestMethods.InvitationTest+&lt;SecurityWebApi_GetInvitationBySearchCriteria_NoParameters_479269&gt;d__de</Value>
        </Property>
      </Properties>
      <TestMethod codeBase="C:/NGVL/SQA/Automation/Main/Laminar.Automation/Laminar.Automation.Services.SecurityWebApi.Test/bin/Debug/Laminar.Automation.Services.SecurityWebApi.Test.DLL" adapterTypeName="Microsoft.VisualStudio.TestTools.TestTypes.Unit.UnitTestAdapter, Microsoft.VisualStudio.QualityTools.Tips.UnitTest.Adapter, Version=12.0.0.0, Culture=neutral, PublicKeyToken=b03f5f7f11d50a3a" className="Laminar.Automation.Services.SecurityWebApi.Test.TestMethods.InvitationTest, Laminar.Automation.Services.SecurityWebApi.Test, Version=1.0.0.0, Culture=neutral, PublicKeyToken=null" name="SecurityWebApi_GetInvitationBySearchCriteria_NoParameters_479269" />
    </UnitTest>
    <UnitTest name="GetTenantMapsByIdHappyPath_478043" storage="c:\ngvl\sqa\automation\main\laminar.automation\laminar.automation.services.securitywebapi.test\bin\debug\laminar.automation.services.securitywebapi.test.dll" id="b3969ac5-f162-447e-294f-b0c7bfd5ac7d">
      <Description>[API]: GET Tenants/{id}/Maps - Verify that tenantmap info is returned if tenantkey is available in tenant map table with 200 status code</Description>
      <TestCategory>
        <TestCategoryItem TestCategory="SecurityWebApi_Service" />
        <TestCategoryItem TestCategory="P1" />
        <TestCategoryItem TestCategory="AutoBVT" />
      </TestCategory>
      <Execution id="181e84f6-d29f-47ff-80b4-0a3605302283" />
      <Workitems>
        <Workitem>478043</Workitem>
      </Workitems>
      <Properties>
        <Property>
          <Key>__Internal_AsyncTypeName__</Key>
          <Value>Laminar.Automation.Services.SecurityWebApi.Test.TestMethods.TenantEndPointsTest+&lt;GetTenantMapsByIdHappyPath_478043&gt;d__92</Value>
        </Property>
      </Properties>
      <TestMethod codeBase="C:/NGVL/SQA/Automation/Main/Laminar.Automation/Laminar.Automation.Services.SecurityWebApi.Test/bin/Debug/Laminar.Automation.Services.SecurityWebApi.Test.DLL" adapterTypeName="Microsoft.VisualStudio.TestTools.TestTypes.Unit.UnitTestAdapter, Microsoft.VisualStudio.QualityTools.Tips.UnitTest.Adapter, Version=12.0.0.0, Culture=neutral, PublicKeyToken=b03f5f7f11d50a3a" className="Laminar.Automation.Services.SecurityWebApi.Test.TestMethods.TenantEndPointsTest, Laminar.Automation.Services.SecurityWebApi.Test, Version=1.0.0.0, Culture=neutral, PublicKeyToken=null" name="GetTenantMapsByIdHappyPath_478043" />
    </UnitTest>
  </TestDefinitions>
  <TestLists>
    <TestList name="Results Not in a List" id="8c84fa94-04c1-424b-9868-57a2d4851a1d" />
    <TestList name="All Loaded Results" id="19431567-8539-422a-85d7-44ee4e166bda" />
  </TestLists>
  <TestEntries>
    <TestEntry testId="09825a91-874d-cb87-0de5-e467bf0262e8" executionId="9ebda9bd-2a0f-406c-850a-649e518fa99f" testListId="8c84fa94-04c1-424b-9868-57a2d4851a1d" />
    <TestEntry testId="4212984f-fa47-c5fc-d38a-b2dae5e992fc" executionId="8558e040-5fe7-43ff-a762-d7a538715d75" testListId="8c84fa94-04c1-424b-9868-57a2d4851a1d" />
    <TestEntry testId="910868a9-ae8b-d72b-be63-c6f011cd4b60" executionId="a6a08093-a618-4335-b621-833cced9f2b8" testListId="8c84fa94-04c1-424b-9868-57a2d4851a1d" />
    <TestEntry testId="8577e726-ed4f-0535-34df-cd733bbc7d78" executionId="8b4feeeb-3427-4c5f-9458-7579435cc701" testListId="8c84fa94-04c1-424b-9868-57a2d4851a1d" />
    <TestEntry testId="36b0d355-93d2-4a87-eea7-a95577ef7568" executionId="ae6346e8-67b9-4731-a16c-b48b6ec382e3" testListId="8c84fa94-04c1-424b-9868-57a2d4851a1d" />
    <TestEntry testId="502dec02-2f1d-e2a1-608c-f64d731ea7c0" executionId="d5a0ae04-aac8-4287-bd46-12d83dc614d0" testListId="8c84fa94-04c1-424b-9868-57a2d4851a1d" />
    <TestEntry testId="1739334e-eaed-5dc4-387d-0174a73dcfe9" executionId="a84db336-3b0a-4000-8065-49f6564b2fe8" testListId="8c84fa94-04c1-424b-9868-57a2d4851a1d" />
    <TestEntry testId="9da6946f-2e06-32eb-438b-d33c1f70a3aa" executionId="59bd096b-b816-4f5e-be88-0e34c45042b4" testListId="8c84fa94-04c1-424b-9868-57a2d4851a1d" />
    <TestEntry testId="815eb28e-300b-752c-e1c9-427841cc32ca" executionId="ca2a8546-3e23-4f33-abdd-9d2acf293e7d" testListId="8c84fa94-04c1-424b-9868-57a2d4851a1d" />
    <TestEntry testId="5c73e87f-9cbe-c1e1-860a-3303d98331fd" executionId="8ee4d8c7-3433-4437-9768-4df76a76b460" testListId="8c84fa94-04c1-424b-9868-57a2d4851a1d" />
    <TestEntry testId="782cc078-7651-633e-46b0-a41c7107d51a" executionId="a5d290e0-3ce7-41e5-a3af-04b76bb58fe8" testListId="8c84fa94-04c1-424b-9868-57a2d4851a1d" />
    <TestEntry testId="6813b2fc-e046-3f57-ff12-29dd56b529e8" executionId="d05cf1ba-3ae5-4401-b0bf-16f3e51670cf" testListId="8c84fa94-04c1-424b-9868-57a2d4851a1d" />
    <TestEntry testId="9b0cc38b-851b-3999-cc5d-0b7d14134380" executionId="2d79060f-9429-4fc9-97a7-5ab2fb00cb64" testListId="8c84fa94-04c1-424b-9868-57a2d4851a1d" />
    <TestEntry testId="35d7f943-0dd0-2f3a-b53f-1d0772f175e4" executionId="a0bfc9f2-bbac-4a66-b8f2-f471cff5f2dc" testListId="8c84fa94-04c1-424b-9868-57a2d4851a1d" />
    <TestEntry testId="3b48abbd-f2f4-19fb-cc7d-3d9978791cf3" executionId="a357cdf2-d718-436e-9b84-9df164c831a6" testListId="8c84fa94-04c1-424b-9868-57a2d4851a1d" />
    <TestEntry testId="1ae0525e-545d-bbd2-e444-313f0be22a98" executionId="c2315ff9-1ebc-4bc8-ba03-3db8d5f67a8b" testListId="8c84fa94-04c1-424b-9868-57a2d4851a1d" />
    <TestEntry testId="3b59d902-a223-c13c-6c24-5a49d98150a2" executionId="ab07698c-e6d2-4094-9e60-9fecf893efb8" testListId="8c84fa94-04c1-424b-9868-57a2d4851a1d" />
    <TestEntry testId="1390cba3-c69e-8a2f-8565-d5f75675bea9" executionId="567bc9b7-ffdc-49cc-a4d2-d6d914b00dc7" testListId="8c84fa94-04c1-424b-9868-57a2d4851a1d" />
    <TestEntry testId="4a0cf81e-03b5-50a3-044b-b3c58bbf513c" executionId="379049a2-b3d7-47ff-a9f3-99fa4b5526fd" testListId="8c84fa94-04c1-424b-9868-57a2d4851a1d" />
    <TestEntry testId="3809d138-1d94-3cf8-9cad-c9b27e3bd5d8" executionId="c5f44be1-5042-47e3-b604-eab65276dde0" testListId="8c84fa94-04c1-424b-9868-57a2d4851a1d" />
    <TestEntry testId="8e10d0a3-c01b-3a73-5bfd-199a6a40b21f" executionId="21f9c130-cebc-4883-aa15-c4f8e1118660" testListId="8c84fa94-04c1-424b-9868-57a2d4851a1d" />
    <TestEntry testId="cd094ab9-31ca-0fb1-3ab0-75e7f68022b8" executionId="69486d54-f037-418e-9347-0b0938d6be48" testListId="8c84fa94-04c1-424b-9868-57a2d4851a1d" />
    <TestEntry testId="4420adb8-368a-e495-9437-b6522ac85ad2" executionId="bfd50f96-9be4-40a3-89ee-db02d9327504" testListId="8c84fa94-04c1-424b-9868-57a2d4851a1d" />
    <TestEntry testId="ed6b28cc-301e-5d4f-6ac0-531892c29409" executionId="15d5e13c-20c6-417e-9317-42a60271def6" testListId="8c84fa94-04c1-424b-9868-57a2d4851a1d" />
    <TestEntry testId="8e0cb993-aa98-2618-2a2f-295393ba9932" executionId="3a3a1a98-1365-476f-b9af-038ca5c6ac84" testListId="8c84fa94-04c1-424b-9868-57a2d4851a1d" />
    <TestEntry testId="3a188ead-398c-3357-9684-24e647fabeff" executionId="486ab464-498f-4377-9a93-a51be40ca22c" testListId="8c84fa94-04c1-424b-9868-57a2d4851a1d" />
    <TestEntry testId="192d403c-afa7-cc6d-3196-28dce544adcd" executionId="3059ddeb-8efa-45a9-aade-dd21de1913be" testListId="8c84fa94-04c1-424b-9868-57a2d4851a1d" />
    <TestEntry testId="4ff2f60c-ba2f-00af-e22a-19adba3bdcd7" executionId="6dc144f9-893e-4cbd-8095-cd2d63032e15" testListId="8c84fa94-04c1-424b-9868-57a2d4851a1d" />
    <TestEntry testId="df212ef7-b315-7805-9dce-b9f7a4b67b04" executionId="7a031994-bc90-4436-9651-0ba97e542b0f" testListId="8c84fa94-04c1-424b-9868-57a2d4851a1d" />
    <TestEntry testId="04ea5100-6aa5-bc1c-4cd8-5f528f747da2" executionId="8c6a3740-50db-4ef8-91a7-9b4215e212af" testListId="8c84fa94-04c1-424b-9868-57a2d4851a1d" />
    <TestEntry testId="17ace622-d717-008d-a8dc-80c8937511e3" executionId="7ab4df3a-7ecd-405d-8413-93097eb2c5e4" testListId="8c84fa94-04c1-424b-9868-57a2d4851a1d" />
    <TestEntry testId="e58ebe95-984e-29f7-5ea6-854ae3ce4998" executionId="66558b5f-ce28-4925-826e-b98f8c2b8e17" testListId="8c84fa94-04c1-424b-9868-57a2d4851a1d" />
    <TestEntry testId="2443913c-2c12-058b-2c5c-f8a18796cdc9" executionId="cdd9b800-cfeb-42be-832c-1150ddfca1de" testListId="8c84fa94-04c1-424b-9868-57a2d4851a1d" />
    <TestEntry testId="463252f8-f8b7-f1ba-cfd9-ee92986c3112" executionId="23de3040-6655-4610-a989-a613d5fb6fcf" testListId="8c84fa94-04c1-424b-9868-57a2d4851a1d" />
    <TestEntry testId="85436df8-eef0-6d6e-d86a-fd7925dbac39" executionId="028a58e7-b8b9-4487-9cae-85331bda5894" testListId="8c84fa94-04c1-424b-9868-57a2d4851a1d" />
    <TestEntry testId="17d1fc9b-d7c4-13ad-6d48-2106439ae489" executionId="a4fd07f0-fe31-462b-b7a0-ab76481184c6" testListId="8c84fa94-04c1-424b-9868-57a2d4851a1d" />
    <TestEntry testId="7a09f1be-ed1d-8343-9389-e1b0df2e6a03" executionId="4e4f7856-55b3-4ab3-ab65-2d3c4e7849b1" testListId="8c84fa94-04c1-424b-9868-57a2d4851a1d" />
    <TestEntry testId="e992ad8d-2398-5a75-81cd-372925095f59" executionId="d29b4a56-cd62-44a7-8a0c-50fbcdbbe469" testListId="8c84fa94-04c1-424b-9868-57a2d4851a1d" />
    <TestEntry testId="fc64c183-b23d-ad29-022b-99ac3e7aaf81" executionId="38afeec4-cb9a-4b65-b24a-d9fa68a6ffe1" testListId="8c84fa94-04c1-424b-9868-57a2d4851a1d" />
    <TestEntry testId="35f4e0de-00d8-364b-5279-861a5af4152c" executionId="877768c9-bf28-4712-aaa5-1508665d565c" testListId="8c84fa94-04c1-424b-9868-57a2d4851a1d" />
    <TestEntry testId="3b46817e-b6a2-f0ca-2187-dc82781e3d91" executionId="53dbda33-af42-4275-b123-b78238ce1a91" testListId="8c84fa94-04c1-424b-9868-57a2d4851a1d" />
    <TestEntry testId="9e51bb18-4925-23bb-60bd-09efdc660084" executionId="c8c1891f-68f0-438f-b59b-970ed3455cb1" testListId="8c84fa94-04c1-424b-9868-57a2d4851a1d" />
    <TestEntry testId="ccdc8735-3949-6441-51a3-497684871c13" executionId="a590d06a-e31a-4140-ac84-adea7138c9dd" testListId="8c84fa94-04c1-424b-9868-57a2d4851a1d" />
    <TestEntry testId="26d6adf0-f3c9-4835-0fac-5650586acb2f" executionId="75677575-b8fe-481c-8aa9-05a5294c2f5e" testListId="8c84fa94-04c1-424b-9868-57a2d4851a1d" />
    <TestEntry testId="8564f1be-4c92-df63-4cad-41bd9ba4bdd7" executionId="85733d89-bf12-477b-9f38-0adcf26fc2b4" testListId="8c84fa94-04c1-424b-9868-57a2d4851a1d" />
    <TestEntry testId="bf0c81b1-5f35-bf99-e2b4-cce0c9b89249" executionId="3ce9b2e3-d296-42cc-8657-42a0e04b5123" testListId="8c84fa94-04c1-424b-9868-57a2d4851a1d" />
    <TestEntry testId="d896afaf-a543-9e02-1b1f-d96ff9029bec" executionId="fad1471e-9593-4cbd-b8cc-9f05f510b5ea" testListId="8c84fa94-04c1-424b-9868-57a2d4851a1d" />
    <TestEntry testId="3bce7b6d-4a2f-6644-665a-a434405ba56d" executionId="117109a7-0eb9-4efb-a187-3cd6499c09cc" testListId="8c84fa94-04c1-424b-9868-57a2d4851a1d" />
    <TestEntry testId="bbc94bb6-f061-9862-331c-0db737c144f3" executionId="c2ebd326-2e29-41b4-be72-98e772bacf30" testListId="8c84fa94-04c1-424b-9868-57a2d4851a1d" />
    <TestEntry testId="1c32e259-a6c0-d19f-ebae-54b25c1e8479" executionId="6b5fa4a6-d891-4b9f-b08b-df1a282f3dda" testListId="8c84fa94-04c1-424b-9868-57a2d4851a1d" />
    <TestEntry testId="c153eb3f-e703-fa58-30f9-c1c8a0e6feda" executionId="46d6d6ce-df6a-49f2-92fe-340ab9eae510" testListId="8c84fa94-04c1-424b-9868-57a2d4851a1d" />
    <TestEntry testId="ffc21d99-9fee-8a98-e253-4a983abc386d" executionId="66c040fa-b0d0-497e-8ea2-5e3ac064ab4f" testListId="8c84fa94-04c1-424b-9868-57a2d4851a1d" />
    <TestEntry testId="a1529f86-0d4f-7efc-a1fc-4abcde0d56ab" executionId="30da61ea-4304-47f7-a784-11af95fe1794" testListId="8c84fa94-04c1-424b-9868-57a2d4851a1d" />
    <TestEntry testId="914832d9-cbfb-2ca6-7d88-c2dd0b7f57fe" executionId="8a2b07f3-e5cb-4b37-a105-9738adb68f56" testListId="8c84fa94-04c1-424b-9868-57a2d4851a1d" />
    <TestEntry testId="908d6335-c934-0456-7768-62c405f15933" executionId="e63314bb-0917-4590-afb5-a0157b44e919" testListId="8c84fa94-04c1-424b-9868-57a2d4851a1d" />
    <TestEntry testId="507303e3-3ca0-961b-9c4c-148125a871a5" executionId="92b328aa-e8a9-4ed6-8b89-739ddbd637d1" testListId="8c84fa94-04c1-424b-9868-57a2d4851a1d" />
    <TestEntry testId="80d149d4-b5b2-ea2d-6bf9-f8534626b279" executionId="45f94c94-f4e0-48e1-a3d4-3d90c32c0155" testListId="8c84fa94-04c1-424b-9868-57a2d4851a1d" />
    <TestEntry testId="28adf4e6-3cfb-3286-8506-d27ac9ca8701" executionId="decef2d3-d996-451a-bb11-eeb1065a1151" testListId="8c84fa94-04c1-424b-9868-57a2d4851a1d" />
    <TestEntry testId="328af4ae-601b-3caa-71d6-7800a4003e83" executionId="17882c28-9679-44d6-9e0c-dd976a8026b2" testListId="8c84fa94-04c1-424b-9868-57a2d4851a1d" />
    <TestEntry testId="6ba32da0-65d0-4439-1db3-06256dd04489" executionId="849e1e6c-7b06-4a2e-8603-f45ac260f7f8" testListId="8c84fa94-04c1-424b-9868-57a2d4851a1d" />
    <TestEntry testId="d962c885-94b8-1374-2abb-7e54e8d19c5a" executionId="a688187d-6f99-4fb9-a84b-ca4cd87df40b" testListId="8c84fa94-04c1-424b-9868-57a2d4851a1d" />
    <TestEntry testId="f3fcdce5-cf05-dc16-dac5-65e1c6109c2d" executionId="ee964e12-08a0-4e19-95cc-2da769d4bf0a" testListId="8c84fa94-04c1-424b-9868-57a2d4851a1d" />
    <TestEntry testId="f4b7766e-c6b5-9967-e3bc-26bb8472b0b9" executionId="d926fd30-93f3-4320-ba69-38ae58397d7d" testListId="8c84fa94-04c1-424b-9868-57a2d4851a1d" />
    <TestEntry testId="517cd053-4c11-d12f-8a8a-96c24700bda3" executionId="0d376dc1-22d3-4f05-99fd-74732ad5fdbb" testListId="8c84fa94-04c1-424b-9868-57a2d4851a1d" />
    <TestEntry testId="013e7a8e-3d61-a277-87ea-384a2c600c3d" executionId="147c04c3-c2aa-4fe0-adc8-6921e9867a5f" testListId="8c84fa94-04c1-424b-9868-57a2d4851a1d" />
    <TestEntry testId="0cc853ed-b41c-595f-6431-23df387756ef" executionId="fd8f35f0-1546-40f3-8e44-51664675a824" testListId="8c84fa94-04c1-424b-9868-57a2d4851a1d" />
    <TestEntry testId="913b0279-27f7-86fe-18c7-dbd13bed59d6" executionId="789314b6-ac8c-4af6-96a1-4f845ad6046b" testListId="8c84fa94-04c1-424b-9868-57a2d4851a1d" />
    <TestEntry testId="ea49b300-2b25-52bb-ca2d-0dfb0a6e2bfc" executionId="1ed7faac-0d1e-4902-ad0d-75263b0260c1" testListId="8c84fa94-04c1-424b-9868-57a2d4851a1d" />
    <TestEntry testId="c5464e13-1c2b-480d-c40f-10b36be3b284" executionId="921b4b79-6c66-4e99-b0b1-b6ea2706c867" testListId="8c84fa94-04c1-424b-9868-57a2d4851a1d" />
    <TestEntry testId="166dc811-afeb-17a8-ed52-fd287f602e5a" executionId="b7b8686a-19c2-4461-ae45-3ece62125054" testListId="8c84fa94-04c1-424b-9868-57a2d4851a1d" />
    <TestEntry testId="80e4448a-6f34-ecce-09a9-cfb1c227698e" executionId="bfbd83bf-4887-49c2-939d-f8f0e5ae4cab" testListId="8c84fa94-04c1-424b-9868-57a2d4851a1d" />
    <TestEntry testId="9243b90c-2127-db01-cfe8-b29e7cd65b04" executionId="8e8d41a7-d278-4f2e-bd7b-95efccf293df" testListId="8c84fa94-04c1-424b-9868-57a2d4851a1d" />
    <TestEntry testId="d2c3827a-862e-7049-6099-91a0c4c59e46" executionId="70c7f64a-406c-4fa2-b191-5a60ab13b25e" testListId="8c84fa94-04c1-424b-9868-57a2d4851a1d" />
    <TestEntry testId="5086f608-11b6-7c36-7fdb-076281afed6e" executionId="0ffa8278-6efc-47c0-8e0f-98a19c10a9bb" testListId="8c84fa94-04c1-424b-9868-57a2d4851a1d" />
    <TestEntry testId="ec971ded-de29-3a71-4393-021f2e5d11cf" executionId="5328f7bd-e9a6-4d2f-86da-605846862105" testListId="8c84fa94-04c1-424b-9868-57a2d4851a1d" />
    <TestEntry testId="a03cc0b5-778a-a7f3-d54a-b2033a361a70" executionId="61a8a5d5-9696-4ba0-874c-4959e65578f7" testListId="8c84fa94-04c1-424b-9868-57a2d4851a1d" />
    <TestEntry testId="dc489d27-daa4-d11a-e313-cd261dd085af" executionId="6d858099-9c19-478d-bd85-6254920a3afe" testListId="8c84fa94-04c1-424b-9868-57a2d4851a1d" />
    <TestEntry testId="fb01f356-d764-102c-fd2f-ded3c38aec66" executionId="0b2d03f3-fb6e-4421-9d16-a6633204c3c1" testListId="8c84fa94-04c1-424b-9868-57a2d4851a1d" />
    <TestEntry testId="9105b94d-ff00-6033-53db-17d959164480" executionId="3b23bf52-58e2-4544-9114-da2679cfd4d8" testListId="8c84fa94-04c1-424b-9868-57a2d4851a1d" />
    <TestEntry testId="672729d4-064f-8897-96e2-49cb3430512f" executionId="3df45df6-ae12-42ad-a3c4-93fdfdc03b4c" testListId="8c84fa94-04c1-424b-9868-57a2d4851a1d" />
    <TestEntry testId="7765b5fd-add6-df54-7205-6ef9ab900665" executionId="32953840-6db7-40d4-b568-c2300fb398b2" testListId="8c84fa94-04c1-424b-9868-57a2d4851a1d" />
    <TestEntry testId="bea5f55b-b199-0612-6eb5-c1169caf802a" executionId="bd67bbbc-464d-403c-9fa4-515bcf6972bd" testListId="8c84fa94-04c1-424b-9868-57a2d4851a1d" />
    <TestEntry testId="05d42c91-a163-5dcb-b34a-41cad86ca4b2" executionId="3c1c7bfe-0a18-45f7-ad08-eda8449e5f1d" testListId="8c84fa94-04c1-424b-9868-57a2d4851a1d" />
    <TestEntry testId="0eb36bc2-7d7e-3fcd-61fe-619f4d43fe86" executionId="09972e3d-2437-405f-99df-86fe6971fb09" testListId="8c84fa94-04c1-424b-9868-57a2d4851a1d" />
    <TestEntry testId="5dba1a75-95cf-0067-ee8b-8e54ebdb63f1" executionId="aa4e7f0a-8bd5-4f63-a0fe-ee05f67754e1" testListId="8c84fa94-04c1-424b-9868-57a2d4851a1d" />
    <TestEntry testId="1d1a74a4-436f-0e4d-a112-5c7bf531a801" executionId="061e2456-c4c4-43eb-90a0-cfc1e1f3174f" testListId="8c84fa94-04c1-424b-9868-57a2d4851a1d" />
    <TestEntry testId="e004fed5-f715-0360-4b0a-fa45ae17a43c" executionId="02efbca3-0dcc-47b1-8473-b8b4e42489d4" testListId="8c84fa94-04c1-424b-9868-57a2d4851a1d" />
    <TestEntry testId="54ced34f-b19f-4ccc-bbe2-9fd77bfb7f0e" executionId="aa54b26d-3392-49ed-9d2f-b7a1d9fd5df6" testListId="8c84fa94-04c1-424b-9868-57a2d4851a1d" />
    <TestEntry testId="1988a555-07c0-2a43-5244-eb0d15e51630" executionId="17f7c704-076b-41d8-9942-6d9168d5b39e" testListId="8c84fa94-04c1-424b-9868-57a2d4851a1d" />
    <TestEntry testId="f3a60945-fa20-de7f-46ff-8721e901c947" executionId="969d5d15-eacf-41ae-a91e-b8606563f52c" testListId="8c84fa94-04c1-424b-9868-57a2d4851a1d" />
    <TestEntry testId="4ee1cbf4-8f30-e1c6-e36d-94275ae2eed0" executionId="6012b3f6-a09f-4eab-a4ad-8ee6e0b65e8e" testListId="8c84fa94-04c1-424b-9868-57a2d4851a1d" />
    <TestEntry testId="4daeeb54-dcea-3cfc-f7be-09ae23f76ab2" executionId="11cda6c8-69bc-4e85-937a-63fc33ebcb46" testListId="8c84fa94-04c1-424b-9868-57a2d4851a1d" />
    <TestEntry testId="2427767d-912f-8566-c14c-4c17b5aae429" executionId="6e2c23e1-f5b9-4bfe-b0f1-cbcebcca96d2" testListId="8c84fa94-04c1-424b-9868-57a2d4851a1d" />
    <TestEntry testId="3ffba433-51e5-6ae6-6f71-7c629f6d86cf" executionId="5d9ab4ad-a643-4ccd-b5b9-c25fdc410789" testListId="8c84fa94-04c1-424b-9868-57a2d4851a1d" />
    <TestEntry testId="c602824c-b7aa-8a78-3a69-c9768c42a0ee" executionId="a409f0ce-69a9-4c5d-87ef-af34f44882a8" testListId="8c84fa94-04c1-424b-9868-57a2d4851a1d" />
    <TestEntry testId="985f1a9e-20f3-2733-24ef-fb05620322e7" executionId="64a67831-89dc-4745-b827-5470713cba3b" testListId="8c84fa94-04c1-424b-9868-57a2d4851a1d" />
    <TestEntry testId="6bd190a2-0f5f-f984-4128-3ef3f163a682" executionId="a189f812-cf6f-4e68-a713-1293fdc93622" testListId="8c84fa94-04c1-424b-9868-57a2d4851a1d" />
    <TestEntry testId="4b45dcf2-84e9-83c2-5215-8104e262181e" executionId="90ff7b07-ff2c-4e38-af03-468db7eabd45" testListId="8c84fa94-04c1-424b-9868-57a2d4851a1d" />
    <TestEntry testId="5722b9cf-f4e5-c084-1e61-5f938e5a4787" executionId="ce370a4a-02d7-4e51-917f-2c5e6ab00569" testListId="8c84fa94-04c1-424b-9868-57a2d4851a1d" />
    <TestEntry testId="a51417f1-96c8-2dc8-c18f-5ebac1eba13c" executionId="9413d5d8-b07d-48fe-9d52-7f9cd19119fd" testListId="8c84fa94-04c1-424b-9868-57a2d4851a1d" />
    <TestEntry testId="78a44c87-995d-d7cc-787e-847bf101e4a6" executionId="be9ab695-c8d7-45bf-b5e6-2ff2402ad5a6" testListId="8c84fa94-04c1-424b-9868-57a2d4851a1d" />
    <TestEntry testId="b965c27e-637e-a1b7-ae07-4b1f96c52515" executionId="d8df21ac-f309-44ec-8669-e9fb01117caa" testListId="8c84fa94-04c1-424b-9868-57a2d4851a1d" />
    <TestEntry testId="267cf6ca-c077-7ff5-4cd4-1701cad896ac" executionId="25739ad0-597d-4a1a-8f61-9656c211217f" testListId="8c84fa94-04c1-424b-9868-57a2d4851a1d" />
    <TestEntry testId="0a77e8df-59ab-b4e5-d5e6-04bed81e31c1" executionId="457ef7de-e2be-4b11-a939-ebcd630df8ac" testListId="8c84fa94-04c1-424b-9868-57a2d4851a1d" />
    <TestEntry testId="0207ef45-b802-80bf-37a1-23f5ec5f166b" executionId="ae4d6437-53f2-457e-9574-b17eed5bc7bc" testListId="8c84fa94-04c1-424b-9868-57a2d4851a1d" />
    <TestEntry testId="9d8332a2-0d6b-d472-3188-bebe57bcfc68" executionId="318235dd-c121-4142-a0a2-6e4104085d9e" testListId="8c84fa94-04c1-424b-9868-57a2d4851a1d" />
    <TestEntry testId="b3969ac5-f162-447e-294f-b0c7bfd5ac7d" executionId="181e84f6-d29f-47ff-80b4-0a3605302283" testListId="8c84fa94-04c1-424b-9868-57a2d4851a1d" />
    <TestEntry testId="716e7df5-f67a-9dce-7459-9b63772bdd0f" executionId="6c5c4c7e-3a94-4f38-95b9-6be20c64e87e" testListId="8c84fa94-04c1-424b-9868-57a2d4851a1d" />
    <TestEntry testId="452e8492-2076-5a55-c5bf-c9ad8d008cce" executionId="8a7b2610-b4d4-4199-b49e-bd0850cbc21d" testListId="8c84fa94-04c1-424b-9868-57a2d4851a1d" />
    <TestEntry testId="ad297329-6bd8-6725-e8e0-8fdbd95a4462" executionId="db762af9-18c1-4a90-9051-a9d972af5ce8" testListId="8c84fa94-04c1-424b-9868-57a2d4851a1d" />
    <TestEntry testId="48535901-69fa-720d-e26c-6837762fab4a" executionId="01ce8fdc-da3b-4461-b84f-a529fb5347ff" testListId="8c84fa94-04c1-424b-9868-57a2d4851a1d" />
    <TestEntry testId="1af030be-b625-9858-eba3-d16ff438920c" executionId="2b6d9f66-b1ac-49c4-96ff-14bb2793b83a" testListId="8c84fa94-04c1-424b-9868-57a2d4851a1d" />
    <TestEntry testId="14e53ccb-c734-f7b8-b597-2d4547fe3a59" executionId="38972247-6c70-4a45-9ede-3cec135af6b1" testListId="8c84fa94-04c1-424b-9868-57a2d4851a1d" />
    <TestEntry testId="9bf96cc6-c2b7-5ae5-0636-21f2a87eb4ed" executionId="cd60ef14-567d-4431-95b8-aa4283994805" testListId="8c84fa94-04c1-424b-9868-57a2d4851a1d" />
    <TestEntry testId="0e7fe192-af3d-a859-7478-2dd8c04fb9fd" executionId="f3bbf64b-3ba0-4005-a155-0092b3ab64ce" testListId="8c84fa94-04c1-424b-9868-57a2d4851a1d" />
    <TestEntry testId="c6f79650-5b9e-8c32-fb52-2e9be9e69a14" executionId="09d87569-2685-490d-ae50-43eacca1c14c" testListId="8c84fa94-04c1-424b-9868-57a2d4851a1d" />
    <TestEntry testId="26ee48eb-b69d-e0ec-1cda-0d14d8ae1790" executionId="562b71ca-1e09-4f6a-b206-13819cd30042" testListId="8c84fa94-04c1-424b-9868-57a2d4851a1d" />
    <TestEntry testId="3b0f0683-d8d9-1ae7-6ae5-6dc93369ef0a" executionId="3f0a11ac-2043-4325-a23d-0a7cbae7cb60" testListId="8c84fa94-04c1-424b-9868-57a2d4851a1d" />
    <TestEntry testId="c9740a89-1de4-1b3c-a99c-da60c10066f3" executionId="073577ac-0ae6-4efe-99f6-0b389ca8ae20" testListId="8c84fa94-04c1-424b-9868-57a2d4851a1d" />
    <TestEntry testId="e882d4a6-e5c2-35ee-a77f-364b1ebfcfeb" executionId="7e7bf947-d78b-431d-b5b1-14b92950897d" testListId="8c84fa94-04c1-424b-9868-57a2d4851a1d" />
    <TestEntry testId="78c1716d-5f0c-9b59-3c55-26d3d5ec131b" executionId="3c942fa1-1856-42ca-ba39-e8cecff851aa" testListId="8c84fa94-04c1-424b-9868-57a2d4851a1d" />
    <TestEntry testId="937c0fa8-828e-2670-1692-ea5dba5c4440" executionId="d9b8264a-d020-41b4-9643-9b27c237f27e" testListId="8c84fa94-04c1-424b-9868-57a2d4851a1d" />
    <TestEntry testId="e7c6a9b8-1bbe-d589-a53f-aa9faa3fbaa3" executionId="1493d612-b443-4c26-8ed6-8042ea2010b8" testListId="8c84fa94-04c1-424b-9868-57a2d4851a1d" />
    <TestEntry testId="21b5448a-9b86-7aca-1df8-b0df5707fa5b" executionId="216e9bd5-35e9-48d9-936b-086534579302" testListId="8c84fa94-04c1-424b-9868-57a2d4851a1d" />
    <TestEntry testId="44673783-2f1b-bec9-a985-868a2abd4536" executionId="eb1d43a8-b86d-48db-8bfb-cf8ba5171c2f" testListId="8c84fa94-04c1-424b-9868-57a2d4851a1d" />
    <TestEntry testId="a710f029-6d0f-90c0-6f57-949ca8920279" executionId="0831d088-142c-4a5b-8f99-4b7e6bc66cf9" testListId="8c84fa94-04c1-424b-9868-57a2d4851a1d" />
    <TestEntry testId="e95a6bca-741f-991a-2e9a-2178f2498031" executionId="b285e5f2-2faf-4733-a284-d5eac41b55b2" testListId="8c84fa94-04c1-424b-9868-57a2d4851a1d" />
    <TestEntry testId="20a97544-60d2-94fb-3a53-18ddacd80261" executionId="66e6b81e-3e83-44b2-a82c-69e9b9e8eb5e" testListId="8c84fa94-04c1-424b-9868-57a2d4851a1d" />
    <TestEntry testId="807eaf27-d81a-3795-da3c-ae1c123e3fc4" executionId="a947ecf0-0625-4fad-a9b6-7c75aa706b38" testListId="8c84fa94-04c1-424b-9868-57a2d4851a1d" />
    <TestEntry testId="92c5ed69-4ad0-5115-004b-67ecf0dddba3" executionId="d8605427-b1ae-4ab5-a2e3-bb172dff3ac3" testListId="8c84fa94-04c1-424b-9868-57a2d4851a1d" />
    <TestEntry testId="060aa4ec-75f9-0266-1bf9-eae5260be96f" executionId="f91023dc-0e42-4f84-8690-83cacd479c8c" testListId="8c84fa94-04c1-424b-9868-57a2d4851a1d" />
    <TestEntry testId="f5451f38-f8f1-f8c4-8038-90f36ea9ccea" executionId="30ca2cdd-80d9-46ce-9a8e-396f58f129e3" testListId="8c84fa94-04c1-424b-9868-57a2d4851a1d" />
    <TestEntry testId="19e4f2a1-6713-37ef-8eb1-8cd139e82fe0" executionId="c352ebc2-b8c7-4945-9787-814ba9f577c2" testListId="8c84fa94-04c1-424b-9868-57a2d4851a1d" />
    <TestEntry testId="7290f291-986e-e12c-92f1-9ccf46a14c4b" executionId="e8a5d729-c026-49de-9a5d-6c967a312015" testListId="8c84fa94-04c1-424b-9868-57a2d4851a1d" />
    <TestEntry testId="7bdd9f75-0cb8-b59c-defa-3b80fda15227" executionId="450cdf13-ed00-462a-b844-47ae780ed608" testListId="8c84fa94-04c1-424b-9868-57a2d4851a1d" />
    <TestEntry testId="314d0e83-13b1-3d92-9a68-ce36ffb6f972" executionId="fe2ff84c-463a-49f3-92a6-86660a5b3a9f" testListId="8c84fa94-04c1-424b-9868-57a2d4851a1d" />
    <TestEntry testId="2c9de3d0-340d-aa49-4323-8cdebc105d48" executionId="3d812a86-a037-4280-85fb-cfef058ae6fe" testListId="8c84fa94-04c1-424b-9868-57a2d4851a1d" />
    <TestEntry testId="5dae3404-7d11-e83d-d581-499d58e7dc9c" executionId="eedb2cb3-e66b-420b-9ebb-101bede42db1" testListId="8c84fa94-04c1-424b-9868-57a2d4851a1d" />
    <TestEntry testId="b5bdce49-955a-96ef-1547-7078622fad27" executionId="1f86a2d6-3352-43d5-8c03-8ec35f56f0a7" testListId="8c84fa94-04c1-424b-9868-57a2d4851a1d" />
    <TestEntry testId="9272be85-8e2e-e795-53ec-804ada9a7cb7" executionId="82c77ca5-7c2a-4a2d-b103-53c6f38e329e" testListId="8c84fa94-04c1-424b-9868-57a2d4851a1d" />
    <TestEntry testId="06294243-7a2e-d995-0a8a-923ed84dc423" executionId="ce514346-45a2-422b-96b3-3fff80e8cbc7" testListId="8c84fa94-04c1-424b-9868-57a2d4851a1d" />
    <TestEntry testId="b0801c3a-aa77-aaab-8e34-62ee369cfe62" executionId="43124342-0d1a-4f80-a3f7-f2677b8d37d2" testListId="8c84fa94-04c1-424b-9868-57a2d4851a1d" />
    <TestEntry testId="dec9014f-defa-2b65-6dd4-4fd13f435d34" executionId="97bdf949-e5c9-4042-9f95-fd16fa27fae8" testListId="8c84fa94-04c1-424b-9868-57a2d4851a1d" />
    <TestEntry testId="cae1a17d-3fff-d497-8501-dfd912cca825" executionId="fc36a49d-6f57-4510-b5cd-97a7481a60e0" testListId="8c84fa94-04c1-424b-9868-57a2d4851a1d" />
    <TestEntry testId="89eb948f-8217-8673-98c8-ee413d8413e2" executionId="85099b63-58c9-402c-b22a-e1a4dcb04bc2" testListId="8c84fa94-04c1-424b-9868-57a2d4851a1d" />
    <TestEntry testId="32405ed5-ff64-ca9a-2627-d7f3bafb8399" executionId="1e1534fc-9a3c-4cf5-9bff-f83afaf3f665" testListId="8c84fa94-04c1-424b-9868-57a2d4851a1d" />
    <TestEntry testId="c7ce4ad0-1cb2-b26b-c275-7accd8d9034f" executionId="30462295-79b1-42fd-85c1-7b9b14516d8c" testListId="8c84fa94-04c1-424b-9868-57a2d4851a1d" />
    <TestEntry testId="ca75b304-1cbd-87fd-6139-2106b4088db8" executionId="65f4b443-f2a7-4a31-a830-b1635dee4b08" testListId="8c84fa94-04c1-424b-9868-57a2d4851a1d" />
    <TestEntry testId="d2e642cc-580c-7ef4-af71-22eaa73ff292" executionId="3d433ef4-44d8-44e3-ab12-4e5b798a46c6" testListId="8c84fa94-04c1-424b-9868-57a2d4851a1d" />
    <TestEntry testId="3e3679a4-83d5-2fe4-593f-c3a95eeed27f" executionId="3b9aaec7-56de-4bef-bbe1-0ba79afc4782" testListId="8c84fa94-04c1-424b-9868-57a2d4851a1d" />
    <TestEntry testId="89009c2d-c1b7-d737-4689-df5fe1c54ddf" executionId="bd5fdce8-8aec-4a71-b19d-26b14ab75b22" testListId="8c84fa94-04c1-424b-9868-57a2d4851a1d" />
    <TestEntry testId="560568ca-940c-5aea-2da7-e15cc213e989" executionId="d9e9f231-bd4b-412b-968f-d2d2a3872413" testListId="8c84fa94-04c1-424b-9868-57a2d4851a1d" />
    <TestEntry testId="dd1a753a-70f1-7743-d1f0-b9d2ac24698c" executionId="4653ca2e-b0c1-4d1d-b096-3d7355bdc3ab" testListId="8c84fa94-04c1-424b-9868-57a2d4851a1d" />
    <TestEntry testId="7897bdd3-f61a-e3ec-f4a0-388142d9ced4" executionId="abcd94cb-5e5e-4e7f-b2c7-89afe61096f3" testListId="8c84fa94-04c1-424b-9868-57a2d4851a1d" />
    <TestEntry testId="cb0f37d3-4060-b7a0-7866-868bc3f77d6c" executionId="f725c494-eb2b-4a61-80e3-0f88238793fe" testListId="8c84fa94-04c1-424b-9868-57a2d4851a1d" />
    <TestEntry testId="c52169da-5920-8b08-31e2-b44c4a495b2a" executionId="8960f6a1-984b-4775-85b4-ec9aeeab671d" testListId="8c84fa94-04c1-424b-9868-57a2d4851a1d" />
    <TestEntry testId="74eb5e02-c583-06da-ee17-7bd57277a6e0" executionId="bbf4dbed-9dfa-4709-af72-2ea2018911b8" testListId="8c84fa94-04c1-424b-9868-57a2d4851a1d" />
    <TestEntry testId="7fe2854a-9b2c-ad99-4a27-265cb778a384" executionId="5ab0da38-80e6-4448-9ff0-362e187a77d2" testListId="8c84fa94-04c1-424b-9868-57a2d4851a1d" />
    <TestEntry testId="e34a06dd-a114-1315-736f-ca8958957eea" executionId="32b1db86-a82e-4cde-b96c-8eff3c26c392" testListId="8c84fa94-04c1-424b-9868-57a2d4851a1d" />
    <TestEntry testId="3ce5cd31-2bc5-b39e-dc89-95d42e3d9e72" executionId="bcf79c3d-2c19-41e3-b6e3-41607f54a7f1" testListId="8c84fa94-04c1-424b-9868-57a2d4851a1d" />
    <TestEntry testId="5e3797bb-8d38-0ae1-9135-d5890bb37f0a" executionId="28c222ff-442c-42ac-95fb-83e63d1ea6ed" testListId="8c84fa94-04c1-424b-9868-57a2d4851a1d" />
    <TestEntry testId="106174ff-a9d4-3cfb-b188-91703f52ee5f" executionId="407c649c-50eb-4e82-8904-ff3ac5baf7c5" testListId="8c84fa94-04c1-424b-9868-57a2d4851a1d" />
    <TestEntry testId="2fb691a8-b3aa-eb2b-f946-b11f4308ef27" executionId="35dd153f-3626-4cfa-bdb1-8acf7ebea798" testListId="8c84fa94-04c1-424b-9868-57a2d4851a1d" />
    <TestEntry testId="d34fa61a-8135-424f-e169-050ac309e26d" executionId="9aec8330-531c-4288-8f6a-894cedc1bf3e" testListId="8c84fa94-04c1-424b-9868-57a2d4851a1d" />
    <TestEntry testId="36423beb-5640-568d-cef2-ec5445c0f1cf" executionId="01f16430-4763-4d9e-addc-48c4de8b2f59" testListId="8c84fa94-04c1-424b-9868-57a2d4851a1d" />
    <TestEntry testId="9c8afeef-167f-da3f-006d-39f3b2273264" executionId="e03da1cb-6707-4a22-a96e-5e16c2647994" testListId="8c84fa94-04c1-424b-9868-57a2d4851a1d" />
    <TestEntry testId="39cf40e3-35e0-609f-475e-ff3302fa70ca" executionId="faf42d3b-f4de-4f89-ba27-8378015ddbb7" testListId="8c84fa94-04c1-424b-9868-57a2d4851a1d" />
    <TestEntry testId="5e290a5a-41c1-d408-0129-36b4636585c7" executionId="7856dc36-8356-4c41-bfee-c082b8a810f9" testListId="8c84fa94-04c1-424b-9868-57a2d4851a1d" />
    <TestEntry testId="739d54ce-014d-5f85-9e78-a55d27586755" executionId="a3799d62-16ad-4d97-8db8-a11ea23e34bf" testListId="8c84fa94-04c1-424b-9868-57a2d4851a1d" />
    <TestEntry testId="5aea8839-14d7-5f34-03f3-2a0896d7994c" executionId="46f2c6e2-7a6e-4b2d-9ccb-f6dc0af54e14" testListId="8c84fa94-04c1-424b-9868-57a2d4851a1d" />
    <TestEntry testId="ce9164a5-4930-d778-7ec2-fee5941e2d2e" executionId="5ae184ee-fe9a-4301-9c53-bccbcf46f851" testListId="8c84fa94-04c1-424b-9868-57a2d4851a1d" />
    <TestEntry testId="d3a0bef8-b851-5122-4a32-a971a67cf886" executionId="a80ae0d9-9e0f-4648-9244-491db081793c" testListId="8c84fa94-04c1-424b-9868-57a2d4851a1d" />
    <TestEntry testId="d820706b-156c-3c4e-71a7-f2fc662affb1" executionId="ae5b0e09-4cec-40ce-a58f-b71be495d1e8" testListId="8c84fa94-04c1-424b-9868-57a2d4851a1d" />
    <TestEntry testId="9ce4f067-dd9c-d9ec-bbbd-a70c278d46cf" executionId="31de8c2b-4f1b-4c79-9966-8ee4726e7198" testListId="8c84fa94-04c1-424b-9868-57a2d4851a1d" />
    <TestEntry testId="1597e452-a800-586e-0482-8b11643b5dc8" executionId="59cd1514-5755-4a41-b2f1-9d95cb9b9974" testListId="8c84fa94-04c1-424b-9868-57a2d4851a1d" />
    <TestEntry testId="702791ad-811e-f9df-3c4c-f8cf9065b5ff" executionId="cbfbf77a-70e9-436c-b0ba-6a6de0c52864" testListId="8c84fa94-04c1-424b-9868-57a2d4851a1d" />
  </TestEntries>
  <Results>
    <UnitTestResult executionId="9ebda9bd-2a0f-406c-850a-649e518fa99f" testId="09825a91-874d-cb87-0de5-e467bf0262e8" testName="SecurityWebApi_Claims_HappyPath_User_Can_Get_Own_ITA_Roles" computerName="ARAMK2" duration="00:00:03.6653937" startTime="2015-08-27T16:32:27.1075553-07:00" endTime="2015-08-27T16:32:31.3612494-07:00" testType="13cdc9d9-ddb5-4fa4-a97d-d965ccfc6d4b" outcome="Passed" testListId="8c84fa94-04c1-424b-9868-57a2d4851a1d" relativeResultsDirectory="9ebda9bd-2a0f-406c-850a-649e518fa99f">
      <Output>
        <DebugTrace>Info::  CorrelationId:dd306aa3-5f63-4b26-9115-770b0100ae94
QTAgent32.exe Information: 0 : ADAL .NET with assembly version '2.11.0.0', file version '2.11.10918.1222' and informational version '55001af258ed24461e9f21356071514ab359dcef' is running...
QTAgent32.exe Information: 0 : === Token Acquisition started. Correlation ID: 82189fa3-fc4e-40cb-824f-a1d094ac6f41
QTAgent32.exe Information: 0 : Sending user realm discovery request to 'https://login.windows-ppe.net/common/UserRealm/CustomerBVT@ngvldev1.ccsctp.net?api-version=1.0'. Correlation ID: 82189fa3-fc4e-40cb-824f-a1d094ac6f41
QTAgent32.exe Information: 0 : User 'CustomerBVT@ngvldev1.ccsctp.net' detected as 'Managed'. Correlation ID: 82189fa3-fc4e-40cb-824f-a1d094ac6f41
QTAgent32.exe Information: 0 : Access Token with hash 'vNZLFbtqEwp68ZY115sgO8B/JLmTpiyEthps89ujw3g=' and Refresh Token with hash 'tjT1RzfFVI9CubGlQIkqjpHd/8+y0RgAFCIWdGidU3U=' returned. Correlation ID: 82189fa3-fc4e-40cb-824f-a1d094ac6f41
Info::  Building URI for GetCliams
Info::  Calling the Get Request using URI and authentication header
</DebugTrace>
      </Output>
    </UnitTestResult>
    <UnitTestResult executionId="8558e040-5fe7-43ff-a762-d7a538715d75" testId="4212984f-fa47-c5fc-d38a-b2dae5e992fc" testName="SecurityWebApi_Claims_Request_Without_Bearer_Token_Returns_Unauthorized" computerName="ARAMK2" duration="00:00:01.1408840" startTime="2015-08-27T16:32:31.3642695-07:00" endTime="2015-08-27T16:32:32.5070677-07:00" testType="13cdc9d9-ddb5-4fa4-a97d-d965ccfc6d4b" outcome="Passed" testListId="8c84fa94-04c1-424b-9868-57a2d4851a1d" relativeResultsDirectory="8558e040-5fe7-43ff-a762-d7a538715d75">
      <Output>
        <DebugTrace>Info::  CorrelationId:1b6bc8a3-3fb9-4bdc-831f-5ccedd26e9fa
QTAgent32.exe Information: 0 : === Token Acquisition started. Correlation ID: 8595aab3-baa7-4016-a0ef-ff5f4cbcef6a
QTAgent32.exe Information: 0 : Sending user realm discovery request to 'https://login.windows-ppe.net/common/UserRealm/SupportBVT@ngvldev1.ccsctp.net?api-version=1.0'. Correlation ID: 8595aab3-baa7-4016-a0ef-ff5f4cbcef6a
QTAgent32.exe Information: 0 : User 'SupportBVT@ngvldev1.ccsctp.net' detected as 'Managed'. Correlation ID: 8595aab3-baa7-4016-a0ef-ff5f4cbcef6a
QTAgent32.exe Information: 0 : Access Token with hash '/rfBRIBBDmYuH3sSv9ihtvIa86nvL+iZLZ5juC5qVjE=' and Refresh Token with hash 'NYw50ChzdC2ZGMIecJcR1glcBpmstuvRxS3AEcA9RLg=' returned. Correlation ID: 8595aab3-baa7-4016-a0ef-ff5f4cbcef6a
Info::  Building URI for GetCliams
Info::  Calling the Get Request using URI and authentication header
</DebugTrace>
      </Output>
    </UnitTestResult>
    <UnitTestResult executionId="a6a08093-a618-4335-b621-833cced9f2b8" testId="910868a9-ae8b-d72b-be63-c6f011cd4b60" testName="SecurityWebApi_Claims_Request_Without_Object_Id_Parameter_Returns_NotFound" computerName="ARAMK2" duration="00:00:01.9053845" startTime="2015-08-27T16:32:32.5090740-07:00" endTime="2015-08-27T16:32:34.4174335-07:00" testType="13cdc9d9-ddb5-4fa4-a97d-d965ccfc6d4b" outcome="Passed" testListId="8c84fa94-04c1-424b-9868-57a2d4851a1d" relativeResultsDirectory="a6a08093-a618-4335-b621-833cced9f2b8">
      <Output>
        <DebugTrace>Info::  CorrelationId:a8d1a745-2094-4db2-91f9-f3675a1474cc
QTAgent32.exe Information: 0 : === Token Acquisition started. Correlation ID: 5ccedf56-9641-4cfd-8ce5-a56fec1174d6
QTAgent32.exe Information: 0 : Sending user realm discovery request to 'https://login.windows-ppe.net/common/UserRealm/UMTest_PartnerAgreementCreator@ngvldev1.ccsctp.net?api-version=1.0'. Correlation ID: 5ccedf56-9641-4cfd-8ce5-a56fec1174d6
QTAgent32.exe Information: 0 : User 'UMTest_PartnerAgreementCreator@ngvldev1.ccsctp.net' detected as 'Managed'. Correlation ID: 5ccedf56-9641-4cfd-8ce5-a56fec1174d6
QTAgent32.exe Information: 0 : Access Token with hash 'o0kfjlwG1gnGj3n+Rhd8K6QrWIpHiQSxZ+09iq1Ygs8=' and Refresh Token with hash '7YDQz1EWVfqImjhL9GBHzYHIAZfFwyOEzdY4LoOrwJM=' returned. Correlation ID: 5ccedf56-9641-4cfd-8ce5-a56fec1174d6
Info::  Building URI for GetCliams
Info::  Calling the Get Request using URI and authentication header
</DebugTrace>
      </Output>
    </UnitTestResult>
    <UnitTestResult executionId="8b4feeeb-3427-4c5f-9458-7579435cc701" testId="8577e726-ed4f-0535-34df-cd733bbc7d78" testName="SecurityWebApi_Claims_User_Without_UMDataReaderRole_Cannot_Get_Another_Users_Roles" computerName="ARAMK2" duration="00:00:01.3306957" startTime="2015-08-27T16:32:34.4204356-07:00" endTime="2015-08-27T16:32:35.7539086-07:00" testType="13cdc9d9-ddb5-4fa4-a97d-d965ccfc6d4b" outcome="Failed" testListId="8c84fa94-04c1-424b-9868-57a2d4851a1d" relativeResultsDirectory="8b4feeeb-3427-4c5f-9458-7579435cc701">
      <Output>
        <DebugTrace>Info::  CorrelationId:7ba4b2de-8357-4e28-a1d1-704f74f19648
QTAgent32.exe Information: 0 : === Token Acquisition started. Correlation ID: 69b81ff5-1e46-449d-bd28-91a021d6aaca
QTAgent32.exe Information: 0 : A matching token was found in the cache. Correlation ID: 69b81ff5-1e46-449d-bd28-91a021d6aaca
QTAgent32.exe Information: 0 : Access Token with hash '/rfBRIBBDmYuH3sSv9ihtvIa86nvL+iZLZ5juC5qVjE=' and Refresh Token with hash 'NYw50ChzdC2ZGMIecJcR1glcBpmstuvRxS3AEcA9RLg=' returned. Correlation ID: 69b81ff5-1e46-449d-bd28-91a021d6aaca
QTAgent32.exe Information: 0 : === Token Acquisition started. Correlation ID: 710439ee-e34e-4c87-a0c4-7d9c7a6e6ac9
QTAgent32.exe Information: 0 : Sending user realm discovery request to 'https://login.windows-ppe.net/common/UserRealm/UMTest_PartnerAgrmntCreatorNoAgrmntAccess@ngvldev1.ccsctp.net?api-version=1.0'. Correlation ID: 710439ee-e34e-4c87-a0c4-7d9c7a6e6ac9
QTAgent32.exe Information: 0 : User 'UMTest_PartnerAgrmntCreatorNoAgrmntAccess@ngvldev1.ccsctp.net' detected as 'Managed'. Correlation ID: 710439ee-e34e-4c87-a0c4-7d9c7a6e6ac9
QTAgent32.exe Information: 0 : AdalServiceException was thrown with ErrorCode 'invalid_grant' and StatusCode '400' and innerException 'AADSTS70002: Error validating credentials. AADSTS50126: Invalid username or password
Trace ID: 31743098-d2ab-4e77-abac-92dcf2ee35f2
Correlation ID: 710439ee-e34e-4c87-a0c4-7d9c7a6e6ac9
Timestamp: 2015-08-27 23:32:35Z'. Correlation ID: 710439ee-e34e-4c87-a0c4-7d9c7a6e6ac9
</DebugTrace>
        <ErrorInfo>
          <Message>Test method Laminar.Automation.Services.SecurityWebApi.Test.TestMethods.ClaimsEndpointTest.SecurityWebApi_Claims_User_Without_UMDataReaderRole_Cannot_Get_Another_Users_Roles threw exception: 
Microsoft.IdentityModel.Clients.ActiveDirectory.AdalServiceException: AADSTS70002: Error validating credentials. AADSTS50126: Invalid username or password
Trace ID: 31743098-d2ab-4e77-abac-92dcf2ee35f2
Correlation ID: 710439ee-e34e-4c87-a0c4-7d9c7a6e6ac9
Timestamp: 2015-08-27 23:32:35Z ---&gt; System.Net.WebException: The remote server returned an error: (400) Bad Request.</Message>
          <StackTrace>    at System.Net.HttpWebRequest.GetResponse()
   at Microsoft.IdentityModel.Clients.ActiveDirectory.HttpWebRequestWrapper.&lt;GetResponseSyncOrAsync&gt;d__2.MoveNext()
--- End of stack trace from previous location where exception was thrown ---
   at System.Runtime.CompilerServices.TaskAwaiter.ThrowForNonSuccess(Task task)
   at System.Runtime.CompilerServices.TaskAwaiter.HandleNonSuccessAndDebuggerNotification(Task task)
   at Microsoft.IdentityModel.Clients.ActiveDirectory.HttpHelper.&lt;SendPostRequestAndDeserializeJsonResponseAsync&gt;d__0`1.MoveNext()
 --- End of inner exception stack trace ---
    at Microsoft.IdentityModel.Clients.ActiveDirectory.AuthenticationContext.RunAsyncTask[T](Task`1 task)
   at Microsoft.IdentityModel.Clients.ActiveDirectory.AuthenticationContext.AcquireToken(String resource, String clientId, UserCredential userCredential)
   at Laminar.Automation.Services.SecurityWebApi.TokenAcquirer.AcquireTokenWithoutCodedUITest(String userName, String password) in c:\NGVL\SQA\Automation\Main\Laminar.Automation\Laminar.Automation.Services.SecurityWebApi\TokenAcquirer.cs:line 158
   at Laminar.Automation.Services.SecurityWebApi.TokenAcquirer.AcquireToken(User user, Boolean getUserTokenWithCodedUI) in c:\NGVL\SQA\Automation\Main\Laminar.Automation\Laminar.Automation.Services.SecurityWebApi\TokenAcquirer.cs:line 113
   at Laminar.Automation.Services.SecurityWebApi.Test.TestMethods.ClaimsEndpointTest.&lt;SecurityWebApi_Claims_User_Without_UMDataReaderRole_Cannot_Get_Another_Users_Roles&gt;d__12.MoveNext() in c:\NGVL\SQA\Automation\Main\Laminar.Automation\Laminar.Automation.Services.SecurityWebApi.Test\TestMethods\ClaimsEndpointTest.cs:line 108
--- End of stack trace from previous location where exception was thrown ---
   at System.Runtime.CompilerServices.TaskAwaiter.ThrowForNonSuccess(Task task)
   at System.Runtime.CompilerServices.TaskAwaiter.HandleNonSuccessAndDebuggerNotification(Task task)
   at System.Runtime.CompilerServices.TaskAwaiter.GetResult()
</StackTrace>
        </ErrorInfo>
      </Output>
    </UnitTestResult>
    <UnitTestResult executionId="ae6346e8-67b9-4731-a16c-b48b6ec382e3" testId="36b0d355-93d2-4a87-eea7-a95577ef7568" testName="SecurityWebApi_CreateCustomerInvitationWithBaseCustomerInfo_VerifyAndCleanup_526541" computerName="ARAMK2" duration="00:00:00.6428576" startTime="2015-08-27T16:32:35.7559090-07:00" endTime="2015-08-27T16:32:36.4003520-07:00" testType="13cdc9d9-ddb5-4fa4-a97d-d965ccfc6d4b" outcome="Passed" testListId="8c84fa94-04c1-424b-9868-57a2d4851a1d" relativeResultsDirectory="ae6346e8-67b9-4731-a16c-b48b6ec382e3">
      <Output>
        <DebugTrace>Info::  CorrelationId:8a95dc09-12cb-49ac-835f-085385ba1928
</DebugTrace>
      </Output>
    </UnitTestResult>
    <UnitTestResult executionId="d5a0ae04-aac8-4287-bd46-12d83dc614d0" testId="502dec02-2f1d-e2a1-608c-f64d731ea7c0" testName="SecurityWebApi_CreateCustomerParentAndDependentInvitations_VerifyAndCleanup_526541" computerName="ARAMK2" duration="00:00:00.5040900" startTime="2015-08-27T16:32:36.4033628-07:00" endTime="2015-08-27T16:32:36.9087154-07:00" testType="13cdc9d9-ddb5-4fa4-a97d-d965ccfc6d4b" outcome="Passed" testListId="8c84fa94-04c1-424b-9868-57a2d4851a1d" relativeResultsDirectory="d5a0ae04-aac8-4287-bd46-12d83dc614d0">
      <Output>
        <DebugTrace>Info::  CorrelationId:e5665800-8443-4602-81cc-e950a275520c
</DebugTrace>
      </Output>
    </UnitTestResult>
    <UnitTestResult executionId="a84db336-3b0a-4000-8065-49f6564b2fe8" testId="1739334e-eaed-5dc4-387d-0174a73dcfe9" testName="SecurityWebApi_CreatePartnerInvitationWithBasePartnerInfo_VerifyAndCleanup_526541" computerName="ARAMK2" duration="00:00:00.3667229" startTime="2015-08-27T16:32:36.9117175-07:00" endTime="2015-08-27T16:32:37.2799811-07:00" testType="13cdc9d9-ddb5-4fa4-a97d-d965ccfc6d4b" outcome="Passed" testListId="8c84fa94-04c1-424b-9868-57a2d4851a1d" relativeResultsDirectory="a84db336-3b0a-4000-8065-49f6564b2fe8">
      <Output>
        <DebugTrace>Info::  CorrelationId:b1304392-b015-4b0b-b5d2-e63d487be338
</DebugTrace>
      </Output>
    </UnitTestResult>
    <UnitTestResult executionId="59bd096b-b816-4f5e-be88-0e34c45042b4" testId="9da6946f-2e06-32eb-438b-d33c1f70a3aa" testName="SecurityWebApi_CreateSupportInvitationWithBaseSupportInfo_VerifyAndCleanup_526541" computerName="ARAMK2" duration="00:00:00.2957527" startTime="2015-08-27T16:32:37.2859857-07:00" endTime="2015-08-27T16:32:37.5831975-07:00" testType="13cdc9d9-ddb5-4fa4-a97d-d965ccfc6d4b" outcome="Passed" testListId="8c84fa94-04c1-424b-9868-57a2d4851a1d" relativeResultsDirectory="59bd096b-b816-4f5e-be88-0e34c45042b4">
      <Output>
        <DebugTrace>Info::  CorrelationId:b037eb9f-5c89-40d1-9d4e-d37830b40f25
</DebugTrace>
      </Output>
    </UnitTestResult>
    <UnitTestResult executionId="ca2a8546-3e23-4f33-abdd-9d2acf293e7d" testId="815eb28e-300b-752c-e1c9-427841cc32ca" testName="SecurityWebApi_CreateUnmappedCustomerInvitationsInDB_526541" computerName="ARAMK2" duration="00:00:00.5512398" startTime="2015-08-27T16:32:37.5852127-07:00" endTime="2015-08-27T16:32:38.1385944-07:00" testType="13cdc9d9-ddb5-4fa4-a97d-d965ccfc6d4b" outcome="Passed" testListId="8c84fa94-04c1-424b-9868-57a2d4851a1d" relativeResultsDirectory="ca2a8546-3e23-4f33-abdd-9d2acf293e7d">
      <Output>
        <StdOut>Creating Invites with PurchasingAccountType: CRP PurchasingAccountName: Purchasing Acct Name Corp.
InviteKey: b02d22d3-4393-48f5-b984-94bd90a17ecc, AccountKey: 0005251219, PARKey: 4210701902, VLAKey: 4110700203
Invitation URL: https://licensing-envl.corp.microsoft.com/Customer/UserManagement/Registration?inviteKey=b02d22d3-4393-48f5-b984-94bd90a17ecc</StdOut>
        <DebugTrace>Info::  CorrelationId:900c0a3f-1159-4a33-a583-7bcf1cacd91c
Info::  Executing query for Account Information from the DB.
</DebugTrace>
      </Output>
    </UnitTestResult>
    <UnitTestResult executionId="8ee4d8c7-3433-4437-9768-4df76a76b460" testId="5c73e87f-9cbe-c1e1-860a-3303d98331fd" testName="SecurityWebApi_CreateUnmappedCustomerInvitationsWithAgreementAdminRoleInDB_526541" computerName="ARAMK2" duration="00:00:00.8149846" startTime="2015-08-27T16:32:38.1415969-07:00" endTime="2015-08-27T16:32:38.9590026-07:00" testType="13cdc9d9-ddb5-4fa4-a97d-d965ccfc6d4b" outcome="Passed" testListId="8c84fa94-04c1-424b-9868-57a2d4851a1d" relativeResultsDirectory="8ee4d8c7-3433-4437-9768-4df76a76b460">
      <Output>
        <StdOut>Creating Invites with PurchasingAccountType: COM PurchasingAccountName: Auto Test Corp.
InviteKey: ebcd6b1b-f179-4392-bc4f-5500c62cbe57, AccountKey: 0005251219, PARKey: 4210701902, VLAKey: 4110700203
Invitation URL: https://licensing-envl.corp.microsoft.com/Customer/UserManagement/Registration?inviteKey=ebcd6b1b-f179-4392-bc4f-5500c62cbe57
InviteKey: ef2e3189-cec6-46ef-ae2f-aeaa1387cd31, AccountKey: 0005251219, PARKey: 4210701902, VLAKey: 4110700203
Invitation URL: https://licensing-envl.corp.microsoft.com/Customer/UserManagement/Registration?inviteKey=ef2e3189-cec6-46ef-ae2f-aeaa1387cd31</StdOut>
        <DebugTrace>Info::  CorrelationId:19c2a5b7-76af-498d-ac47-32e51087766d
Info::  Executing query for Account Information from the DB.
Info::  Executing query for Account Information from the DB.
</DebugTrace>
      </Output>
    </UnitTestResult>
    <UnitTestResult executionId="a5d290e0-3ce7-41e5-a3af-04b76bb58fe8" testId="782cc078-7651-633e-46b0-a41c7107d51a" testName="SecurityWebApi_GetInvitationByInvitationKey_CorrelationIDInResponseWhenNotInRequest_491149" computerName="ARAMK2" duration="00:00:01.0739777" startTime="2015-08-27T16:32:38.9610165-07:00" endTime="2015-08-27T16:32:40.0367739-07:00" testType="13cdc9d9-ddb5-4fa4-a97d-d965ccfc6d4b" outcome="Passed" testListId="8c84fa94-04c1-424b-9868-57a2d4851a1d" relativeResultsDirectory="a5d290e0-3ce7-41e5-a3af-04b76bb58fe8">
      <Output>
        <DebugTrace>Info::  CorrelationId:95962920-caca-47dc-99d9-23a95f8459ea
QTAgent32.exe Information: 0 : === Token Acquisition started. Correlation ID: b8d39fa4-15fc-4b16-ad7e-8ff8d7ef9af6
QTAgent32.exe Information: 0 : A matching token was found in the cache. Correlation ID: b8d39fa4-15fc-4b16-ad7e-8ff8d7ef9af6
QTAgent32.exe Information: 0 : Access Token with hash '/rfBRIBBDmYuH3sSv9ihtvIa86nvL+iZLZ5juC5qVjE=' and Refresh Token with hash 'NYw50ChzdC2ZGMIecJcR1glcBpmstuvRxS3AEcA9RLg=' returned. Correlation ID: b8d39fa4-15fc-4b16-ad7e-8ff8d7ef9af6
</DebugTrace>
      </Output>
    </UnitTestResult>
    <UnitTestResult executionId="d05cf1ba-3ae5-4401-b0bf-16f3e51670cf" testId="6813b2fc-e046-3f57-ff12-29dd56b529e8" testName="SecurityWebApi_GetInvitationByInvitationKey_CorrelationIDPersistsToLoggedMessages_EventLogs_479316" computerName="ARAMK2" duration="00:00:07.3751429" startTime="2015-08-27T16:32:40.0397751-07:00" endTime="2015-08-27T16:32:47.4160469-07:00" testType="13cdc9d9-ddb5-4fa4-a97d-d965ccfc6d4b" outcome="Passed" testListId="8c84fa94-04c1-424b-9868-57a2d4851a1d" relativeResultsDirectory="d05cf1ba-3ae5-4401-b0bf-16f3e51670cf">
      <Output>
        <DebugTrace>Info::  CorrelationId:a99903b1-0863-49e5-87a2-16df0f550353
QTAgent32.exe Information: 0 : === Token Acquisition started. Correlation ID: 0e1db496-a2f2-461a-9307-a70aed4dfa76
QTAgent32.exe Information: 0 : A matching token was found in the cache. Correlation ID: 0e1db496-a2f2-461a-9307-a70aed4dfa76
QTAgent32.exe Information: 0 : Access Token with hash '/rfBRIBBDmYuH3sSv9ihtvIa86nvL+iZLZ5juC5qVjE=' and Refresh Token with hash 'NYw50ChzdC2ZGMIecJcR1glcBpmstuvRxS3AEcA9RLg=' returned. Correlation ID: 0e1db496-a2f2-461a-9307-a70aed4dfa76
</DebugTrace>
      </Output>
    </UnitTestResult>
    <UnitTestResult executionId="2d79060f-9429-4fc9-97a7-5ab2fb00cb64" testId="9b0cc38b-851b-3999-cc5d-0b7d14134380" testName="SecurityWebApi_GetInvitationByInvitationKey_CorrelationIDResponseRequestMatch_479317" computerName="ARAMK2" duration="00:00:01.1923044" startTime="2015-08-27T16:32:47.4190494-07:00" endTime="2015-08-27T16:32:48.6129200-07:00" testType="13cdc9d9-ddb5-4fa4-a97d-d965ccfc6d4b" outcome="Passed" testListId="8c84fa94-04c1-424b-9868-57a2d4851a1d" relativeResultsDirectory="2d79060f-9429-4fc9-97a7-5ab2fb00cb64">
      <Output>
        <DebugTrace>Info::  CorrelationId:7705e0e4-bf28-4a37-8ad8-27722ead64df
QTAgent32.exe Information: 0 : === Token Acquisition started. Correlation ID: 7ab52fa7-cef7-4656-8081-b6112a691b86
QTAgent32.exe Information: 0 : A matching token was found in the cache. Correlation ID: 7ab52fa7-cef7-4656-8081-b6112a691b86
QTAgent32.exe Information: 0 : Access Token with hash '/rfBRIBBDmYuH3sSv9ihtvIa86nvL+iZLZ5juC5qVjE=' and Refresh Token with hash 'NYw50ChzdC2ZGMIecJcR1glcBpmstuvRxS3AEcA9RLg=' returned. Correlation ID: 7ab52fa7-cef7-4656-8081-b6112a691b86
</DebugTrace>
      </Output>
    </UnitTestResult>
    <UnitTestResult executionId="a0bfc9f2-bbac-4a66-b8f2-f471cff5f2dc" testId="35d7f943-0dd0-2f3a-b53f-1d0772f175e4" testName="SecurityWebApi_GetInvitationByInvitationKey_HappyPath_479274" computerName="ARAMK2" duration="00:00:01.3006036" startTime="2015-08-27T16:32:48.6159173-07:00" endTime="2015-08-27T16:32:49.9174710-07:00" testType="13cdc9d9-ddb5-4fa4-a97d-d965ccfc6d4b" outcome="Passed" testListId="8c84fa94-04c1-424b-9868-57a2d4851a1d" relativeResultsDirectory="a0bfc9f2-bbac-4a66-b8f2-f471cff5f2dc">
      <Output>
        <DebugTrace>Info::  CorrelationId:fd3430ea-e0a1-4734-b9ac-adb432d8bd8f
QTAgent32.exe Information: 0 : === Token Acquisition started. Correlation ID: cf950156-89a5-4701-8c19-2539b09a5780
QTAgent32.exe Information: 0 : A matching token was found in the cache. Correlation ID: cf950156-89a5-4701-8c19-2539b09a5780
QTAgent32.exe Information: 0 : Access Token with hash '/rfBRIBBDmYuH3sSv9ihtvIa86nvL+iZLZ5juC5qVjE=' and Refresh Token with hash 'NYw50ChzdC2ZGMIecJcR1glcBpmstuvRxS3AEcA9RLg=' returned. Correlation ID: cf950156-89a5-4701-8c19-2539b09a5780
</DebugTrace>
      </Output>
    </UnitTestResult>
    <UnitTestResult executionId="a357cdf2-d718-436e-9b84-9df164c831a6" testId="3b48abbd-f2f4-19fb-cc7d-3d9978791cf3" testName="SecurityWebApi_GetInvitationByInvitationKey_HappyPath_479276" computerName="ARAMK2" duration="00:00:01.2108512" startTime="2015-08-27T16:32:49.9214745-07:00" endTime="2015-08-27T16:32:51.1338263-07:00" testType="13cdc9d9-ddb5-4fa4-a97d-d965ccfc6d4b" outcome="Passed" testListId="8c84fa94-04c1-424b-9868-57a2d4851a1d" relativeResultsDirectory="a357cdf2-d718-436e-9b84-9df164c831a6">
      <Output>
        <DebugTrace>Info::  CorrelationId:9a134da6-f54d-4bee-864c-489df2e4cae2
QTAgent32.exe Information: 0 : === Token Acquisition started. Correlation ID: d0ea44a3-df21-468f-bf00-47fb1c556037
QTAgent32.exe Information: 0 : A matching token was found in the cache. Correlation ID: d0ea44a3-df21-468f-bf00-47fb1c556037
QTAgent32.exe Information: 0 : Access Token with hash '/rfBRIBBDmYuH3sSv9ihtvIa86nvL+iZLZ5juC5qVjE=' and Refresh Token with hash 'NYw50ChzdC2ZGMIecJcR1glcBpmstuvRxS3AEcA9RLg=' returned. Correlation ID: d0ea44a3-df21-468f-bf00-47fb1c556037
</DebugTrace>
      </Output>
    </UnitTestResult>
    <UnitTestResult executionId="c2315ff9-1ebc-4bc8-ba03-3db8d5f67a8b" testId="1ae0525e-545d-bbd2-e444-313f0be22a98" testName="SecurityWebApi_GetInvitationByInvitationKey_HappyPath_479284" computerName="ARAMK2" duration="00:00:01.1497833" startTime="2015-08-27T16:32:51.1368278-07:00" endTime="2015-08-27T16:32:52.2886517-07:00" testType="13cdc9d9-ddb5-4fa4-a97d-d965ccfc6d4b" outcome="Passed" testListId="8c84fa94-04c1-424b-9868-57a2d4851a1d" relativeResultsDirectory="c2315ff9-1ebc-4bc8-ba03-3db8d5f67a8b">
      <Output>
        <DebugTrace>Info::  CorrelationId:89944da8-1e8e-473c-8a02-8f07faa1802c
QTAgent32.exe Information: 0 : === Token Acquisition started. Correlation ID: 9a2886dd-be9f-4bc6-a26d-a7dde876f853
QTAgent32.exe Information: 0 : A matching token was found in the cache. Correlation ID: 9a2886dd-be9f-4bc6-a26d-a7dde876f853
QTAgent32.exe Information: 0 : Access Token with hash '/rfBRIBBDmYuH3sSv9ihtvIa86nvL+iZLZ5juC5qVjE=' and Refresh Token with hash 'NYw50ChzdC2ZGMIecJcR1glcBpmstuvRxS3AEcA9RLg=' returned. Correlation ID: 9a2886dd-be9f-4bc6-a26d-a7dde876f853
</DebugTrace>
      </Output>
    </UnitTestResult>
    <UnitTestResult executionId="ab07698c-e6d2-4094-9e60-9fecf893efb8" testId="3b59d902-a223-c13c-6c24-5a49d98150a2" testName="SecurityWebApi_GetInvitationByInvitationKey_InviteNotFound_479277" computerName="ARAMK2" duration="00:00:00.5909086" startTime="2015-08-27T16:32:52.2916538-07:00" endTime="2015-08-27T16:32:52.8840782-07:00" testType="13cdc9d9-ddb5-4fa4-a97d-d965ccfc6d4b" outcome="Passed" testListId="8c84fa94-04c1-424b-9868-57a2d4851a1d" relativeResultsDirectory="ab07698c-e6d2-4094-9e60-9fecf893efb8">
      <Output>
        <DebugTrace>Info::  CorrelationId:f2f5cd1c-2680-4ce2-bb11-d00ed1e91409
QTAgent32.exe Information: 0 : === Token Acquisition started. Correlation ID: c2a7fdca-f81e-43bb-b566-55c64e7a0be5
QTAgent32.exe Information: 0 : A matching token was found in the cache. Correlation ID: c2a7fdca-f81e-43bb-b566-55c64e7a0be5
QTAgent32.exe Information: 0 : Access Token with hash '/rfBRIBBDmYuH3sSv9ihtvIa86nvL+iZLZ5juC5qVjE=' and Refresh Token with hash 'NYw50ChzdC2ZGMIecJcR1glcBpmstuvRxS3AEcA9RLg=' returned. Correlation ID: c2a7fdca-f81e-43bb-b566-55c64e7a0be5
</DebugTrace>
      </Output>
    </UnitTestResult>
    <UnitTestResult executionId="567bc9b7-ffdc-49cc-a4d2-d6d914b00dc7" testId="1390cba3-c69e-8a2f-8565-d5f75675bea9" testName="SecurityWebApi_GetInvitationByInvitationKey_MalformedAuthHeader_479267" computerName="ARAMK2" duration="00:00:01.6816232" startTime="2015-08-27T16:32:52.8860922-07:00" endTime="2015-08-27T16:32:54.5693343-07:00" testType="13cdc9d9-ddb5-4fa4-a97d-d965ccfc6d4b" outcome="Passed" testListId="8c84fa94-04c1-424b-9868-57a2d4851a1d" relativeResultsDirectory="567bc9b7-ffdc-49cc-a4d2-d6d914b00dc7">
      <Output>
        <DebugTrace>Info::  CorrelationId:11b04eca-8b7b-469e-a369-e8d0bdfcc520
QTAgent32.exe Information: 0 : === Token Acquisition started. Correlation ID: c5c976b8-84cf-4da9-ba91-1dc6accc9503
QTAgent32.exe Information: 0 : A matching token was found in the cache. Correlation ID: c5c976b8-84cf-4da9-ba91-1dc6accc9503
QTAgent32.exe Information: 0 : Access Token with hash '/rfBRIBBDmYuH3sSv9ihtvIa86nvL+iZLZ5juC5qVjE=' and Refresh Token with hash 'NYw50ChzdC2ZGMIecJcR1glcBpmstuvRxS3AEcA9RLg=' returned. Correlation ID: c5c976b8-84cf-4da9-ba91-1dc6accc9503
</DebugTrace>
      </Output>
    </UnitTestResult>
    <UnitTestResult executionId="379049a2-b3d7-47ff-a9f3-99fa4b5526fd" testId="4a0cf81e-03b5-50a3-044b-b3c58bbf513c" testName="SecurityWebApi_GetInvitationByInvitationKey_NoAuthHeader_479268" computerName="ARAMK2" duration="00:00:01.1094955" startTime="2015-08-27T16:32:54.5723371-07:00" endTime="2015-08-27T16:32:55.6833739-07:00" testType="13cdc9d9-ddb5-4fa4-a97d-d965ccfc6d4b" outcome="Passed" testListId="8c84fa94-04c1-424b-9868-57a2d4851a1d" relativeResultsDirectory="379049a2-b3d7-47ff-a9f3-99fa4b5526fd">
      <Output>
        <DebugTrace>Info::  CorrelationId:f9129916-e7bb-4924-9ba5-66f6c3b11849
QTAgent32.exe Information: 0 : === Token Acquisition started. Correlation ID: f6f5eb58-2272-4cce-86a5-88dd6e4924ab
QTAgent32.exe Information: 0 : A matching token was found in the cache. Correlation ID: f6f5eb58-2272-4cce-86a5-88dd6e4924ab
QTAgent32.exe Information: 0 : Access Token with hash '/rfBRIBBDmYuH3sSv9ihtvIa86nvL+iZLZ5juC5qVjE=' and Refresh Token with hash 'NYw50ChzdC2ZGMIecJcR1glcBpmstuvRxS3AEcA9RLg=' returned. Correlation ID: f6f5eb58-2272-4cce-86a5-88dd6e4924ab
</DebugTrace>
      </Output>
    </UnitTestResult>
    <UnitTestResult executionId="c5f44be1-5042-47e3-b604-eab65276dde0" testId="3809d138-1d94-3cf8-9cad-c9b27e3bd5d8" testName="SecurityWebApi_GetInvitationByInvitationKey_PartnerAgreementCreator_HappyPath_499710" computerName="ARAMK2" duration="00:00:01.5763335" startTime="2015-08-27T16:32:55.6863757-07:00" endTime="2015-08-27T16:32:57.2637756-07:00" testType="13cdc9d9-ddb5-4fa4-a97d-d965ccfc6d4b" outcome="Failed" testListId="8c84fa94-04c1-424b-9868-57a2d4851a1d" relativeResultsDirectory="c5f44be1-5042-47e3-b604-eab65276dde0">
      <Output>
        <DebugTrace>Info::  CorrelationId:deb9a3a7-c07a-4886-b4e3-95748612f77c
QTAgent32.exe Information: 0 : === Token Acquisition started. Correlation ID: 19136b4e-9e1d-4f46-9479-bfeae88ebef8
QTAgent32.exe Information: 0 : Sending user realm discovery request to 'https://login.windows-ppe.net/common/UserRealm/PartnerBVT@ngvldev1.ccsctp.net?api-version=1.0'. Correlation ID: 19136b4e-9e1d-4f46-9479-bfeae88ebef8
QTAgent32.exe Information: 0 : User 'PartnerBVT@ngvldev1.ccsctp.net' detected as 'Managed'. Correlation ID: 19136b4e-9e1d-4f46-9479-bfeae88ebef8
QTAgent32.exe Information: 0 : Access Token with hash 'MBMjBiLgWCtTsHMcxQnTRd5uRB7J+1CToQLcEWlPzhk=' and Refresh Token with hash 'ZedIWHIa6ZrHXWfLAsWdE56BTqqBt0C1xpF+Hs9+TBU=' returned. Correlation ID: 19136b4e-9e1d-4f46-9479-bfeae88ebef8
</DebugTrace>
        <ErrorInfo>
          <Message>Assert.AreEqual failed. Expected:&lt;OK&gt;. Actual:&lt;InternalServerError&gt;. </Message>
          <StackTrace>   at Laminar.Automation.Services.SecurityWebApi.Test.TestMethods.InvitationTest.&lt;SecurityWebApi_GetInvitationByInvitationKey_PartnerAgreementCreator_HappyPath_499710&gt;d__79.MoveNext() in c:\NGVL\SQA\Automation\Main\Laminar.Automation\Laminar.Automation.Services.SecurityWebApi.Test\TestMethods\InvitationTest.cs:line 402
--- End of stack trace from previous location where exception was thrown ---
   at System.Runtime.CompilerServices.TaskAwaiter.ThrowForNonSuccess(Task task)
   at System.Runtime.CompilerServices.TaskAwaiter.HandleNonSuccessAndDebuggerNotification(Task task)
   at System.Runtime.CompilerServices.TaskAwaiter.GetResult()
</StackTrace>
        </ErrorInfo>
      </Output>
    </UnitTestResult>
    <UnitTestResult executionId="21f9c130-cebc-4883-aa15-c4f8e1118660" testId="8e10d0a3-c01b-3a73-5bfd-199a6a40b21f" testName="SecurityWebApi_GetInvitationByInvitationKey_PartnerAgreementCreatorNoAgreementAccess_499711" computerName="ARAMK2" duration="00:00:00.6219822" startTime="2015-08-27T16:32:57.2687791-07:00" endTime="2015-08-27T16:32:57.8922247-07:00" testType="13cdc9d9-ddb5-4fa4-a97d-d965ccfc6d4b" outcome="Failed" testListId="8c84fa94-04c1-424b-9868-57a2d4851a1d" relativeResultsDirectory="21f9c130-cebc-4883-aa15-c4f8e1118660">
      <Output>
        <DebugTrace>Info::  CorrelationId:cdf85e2c-bf2f-485d-8fa9-906fc9dd6465
QTAgent32.exe Information: 0 : === Token Acquisition started. Correlation ID: 0d437939-3a93-4e06-8e40-12d505bb4192
QTAgent32.exe Information: 0 : Sending user realm discovery request to 'https://login.windows-ppe.net/common/UserRealm/UMTest_PartnerAgrmntCreatorNoAgrmntAccess@ngvldev1.ccsctp.net?api-version=1.0'. Correlation ID: 0d437939-3a93-4e06-8e40-12d505bb4192
QTAgent32.exe Information: 0 : User 'UMTest_PartnerAgrmntCreatorNoAgrmntAccess@ngvldev1.ccsctp.net' detected as 'Managed'. Correlation ID: 0d437939-3a93-4e06-8e40-12d505bb4192
QTAgent32.exe Information: 0 : AdalServiceException was thrown with ErrorCode 'invalid_grant' and StatusCode '400' and innerException 'AADSTS70002: Error validating credentials. AADSTS50126: Invalid username or password
Trace ID: 126a9e8b-ae79-47f7-bf4e-a22fa0057450
Correlation ID: 0d437939-3a93-4e06-8e40-12d505bb4192
Timestamp: 2015-08-27 23:32:58Z'. Correlation ID: 0d437939-3a93-4e06-8e40-12d505bb4192
</DebugTrace>
        <ErrorInfo>
          <Message>Test method Laminar.Automation.Services.SecurityWebApi.Test.TestMethods.InvitationTest.SecurityWebApi_GetInvitationByInvitationKey_PartnerAgreementCreatorNoAgreementAccess_499711 threw exception: 
Microsoft.IdentityModel.Clients.ActiveDirectory.AdalServiceException: AADSTS70002: Error validating credentials. AADSTS50126: Invalid username or password
Trace ID: 126a9e8b-ae79-47f7-bf4e-a22fa0057450
Correlation ID: 0d437939-3a93-4e06-8e40-12d505bb4192
Timestamp: 2015-08-27 23:32:58Z ---&gt; System.Net.WebException: The remote server returned an error: (400) Bad Request.</Message>
          <StackTrace>    at System.Net.HttpWebRequest.GetResponse()
   at Microsoft.IdentityModel.Clients.ActiveDirectory.HttpWebRequestWrapper.&lt;GetResponseSyncOrAsync&gt;d__2.MoveNext()
--- End of stack trace from previous location where exception was thrown ---
   at System.Runtime.CompilerServices.TaskAwaiter.ThrowForNonSuccess(Task task)
   at System.Runtime.CompilerServices.TaskAwaiter.HandleNonSuccessAndDebuggerNotification(Task task)
   at Microsoft.IdentityModel.Clients.ActiveDirectory.HttpHelper.&lt;SendPostRequestAndDeserializeJsonResponseAsync&gt;d__0`1.MoveNext()
 --- End of inner exception stack trace ---
    at Microsoft.IdentityModel.Clients.ActiveDirectory.AuthenticationContext.RunAsyncTask[T](Task`1 task)
   at Microsoft.IdentityModel.Clients.ActiveDirectory.AuthenticationContext.AcquireToken(String resource, String clientId, UserCredential userCredential)
   at Laminar.Automation.Services.SecurityWebApi.TokenAcquirer.AcquireTokenWithoutCodedUITest(String userName, String password) in c:\NGVL\SQA\Automation\Main\Laminar.Automation\Laminar.Automation.Services.SecurityWebApi\TokenAcquirer.cs:line 158
   at Laminar.Automation.Services.SecurityWebApi.TokenAcquirer.AcquireToken(User user, Boolean getUserTokenWithCodedUI) in c:\NGVL\SQA\Automation\Main\Laminar.Automation\Laminar.Automation.Services.SecurityWebApi\TokenAcquirer.cs:line 113
   at Laminar.Automation.Services.SecurityWebApi.Test.TestMethods.InvitationTest.&lt;SecurityWebApi_GetInvitationByInvitationKey_PartnerAgreementCreatorNoAgreementAccess_499711&gt;d__86.MoveNext() in c:\NGVL\SQA\Automation\Main\Laminar.Automation\Laminar.Automation.Services.SecurityWebApi.Test\TestMethods\InvitationTest.cs:line 422
--- End of stack trace from previous location where exception was thrown ---
   at System.Runtime.CompilerServices.TaskAwaiter.ThrowForNonSuccess(Task task)
   at System.Runtime.CompilerServices.TaskAwaiter.HandleNonSuccessAndDebuggerNotification(Task task)
   at System.Runtime.CompilerServices.TaskAwaiter.GetResult()
</StackTrace>
        </ErrorInfo>
      </Output>
    </UnitTestResult>
    <UnitTestResult executionId="69486d54-f037-418e-9347-0b0938d6be48" testId="cd094ab9-31ca-0fb1-3ab0-75e7f68022b8" testName="SecurityWebApi_GetInvitationByInvitationKey_PartnerNotAgreementApproverOrCreator_499712" computerName="ARAMK2" duration="00:00:00.5888748" startTime="2015-08-27T16:32:57.8952269-07:00" endTime="2015-08-27T16:32:58.4858798-07:00" testType="13cdc9d9-ddb5-4fa4-a97d-d965ccfc6d4b" outcome="Failed" testListId="8c84fa94-04c1-424b-9868-57a2d4851a1d" relativeResultsDirectory="69486d54-f037-418e-9347-0b0938d6be48">
      <Output>
        <DebugTrace>Info::  CorrelationId:3dd2467d-8e00-46f7-a338-08359557049f
QTAgent32.exe Information: 0 : === Token Acquisition started. Correlation ID: 0e2a85f2-f67a-42cd-a1c5-a8074aa9dd33
QTAgent32.exe Information: 0 : Sending user realm discovery request to 'https://login.windows-ppe.net/common/UserRealm/UMTest_PartnerNotAgrmntApproveOrCreate@ngvldev1.ccsctp.net?api-version=1.0'. Correlation ID: 0e2a85f2-f67a-42cd-a1c5-a8074aa9dd33
QTAgent32.exe Information: 0 : User 'UMTest_PartnerNotAgrmntApproveOrCreate@ngvldev1.ccsctp.net' detected as 'Managed'. Correlation ID: 0e2a85f2-f67a-42cd-a1c5-a8074aa9dd33
QTAgent32.exe Information: 0 : AdalServiceException was thrown with ErrorCode 'invalid_grant' and StatusCode '400' and innerException 'AADSTS70002: Error validating credentials. AADSTS50126: Invalid username or password
Trace ID: 45ee853f-17db-44cf-923d-606d706284b3
Correlation ID: 0e2a85f2-f67a-42cd-a1c5-a8074aa9dd33
Timestamp: 2015-08-27 23:32:58Z'. Correlation ID: 0e2a85f2-f67a-42cd-a1c5-a8074aa9dd33
</DebugTrace>
        <ErrorInfo>
          <Message>Test method Laminar.Automation.Services.SecurityWebApi.Test.TestMethods.InvitationTest.SecurityWebApi_GetInvitationByInvitationKey_PartnerNotAgreementApproverOrCreator_499712 threw exception: 
Microsoft.IdentityModel.Clients.ActiveDirectory.AdalServiceException: AADSTS70002: Error validating credentials. AADSTS50126: Invalid username or password
Trace ID: 45ee853f-17db-44cf-923d-606d706284b3
Correlation ID: 0e2a85f2-f67a-42cd-a1c5-a8074aa9dd33
Timestamp: 2015-08-27 23:32:58Z ---&gt; System.Net.WebException: The remote server returned an error: (400) Bad Request.</Message>
          <StackTrace>    at System.Net.HttpWebRequest.GetResponse()
   at Microsoft.IdentityModel.Clients.ActiveDirectory.HttpWebRequestWrapper.&lt;GetResponseSyncOrAsync&gt;d__2.MoveNext()
--- End of stack trace from previous location where exception was thrown ---
   at System.Runtime.CompilerServices.TaskAwaiter.ThrowForNonSuccess(Task task)
   at System.Runtime.CompilerServices.TaskAwaiter.HandleNonSuccessAndDebuggerNotification(Task task)
   at Microsoft.IdentityModel.Clients.ActiveDirectory.HttpHelper.&lt;SendPostRequestAndDeserializeJsonResponseAsync&gt;d__0`1.MoveNext()
 --- End of inner exception stack trace ---
    at Microsoft.IdentityModel.Clients.ActiveDirectory.AuthenticationContext.RunAsyncTask[T](Task`1 task)
   at Microsoft.IdentityModel.Clients.ActiveDirectory.AuthenticationContext.AcquireToken(String resource, String clientId, UserCredential userCredential)
   at Laminar.Automation.Services.SecurityWebApi.TokenAcquirer.AcquireTokenWithoutCodedUITest(String userName, String password) in c:\NGVL\SQA\Automation\Main\Laminar.Automation\Laminar.Automation.Services.SecurityWebApi\TokenAcquirer.cs:line 158
   at Laminar.Automation.Services.SecurityWebApi.TokenAcquirer.AcquireToken(User user, Boolean getUserTokenWithCodedUI) in c:\NGVL\SQA\Automation\Main\Laminar.Automation\Laminar.Automation.Services.SecurityWebApi\TokenAcquirer.cs:line 113
   at Laminar.Automation.Services.SecurityWebApi.Test.TestMethods.InvitationTest.&lt;SecurityWebApi_GetInvitationByInvitationKey_PartnerNotAgreementApproverOrCreator_499712&gt;d__90.MoveNext() in c:\NGVL\SQA\Automation\Main\Laminar.Automation\Laminar.Automation.Services.SecurityWebApi.Test\TestMethods\InvitationTest.cs:line 450
--- End of stack trace from previous location where exception was thrown ---
   at System.Runtime.CompilerServices.TaskAwaiter.ThrowForNonSuccess(Task task)
   at System.Runtime.CompilerServices.TaskAwaiter.HandleNonSuccessAndDebuggerNotification(Task task)
   at System.Runtime.CompilerServices.TaskAwaiter.GetResult()
</StackTrace>
        </ErrorInfo>
      </Output>
    </UnitTestResult>
    <UnitTestResult executionId="bfd50f96-9be4-40a3-89ee-db02d9327504" testId="4420adb8-368a-e495-9437-b6522ac85ad2" testName="SecurityWebApi_GetInvitationByInvitationKey_TimingLogs_479288" computerName="ARAMK2" duration="00:00:01.5944877" startTime="2015-08-27T16:32:58.4898827-07:00" endTime="2015-08-27T16:33:00.0858211-07:00" testType="13cdc9d9-ddb5-4fa4-a97d-d965ccfc6d4b" outcome="Failed" testListId="8c84fa94-04c1-424b-9868-57a2d4851a1d" relativeResultsDirectory="bfd50f96-9be4-40a3-89ee-db02d9327504">
      <Output>
        <DebugTrace>Info::  CorrelationId:f9be3dbe-4980-48a1-9a05-698c9070c550
QTAgent32.exe Information: 0 : === Token Acquisition started. Correlation ID: 914adcb5-dd3f-4a64-902e-168f3e86be4c
QTAgent32.exe Information: 0 : A matching token was found in the cache. Correlation ID: 914adcb5-dd3f-4a64-902e-168f3e86be4c
QTAgent32.exe Information: 0 : Access Token with hash '/rfBRIBBDmYuH3sSv9ihtvIa86nvL+iZLZ5juC5qVjE=' and Refresh Token with hash 'NYw50ChzdC2ZGMIecJcR1glcBpmstuvRxS3AEcA9RLg=' returned. Correlation ID: 914adcb5-dd3f-4a64-902e-168f3e86be4c
</DebugTrace>
        <ErrorInfo>
          <Message>Assert.IsTrue failed. </Message>
          <StackTrace>   at Laminar.Automation.Services.SecurityWebApi.Test.TestMethods.InvitationTest.&lt;SecurityWebApi_GetInvitationByInvitationKey_TimingLogs_479288&gt;d__5c.MoveNext() in c:\NGVL\SQA\Automation\Main\Laminar.Automation\Laminar.Automation.Services.SecurityWebApi.Test\TestMethods\InvitationTest.cs:line 320
--- End of stack trace from previous location where exception was thrown ---
   at System.Runtime.CompilerServices.TaskAwaiter.ThrowForNonSuccess(Task task)
   at System.Runtime.CompilerServices.TaskAwaiter.HandleNonSuccessAndDebuggerNotification(Task task)
   at System.Runtime.CompilerServices.TaskAwaiter.GetResult()
</StackTrace>
        </ErrorInfo>
      </Output>
    </UnitTestResult>
    <UnitTestResult executionId="15d5e13c-20c6-417e-9317-42a60271def6" testId="ed6b28cc-301e-5d4f-6ac0-531892c29409" testName="SecurityWebApi_GetInvitationBySearchCriteria_AgreementNumbers_HappyPath_548077" computerName="ARAMK2" duration="00:00:02.1222580" startTime="2015-08-27T16:33:00.1192187-07:00" endTime="2015-08-27T16:33:02.2426768-07:00" testType="13cdc9d9-ddb5-4fa4-a97d-d965ccfc6d4b" outcome="Passed" testListId="8c84fa94-04c1-424b-9868-57a2d4851a1d" relativeResultsDirectory="15d5e13c-20c6-417e-9317-42a60271def6">
      <Output>
        <DebugTrace>Info::  CorrelationId:e44fdff7-9e4b-4cf3-bddc-68faba457ecd
QTAgent32.exe Information: 0 : === Token Acquisition started. Correlation ID: c08fbf2c-bb08-4af4-bf82-c5c41a862f5e
QTAgent32.exe Information: 0 : A matching token was found in the cache. Correlation ID: c08fbf2c-bb08-4af4-bf82-c5c41a862f5e
QTAgent32.exe Information: 0 : Access Token with hash '/rfBRIBBDmYuH3sSv9ihtvIa86nvL+iZLZ5juC5qVjE=' and Refresh Token with hash 'NYw50ChzdC2ZGMIecJcR1glcBpmstuvRxS3AEcA9RLg=' returned. Correlation ID: c08fbf2c-bb08-4af4-bf82-c5c41a862f5e
</DebugTrace>
      </Output>
    </UnitTestResult>
    <UnitTestResult executionId="3a3a1a98-1365-476f-b9af-038ca5c6ac84" testId="8e0cb993-aa98-2618-2a2f-295393ba9932" testName="SecurityWebApi_GetInvitationBySearchCriteria_AgreementNumbers_NoRecordsFound_548078" computerName="ARAMK2" duration="00:00:01.4414360" startTime="2015-08-27T16:33:02.2456790-07:00" endTime="2015-08-27T16:33:03.6885397-07:00" testType="13cdc9d9-ddb5-4fa4-a97d-d965ccfc6d4b" outcome="Passed" testListId="8c84fa94-04c1-424b-9868-57a2d4851a1d" relativeResultsDirectory="3a3a1a98-1365-476f-b9af-038ca5c6ac84">
      <Output>
        <DebugTrace>Info::  CorrelationId:0b07593e-a700-4eff-a260-b34a5aec2566
QTAgent32.exe Information: 0 : === Token Acquisition started. Correlation ID: f741969b-a9be-4f89-9e87-f02e804d5f57
QTAgent32.exe Information: 0 : A matching token was found in the cache. Correlation ID: f741969b-a9be-4f89-9e87-f02e804d5f57
QTAgent32.exe Information: 0 : Access Token with hash '/rfBRIBBDmYuH3sSv9ihtvIa86nvL+iZLZ5juC5qVjE=' and Refresh Token with hash 'NYw50ChzdC2ZGMIecJcR1glcBpmstuvRxS3AEcA9RLg=' returned. Correlation ID: f741969b-a9be-4f89-9e87-f02e804d5f57
</DebugTrace>
      </Output>
    </UnitTestResult>
    <UnitTestResult executionId="486ab464-498f-4377-9a93-a51be40ca22c" testId="3a188ead-398c-3357-9684-24e647fabeff" testName="SecurityWebApi_GetInvitationBySearchCriteria_ApproverUPN_HappyPath_611684" computerName="ARAMK2" duration="00:00:00.8326555" startTime="2015-08-27T16:33:03.6905409-07:00" endTime="2015-08-27T16:33:04.5252734-07:00" testType="13cdc9d9-ddb5-4fa4-a97d-d965ccfc6d4b" outcome="Passed" testListId="8c84fa94-04c1-424b-9868-57a2d4851a1d" relativeResultsDirectory="486ab464-498f-4377-9a93-a51be40ca22c">
      <Output>
        <DebugTrace>Info::  CorrelationId:9d80688b-897b-4664-b2e8-2a664a3933ea
QTAgent32.exe Information: 0 : === Token Acquisition started. Correlation ID: 029b75a4-a5f7-4fd3-b1a7-d420b5011bdd
QTAgent32.exe Information: 0 : A matching token was found in the cache. Correlation ID: 029b75a4-a5f7-4fd3-b1a7-d420b5011bdd
QTAgent32.exe Information: 0 : Access Token with hash '/rfBRIBBDmYuH3sSv9ihtvIa86nvL+iZLZ5juC5qVjE=' and Refresh Token with hash 'NYw50ChzdC2ZGMIecJcR1glcBpmstuvRxS3AEcA9RLg=' returned. Correlation ID: 029b75a4-a5f7-4fd3-b1a7-d420b5011bdd
</DebugTrace>
      </Output>
    </UnitTestResult>
    <UnitTestResult executionId="3059ddeb-8efa-45a9-aade-dd21de1913be" testId="192d403c-afa7-cc6d-3196-28dce544adcd" testName="SecurityWebApi_GetInvitationBySearchCriteria_ApproverUPN_NotFound_622604" computerName="ARAMK2" duration="00:00:00.6312525" startTime="2015-08-27T16:33:04.5402841-07:00" endTime="2015-08-27T16:33:05.1733824-07:00" testType="13cdc9d9-ddb5-4fa4-a97d-d965ccfc6d4b" outcome="Passed" testListId="8c84fa94-04c1-424b-9868-57a2d4851a1d" relativeResultsDirectory="3059ddeb-8efa-45a9-aade-dd21de1913be">
      <Output>
        <DebugTrace>Info::  CorrelationId:954a9b2b-fe53-41b8-85f0-7a561de62bdd
QTAgent32.exe Information: 0 : === Token Acquisition started. Correlation ID: 5be3b70f-3284-4225-98b3-40b63a7da5a3
QTAgent32.exe Information: 0 : A matching token was found in the cache. Correlation ID: 5be3b70f-3284-4225-98b3-40b63a7da5a3
QTAgent32.exe Information: 0 : Access Token with hash '/rfBRIBBDmYuH3sSv9ihtvIa86nvL+iZLZ5juC5qVjE=' and Refresh Token with hash 'NYw50ChzdC2ZGMIecJcR1glcBpmstuvRxS3AEcA9RLg=' returned. Correlation ID: 5be3b70f-3284-4225-98b3-40b63a7da5a3
</DebugTrace>
      </Output>
    </UnitTestResult>
    <UnitTestResult executionId="6dc144f9-893e-4cbd-8095-cd2d63032e15" testId="4ff2f60c-ba2f-00af-e22a-19adba3bdcd7" testName="SecurityWebApi_GetInvitationBySearchCriteria_CorrelationIDInResponseWhenNotInRequest_491150" computerName="ARAMK2" duration="00:00:01.0805471" startTime="2015-08-27T16:33:05.1783629-07:00" endTime="2015-08-27T16:33:06.2608148-07:00" testType="13cdc9d9-ddb5-4fa4-a97d-d965ccfc6d4b" outcome="Passed" testListId="8c84fa94-04c1-424b-9868-57a2d4851a1d" relativeResultsDirectory="6dc144f9-893e-4cbd-8095-cd2d63032e15">
      <Output>
        <DebugTrace>Info::  CorrelationId:f5025736-1d3e-4b64-9cef-121a92adb125
QTAgent32.exe Information: 0 : === Token Acquisition started. Correlation ID: 2a573ff8-3144-4687-af90-bda1431936dc
QTAgent32.exe Information: 0 : A matching token was found in the cache. Correlation ID: 2a573ff8-3144-4687-af90-bda1431936dc
QTAgent32.exe Information: 0 : Access Token with hash '/rfBRIBBDmYuH3sSv9ihtvIa86nvL+iZLZ5juC5qVjE=' and Refresh Token with hash 'NYw50ChzdC2ZGMIecJcR1glcBpmstuvRxS3AEcA9RLg=' returned. Correlation ID: 2a573ff8-3144-4687-af90-bda1431936dc
</DebugTrace>
      </Output>
    </UnitTestResult>
    <UnitTestResult executionId="7a031994-bc90-4436-9651-0ba97e542b0f" testId="df212ef7-b315-7805-9dce-b9f7a4b67b04" testName="SecurityWebApi_GetInvitationBySearchCriteria_CorrelationIDPersistsToLoggedMessages_EventLogs_491147" computerName="ARAMK2" duration="00:00:07.0291199" startTime="2015-08-27T16:33:06.2647965-07:00" endTime="2015-08-27T16:33:13.2954575-07:00" testType="13cdc9d9-ddb5-4fa4-a97d-d965ccfc6d4b" outcome="Passed" testListId="8c84fa94-04c1-424b-9868-57a2d4851a1d" relativeResultsDirectory="7a031994-bc90-4436-9651-0ba97e542b0f">
      <Output>
        <DebugTrace>Info::  CorrelationId:5652c949-9b0d-4413-8ccf-de43e26885d2
QTAgent32.exe Information: 0 : === Token Acquisition started. Correlation ID: 4531e3a2-b0e1-4d4b-bba5-9e14c2937c09
QTAgent32.exe Information: 0 : A matching token was found in the cache. Correlation ID: 4531e3a2-b0e1-4d4b-bba5-9e14c2937c09
QTAgent32.exe Information: 0 : Access Token with hash '/rfBRIBBDmYuH3sSv9ihtvIa86nvL+iZLZ5juC5qVjE=' and Refresh Token with hash 'NYw50ChzdC2ZGMIecJcR1glcBpmstuvRxS3AEcA9RLg=' returned. Correlation ID: 4531e3a2-b0e1-4d4b-bba5-9e14c2937c09
</DebugTrace>
      </Output>
    </UnitTestResult>
    <UnitTestResult executionId="8c6a3740-50db-4ef8-91a7-9b4215e212af" testId="04ea5100-6aa5-bc1c-4cd8-5f528f747da2" testName="SecurityWebApi_GetInvitationBySearchCriteria_CorrelationIDResponseRequestMatch_491148" computerName="ARAMK2" duration="00:00:06.3356473" startTime="2015-08-27T16:33:13.2994597-07:00" endTime="2015-08-27T16:33:19.6364993-07:00" testType="13cdc9d9-ddb5-4fa4-a97d-d965ccfc6d4b" outcome="Passed" testListId="8c84fa94-04c1-424b-9868-57a2d4851a1d" relativeResultsDirectory="8c6a3740-50db-4ef8-91a7-9b4215e212af">
      <Output>
        <DebugTrace>Info::  CorrelationId:4218c090-344a-4782-bfd5-b1ad76062ae0
QTAgent32.exe Information: 0 : === Token Acquisition started. Correlation ID: 0517c5a0-5461-4ea1-827f-a7b25cccbb3b
QTAgent32.exe Information: 0 : A matching token was found in the cache. Correlation ID: 0517c5a0-5461-4ea1-827f-a7b25cccbb3b
QTAgent32.exe Information: 0 : Access Token with hash '/rfBRIBBDmYuH3sSv9ihtvIa86nvL+iZLZ5juC5qVjE=' and Refresh Token with hash 'NYw50ChzdC2ZGMIecJcR1glcBpmstuvRxS3AEcA9RLg=' returned. Correlation ID: 0517c5a0-5461-4ea1-827f-a7b25cccbb3b
</DebugTrace>
      </Output>
    </UnitTestResult>
    <UnitTestResult executionId="7ab4df3a-7ecd-405d-8413-93097eb2c5e4" testId="17ace622-d717-008d-a8dc-80c8937511e3" testName="SecurityWebApi_GetInvitationBySearchCriteria_HappyPath_479275" computerName="ARAMK2" duration="00:00:01.7925142" startTime="2015-08-27T16:33:19.6395018-07:00" endTime="2015-08-27T16:33:21.4347847-07:00" testType="13cdc9d9-ddb5-4fa4-a97d-d965ccfc6d4b" outcome="Passed" testListId="8c84fa94-04c1-424b-9868-57a2d4851a1d" relativeResultsDirectory="7ab4df3a-7ecd-405d-8413-93097eb2c5e4">
      <Output>
        <DebugTrace>Info::  CorrelationId:a950c4f7-468b-4d41-add3-573cf7f78a4b
QTAgent32.exe Information: 0 : === Token Acquisition started. Correlation ID: e5023a0b-9deb-451b-b4e6-e2b0ba9cf80f
QTAgent32.exe Information: 0 : A matching token was found in the cache. Correlation ID: e5023a0b-9deb-451b-b4e6-e2b0ba9cf80f
QTAgent32.exe Information: 0 : Access Token with hash '/rfBRIBBDmYuH3sSv9ihtvIa86nvL+iZLZ5juC5qVjE=' and Refresh Token with hash 'NYw50ChzdC2ZGMIecJcR1glcBpmstuvRxS3AEcA9RLg=' returned. Correlation ID: e5023a0b-9deb-451b-b4e6-e2b0ba9cf80f
</DebugTrace>
      </Output>
    </UnitTestResult>
    <UnitTestResult executionId="66558b5f-ce28-4925-826e-b98f8c2b8e17" testId="e58ebe95-984e-29f7-5ea6-854ae3ce4998" testName="SecurityWebApi_GetInvitationBySearchCriteria_HappyPath_479285" computerName="ARAMK2" duration="00:00:01.0826893" startTime="2015-08-27T16:33:21.4387891-07:00" endTime="2015-08-27T16:33:22.5235632-07:00" testType="13cdc9d9-ddb5-4fa4-a97d-d965ccfc6d4b" outcome="Passed" testListId="8c84fa94-04c1-424b-9868-57a2d4851a1d" relativeResultsDirectory="66558b5f-ce28-4925-826e-b98f8c2b8e17">
      <Output>
        <DebugTrace>Info::  CorrelationId:dbc69a99-2e9e-4008-9fa3-3c2a316b6440
QTAgent32.exe Information: 0 : === Token Acquisition started. Correlation ID: a2e86f7f-fd83-4149-b4bb-b5d8da444035
QTAgent32.exe Information: 0 : A matching token was found in the cache. Correlation ID: a2e86f7f-fd83-4149-b4bb-b5d8da444035
QTAgent32.exe Information: 0 : Access Token with hash '/rfBRIBBDmYuH3sSv9ihtvIa86nvL+iZLZ5juC5qVjE=' and Refresh Token with hash 'NYw50ChzdC2ZGMIecJcR1glcBpmstuvRxS3AEcA9RLg=' returned. Correlation ID: a2e86f7f-fd83-4149-b4bb-b5d8da444035
</DebugTrace>
      </Output>
    </UnitTestResult>
    <UnitTestResult executionId="cdd9b800-cfeb-42be-832c-1150ddfca1de" testId="2443913c-2c12-058b-2c5c-f8a18796cdc9" testName="SecurityWebApi_GetInvitationBySearchCriteria_HappyPath_491125" computerName="ARAMK2" duration="00:00:01.2382713" startTime="2015-08-27T16:33:22.5435772-07:00" endTime="2015-08-27T16:33:23.7834643-07:00" testType="13cdc9d9-ddb5-4fa4-a97d-d965ccfc6d4b" outcome="Passed" testListId="8c84fa94-04c1-424b-9868-57a2d4851a1d" relativeResultsDirectory="cdd9b800-cfeb-42be-832c-1150ddfca1de">
      <Output>
        <DebugTrace>Info::  CorrelationId:3c7c791c-e08b-4986-9ff1-3d82f9f6c377
QTAgent32.exe Information: 0 : === Token Acquisition started. Correlation ID: 96b235bb-3531-4508-b892-00c05836ed12
QTAgent32.exe Information: 0 : A matching token was found in the cache. Correlation ID: 96b235bb-3531-4508-b892-00c05836ed12
QTAgent32.exe Information: 0 : Access Token with hash '/rfBRIBBDmYuH3sSv9ihtvIa86nvL+iZLZ5juC5qVjE=' and Refresh Token with hash 'NYw50ChzdC2ZGMIecJcR1glcBpmstuvRxS3AEcA9RLg=' returned. Correlation ID: 96b235bb-3531-4508-b892-00c05836ed12
</DebugTrace>
      </Output>
    </UnitTestResult>
    <UnitTestResult executionId="23de3040-6655-4610-a989-a613d5fb6fcf" testId="463252f8-f8b7-f1ba-cfd9-ee92986c3112" testName="SecurityWebApi_GetInvitationBySearchCriteria_HappyPath_MatchAllCriteria" computerName="ARAMK2" duration="00:00:01.1168600" startTime="2015-08-27T16:33:23.7864652-07:00" endTime="2015-08-27T16:33:24.9052648-07:00" testType="13cdc9d9-ddb5-4fa4-a97d-d965ccfc6d4b" outcome="Passed" testListId="8c84fa94-04c1-424b-9868-57a2d4851a1d" relativeResultsDirectory="23de3040-6655-4610-a989-a613d5fb6fcf">
      <Output>
        <DebugTrace>Info::  CorrelationId:6656df1c-359e-4c5f-8857-a0735c25777d
QTAgent32.exe Information: 0 : === Token Acquisition started. Correlation ID: 1feb071d-6633-4e0e-9cb5-46b92442fd4b
QTAgent32.exe Information: 0 : A matching token was found in the cache. Correlation ID: 1feb071d-6633-4e0e-9cb5-46b92442fd4b
QTAgent32.exe Information: 0 : Access Token with hash '/rfBRIBBDmYuH3sSv9ihtvIa86nvL+iZLZ5juC5qVjE=' and Refresh Token with hash 'NYw50ChzdC2ZGMIecJcR1glcBpmstuvRxS3AEcA9RLg=' returned. Correlation ID: 1feb071d-6633-4e0e-9cb5-46b92442fd4b
</DebugTrace>
      </Output>
    </UnitTestResult>
    <UnitTestResult executionId="028a58e7-b8b9-4487-9cae-85331bda5894" testId="85436df8-eef0-6d6e-d86a-fd7925dbac39" testName="SecurityWebApi_GetInvitationBySearchCriteria_HappyPath_MatchOneCriterion" computerName="ARAMK2" duration="00:00:01.7061424" startTime="2015-08-27T16:33:24.9102687-07:00" endTime="2015-08-27T16:33:26.6185067-07:00" testType="13cdc9d9-ddb5-4fa4-a97d-d965ccfc6d4b" outcome="Passed" testListId="8c84fa94-04c1-424b-9868-57a2d4851a1d" relativeResultsDirectory="028a58e7-b8b9-4487-9cae-85331bda5894">
      <Output>
        <DebugTrace>Info::  CorrelationId:106b37ec-7f9d-4a26-b6a3-adbd9204d389
QTAgent32.exe Information: 0 : === Token Acquisition started. Correlation ID: d36d358f-bb52-47dc-8f3a-e02c237c6306
QTAgent32.exe Information: 0 : A matching token was found in the cache. Correlation ID: d36d358f-bb52-47dc-8f3a-e02c237c6306
QTAgent32.exe Information: 0 : Access Token with hash '/rfBRIBBDmYuH3sSv9ihtvIa86nvL+iZLZ5juC5qVjE=' and Refresh Token with hash 'NYw50ChzdC2ZGMIecJcR1glcBpmstuvRxS3AEcA9RLg=' returned. Correlation ID: d36d358f-bb52-47dc-8f3a-e02c237c6306
</DebugTrace>
      </Output>
    </UnitTestResult>
    <UnitTestResult executionId="a4fd07f0-fe31-462b-b7a0-ab76481184c6" testId="17d1fc9b-d7c4-13ad-6d48-2106439ae489" testName="SecurityWebApi_GetInvitationBySearchCriteria_HappyPath_NoMatchingCriteria" computerName="ARAMK2" duration="00:00:00.6140400" startTime="2015-08-27T16:33:26.6205030-07:00" endTime="2015-08-27T16:33:27.2369314-07:00" testType="13cdc9d9-ddb5-4fa4-a97d-d965ccfc6d4b" outcome="Passed" testListId="8c84fa94-04c1-424b-9868-57a2d4851a1d" relativeResultsDirectory="a4fd07f0-fe31-462b-b7a0-ab76481184c6">
      <Output>
        <DebugTrace>Info::  CorrelationId:1da2f095-06cf-4e51-9d53-3bc3daef846f
QTAgent32.exe Information: 0 : === Token Acquisition started. Correlation ID: df9c93a1-e318-4182-8585-07f8adc29297
QTAgent32.exe Information: 0 : A matching token was found in the cache. Correlation ID: df9c93a1-e318-4182-8585-07f8adc29297
QTAgent32.exe Information: 0 : Access Token with hash '/rfBRIBBDmYuH3sSv9ihtvIa86nvL+iZLZ5juC5qVjE=' and Refresh Token with hash 'NYw50ChzdC2ZGMIecJcR1glcBpmstuvRxS3AEcA9RLg=' returned. Correlation ID: df9c93a1-e318-4182-8585-07f8adc29297
</DebugTrace>
      </Output>
    </UnitTestResult>
    <UnitTestResult executionId="4e4f7856-55b3-4ab3-ab65-2d3c4e7849b1" testId="7a09f1be-ed1d-8343-9389-e1b0df2e6a03" testName="SecurityWebApi_GetInvitationBySearchCriteria_LimitAccessToAssociatedInvitations" computerName="ARAMK2" duration="00:00:00.6302669" startTime="2015-08-27T16:33:27.2399338-07:00" endTime="2015-08-27T16:33:27.8713977-07:00" testType="13cdc9d9-ddb5-4fa4-a97d-d965ccfc6d4b" outcome="Failed" testListId="8c84fa94-04c1-424b-9868-57a2d4851a1d" relativeResultsDirectory="4e4f7856-55b3-4ab3-ab65-2d3c4e7849b1">
      <Output>
        <DebugTrace>Info::  CorrelationId:f77af71d-8b89-481a-a405-f4787265dd1c
QTAgent32.exe Information: 0 : === Token Acquisition started. Correlation ID: 7e4a5948-4ce3-4925-9b3e-146c66d4824f
QTAgent32.exe Information: 0 : Sending user realm discovery request to 'https://login.windows-ppe.net/common/UserRealm/UMTest_PartnerAgrmntCreatorNoAgrmntAccess@ngvldev1.ccsctp.net?api-version=1.0'. Correlation ID: 7e4a5948-4ce3-4925-9b3e-146c66d4824f
QTAgent32.exe Information: 0 : User 'UMTest_PartnerAgrmntCreatorNoAgrmntAccess@ngvldev1.ccsctp.net' detected as 'Managed'. Correlation ID: 7e4a5948-4ce3-4925-9b3e-146c66d4824f
QTAgent32.exe Information: 0 : AdalServiceException was thrown with ErrorCode 'invalid_grant' and StatusCode '400' and innerException 'AADSTS70002: Error validating credentials. AADSTS50126: Invalid username or password
Trace ID: c6f31a51-59b0-4fb7-a52e-ddadd14a276e
Correlation ID: 7e4a5948-4ce3-4925-9b3e-146c66d4824f
Timestamp: 2015-08-27 23:33:28Z'. Correlation ID: 7e4a5948-4ce3-4925-9b3e-146c66d4824f
</DebugTrace>
        <ErrorInfo>
          <Message>Test method Laminar.Automation.Services.SecurityWebApi.Test.TestMethods.InvitationTest.SecurityWebApi_GetInvitationBySearchCriteria_LimitAccessToAssociatedInvitations threw exception: 
Microsoft.IdentityModel.Clients.ActiveDirectory.AdalServiceException: AADSTS70002: Error validating credentials. AADSTS50126: Invalid username or password
Trace ID: c6f31a51-59b0-4fb7-a52e-ddadd14a276e
Correlation ID: 7e4a5948-4ce3-4925-9b3e-146c66d4824f
Timestamp: 2015-08-27 23:33:28Z ---&gt; System.Net.WebException: The remote server returned an error: (400) Bad Request.</Message>
          <StackTrace>    at System.Net.HttpWebRequest.GetResponse()
   at Microsoft.IdentityModel.Clients.ActiveDirectory.HttpWebRequestWrapper.&lt;GetResponseSyncOrAsync&gt;d__2.MoveNext()
--- End of stack trace from previous location where exception was thrown ---
   at System.Runtime.CompilerServices.TaskAwaiter.ThrowForNonSuccess(Task task)
   at System.Runtime.CompilerServices.TaskAwaiter.HandleNonSuccessAndDebuggerNotification(Task task)
   at Microsoft.IdentityModel.Clients.ActiveDirectory.HttpHelper.&lt;SendPostRequestAndDeserializeJsonResponseAsync&gt;d__0`1.MoveNext()
 --- End of inner exception stack trace ---
    at Microsoft.IdentityModel.Clients.ActiveDirectory.AuthenticationContext.RunAsyncTask[T](Task`1 task)
   at Microsoft.IdentityModel.Clients.ActiveDirectory.AuthenticationContext.AcquireToken(String resource, String clientId, UserCredential userCredential)
   at Laminar.Automation.Services.SecurityWebApi.TokenAcquirer.AcquireTokenWithoutCodedUITest(String userName, String password) in c:\NGVL\SQA\Automation\Main\Laminar.Automation\Laminar.Automation.Services.SecurityWebApi\TokenAcquirer.cs:line 158
   at Laminar.Automation.Services.SecurityWebApi.TokenAcquirer.AcquireToken(User user, Boolean getUserTokenWithCodedUI) in c:\NGVL\SQA\Automation\Main\Laminar.Automation\Laminar.Automation.Services.SecurityWebApi\TokenAcquirer.cs:line 113
   at Laminar.Automation.Services.SecurityWebApi.Test.TestMethods.InvitationTest.&lt;SecurityWebApi_GetInvitationBySearchCriteria_LimitAccessToAssociatedInvitations&gt;d__17d.MoveNext() in c:\NGVL\SQA\Automation\Main\Laminar.Automation\Laminar.Automation.Services.SecurityWebApi.Test\TestMethods\InvitationTest.cs:line 1114
--- End of stack trace from previous location where exception was thrown ---
   at System.Runtime.CompilerServices.TaskAwaiter.ThrowForNonSuccess(Task task)
   at System.Runtime.CompilerServices.TaskAwaiter.HandleNonSuccessAndDebuggerNotification(Task task)
   at System.Runtime.CompilerServices.TaskAwaiter.GetResult()
</StackTrace>
        </ErrorInfo>
      </Output>
    </UnitTestResult>
    <UnitTestResult executionId="d29b4a56-cd62-44a7-8a0c-50fbcdbbe469" testId="e992ad8d-2398-5a75-81cd-372925095f59" testName="SecurityWebApi_GetInvitationBySearchCriteria_MalformedAuthHeader_491119" computerName="ARAMK2" duration="00:00:01.0704438" startTime="2015-08-27T16:33:27.8753880-07:00" endTime="2015-08-27T16:33:28.9491555-07:00" testType="13cdc9d9-ddb5-4fa4-a97d-d965ccfc6d4b" outcome="Passed" testListId="8c84fa94-04c1-424b-9868-57a2d4851a1d" relativeResultsDirectory="d29b4a56-cd62-44a7-8a0c-50fbcdbbe469">
      <Output>
        <DebugTrace>Info::  CorrelationId:33571d5c-8892-478b-a10e-33bbaecf1c04
QTAgent32.exe Information: 0 : === Token Acquisition started. Correlation ID: f093e573-ea21-41ca-9d36-4d3c9237634f
QTAgent32.exe Information: 0 : A matching token was found in the cache. Correlation ID: f093e573-ea21-41ca-9d36-4d3c9237634f
QTAgent32.exe Information: 0 : Access Token with hash '/rfBRIBBDmYuH3sSv9ihtvIa86nvL+iZLZ5juC5qVjE=' and Refresh Token with hash 'NYw50ChzdC2ZGMIecJcR1glcBpmstuvRxS3AEcA9RLg=' returned. Correlation ID: f093e573-ea21-41ca-9d36-4d3c9237634f
</DebugTrace>
      </Output>
    </UnitTestResult>
    <UnitTestResult executionId="38afeec4-cb9a-4b65-b24a-d9fa68a6ffe1" testId="fc64c183-b23d-ad29-022b-99ac3e7aaf81" testName="SecurityWebApi_GetInvitationBySearchCriteria_NoAuthHeader_491121" computerName="ARAMK2" duration="00:00:01.1281882" startTime="2015-08-27T16:33:28.9541594-07:00" endTime="2015-08-27T16:33:30.0840580-07:00" testType="13cdc9d9-ddb5-4fa4-a97d-d965ccfc6d4b" outcome="Passed" testListId="8c84fa94-04c1-424b-9868-57a2d4851a1d" relativeResultsDirectory="38afeec4-cb9a-4b65-b24a-d9fa68a6ffe1">
      <Output>
        <DebugTrace>Info::  CorrelationId:cd411962-bc87-4d9d-8e99-478031d7b05c
QTAgent32.exe Information: 0 : === Token Acquisition started. Correlation ID: 1ee24881-d437-47fc-a577-dafc276fcc0f
QTAgent32.exe Information: 0 : A matching token was found in the cache. Correlation ID: 1ee24881-d437-47fc-a577-dafc276fcc0f
QTAgent32.exe Information: 0 : Access Token with hash '/rfBRIBBDmYuH3sSv9ihtvIa86nvL+iZLZ5juC5qVjE=' and Refresh Token with hash 'NYw50ChzdC2ZGMIecJcR1glcBpmstuvRxS3AEcA9RLg=' returned. Correlation ID: 1ee24881-d437-47fc-a577-dafc276fcc0f
</DebugTrace>
      </Output>
    </UnitTestResult>
    <UnitTestResult executionId="877768c9-bf28-4712-aaa5-1508665d565c" testId="35f4e0de-00d8-364b-5279-861a5af4152c" testName="SecurityWebApi_GetInvitationBySearchCriteria_NoParameters_479269" computerName="ARAMK2" duration="00:00:00.5864599" startTime="2015-08-27T16:33:30.0870778-07:00" endTime="2015-08-27T16:33:30.6754807-07:00" testType="13cdc9d9-ddb5-4fa4-a97d-d965ccfc6d4b" outcome="Passed" testListId="8c84fa94-04c1-424b-9868-57a2d4851a1d" relativeResultsDirectory="877768c9-bf28-4712-aaa5-1508665d565c">
      <Output>
        <DebugTrace>Info::  CorrelationId:3b64f3cf-7486-4a4c-a4b3-058bf1a3b23d
QTAgent32.exe Information: 0 : === Token Acquisition started. Correlation ID: 83108559-5f8c-41a7-80ae-0b6bf71b4885
QTAgent32.exe Information: 0 : A matching token was found in the cache. Correlation ID: 83108559-5f8c-41a7-80ae-0b6bf71b4885
QTAgent32.exe Information: 0 : Access Token with hash '/rfBRIBBDmYuH3sSv9ihtvIa86nvL+iZLZ5juC5qVjE=' and Refresh Token with hash 'NYw50ChzdC2ZGMIecJcR1glcBpmstuvRxS3AEcA9RLg=' returned. Correlation ID: 83108559-5f8c-41a7-80ae-0b6bf71b4885
</DebugTrace>
      </Output>
    </UnitTestResult>
    <UnitTestResult executionId="53dbda33-af42-4275-b123-b78238ce1a91" testId="3b46817e-b6a2-f0ca-2187-dc82781e3d91" testName="SecurityWebApi_GetInvitationBySearchCriteria_PartnerAgreementCreator_HappyPath_499715" computerName="ARAMK2" duration="00:00:01.2334259" startTime="2015-08-27T16:33:30.6784826-07:00" endTime="2015-08-27T16:33:31.9141674-07:00" testType="13cdc9d9-ddb5-4fa4-a97d-d965ccfc6d4b" outcome="Failed" testListId="8c84fa94-04c1-424b-9868-57a2d4851a1d" relativeResultsDirectory="53dbda33-af42-4275-b123-b78238ce1a91">
      <Output>
        <DebugTrace>Info::  CorrelationId:7f2f19fb-9e31-41cf-8d24-afc9d76476f3
QTAgent32.exe Information: 0 : === Token Acquisition started. Correlation ID: 3513ae1e-0238-4d80-ab9d-475a52cf3bf0
QTAgent32.exe Information: 0 : A matching token was found in the cache. Correlation ID: 3513ae1e-0238-4d80-ab9d-475a52cf3bf0
QTAgent32.exe Information: 0 : Access Token with hash 'MBMjBiLgWCtTsHMcxQnTRd5uRB7J+1CToQLcEWlPzhk=' and Refresh Token with hash 'ZedIWHIa6ZrHXWfLAsWdE56BTqqBt0C1xpF+Hs9+TBU=' returned. Correlation ID: 3513ae1e-0238-4d80-ab9d-475a52cf3bf0
</DebugTrace>
        <ErrorInfo>
          <Message>Assert.AreEqual failed. Expected:&lt;OK&gt;. Actual:&lt;InternalServerError&gt;. </Message>
          <StackTrace>   at Laminar.Automation.Services.SecurityWebApi.Test.TestMethods.InvitationTest.&lt;SecurityWebApi_GetInvitationBySearchCriteria_PartnerAgreementCreator_HappyPath_499715&gt;d__134.MoveNext() in c:\NGVL\SQA\Automation\Main\Laminar.Automation\Laminar.Automation.Services.SecurityWebApi.Test\TestMethods\InvitationTest.cs:line 917
--- End of stack trace from previous location where exception was thrown ---
   at System.Runtime.CompilerServices.TaskAwaiter.ThrowForNonSuccess(Task task)
   at System.Runtime.CompilerServices.TaskAwaiter.HandleNonSuccessAndDebuggerNotification(Task task)
   at System.Runtime.CompilerServices.TaskAwaiter.GetResult()
</StackTrace>
        </ErrorInfo>
      </Output>
    </UnitTestResult>
    <UnitTestResult executionId="c8c1891f-68f0-438f-b59b-970ed3455cb1" testId="9e51bb18-4925-23bb-60bd-09efdc660084" testName="SecurityWebApi_GetInvitationBySearchCriteria_PartnerAgreementCreatorNoAgreementAccess_499721" computerName="ARAMK2" duration="00:00:00.7450928" startTime="2015-08-27T16:33:31.9161816-07:00" endTime="2015-08-27T16:33:32.6631177-07:00" testType="13cdc9d9-ddb5-4fa4-a97d-d965ccfc6d4b" outcome="Failed" testListId="8c84fa94-04c1-424b-9868-57a2d4851a1d" relativeResultsDirectory="c8c1891f-68f0-438f-b59b-970ed3455cb1">
      <Output>
        <DebugTrace>Info::  CorrelationId:7b8cabcb-e6d5-4113-8b40-9bc4764bcadc
QTAgent32.exe Information: 0 : === Token Acquisition started. Correlation ID: efdf25fa-6659-4d80-b8c1-e23ccc8248a2
QTAgent32.exe Information: 0 : Sending user realm discovery request to 'https://login.windows-ppe.net/common/UserRealm/UMTest_PartnerAgrmntCreatorNoAgrmntAccess@ngvldev1.ccsctp.net?api-version=1.0'. Correlation ID: efdf25fa-6659-4d80-b8c1-e23ccc8248a2
QTAgent32.exe Information: 0 : User 'UMTest_PartnerAgrmntCreatorNoAgrmntAccess@ngvldev1.ccsctp.net' detected as 'Managed'. Correlation ID: efdf25fa-6659-4d80-b8c1-e23ccc8248a2
QTAgent32.exe Information: 0 : AdalServiceException was thrown with ErrorCode 'invalid_grant' and StatusCode '400' and innerException 'AADSTS70002: Error validating credentials. AADSTS50126: Invalid username or password
Trace ID: 621fc0ce-d57b-4c47-b483-5cd1e480be29
Correlation ID: efdf25fa-6659-4d80-b8c1-e23ccc8248a2
Timestamp: 2015-08-27 23:33:33Z'. Correlation ID: efdf25fa-6659-4d80-b8c1-e23ccc8248a2
</DebugTrace>
        <ErrorInfo>
          <Message>Test method Laminar.Automation.Services.SecurityWebApi.Test.TestMethods.InvitationTest.SecurityWebApi_GetInvitationBySearchCriteria_PartnerAgreementCreatorNoAgreementAccess_499721 threw exception: 
Microsoft.IdentityModel.Clients.ActiveDirectory.AdalServiceException: AADSTS70002: Error validating credentials. AADSTS50126: Invalid username or password
Trace ID: 621fc0ce-d57b-4c47-b483-5cd1e480be29
Correlation ID: efdf25fa-6659-4d80-b8c1-e23ccc8248a2
Timestamp: 2015-08-27 23:33:33Z ---&gt; System.Net.WebException: The remote server returned an error: (400) Bad Request.</Message>
          <StackTrace>    at System.Net.HttpWebRequest.GetResponse()
   at Microsoft.IdentityModel.Clients.ActiveDirectory.HttpWebRequestWrapper.&lt;GetResponseSyncOrAsync&gt;d__2.MoveNext()
--- End of stack trace from previous location where exception was thrown ---
   at System.Runtime.CompilerServices.TaskAwaiter.ThrowForNonSuccess(Task task)
   at System.Runtime.CompilerServices.TaskAwaiter.HandleNonSuccessAndDebuggerNotification(Task task)
   at Microsoft.IdentityModel.Clients.ActiveDirectory.HttpHelper.&lt;SendPostRequestAndDeserializeJsonResponseAsync&gt;d__0`1.MoveNext()
 --- End of inner exception stack trace ---
    at Microsoft.IdentityModel.Clients.ActiveDirectory.AuthenticationContext.RunAsyncTask[T](Task`1 task)
   at Microsoft.IdentityModel.Clients.ActiveDirectory.AuthenticationContext.AcquireToken(String resource, String clientId, UserCredential userCredential)
   at Laminar.Automation.Services.SecurityWebApi.TokenAcquirer.AcquireTokenWithoutCodedUITest(String userName, String password) in c:\NGVL\SQA\Automation\Main\Laminar.Automation\Laminar.Automation.Services.SecurityWebApi\TokenAcquirer.cs:line 158
   at Laminar.Automation.Services.SecurityWebApi.TokenAcquirer.AcquireToken(User user, Boolean getUserTokenWithCodedUI) in c:\NGVL\SQA\Automation\Main\Laminar.Automation\Laminar.Automation.Services.SecurityWebApi\TokenAcquirer.cs:line 113
   at Laminar.Automation.Services.SecurityWebApi.Test.TestMethods.InvitationTest.&lt;SecurityWebApi_GetInvitationBySearchCriteria_PartnerAgreementCreatorNoAgreementAccess_499721&gt;d__140.MoveNext() in c:\NGVL\SQA\Automation\Main\Laminar.Automation\Laminar.Automation.Services.SecurityWebApi.Test\TestMethods\InvitationTest.cs:line 935
--- End of stack trace from previous location where exception was thrown ---
   at System.Runtime.CompilerServices.TaskAwaiter.ThrowForNonSuccess(Task task)
   at System.Runtime.CompilerServices.TaskAwaiter.HandleNonSuccessAndDebuggerNotification(Task task)
   at System.Runtime.CompilerServices.TaskAwaiter.GetResult()
</StackTrace>
        </ErrorInfo>
      </Output>
    </UnitTestResult>
    <UnitTestResult executionId="a590d06a-e31a-4140-ac84-adea7138c9dd" testId="ccdc8735-3949-6441-51a3-497684871c13" testName="SecurityWebApi_GetInvitationBySearchCriteria_PartnerNotAgreementApproverOrCreator_499722" computerName="ARAMK2" duration="00:00:01.2424175" startTime="2015-08-27T16:33:32.6671203-07:00" endTime="2015-08-27T16:33:33.9120097-07:00" testType="13cdc9d9-ddb5-4fa4-a97d-d965ccfc6d4b" outcome="Failed" testListId="8c84fa94-04c1-424b-9868-57a2d4851a1d" relativeResultsDirectory="a590d06a-e31a-4140-ac84-adea7138c9dd">
      <Output>
        <DebugTrace>Info::  CorrelationId:89e8afa2-1f4f-455a-b53e-548c647e65be
QTAgent32.exe Information: 0 : === Token Acquisition started. Correlation ID: 44a2a194-a60e-4908-9a7d-6287807e232b
QTAgent32.exe Information: 0 : Sending user realm discovery request to 'https://login.windows-ppe.net/common/UserRealm/UMTest_PartnerNotAgrmntApproveOrCreate@ngvldev1.ccsctp.net?api-version=1.0'. Correlation ID: 44a2a194-a60e-4908-9a7d-6287807e232b
QTAgent32.exe Information: 0 : User 'UMTest_PartnerNotAgrmntApproveOrCreate@ngvldev1.ccsctp.net' detected as 'Managed'. Correlation ID: 44a2a194-a60e-4908-9a7d-6287807e232b
QTAgent32.exe Information: 0 : AdalServiceException was thrown with ErrorCode 'invalid_grant' and StatusCode '400' and innerException 'AADSTS70002: Error validating credentials. AADSTS50126: Invalid username or password
Trace ID: c56e3f3e-dd5f-407d-aca3-9168b7959905
Correlation ID: 44a2a194-a60e-4908-9a7d-6287807e232b
Timestamp: 2015-08-27 23:33:34Z'. Correlation ID: 44a2a194-a60e-4908-9a7d-6287807e232b
</DebugTrace>
        <ErrorInfo>
          <Message>Test method Laminar.Automation.Services.SecurityWebApi.Test.TestMethods.InvitationTest.SecurityWebApi_GetInvitationBySearchCriteria_PartnerNotAgreementApproverOrCreator_499722 threw exception: 
Microsoft.IdentityModel.Clients.ActiveDirectory.AdalServiceException: AADSTS70002: Error validating credentials. AADSTS50126: Invalid username or password
Trace ID: c56e3f3e-dd5f-407d-aca3-9168b7959905
Correlation ID: 44a2a194-a60e-4908-9a7d-6287807e232b
Timestamp: 2015-08-27 23:33:34Z ---&gt; System.Net.WebException: The remote server returned an error: (400) Bad Request.</Message>
          <StackTrace>    at System.Net.HttpWebRequest.GetResponse()
   at Microsoft.IdentityModel.Clients.ActiveDirectory.HttpWebRequestWrapper.&lt;GetResponseSyncOrAsync&gt;d__2.MoveNext()
--- End of stack trace from previous location where exception was thrown ---
   at System.Runtime.CompilerServices.TaskAwaiter.ThrowForNonSuccess(Task task)
   at System.Runtime.CompilerServices.TaskAwaiter.HandleNonSuccessAndDebuggerNotification(Task task)
   at Microsoft.IdentityModel.Clients.ActiveDirectory.HttpHelper.&lt;SendPostRequestAndDeserializeJsonResponseAsync&gt;d__0`1.MoveNext()
 --- End of inner exception stack trace ---
    at Microsoft.IdentityModel.Clients.ActiveDirectory.AuthenticationContext.RunAsyncTask[T](Task`1 task)
   at Microsoft.IdentityModel.Clients.ActiveDirectory.AuthenticationContext.AcquireToken(String resource, String clientId, UserCredential userCredential)
   at Laminar.Automation.Services.SecurityWebApi.TokenAcquirer.AcquireTokenWithoutCodedUITest(String userName, String password) in c:\NGVL\SQA\Automation\Main\Laminar.Automation\Laminar.Automation.Services.SecurityWebApi\TokenAcquirer.cs:line 158
   at Laminar.Automation.Services.SecurityWebApi.TokenAcquirer.AcquireToken(User user, Boolean getUserTokenWithCodedUI) in c:\NGVL\SQA\Automation\Main\Laminar.Automation\Laminar.Automation.Services.SecurityWebApi\TokenAcquirer.cs:line 113
   at Laminar.Automation.Services.SecurityWebApi.Test.TestMethods.InvitationTest.&lt;SecurityWebApi_GetInvitationBySearchCriteria_PartnerNotAgreementApproverOrCreator_499722&gt;d__14b.MoveNext() in c:\NGVL\SQA\Automation\Main\Laminar.Automation\Laminar.Automation.Services.SecurityWebApi.Test\TestMethods\InvitationTest.cs:line 964
--- End of stack trace from previous location where exception was thrown ---
   at System.Runtime.CompilerServices.TaskAwaiter.ThrowForNonSuccess(Task task)
   at System.Runtime.CompilerServices.TaskAwaiter.HandleNonSuccessAndDebuggerNotification(Task task)
   at System.Runtime.CompilerServices.TaskAwaiter.GetResult()
</StackTrace>
        </ErrorInfo>
      </Output>
    </UnitTestResult>
    <UnitTestResult executionId="75677575-b8fe-481c-8aa9-05a5294c2f5e" testId="26d6adf0-f3c9-4835-0fac-5650586acb2f" testName="SecurityWebApi_GetInvitationBySearchCriteria_PurchasingAccountNumbers_HappyPath_548079" computerName="ARAMK2" duration="00:00:02.0366374" startTime="2015-08-27T16:33:33.9190147-07:00" endTime="2015-08-27T16:33:35.9574717-07:00" testType="13cdc9d9-ddb5-4fa4-a97d-d965ccfc6d4b" outcome="Passed" testListId="8c84fa94-04c1-424b-9868-57a2d4851a1d" relativeResultsDirectory="75677575-b8fe-481c-8aa9-05a5294c2f5e">
      <Output>
        <DebugTrace>Info::  CorrelationId:bee678a2-5381-4bdf-8f50-87c6cbd37b2a
QTAgent32.exe Information: 0 : === Token Acquisition started. Correlation ID: eee62848-5b05-4c2a-b9ec-9e694e671593
QTAgent32.exe Information: 0 : A matching token was found in the cache. Correlation ID: eee62848-5b05-4c2a-b9ec-9e694e671593
QTAgent32.exe Information: 0 : Access Token with hash '/rfBRIBBDmYuH3sSv9ihtvIa86nvL+iZLZ5juC5qVjE=' and Refresh Token with hash 'NYw50ChzdC2ZGMIecJcR1glcBpmstuvRxS3AEcA9RLg=' returned. Correlation ID: eee62848-5b05-4c2a-b9ec-9e694e671593
</DebugTrace>
      </Output>
    </UnitTestResult>
    <UnitTestResult executionId="85733d89-bf12-477b-9f38-0adcf26fc2b4" testId="8564f1be-4c92-df63-4cad-41bd9ba4bdd7" testName="SecurityWebApi_GetInvitationBySearchCriteria_PurchasingAccountNumbers_NoRecordsFound_548080" computerName="ARAMK2" duration="00:00:01.4156056" startTime="2015-08-27T16:33:35.9594863-07:00" endTime="2015-08-27T16:33:37.3774867-07:00" testType="13cdc9d9-ddb5-4fa4-a97d-d965ccfc6d4b" outcome="Passed" testListId="8c84fa94-04c1-424b-9868-57a2d4851a1d" relativeResultsDirectory="85733d89-bf12-477b-9f38-0adcf26fc2b4">
      <Output>
        <DebugTrace>Info::  CorrelationId:0837e15a-e700-4a14-a256-d55aca15f009
QTAgent32.exe Information: 0 : === Token Acquisition started. Correlation ID: 7b3cefdd-580e-45d7-a32d-ccc8939b636b
QTAgent32.exe Information: 0 : A matching token was found in the cache. Correlation ID: 7b3cefdd-580e-45d7-a32d-ccc8939b636b
QTAgent32.exe Information: 0 : Access Token with hash '/rfBRIBBDmYuH3sSv9ihtvIa86nvL+iZLZ5juC5qVjE=' and Refresh Token with hash 'NYw50ChzdC2ZGMIecJcR1glcBpmstuvRxS3AEcA9RLg=' returned. Correlation ID: 7b3cefdd-580e-45d7-a32d-ccc8939b636b
</DebugTrace>
      </Output>
    </UnitTestResult>
    <UnitTestResult executionId="3ce9b2e3-d296-42cc-8657-42a0e04b5123" testId="bf0c81b1-5f35-bf99-e2b4-cce0c9b89249" testName="SecurityWebApi_GetInvitationBySearchCriteria_RecordNotFoundWithGivenQueryString_479278" computerName="ARAMK2" duration="00:00:00.5857851" startTime="2015-08-27T16:33:37.3795064-07:00" endTime="2015-08-27T16:33:37.9679090-07:00" testType="13cdc9d9-ddb5-4fa4-a97d-d965ccfc6d4b" outcome="Passed" testListId="8c84fa94-04c1-424b-9868-57a2d4851a1d" relativeResultsDirectory="3ce9b2e3-d296-42cc-8657-42a0e04b5123">
      <Output>
        <DebugTrace>Info::  CorrelationId:011481b5-043e-4feb-a1df-b751461a69f5
QTAgent32.exe Information: 0 : === Token Acquisition started. Correlation ID: 07615623-ff62-46d4-a784-1b7bffdb35be
QTAgent32.exe Information: 0 : A matching token was found in the cache. Correlation ID: 07615623-ff62-46d4-a784-1b7bffdb35be
QTAgent32.exe Information: 0 : Access Token with hash '/rfBRIBBDmYuH3sSv9ihtvIa86nvL+iZLZ5juC5qVjE=' and Refresh Token with hash 'NYw50ChzdC2ZGMIecJcR1glcBpmstuvRxS3AEcA9RLg=' returned. Correlation ID: 07615623-ff62-46d4-a784-1b7bffdb35be
</DebugTrace>
      </Output>
    </UnitTestResult>
    <UnitTestResult executionId="fad1471e-9593-4cbd-b8cc-9f05f510b5ea" testId="d896afaf-a543-9e02-1b1f-d96ff9029bec" testName="SecurityWebApi_GetInvitationBySearchCriteria_TimingLogs_491126" computerName="ARAMK2" duration="00:00:06.7843177" startTime="2015-08-27T16:33:37.9709108-07:00" endTime="2015-08-27T16:33:44.7577613-07:00" testType="13cdc9d9-ddb5-4fa4-a97d-d965ccfc6d4b" outcome="Passed" testListId="8c84fa94-04c1-424b-9868-57a2d4851a1d" relativeResultsDirectory="fad1471e-9593-4cbd-b8cc-9f05f510b5ea">
      <Output>
        <DebugTrace>Info::  CorrelationId:0f0a5ed7-1df6-4c1e-8c86-e3bff61f59b2
QTAgent32.exe Information: 0 : === Token Acquisition started. Correlation ID: 396d0d18-6fd1-42ca-8692-c20ec4f24116
QTAgent32.exe Information: 0 : A matching token was found in the cache. Correlation ID: 396d0d18-6fd1-42ca-8692-c20ec4f24116
QTAgent32.exe Information: 0 : Access Token with hash '/rfBRIBBDmYuH3sSv9ihtvIa86nvL+iZLZ5juC5qVjE=' and Refresh Token with hash 'NYw50ChzdC2ZGMIecJcR1glcBpmstuvRxS3AEcA9RLg=' returned. Correlation ID: 396d0d18-6fd1-42ca-8692-c20ec4f24116
</DebugTrace>
      </Output>
    </UnitTestResult>
    <UnitTestResult executionId="117109a7-0eb9-4efb-a187-3cd6499c09cc" testId="3bce7b6d-4a2f-6644-665a-a434405ba56d" testName="SecurityWebApi_GetInvitationBySearchCriteria_UserKey_HappyPath_608226" computerName="ARAMK2" duration="00:00:01.1387357" startTime="2015-08-27T16:33:44.7597804-07:00" endTime="2015-08-27T16:33:45.9005958-07:00" testType="13cdc9d9-ddb5-4fa4-a97d-d965ccfc6d4b" outcome="Passed" testListId="8c84fa94-04c1-424b-9868-57a2d4851a1d" relativeResultsDirectory="117109a7-0eb9-4efb-a187-3cd6499c09cc">
      <Output>
        <DebugTrace>Info::  CorrelationId:f8026b0d-233e-4400-af62-d011594f5144
QTAgent32.exe Information: 0 : === Token Acquisition started. Correlation ID: cc5a099d-2df6-4830-862f-502f025a588c
QTAgent32.exe Information: 0 : A matching token was found in the cache. Correlation ID: cc5a099d-2df6-4830-862f-502f025a588c
QTAgent32.exe Information: 0 : Access Token with hash '/rfBRIBBDmYuH3sSv9ihtvIa86nvL+iZLZ5juC5qVjE=' and Refresh Token with hash 'NYw50ChzdC2ZGMIecJcR1glcBpmstuvRxS3AEcA9RLg=' returned. Correlation ID: cc5a099d-2df6-4830-862f-502f025a588c
</DebugTrace>
      </Output>
    </UnitTestResult>
    <UnitTestResult executionId="c2ebd326-2e29-41b4-be72-98e772bacf30" testId="bbc94bb6-f061-9862-331c-0db737c144f3" testName="SecurityWebApi_GetInvitationBySearchCriteria_UserKey_NotFound_608227" computerName="ARAMK2" duration="00:00:00.6053663" startTime="2015-08-27T16:33:45.9025924-07:00" endTime="2015-08-27T16:33:46.5102899-07:00" testType="13cdc9d9-ddb5-4fa4-a97d-d965ccfc6d4b" outcome="Passed" testListId="8c84fa94-04c1-424b-9868-57a2d4851a1d" relativeResultsDirectory="c2ebd326-2e29-41b4-be72-98e772bacf30">
      <Output>
        <DebugTrace>Info::  CorrelationId:c7294b99-ba9a-4d5b-aaec-42720c1a3a7b
QTAgent32.exe Information: 0 : === Token Acquisition started. Correlation ID: bb0a51b7-6c23-4da2-bc07-c01e2995462c
QTAgent32.exe Information: 0 : A matching token was found in the cache. Correlation ID: bb0a51b7-6c23-4da2-bc07-c01e2995462c
QTAgent32.exe Information: 0 : Access Token with hash '/rfBRIBBDmYuH3sSv9ihtvIa86nvL+iZLZ5juC5qVjE=' and Refresh Token with hash 'NYw50ChzdC2ZGMIecJcR1glcBpmstuvRxS3AEcA9RLg=' returned. Correlation ID: bb0a51b7-6c23-4da2-bc07-c01e2995462c
</DebugTrace>
      </Output>
    </UnitTestResult>
    <UnitTestResult executionId="6b5fa4a6-d891-4b9f-b08b-df1a282f3dda" testId="1c32e259-a6c0-d19f-ebae-54b25c1e8479" testName="SecurityWebApi_GetInvitationWithTenantMapStatus_InvitationKeyIsInvalid_ReturnsNotFoundError_517305" computerName="ARAMK2" duration="00:00:00.4570272" startTime="2015-08-27T16:33:46.5122923-07:00" endTime="2015-08-27T16:33:46.9716200-07:00" testType="13cdc9d9-ddb5-4fa4-a97d-d965ccfc6d4b" outcome="Passed" testListId="8c84fa94-04c1-424b-9868-57a2d4851a1d" relativeResultsDirectory="6b5fa4a6-d891-4b9f-b08b-df1a282f3dda">
      <Output>
        <DebugTrace>Info::  CorrelationId:f9b25a82-edfc-4aaf-92bc-051e02ff25ea
Info::  SecurityWebApi_GetInvitationWithTenantMapStatus_InvitationKeyIsInvalid_ReturnsNotFoundError_517305 Started.
Info::  SecurityWebApi_GetInvitationWithTenantMapStatus_InvitationKeyIsInvalid_ReturnsNotFoundError_517305 Ended.
</DebugTrace>
      </Output>
    </UnitTestResult>
    <UnitTestResult executionId="46d6d6ce-df6a-49f2-92fe-340ab9eae510" testId="c153eb3f-e703-fa58-30f9-c1c8a0e6feda" testName="SecurityWebApi_GetInvitationWithTenantMapStatus_InvitationKeyIsNotFound_ReturnsNotFoundError_517304" computerName="ARAMK2" duration="00:00:00.3421760" startTime="2015-08-27T16:33:46.9766235-07:00" endTime="2015-08-27T16:33:47.3208096-07:00" testType="13cdc9d9-ddb5-4fa4-a97d-d965ccfc6d4b" outcome="Passed" testListId="8c84fa94-04c1-424b-9868-57a2d4851a1d" relativeResultsDirectory="46d6d6ce-df6a-49f2-92fe-340ab9eae510">
      <Output>
        <DebugTrace>Info::  CorrelationId:015e56d9-b5a2-4597-ba3b-cea1ca44696e
Info::  SecurityWebApi_GetInvitationWithTenantMapStatus_InvitationKeyIsNotFound_ReturnsNotFoundError_517304 Started.
Info::  SecurityWebApi_GetInvitationWithTenantMapStatus_InvitationKeyIsNotFound_ReturnsNotFoundError_517304 Ended.
</DebugTrace>
      </Output>
    </UnitTestResult>
    <UnitTestResult executionId="66c040fa-b0d0-497e-8ea2-5e3ac064ab4f" testId="ffc21d99-9fee-8a98-e253-4a983abc386d" testName="SecurityWebApi_gzip_498077" computerName="ARAMK2" duration="00:00:01.1471564" startTime="2015-08-27T16:33:47.3228114-07:00" endTime="2015-08-27T16:33:48.4714958-07:00" testType="13cdc9d9-ddb5-4fa4-a97d-d965ccfc6d4b" outcome="Passed" testListId="8c84fa94-04c1-424b-9868-57a2d4851a1d" relativeResultsDirectory="66c040fa-b0d0-497e-8ea2-5e3ac064ab4f">
      <Output>
        <DebugTrace>Info::  CorrelationId:9ee0bd1d-179a-4b30-b1ee-25b669b33eef
QTAgent32.exe Information: 0 : === Token Acquisition started. Correlation ID: 4223ab76-210a-48e1-b398-4e8ade18ed8d
QTAgent32.exe Information: 0 : A matching token was found in the cache. Correlation ID: 4223ab76-210a-48e1-b398-4e8ade18ed8d
QTAgent32.exe Information: 0 : Access Token with hash '/rfBRIBBDmYuH3sSv9ihtvIa86nvL+iZLZ5juC5qVjE=' and Refresh Token with hash 'NYw50ChzdC2ZGMIecJcR1glcBpmstuvRxS3AEcA9RLg=' returned. Correlation ID: 4223ab76-210a-48e1-b398-4e8ade18ed8d
</DebugTrace>
      </Output>
    </UnitTestResult>
    <UnitTestResult executionId="30da61ea-4304-47f7-a784-11af95fe1794" testId="a1529f86-0d4f-7efc-a1fc-4abcde0d56ab" testName="SecurityWebApi_PostCloneExistingInvitation_CannotCloneCancelledInvitation_504717" computerName="ARAMK2" duration="00:00:01.2657395" startTime="2015-08-27T16:33:48.4764997-07:00" endTime="2015-08-27T16:33:49.7436253-07:00" testType="13cdc9d9-ddb5-4fa4-a97d-d965ccfc6d4b" outcome="Passed" testListId="8c84fa94-04c1-424b-9868-57a2d4851a1d" relativeResultsDirectory="30da61ea-4304-47f7-a784-11af95fe1794">
      <Output>
        <DebugTrace>Info::  CorrelationId:2cd337bd-3c23-44eb-84f9-6488b7355e1b
QTAgent32.exe Information: 0 : === Token Acquisition started. Correlation ID: 4f0eea9a-85fb-44b0-946f-dc653d9e145f
QTAgent32.exe Information: 0 : A matching token was found in the cache. Correlation ID: 4f0eea9a-85fb-44b0-946f-dc653d9e145f
QTAgent32.exe Information: 0 : Access Token with hash '/rfBRIBBDmYuH3sSv9ihtvIa86nvL+iZLZ5juC5qVjE=' and Refresh Token with hash 'NYw50ChzdC2ZGMIecJcR1glcBpmstuvRxS3AEcA9RLg=' returned. Correlation ID: 4f0eea9a-85fb-44b0-946f-dc653d9e145f
</DebugTrace>
      </Output>
    </UnitTestResult>
    <UnitTestResult executionId="8a2b07f3-e5cb-4b37-a105-9738adb68f56" testId="914832d9-cbfb-2ca6-7d88-c2dd0b7f57fe" testName="SecurityWebApi_PostCloneExistingInvitation_CorrelationIDInResponseWhenNotInRequest_491155" computerName="ARAMK2" duration="00:00:02.3165623" startTime="2015-08-27T16:33:49.7466274-07:00" endTime="2015-08-27T16:33:52.0651025-07:00" testType="13cdc9d9-ddb5-4fa4-a97d-d965ccfc6d4b" outcome="Passed" testListId="8c84fa94-04c1-424b-9868-57a2d4851a1d" relativeResultsDirectory="8a2b07f3-e5cb-4b37-a105-9738adb68f56">
      <Output>
        <DebugTrace>Info::  CorrelationId:5e6db2c3-7cbe-4e21-a3e1-469e8cb9f697
QTAgent32.exe Information: 0 : === Token Acquisition started. Correlation ID: efb1a9f3-0658-443b-94c7-39e7ecd85ca2
QTAgent32.exe Information: 0 : A matching token was found in the cache. Correlation ID: efb1a9f3-0658-443b-94c7-39e7ecd85ca2
QTAgent32.exe Information: 0 : Access Token with hash '/rfBRIBBDmYuH3sSv9ihtvIa86nvL+iZLZ5juC5qVjE=' and Refresh Token with hash 'NYw50ChzdC2ZGMIecJcR1glcBpmstuvRxS3AEcA9RLg=' returned. Correlation ID: efb1a9f3-0658-443b-94c7-39e7ecd85ca2
</DebugTrace>
      </Output>
    </UnitTestResult>
    <UnitTestResult executionId="e63314bb-0917-4590-afb5-a0157b44e919" testId="908d6335-c934-0456-7768-62c405f15933" testName="SecurityWebApi_PostCloneExistingInvitation_CorrelationIDPersistsToLoggedMessages_EventLogs_491159" computerName="ARAMK2" duration="00:00:08.2715500" startTime="2015-08-27T16:33:52.0681043-07:00" endTime="2015-08-27T16:34:00.3413929-07:00" testType="13cdc9d9-ddb5-4fa4-a97d-d965ccfc6d4b" outcome="Passed" testListId="8c84fa94-04c1-424b-9868-57a2d4851a1d" relativeResultsDirectory="e63314bb-0917-4590-afb5-a0157b44e919">
      <Output>
        <DebugTrace>Info::  CorrelationId:0d2fe02a-29a5-48cc-9949-9bd8ee92f0a8
QTAgent32.exe Information: 0 : === Token Acquisition started. Correlation ID: 28feba4c-ea46-4c8e-b029-44cbce3f9e23
QTAgent32.exe Information: 0 : A matching token was found in the cache. Correlation ID: 28feba4c-ea46-4c8e-b029-44cbce3f9e23
QTAgent32.exe Information: 0 : Access Token with hash '/rfBRIBBDmYuH3sSv9ihtvIa86nvL+iZLZ5juC5qVjE=' and Refresh Token with hash 'NYw50ChzdC2ZGMIecJcR1glcBpmstuvRxS3AEcA9RLg=' returned. Correlation ID: 28feba4c-ea46-4c8e-b029-44cbce3f9e23
</DebugTrace>
      </Output>
    </UnitTestResult>
    <UnitTestResult executionId="92b328aa-e8a9-4ed6-8b89-739ddbd637d1" testId="507303e3-3ca0-961b-9c4c-148125a871a5" testName="SecurityWebApi_PostCloneExistingInvitation_CorrelationIDResponseRequestMatch_491160" computerName="ARAMK2" duration="00:00:01.8416144" startTime="2015-08-27T16:34:00.3453964-07:00" endTime="2015-08-27T16:34:02.1892072-07:00" testType="13cdc9d9-ddb5-4fa4-a97d-d965ccfc6d4b" outcome="Passed" testListId="8c84fa94-04c1-424b-9868-57a2d4851a1d" relativeResultsDirectory="92b328aa-e8a9-4ed6-8b89-739ddbd637d1">
      <Output>
        <DebugTrace>Info::  CorrelationId:3d23fa66-71f6-4ae2-bcd9-29b2306721e8
QTAgent32.exe Information: 0 : === Token Acquisition started. Correlation ID: f2cf3330-6f22-4ca4-9d10-5b565087c234
QTAgent32.exe Information: 0 : A matching token was found in the cache. Correlation ID: f2cf3330-6f22-4ca4-9d10-5b565087c234
QTAgent32.exe Information: 0 : Access Token with hash '/rfBRIBBDmYuH3sSv9ihtvIa86nvL+iZLZ5juC5qVjE=' and Refresh Token with hash 'NYw50ChzdC2ZGMIecJcR1glcBpmstuvRxS3AEcA9RLg=' returned. Correlation ID: f2cf3330-6f22-4ca4-9d10-5b565087c234
</DebugTrace>
      </Output>
    </UnitTestResult>
    <UnitTestResult executionId="45f94c94-f4e0-48e1-a3d4-3d90c32c0155" testId="80d149d4-b5b2-ea2d-6bf9-f8534626b279" testName="SecurityWebApi_PostCloneExistingInvitation_HappyPath_491151" computerName="ARAMK2" duration="00:00:01.4783365" startTime="2015-08-27T16:34:02.1942105-07:00" endTime="2015-08-27T16:34:03.6756100-07:00" testType="13cdc9d9-ddb5-4fa4-a97d-d965ccfc6d4b" outcome="Passed" testListId="8c84fa94-04c1-424b-9868-57a2d4851a1d" relativeResultsDirectory="45f94c94-f4e0-48e1-a3d4-3d90c32c0155">
      <Output>
        <DebugTrace>Info::  CorrelationId:26d153d9-f6a0-48c9-9ccb-a4ccb9837d04
QTAgent32.exe Information: 0 : === Token Acquisition started. Correlation ID: 31420884-32c8-4bc3-829e-df95d7351b13
QTAgent32.exe Information: 0 : A matching token was found in the cache. Correlation ID: 31420884-32c8-4bc3-829e-df95d7351b13
QTAgent32.exe Information: 0 : Access Token with hash '/rfBRIBBDmYuH3sSv9ihtvIa86nvL+iZLZ5juC5qVjE=' and Refresh Token with hash 'NYw50ChzdC2ZGMIecJcR1glcBpmstuvRxS3AEcA9RLg=' returned. Correlation ID: 31420884-32c8-4bc3-829e-df95d7351b13
</DebugTrace>
      </Output>
    </UnitTestResult>
    <UnitTestResult executionId="decef2d3-d996-451a-bb11-eeb1065a1151" testId="28adf4e6-3cfb-3286-8506-d27ac9ca8701" testName="SecurityWebApi_PostCloneExistingInvitation_HappyPath_491162" computerName="ARAMK2" duration="00:00:01.6141468" startTime="2015-08-27T16:34:03.6776262-07:00" endTime="2015-08-27T16:34:05.2940799-07:00" testType="13cdc9d9-ddb5-4fa4-a97d-d965ccfc6d4b" outcome="Passed" testListId="8c84fa94-04c1-424b-9868-57a2d4851a1d" relativeResultsDirectory="decef2d3-d996-451a-bb11-eeb1065a1151">
      <Output>
        <DebugTrace>Info::  CorrelationId:b54e8e00-edf2-4512-98f7-8c963c97b579
QTAgent32.exe Information: 0 : === Token Acquisition started. Correlation ID: 20a9b3fd-1f7b-4e82-ad2e-45eb765c1533
QTAgent32.exe Information: 0 : A matching token was found in the cache. Correlation ID: 20a9b3fd-1f7b-4e82-ad2e-45eb765c1533
QTAgent32.exe Information: 0 : Access Token with hash '/rfBRIBBDmYuH3sSv9ihtvIa86nvL+iZLZ5juC5qVjE=' and Refresh Token with hash 'NYw50ChzdC2ZGMIecJcR1glcBpmstuvRxS3AEcA9RLg=' returned. Correlation ID: 20a9b3fd-1f7b-4e82-ad2e-45eb765c1533
</DebugTrace>
      </Output>
    </UnitTestResult>
    <UnitTestResult executionId="17882c28-9679-44d6-9e0c-dd976a8026b2" testId="328af4ae-601b-3caa-71d6-7800a4003e83" testName="SecurityWebApi_PostCloneExistingInvitation_HappyPath_491164" computerName="ARAMK2" duration="00:00:01.5034097" startTime="2015-08-27T16:34:05.2960817-07:00" endTime="2015-08-27T16:34:06.8021058-07:00" testType="13cdc9d9-ddb5-4fa4-a97d-d965ccfc6d4b" outcome="Passed" testListId="8c84fa94-04c1-424b-9868-57a2d4851a1d" relativeResultsDirectory="17882c28-9679-44d6-9e0c-dd976a8026b2">
      <Output>
        <DebugTrace>Info::  CorrelationId:1587bbd9-8f9a-4c45-9a4c-65417eb75958
QTAgent32.exe Information: 0 : === Token Acquisition started. Correlation ID: 1942e424-8439-4567-a448-7fcc45d633b2
QTAgent32.exe Information: 0 : A matching token was found in the cache. Correlation ID: 1942e424-8439-4567-a448-7fcc45d633b2
QTAgent32.exe Information: 0 : Access Token with hash '/rfBRIBBDmYuH3sSv9ihtvIa86nvL+iZLZ5juC5qVjE=' and Refresh Token with hash 'NYw50ChzdC2ZGMIecJcR1glcBpmstuvRxS3AEcA9RLg=' returned. Correlation ID: 1942e424-8439-4567-a448-7fcc45d633b2
</DebugTrace>
      </Output>
    </UnitTestResult>
    <UnitTestResult executionId="849e1e6c-7b06-4a2e-8603-f45ac260f7f8" testId="6ba32da0-65d0-4439-1db3-06256dd04489" testName="SecurityWebApi_PostCloneExistingInvitation_HappyPath_491168" computerName="ARAMK2" duration="00:00:01.8266329" startTime="2015-08-27T16:34:06.8093883-07:00" endTime="2015-08-27T16:34:08.6376402-07:00" testType="13cdc9d9-ddb5-4fa4-a97d-d965ccfc6d4b" outcome="Passed" testListId="8c84fa94-04c1-424b-9868-57a2d4851a1d" relativeResultsDirectory="849e1e6c-7b06-4a2e-8603-f45ac260f7f8">
      <Output>
        <DebugTrace>Info::  CorrelationId:9f426958-7a93-43d9-b98c-6198adfbca59
QTAgent32.exe Information: 0 : === Token Acquisition started. Correlation ID: 97143dc1-9300-4b87-8f4d-11e6771c98fc
QTAgent32.exe Information: 0 : A matching token was found in the cache. Correlation ID: 97143dc1-9300-4b87-8f4d-11e6771c98fc
QTAgent32.exe Information: 0 : Access Token with hash '/rfBRIBBDmYuH3sSv9ihtvIa86nvL+iZLZ5juC5qVjE=' and Refresh Token with hash 'NYw50ChzdC2ZGMIecJcR1glcBpmstuvRxS3AEcA9RLg=' returned. Correlation ID: 97143dc1-9300-4b87-8f4d-11e6771c98fc
</DebugTrace>
      </Output>
    </UnitTestResult>
    <UnitTestResult executionId="a688187d-6f99-4fb9-a84b-ca4cd87df40b" testId="d962c885-94b8-1374-2abb-7e54e8d19c5a" testName="SecurityWebApi_PostCloneExistingInvitation_HappyPath_491169" computerName="ARAMK2" duration="00:00:01.7050298" startTime="2015-08-27T16:34:08.6456466-07:00" endTime="2015-08-27T16:34:10.3528007-07:00" testType="13cdc9d9-ddb5-4fa4-a97d-d965ccfc6d4b" outcome="Passed" testListId="8c84fa94-04c1-424b-9868-57a2d4851a1d" relativeResultsDirectory="a688187d-6f99-4fb9-a84b-ca4cd87df40b">
      <Output>
        <DebugTrace>Info::  CorrelationId:a34e2f6a-2f77-4f70-abaa-1e278972efa4
QTAgent32.exe Information: 0 : === Token Acquisition started. Correlation ID: 57c7f022-c4b9-460d-86c9-594bce8b356a
QTAgent32.exe Information: 0 : A matching token was found in the cache. Correlation ID: 57c7f022-c4b9-460d-86c9-594bce8b356a
QTAgent32.exe Information: 0 : Access Token with hash '/rfBRIBBDmYuH3sSv9ihtvIa86nvL+iZLZ5juC5qVjE=' and Refresh Token with hash 'NYw50ChzdC2ZGMIecJcR1glcBpmstuvRxS3AEcA9RLg=' returned. Correlation ID: 57c7f022-c4b9-460d-86c9-594bce8b356a
</DebugTrace>
      </Output>
    </UnitTestResult>
    <UnitTestResult executionId="ee964e12-08a0-4e19-95cc-2da769d4bf0a" testId="f3fcdce5-cf05-dc16-dac5-65e1c6109c2d" testName="SecurityWebApi_PostCloneExistingInvitation_HappyPath_491170" computerName="ARAMK2" duration="00:00:01.8881255" startTime="2015-08-27T16:34:10.3558042-07:00" endTime="2015-08-27T16:34:12.2458541-07:00" testType="13cdc9d9-ddb5-4fa4-a97d-d965ccfc6d4b" outcome="Passed" testListId="8c84fa94-04c1-424b-9868-57a2d4851a1d" relativeResultsDirectory="ee964e12-08a0-4e19-95cc-2da769d4bf0a">
      <Output>
        <DebugTrace>Info::  CorrelationId:b684e252-580d-4a4a-8f3d-688828dd8cdb
QTAgent32.exe Information: 0 : === Token Acquisition started. Correlation ID: 43d91e9f-45a8-46a2-a754-8af3abd37ac0
QTAgent32.exe Information: 0 : A matching token was found in the cache. Correlation ID: 43d91e9f-45a8-46a2-a754-8af3abd37ac0
QTAgent32.exe Information: 0 : Access Token with hash '/rfBRIBBDmYuH3sSv9ihtvIa86nvL+iZLZ5juC5qVjE=' and Refresh Token with hash 'NYw50ChzdC2ZGMIecJcR1glcBpmstuvRxS3AEcA9RLg=' returned. Correlation ID: 43d91e9f-45a8-46a2-a754-8af3abd37ac0
</DebugTrace>
      </Output>
    </UnitTestResult>
    <UnitTestResult executionId="d926fd30-93f3-4320-ba69-38ae58397d7d" testId="f4b7766e-c6b5-9967-e3bc-26bb8472b0b9" testName="SecurityWebApi_PostCloneExistingInvitation_HappyPath_504715" computerName="ARAMK2" duration="00:00:01.7768441" startTime="2015-08-27T16:34:12.2488569-07:00" endTime="2015-08-27T16:34:14.0283243-07:00" testType="13cdc9d9-ddb5-4fa4-a97d-d965ccfc6d4b" outcome="Passed" testListId="8c84fa94-04c1-424b-9868-57a2d4851a1d" relativeResultsDirectory="d926fd30-93f3-4320-ba69-38ae58397d7d">
      <Output>
        <DebugTrace>Info::  CorrelationId:26c3d59e-fa80-413c-80e8-e05d006f2dac
QTAgent32.exe Information: 0 : === Token Acquisition started. Correlation ID: b1f796b8-a822-41c4-97cc-5bba458f243f
QTAgent32.exe Information: 0 : A matching token was found in the cache. Correlation ID: b1f796b8-a822-41c4-97cc-5bba458f243f
QTAgent32.exe Information: 0 : Access Token with hash '/rfBRIBBDmYuH3sSv9ihtvIa86nvL+iZLZ5juC5qVjE=' and Refresh Token with hash 'NYw50ChzdC2ZGMIecJcR1glcBpmstuvRxS3AEcA9RLg=' returned. Correlation ID: b1f796b8-a822-41c4-97cc-5bba458f243f
</DebugTrace>
      </Output>
    </UnitTestResult>
    <UnitTestResult executionId="0d376dc1-22d3-4f05-99fd-74732ad5fdbb" testId="517cd053-4c11-d12f-8a8a-96c24700bda3" testName="SecurityWebApi_PostCloneExistingInvitation_InviteNotFound_491152" computerName="ARAMK2" duration="00:00:00.6292158" startTime="2015-08-27T16:34:14.0323281-07:00" endTime="2015-08-27T16:34:14.6647798-07:00" testType="13cdc9d9-ddb5-4fa4-a97d-d965ccfc6d4b" outcome="Passed" testListId="8c84fa94-04c1-424b-9868-57a2d4851a1d" relativeResultsDirectory="0d376dc1-22d3-4f05-99fd-74732ad5fdbb">
      <Output>
        <DebugTrace>Info::  CorrelationId:908eee93-c519-4db6-ac14-1a85f62a0e71
QTAgent32.exe Information: 0 : === Token Acquisition started. Correlation ID: da62ce6c-68d3-4f69-99ac-6ef8759732f4
QTAgent32.exe Information: 0 : A matching token was found in the cache. Correlation ID: da62ce6c-68d3-4f69-99ac-6ef8759732f4
QTAgent32.exe Information: 0 : Access Token with hash '/rfBRIBBDmYuH3sSv9ihtvIa86nvL+iZLZ5juC5qVjE=' and Refresh Token with hash 'NYw50ChzdC2ZGMIecJcR1glcBpmstuvRxS3AEcA9RLg=' returned. Correlation ID: da62ce6c-68d3-4f69-99ac-6ef8759732f4
</DebugTrace>
      </Output>
    </UnitTestResult>
    <UnitTestResult executionId="147c04c3-c2aa-4fe0-adc8-6921e9867a5f" testId="013e7a8e-3d61-a277-87ea-384a2c600c3d" testName="SecurityWebApi_PostCloneExistingInvitation_MalformedAuthHeader_479300" computerName="ARAMK2" duration="00:00:00.9897969" startTime="2015-08-27T16:34:14.6677816-07:00" endTime="2015-08-27T16:34:15.6593686-07:00" testType="13cdc9d9-ddb5-4fa4-a97d-d965ccfc6d4b" outcome="Failed" testListId="8c84fa94-04c1-424b-9868-57a2d4851a1d" relativeResultsDirectory="147c04c3-c2aa-4fe0-adc8-6921e9867a5f">
      <Output>
        <DebugTrace>Info::  CorrelationId:2d847320-4f69-4691-8667-bcf482ed3619
QTAgent32.exe Information: 0 : === Token Acquisition started. Correlation ID: 7c218f25-00c4-4aee-9810-213bbcd30b94
QTAgent32.exe Information: 0 : A matching token was found in the cache. Correlation ID: 7c218f25-00c4-4aee-9810-213bbcd30b94
QTAgent32.exe Information: 0 : Access Token with hash '/rfBRIBBDmYuH3sSv9ihtvIa86nvL+iZLZ5juC5qVjE=' and Refresh Token with hash 'NYw50ChzdC2ZGMIecJcR1glcBpmstuvRxS3AEcA9RLg=' returned. Correlation ID: 7c218f25-00c4-4aee-9810-213bbcd30b94
</DebugTrace>
        <ErrorInfo>
          <Message>Test method Laminar.Automation.Services.SecurityWebApi.Test.TestMethods.InvitationTest.SecurityWebApi_PostCloneExistingInvitation_MalformedAuthHeader_479300 threw exception: 
System.Net.Http.HttpRequestException: An error occurred while sending the request. ---&gt; System.Net.WebException: The underlying connection was closed: An unexpected error occurred on a receive.</Message>
          <StackTrace>    at System.Net.HttpWebRequest.EndGetResponse(IAsyncResult asyncResult)
   at System.Net.Http.HttpClientHandler.GetResponseCallback(IAsyncResult ar)
 --- End of inner exception stack trace ---
    at System.Runtime.CompilerServices.TaskAwaiter.ThrowForNonSuccess(Task task)
   at System.Runtime.CompilerServices.TaskAwaiter.HandleNonSuccessAndDebuggerNotification(Task task)
   at System.Runtime.CompilerServices.TaskAwaiter`1.GetResult()
   at Laminar.Automation.Common.HttpClientHelper.&lt;CallHttpClientPostAsync&gt;d__0.MoveNext() in c:\NGVL\SQA\Automation\Main\Laminar.Automation\Laminar.Automation.Common\Helpers\HttpClientHelper.cs:line 28
--- End of stack trace from previous location where exception was thrown ---
   at System.Runtime.CompilerServices.TaskAwaiter.ThrowForNonSuccess(Task task)
   at System.Runtime.CompilerServices.TaskAwaiter.HandleNonSuccessAndDebuggerNotification(Task task)
   at System.Runtime.CompilerServices.TaskAwaiter`1.GetResult()
   at Laminar.Automation.Services.SecurityWebApi.Test.TestMethods.InvitationTest.&lt;SecurityWebApi_PostCloneExistingInvitation_MalformedAuthHeader_479300&gt;d__2e4.MoveNext() in c:\NGVL\SQA\Automation\Main\Laminar.Automation\Laminar.Automation.Services.SecurityWebApi.Test\TestMethods\InvitationTest.cs:line 2148
--- End of stack trace from previous location where exception was thrown ---
   at System.Runtime.CompilerServices.TaskAwaiter.ThrowForNonSuccess(Task task)
   at System.Runtime.CompilerServices.TaskAwaiter.HandleNonSuccessAndDebuggerNotification(Task task)
   at System.Runtime.CompilerServices.TaskAwaiter.GetResult()
</StackTrace>
        </ErrorInfo>
      </Output>
    </UnitTestResult>
    <UnitTestResult executionId="fd8f35f0-1546-40f3-8e44-51664675a824" testId="0cc853ed-b41c-595f-6431-23df387756ef" testName="SecurityWebApi_PostCloneExistingInvitation_MalformedContactLanguageKey_504716" computerName="ARAMK2" duration="00:00:01.2176419" startTime="2015-08-27T16:34:15.6653725-07:00" endTime="2015-08-27T16:34:16.8862541-07:00" testType="13cdc9d9-ddb5-4fa4-a97d-d965ccfc6d4b" outcome="Passed" testListId="8c84fa94-04c1-424b-9868-57a2d4851a1d" relativeResultsDirectory="fd8f35f0-1546-40f3-8e44-51664675a824">
      <Output>
        <DebugTrace>Info::  CorrelationId:f0aeb013-6d59-4d3c-9ca9-9bf99e237a76
QTAgent32.exe Information: 0 : === Token Acquisition started. Correlation ID: 440e8e9f-48a4-4a5a-8577-dd91af016e0f
QTAgent32.exe Information: 0 : A matching token was found in the cache. Correlation ID: 440e8e9f-48a4-4a5a-8577-dd91af016e0f
QTAgent32.exe Information: 0 : Access Token with hash '/rfBRIBBDmYuH3sSv9ihtvIa86nvL+iZLZ5juC5qVjE=' and Refresh Token with hash 'NYw50ChzdC2ZGMIecJcR1glcBpmstuvRxS3AEcA9RLg=' returned. Correlation ID: 440e8e9f-48a4-4a5a-8577-dd91af016e0f
</DebugTrace>
      </Output>
    </UnitTestResult>
    <UnitTestResult executionId="789314b6-ac8c-4af6-96a1-4f845ad6046b" testId="913b0279-27f7-86fe-18c7-dbd13bed59d6" testName="SecurityWebApi_PostCloneExistingInvitation_NoAuthHeader_479301" computerName="ARAMK2" duration="00:00:00.8937016" startTime="2015-08-27T16:34:16.8922584-07:00" endTime="2015-08-27T16:34:17.7900299-07:00" testType="13cdc9d9-ddb5-4fa4-a97d-d965ccfc6d4b" outcome="Passed" testListId="8c84fa94-04c1-424b-9868-57a2d4851a1d" relativeResultsDirectory="789314b6-ac8c-4af6-96a1-4f845ad6046b">
      <Output>
        <DebugTrace>Info::  CorrelationId:c3c10d4b-e3d2-4a76-bfd2-4844eb32e3dc
QTAgent32.exe Information: 0 : === Token Acquisition started. Correlation ID: 4b00b97a-ffe7-413b-b845-eb6d9d3880f7
QTAgent32.exe Information: 0 : A matching token was found in the cache. Correlation ID: 4b00b97a-ffe7-413b-b845-eb6d9d3880f7
QTAgent32.exe Information: 0 : Access Token with hash '/rfBRIBBDmYuH3sSv9ihtvIa86nvL+iZLZ5juC5qVjE=' and Refresh Token with hash 'NYw50ChzdC2ZGMIecJcR1glcBpmstuvRxS3AEcA9RLg=' returned. Correlation ID: 4b00b97a-ffe7-413b-b845-eb6d9d3880f7
</DebugTrace>
      </Output>
    </UnitTestResult>
    <UnitTestResult executionId="1ed7faac-0d1e-4902-ad0d-75263b0260c1" testId="ea49b300-2b25-52bb-ca2d-0dfb0a6e2bfc" testName="SecurityWebApi_PostCloneExistingInvitation_PartnerAgreementCreator_HappyPath_499732" computerName="ARAMK2" duration="00:00:01.2438005" startTime="2015-08-27T16:34:17.7930324-07:00" endTime="2015-08-27T16:34:19.0394980-07:00" testType="13cdc9d9-ddb5-4fa4-a97d-d965ccfc6d4b" outcome="Failed" testListId="8c84fa94-04c1-424b-9868-57a2d4851a1d" relativeResultsDirectory="1ed7faac-0d1e-4902-ad0d-75263b0260c1">
      <Output>
        <DebugTrace>Info::  CorrelationId:1794082a-1a56-4d02-b178-18223d24da2f
QTAgent32.exe Information: 0 : === Token Acquisition started. Correlation ID: e2bb1833-2555-417b-a0f4-ee2df2325a1a
QTAgent32.exe Information: 0 : A matching token was found in the cache. Correlation ID: e2bb1833-2555-417b-a0f4-ee2df2325a1a
QTAgent32.exe Information: 0 : Access Token with hash 'o0kfjlwG1gnGj3n+Rhd8K6QrWIpHiQSxZ+09iq1Ygs8=' and Refresh Token with hash '7YDQz1EWVfqImjhL9GBHzYHIAZfFwyOEzdY4LoOrwJM=' returned. Correlation ID: e2bb1833-2555-417b-a0f4-ee2df2325a1a
</DebugTrace>
        <ErrorInfo>
          <Message>Assert.AreEqual failed. Expected:&lt;Created&gt;. Actual:&lt;InternalServerError&gt;. </Message>
          <StackTrace>   at Laminar.Automation.Services.SecurityWebApi.Test.TestMethods.InvitationTest.&lt;SecurityWebApi_PostCloneExistingInvitation_PartnerAgreementCreator_HappyPath_499732&gt;d__33e.MoveNext() in c:\NGVL\SQA\Automation\Main\Laminar.Automation\Laminar.Automation.Services.SecurityWebApi.Test\TestMethods\InvitationTest.cs:line 2421
--- End of stack trace from previous location where exception was thrown ---
   at System.Runtime.CompilerServices.TaskAwaiter.ThrowForNonSuccess(Task task)
   at System.Runtime.CompilerServices.TaskAwaiter.HandleNonSuccessAndDebuggerNotification(Task task)
   at System.Runtime.CompilerServices.TaskAwaiter.GetResult()
</StackTrace>
        </ErrorInfo>
      </Output>
    </UnitTestResult>
    <UnitTestResult executionId="921b4b79-6c66-4e99-b0b1-b6ea2706c867" testId="c5464e13-1c2b-480d-c40f-10b36be3b284" testName="SecurityWebApi_PostCloneExistingInvitation_PartnerAgreementCreatorNoAgreementAccess_499733" computerName="ARAMK2" duration="00:00:00.7181160" startTime="2015-08-27T16:34:19.0424991-07:00" endTime="2015-08-27T16:34:19.7624236-07:00" testType="13cdc9d9-ddb5-4fa4-a97d-d965ccfc6d4b" outcome="Failed" testListId="8c84fa94-04c1-424b-9868-57a2d4851a1d" relativeResultsDirectory="921b4b79-6c66-4e99-b0b1-b6ea2706c867">
      <Output>
        <DebugTrace>Info::  CorrelationId:cf6a1634-5c60-40bc-a44b-5654b1f434ae
QTAgent32.exe Information: 0 : === Token Acquisition started. Correlation ID: 78688f85-b874-4aa0-bd9e-5e41cb881fd1
QTAgent32.exe Information: 0 : Sending user realm discovery request to 'https://login.windows-ppe.net/common/UserRealm/UMTest_PartnerAgrmntCreatorNoAgrmntAccess@ngvldev1.ccsctp.net?api-version=1.0'. Correlation ID: 78688f85-b874-4aa0-bd9e-5e41cb881fd1
QTAgent32.exe Information: 0 : User 'UMTest_PartnerAgrmntCreatorNoAgrmntAccess@ngvldev1.ccsctp.net' detected as 'Managed'. Correlation ID: 78688f85-b874-4aa0-bd9e-5e41cb881fd1
QTAgent32.exe Information: 0 : AdalServiceException was thrown with ErrorCode 'invalid_grant' and StatusCode '400' and innerException 'AADSTS70002: Error validating credentials. AADSTS50126: Invalid username or password
Trace ID: 36a996f7-da1b-4710-ad6e-ba5951d7da5f
Correlation ID: 78688f85-b874-4aa0-bd9e-5e41cb881fd1
Timestamp: 2015-08-27 23:34:19Z'. Correlation ID: 78688f85-b874-4aa0-bd9e-5e41cb881fd1
</DebugTrace>
        <ErrorInfo>
          <Message>Test method Laminar.Automation.Services.SecurityWebApi.Test.TestMethods.InvitationTest.SecurityWebApi_PostCloneExistingInvitation_PartnerAgreementCreatorNoAgreementAccess_499733 threw exception: 
Microsoft.IdentityModel.Clients.ActiveDirectory.AdalServiceException: AADSTS70002: Error validating credentials. AADSTS50126: Invalid username or password
Trace ID: 36a996f7-da1b-4710-ad6e-ba5951d7da5f
Correlation ID: 78688f85-b874-4aa0-bd9e-5e41cb881fd1
Timestamp: 2015-08-27 23:34:19Z ---&gt; System.Net.WebException: The remote server returned an error: (400) Bad Request.</Message>
          <StackTrace>    at System.Net.HttpWebRequest.GetResponse()
   at Microsoft.IdentityModel.Clients.ActiveDirectory.HttpWebRequestWrapper.&lt;GetResponseSyncOrAsync&gt;d__2.MoveNext()
--- End of stack trace from previous location where exception was thrown ---
   at System.Runtime.CompilerServices.TaskAwaiter.ThrowForNonSuccess(Task task)
   at System.Runtime.CompilerServices.TaskAwaiter.HandleNonSuccessAndDebuggerNotification(Task task)
   at Microsoft.IdentityModel.Clients.ActiveDirectory.HttpHelper.&lt;SendPostRequestAndDeserializeJsonResponseAsync&gt;d__0`1.MoveNext()
 --- End of inner exception stack trace ---
    at Microsoft.IdentityModel.Clients.ActiveDirectory.AuthenticationContext.RunAsyncTask[T](Task`1 task)
   at Microsoft.IdentityModel.Clients.ActiveDirectory.AuthenticationContext.AcquireToken(String resource, String clientId, UserCredential userCredential)
   at Laminar.Automation.Services.SecurityWebApi.TokenAcquirer.AcquireTokenWithoutCodedUITest(String userName, String password) in c:\NGVL\SQA\Automation\Main\Laminar.Automation\Laminar.Automation.Services.SecurityWebApi\TokenAcquirer.cs:line 158
   at Laminar.Automation.Services.SecurityWebApi.TokenAcquirer.AcquireToken(User user, Boolean getUserTokenWithCodedUI) in c:\NGVL\SQA\Automation\Main\Laminar.Automation\Laminar.Automation.Services.SecurityWebApi\TokenAcquirer.cs:line 113
   at Laminar.Automation.Services.SecurityWebApi.Test.TestMethods.InvitationTest.&lt;SecurityWebApi_PostCloneExistingInvitation_PartnerAgreementCreatorNoAgreementAccess_499733&gt;d__34c.MoveNext() in c:\NGVL\SQA\Automation\Main\Laminar.Automation\Laminar.Automation.Services.SecurityWebApi.Test\TestMethods\InvitationTest.cs:line 2441
--- End of stack trace from previous location where exception was thrown ---
   at System.Runtime.CompilerServices.TaskAwaiter.ThrowForNonSuccess(Task task)
   at System.Runtime.CompilerServices.TaskAwaiter.HandleNonSuccessAndDebuggerNotification(Task task)
   at System.Runtime.CompilerServices.TaskAwaiter.GetResult()
</StackTrace>
        </ErrorInfo>
      </Output>
    </UnitTestResult>
    <UnitTestResult executionId="b7b8686a-19c2-4461-ae45-3ece62125054" testId="166dc811-afeb-17a8-ed52-fd287f602e5a" testName="SecurityWebApi_PostCloneExistingInvitation_PartnerNotAgreementApproverOrCreator_499734" computerName="ARAMK2" duration="00:00:00.7487681" startTime="2015-08-27T16:34:19.7684273-07:00" endTime="2015-08-27T16:34:20.5186828-07:00" testType="13cdc9d9-ddb5-4fa4-a97d-d965ccfc6d4b" outcome="Failed" testListId="8c84fa94-04c1-424b-9868-57a2d4851a1d" relativeResultsDirectory="b7b8686a-19c2-4461-ae45-3ece62125054">
      <Output>
        <DebugTrace>Info::  CorrelationId:d3642e57-0613-4aa1-a697-f8eb96938513
QTAgent32.exe Information: 0 : === Token Acquisition started. Correlation ID: 87d87f57-ae45-4059-bd83-7807d15a6120
QTAgent32.exe Information: 0 : Sending user realm discovery request to 'https://login.windows-ppe.net/common/UserRealm/UMTest_PartnerNotAgrmntApproveOrCreate@ngvldev1.ccsctp.net?api-version=1.0'. Correlation ID: 87d87f57-ae45-4059-bd83-7807d15a6120
QTAgent32.exe Information: 0 : User 'UMTest_PartnerNotAgrmntApproveOrCreate@ngvldev1.ccsctp.net' detected as 'Managed'. Correlation ID: 87d87f57-ae45-4059-bd83-7807d15a6120
QTAgent32.exe Information: 0 : AdalServiceException was thrown with ErrorCode 'invalid_grant' and StatusCode '400' and innerException 'AADSTS70002: Error validating credentials. AADSTS50126: Invalid username or password
Trace ID: 74bdfc69-dbcb-44ef-b500-5c05975a71f0
Correlation ID: 87d87f57-ae45-4059-bd83-7807d15a6120
Timestamp: 2015-08-27 23:34:20Z'. Correlation ID: 87d87f57-ae45-4059-bd83-7807d15a6120
</DebugTrace>
        <ErrorInfo>
          <Message>Test method Laminar.Automation.Services.SecurityWebApi.Test.TestMethods.InvitationTest.SecurityWebApi_PostCloneExistingInvitation_PartnerNotAgreementApproverOrCreator_499734 threw exception: 
Microsoft.IdentityModel.Clients.ActiveDirectory.AdalServiceException: AADSTS70002: Error validating credentials. AADSTS50126: Invalid username or password
Trace ID: 74bdfc69-dbcb-44ef-b500-5c05975a71f0
Correlation ID: 87d87f57-ae45-4059-bd83-7807d15a6120
Timestamp: 2015-08-27 23:34:20Z ---&gt; System.Net.WebException: The remote server returned an error: (400) Bad Request.</Message>
          <StackTrace>    at System.Net.HttpWebRequest.GetResponse()
   at Microsoft.IdentityModel.Clients.ActiveDirectory.HttpWebRequestWrapper.&lt;GetResponseSyncOrAsync&gt;d__2.MoveNext()
--- End of stack trace from previous location where exception was thrown ---
   at System.Runtime.CompilerServices.TaskAwaiter.ThrowForNonSuccess(Task task)
   at System.Runtime.CompilerServices.TaskAwaiter.HandleNonSuccessAndDebuggerNotification(Task task)
   at Microsoft.IdentityModel.Clients.ActiveDirectory.HttpHelper.&lt;SendPostRequestAndDeserializeJsonResponseAsync&gt;d__0`1.MoveNext()
 --- End of inner exception stack trace ---
    at Microsoft.IdentityModel.Clients.ActiveDirectory.AuthenticationContext.RunAsyncTask[T](Task`1 task)
   at Microsoft.IdentityModel.Clients.ActiveDirectory.AuthenticationContext.AcquireToken(String resource, String clientId, UserCredential userCredential)
   at Laminar.Automation.Services.SecurityWebApi.TokenAcquirer.AcquireTokenWithoutCodedUITest(String userName, String password) in c:\NGVL\SQA\Automation\Main\Laminar.Automation\Laminar.Automation.Services.SecurityWebApi\TokenAcquirer.cs:line 158
   at Laminar.Automation.Services.SecurityWebApi.TokenAcquirer.AcquireToken(User user, Boolean getUserTokenWithCodedUI) in c:\NGVL\SQA\Automation\Main\Laminar.Automation\Laminar.Automation.Services.SecurityWebApi\TokenAcquirer.cs:line 113
   at Laminar.Automation.Services.SecurityWebApi.Test.TestMethods.InvitationTest.&lt;SecurityWebApi_PostCloneExistingInvitation_PartnerNotAgreementApproverOrCreator_499734&gt;d__357.MoveNext() in c:\NGVL\SQA\Automation\Main\Laminar.Automation\Laminar.Automation.Services.SecurityWebApi.Test\TestMethods\InvitationTest.cs:line 2475
--- End of stack trace from previous location where exception was thrown ---
   at System.Runtime.CompilerServices.TaskAwaiter.ThrowForNonSuccess(Task task)
   at System.Runtime.CompilerServices.TaskAwaiter.HandleNonSuccessAndDebuggerNotification(Task task)
   at System.Runtime.CompilerServices.TaskAwaiter.GetResult()
</StackTrace>
        </ErrorInfo>
      </Output>
    </UnitTestResult>
    <UnitTestResult executionId="bfbd83bf-4887-49c2-939d-f8f0e5ae4cab" testId="80e4448a-6f34-ecce-09a9-cfb1c227698e" testName="SecurityWebApi_PostCloneExistingInvitation_TimingLogs_491165" computerName="ARAMK2" duration="00:00:01.5056302" startTime="2015-08-27T16:34:20.5226853-07:00" endTime="2015-08-27T16:34:22.0301493-07:00" testType="13cdc9d9-ddb5-4fa4-a97d-d965ccfc6d4b" outcome="Failed" testListId="8c84fa94-04c1-424b-9868-57a2d4851a1d" relativeResultsDirectory="bfbd83bf-4887-49c2-939d-f8f0e5ae4cab">
      <Output>
        <DebugTrace>Info::  CorrelationId:126740cd-796f-4828-bcbf-dc0c1489bafa
QTAgent32.exe Information: 0 : === Token Acquisition started. Correlation ID: 8f49b386-2f21-4739-9904-6b01e007180e
QTAgent32.exe Information: 0 : A matching token was found in the cache. Correlation ID: 8f49b386-2f21-4739-9904-6b01e007180e
QTAgent32.exe Information: 0 : Access Token with hash '/rfBRIBBDmYuH3sSv9ihtvIa86nvL+iZLZ5juC5qVjE=' and Refresh Token with hash 'NYw50ChzdC2ZGMIecJcR1glcBpmstuvRxS3AEcA9RLg=' returned. Correlation ID: 8f49b386-2f21-4739-9904-6b01e007180e
</DebugTrace>
        <ErrorInfo>
          <Message>Assert.IsTrue failed. </Message>
          <StackTrace>   at Laminar.Automation.Services.SecurityWebApi.Test.TestMethods.InvitationTest.&lt;SecurityWebApi_PostCloneExistingInvitation_TimingLogs_491165&gt;d__30f.MoveNext() in c:\NGVL\SQA\Automation\Main\Laminar.Automation\Laminar.Automation.Services.SecurityWebApi.Test\TestMethods\InvitationTest.cs:line 2294
--- End of stack trace from previous location where exception was thrown ---
   at System.Runtime.CompilerServices.TaskAwaiter.ThrowForNonSuccess(Task task)
   at System.Runtime.CompilerServices.TaskAwaiter.HandleNonSuccessAndDebuggerNotification(Task task)
   at System.Runtime.CompilerServices.TaskAwaiter.GetResult()
</StackTrace>
        </ErrorInfo>
      </Output>
    </UnitTestResult>
    <UnitTestResult executionId="8e8d41a7-d278-4f2e-bd7b-95efccf293df" testId="9243b90c-2127-db01-cfe8-b29e7cd65b04" testName="SecurityWebApi_Unsecure_474845" computerName="ARAMK2" duration="00:00:00.5216525" startTime="2015-08-27T16:34:22.0341522-07:00" endTime="2015-08-27T16:34:22.5573655-07:00" testType="13cdc9d9-ddb5-4fa4-a97d-d965ccfc6d4b" outcome="Passed" testListId="8c84fa94-04c1-424b-9868-57a2d4851a1d" relativeResultsDirectory="8e8d41a7-d278-4f2e-bd7b-95efccf293df">
      <Output>
        <DebugTrace>Info::  CorrelationId:7b520b99-1355-44da-a6b3-6a0b2b92159d
QTAgent32.exe Information: 0 : === Token Acquisition started. Correlation ID: 34b7681e-ec8d-430c-a48e-af96063ade7f
QTAgent32.exe Information: 0 : A matching token was found in the cache. Correlation ID: 34b7681e-ec8d-430c-a48e-af96063ade7f
QTAgent32.exe Information: 0 : Access Token with hash '/rfBRIBBDmYuH3sSv9ihtvIa86nvL+iZLZ5juC5qVjE=' and Refresh Token with hash 'NYw50ChzdC2ZGMIecJcR1glcBpmstuvRxS3AEcA9RLg=' returned. Correlation ID: 34b7681e-ec8d-430c-a48e-af96063ade7f
</DebugTrace>
      </Output>
    </UnitTestResult>
    <UnitTestResult executionId="70c7f64a-406c-4fa2-b191-5a60ab13b25e" testId="d2c3827a-862e-7049-6099-91a0c4c59e46" testName="SecurityWebApi_UpdateInvitation_CorrelationIDInResponseWhenNotInRequest_491045" computerName="ARAMK2" duration="00:00:01.3738426" startTime="2015-08-27T16:34:22.5603677-07:00" endTime="2015-08-27T16:34:23.9352404-07:00" testType="13cdc9d9-ddb5-4fa4-a97d-d965ccfc6d4b" outcome="Failed" testListId="8c84fa94-04c1-424b-9868-57a2d4851a1d" relativeResultsDirectory="70c7f64a-406c-4fa2-b191-5a60ab13b25e">
      <Output>
        <DebugTrace>Info::  CorrelationId:0f84f20a-df8b-4ee8-93de-e10958bd8a92
QTAgent32.exe Information: 0 : === Token Acquisition started. Correlation ID: b4dc3475-7357-4841-9cb2-aec72f2222c6
QTAgent32.exe Information: 0 : A matching token was found in the cache. Correlation ID: b4dc3475-7357-4841-9cb2-aec72f2222c6
QTAgent32.exe Information: 0 : Access Token with hash '/rfBRIBBDmYuH3sSv9ihtvIa86nvL+iZLZ5juC5qVjE=' and Refresh Token with hash 'NYw50ChzdC2ZGMIecJcR1glcBpmstuvRxS3AEcA9RLg=' returned. Correlation ID: b4dc3475-7357-4841-9cb2-aec72f2222c6
</DebugTrace>
        <ErrorInfo>
          <Message>Assert.AreNotEqual failed. Expected any value except:&lt;0f84f20a-df8b-4ee8-93de-e10958bd8a92&gt;. Actual:&lt;0f84f20a-df8b-4ee8-93de-e10958bd8a92&gt;. </Message>
          <StackTrace>   at Laminar.Automation.Services.SecurityWebApi.Test.TestMethods.InvitationTest.&lt;SecurityWebApi_UpdateInvitation_CorrelationIDInResponseWhenNotInRequest_491045&gt;d__207.MoveNext() in c:\NGVL\SQA\Automation\Main\Laminar.Automation\Laminar.Automation.Services.SecurityWebApi.Test\TestMethods\InvitationTest.cs:line 1508
--- End of stack trace from previous location where exception was thrown ---
   at System.Runtime.CompilerServices.TaskAwaiter.ThrowForNonSuccess(Task task)
   at System.Runtime.CompilerServices.TaskAwaiter.HandleNonSuccessAndDebuggerNotification(Task task)
   at System.Runtime.CompilerServices.TaskAwaiter.GetResult()
</StackTrace>
        </ErrorInfo>
      </Output>
    </UnitTestResult>
    <UnitTestResult executionId="0ffa8278-6efc-47c0-8e0f-98a19c10a9bb" testId="5086f608-11b6-7c36-7fdb-076281afed6e" testName="SecurityWebApi_UpdateInvitation_CorrelationIDPersistsToLoggedMessages_EventLogs_491027" computerName="ARAMK2" duration="00:00:02.7615814" startTime="2015-08-27T16:34:23.9392439-07:00" endTime="2015-08-27T16:34:26.7036544-07:00" testType="13cdc9d9-ddb5-4fa4-a97d-d965ccfc6d4b" outcome="Failed" testListId="8c84fa94-04c1-424b-9868-57a2d4851a1d" relativeResultsDirectory="0ffa8278-6efc-47c0-8e0f-98a19c10a9bb">
      <Output>
        <DebugTrace>Info::  CorrelationId:22f1c216-8bd5-482e-a40c-e3475c0c89e6
QTAgent32.exe Information: 0 : === Token Acquisition started. Correlation ID: eced5d99-3f25-4e79-83d0-3cf2b07b091f
QTAgent32.exe Information: 0 : A matching token was found in the cache. Correlation ID: eced5d99-3f25-4e79-83d0-3cf2b07b091f
QTAgent32.exe Information: 0 : Access Token with hash '/rfBRIBBDmYuH3sSv9ihtvIa86nvL+iZLZ5juC5qVjE=' and Refresh Token with hash 'NYw50ChzdC2ZGMIecJcR1glcBpmstuvRxS3AEcA9RLg=' returned. Correlation ID: eced5d99-3f25-4e79-83d0-3cf2b07b091f
</DebugTrace>
        <ErrorInfo>
          <Message>Assert.IsTrue failed. </Message>
          <StackTrace>   at Laminar.Automation.Services.SecurityWebApi.Test.TestMethods.InvitationTest.&lt;SecurityWebApi_UpdateInvitation_CorrelationIDPersistsToLoggedMessages_EventLogs_491027&gt;d__1e7.MoveNext() in c:\NGVL\SQA\Automation\Main\Laminar.Automation\Laminar.Automation.Services.SecurityWebApi.Test\TestMethods\InvitationTest.cs:line 1410
--- End of stack trace from previous location where exception was thrown ---
   at System.Runtime.CompilerServices.TaskAwaiter.ThrowForNonSuccess(Task task)
   at System.Runtime.CompilerServices.TaskAwaiter.HandleNonSuccessAndDebuggerNotification(Task task)
   at System.Runtime.CompilerServices.TaskAwaiter.GetResult()
</StackTrace>
        </ErrorInfo>
      </Output>
    </UnitTestResult>
    <UnitTestResult executionId="5328f7bd-e9a6-4d2f-86da-605846862105" testId="ec971ded-de29-3a71-4393-021f2e5d11cf" testName="SecurityWebApi_UpdateInvitation_CorrelationIDResponseRequestMatch_491028" computerName="ARAMK2" duration="00:00:01.4034774" startTime="2015-08-27T16:34:26.7076576-07:00" endTime="2015-08-27T16:34:28.1126762-07:00" testType="13cdc9d9-ddb5-4fa4-a97d-d965ccfc6d4b" outcome="Passed" testListId="8c84fa94-04c1-424b-9868-57a2d4851a1d" relativeResultsDirectory="5328f7bd-e9a6-4d2f-86da-605846862105">
      <Output>
        <DebugTrace>Info::  CorrelationId:4458f0fb-0d68-44eb-a99f-59987c0a5692
QTAgent32.exe Information: 0 : === Token Acquisition started. Correlation ID: daa2e9f9-675b-4618-997d-b4592c12c67d
QTAgent32.exe Information: 0 : A matching token was found in the cache. Correlation ID: daa2e9f9-675b-4618-997d-b4592c12c67d
QTAgent32.exe Information: 0 : Access Token with hash '/rfBRIBBDmYuH3sSv9ihtvIa86nvL+iZLZ5juC5qVjE=' and Refresh Token with hash 'NYw50ChzdC2ZGMIecJcR1glcBpmstuvRxS3AEcA9RLg=' returned. Correlation ID: daa2e9f9-675b-4618-997d-b4592c12c67d
</DebugTrace>
      </Output>
    </UnitTestResult>
    <UnitTestResult executionId="61a8a5d5-9696-4ba0-874c-4959e65578f7" testId="a03cc0b5-778a-a7f3-d54a-b2033a361a70" testName="SecurityWebApi_UpdateInvitation_HappyPath_491046" computerName="ARAMK2" duration="00:00:02.1530795" startTime="2015-08-27T16:34:28.1146802-07:00" endTime="2015-08-27T16:34:30.2694376-07:00" testType="13cdc9d9-ddb5-4fa4-a97d-d965ccfc6d4b" outcome="Passed" testListId="8c84fa94-04c1-424b-9868-57a2d4851a1d" relativeResultsDirectory="61a8a5d5-9696-4ba0-874c-4959e65578f7">
      <Output>
        <DebugTrace>Info::  CorrelationId:fe2897e6-50a2-4f7e-8955-48a566372c60
QTAgent32.exe Information: 0 : === Token Acquisition started. Correlation ID: 76baa2f1-bfe1-4650-b404-3656f06a1128
QTAgent32.exe Information: 0 : A matching token was found in the cache. Correlation ID: 76baa2f1-bfe1-4650-b404-3656f06a1128
QTAgent32.exe Information: 0 : Access Token with hash '/rfBRIBBDmYuH3sSv9ihtvIa86nvL+iZLZ5juC5qVjE=' and Refresh Token with hash 'NYw50ChzdC2ZGMIecJcR1glcBpmstuvRxS3AEcA9RLg=' returned. Correlation ID: 76baa2f1-bfe1-4650-b404-3656f06a1128
</DebugTrace>
      </Output>
    </UnitTestResult>
    <UnitTestResult executionId="6d858099-9c19-478d-bd85-6254920a3afe" testId="dc489d27-daa4-d11a-e313-cd261dd085af" testName="SecurityWebApi_UpdateInvitation_HappyPath_491079" computerName="ARAMK2" duration="00:00:01.4481081" startTime="2015-08-27T16:34:30.2724427-07:00" endTime="2015-08-27T16:34:31.7216140-07:00" testType="13cdc9d9-ddb5-4fa4-a97d-d965ccfc6d4b" outcome="Passed" testListId="8c84fa94-04c1-424b-9868-57a2d4851a1d" relativeResultsDirectory="6d858099-9c19-478d-bd85-6254920a3afe">
      <Output>
        <DebugTrace>Info::  CorrelationId:456fb785-483f-4b04-b88d-482d6bed0c50
QTAgent32.exe Information: 0 : === Token Acquisition started. Correlation ID: 34cfed14-5ab7-4d99-a762-04aab62d5013
QTAgent32.exe Information: 0 : A matching token was found in the cache. Correlation ID: 34cfed14-5ab7-4d99-a762-04aab62d5013
QTAgent32.exe Information: 0 : Access Token with hash '/rfBRIBBDmYuH3sSv9ihtvIa86nvL+iZLZ5juC5qVjE=' and Refresh Token with hash 'NYw50ChzdC2ZGMIecJcR1glcBpmstuvRxS3AEcA9RLg=' returned. Correlation ID: 34cfed14-5ab7-4d99-a762-04aab62d5013
</DebugTrace>
      </Output>
    </UnitTestResult>
    <UnitTestResult executionId="0b2d03f3-fb6e-4421-9d16-a6633204c3c1" testId="fb01f356-d764-102c-fd2f-ded3c38aec66" testName="SecurityWebApi_UpdateInvitation_HappyPath_491093" computerName="ARAMK2" duration="00:00:01.5012855" startTime="2015-08-27T16:34:31.7256166-07:00" endTime="2015-08-27T16:34:33.2279868-07:00" testType="13cdc9d9-ddb5-4fa4-a97d-d965ccfc6d4b" outcome="Passed" testListId="8c84fa94-04c1-424b-9868-57a2d4851a1d" relativeResultsDirectory="0b2d03f3-fb6e-4421-9d16-a6633204c3c1">
      <Output>
        <DebugTrace>Info::  CorrelationId:71a5cee7-9101-41c0-9c08-4798572953e7
QTAgent32.exe Information: 0 : === Token Acquisition started. Correlation ID: 5e0d4c76-2218-42ee-bcb6-aa54cc05ae24
QTAgent32.exe Information: 0 : A matching token was found in the cache. Correlation ID: 5e0d4c76-2218-42ee-bcb6-aa54cc05ae24
QTAgent32.exe Information: 0 : Access Token with hash '/rfBRIBBDmYuH3sSv9ihtvIa86nvL+iZLZ5juC5qVjE=' and Refresh Token with hash 'NYw50ChzdC2ZGMIecJcR1glcBpmstuvRxS3AEcA9RLg=' returned. Correlation ID: 5e0d4c76-2218-42ee-bcb6-aa54cc05ae24
</DebugTrace>
      </Output>
    </UnitTestResult>
    <UnitTestResult executionId="3b23bf52-58e2-4544-9114-da2679cfd4d8" testId="9105b94d-ff00-6033-53db-17d959164480" testName="SecurityWebApi_UpdateInvitation_HappyPath_504712" computerName="ARAMK2" duration="00:00:01.4809650" startTime="2015-08-27T16:34:33.2310073-07:00" endTime="2015-08-27T16:34:34.7143887-07:00" testType="13cdc9d9-ddb5-4fa4-a97d-d965ccfc6d4b" outcome="Passed" testListId="8c84fa94-04c1-424b-9868-57a2d4851a1d" relativeResultsDirectory="3b23bf52-58e2-4544-9114-da2679cfd4d8">
      <Output>
        <DebugTrace>Info::  CorrelationId:9db0284b-12cc-4483-ba44-07a825eaa6a2
QTAgent32.exe Information: 0 : === Token Acquisition started. Correlation ID: 3d746575-00bf-4848-a4f8-12ec734c4f1d
QTAgent32.exe Information: 0 : A matching token was found in the cache. Correlation ID: 3d746575-00bf-4848-a4f8-12ec734c4f1d
QTAgent32.exe Information: 0 : Access Token with hash '/rfBRIBBDmYuH3sSv9ihtvIa86nvL+iZLZ5juC5qVjE=' and Refresh Token with hash 'NYw50ChzdC2ZGMIecJcR1glcBpmstuvRxS3AEcA9RLg=' returned. Correlation ID: 3d746575-00bf-4848-a4f8-12ec734c4f1d
</DebugTrace>
      </Output>
    </UnitTestResult>
    <UnitTestResult executionId="3df45df6-ae12-42ad-a3c4-93fdfdc03b4c" testId="672729d4-064f-8897-96e2-49cb3430512f" testName="SecurityWebApi_UpdateInvitation_InvitationExpired_491048" computerName="ARAMK2" duration="00:00:01.1472215" startTime="2015-08-27T16:34:34.7183918-07:00" endTime="2015-08-27T16:34:35.8681508-07:00" testType="13cdc9d9-ddb5-4fa4-a97d-d965ccfc6d4b" outcome="Passed" testListId="8c84fa94-04c1-424b-9868-57a2d4851a1d" relativeResultsDirectory="3df45df6-ae12-42ad-a3c4-93fdfdc03b4c">
      <Output>
        <DebugTrace>Info::  CorrelationId:f7c293dd-c095-4f8e-8ae2-9e782772d14f
QTAgent32.exe Information: 0 : === Token Acquisition started. Correlation ID: 811baa30-c1c6-4d37-8fcb-b7d8b7ea9f4e
QTAgent32.exe Information: 0 : A matching token was found in the cache. Correlation ID: 811baa30-c1c6-4d37-8fcb-b7d8b7ea9f4e
QTAgent32.exe Information: 0 : Access Token with hash '/rfBRIBBDmYuH3sSv9ihtvIa86nvL+iZLZ5juC5qVjE=' and Refresh Token with hash 'NYw50ChzdC2ZGMIecJcR1glcBpmstuvRxS3AEcA9RLg=' returned. Correlation ID: 811baa30-c1c6-4d37-8fcb-b7d8b7ea9f4e
</DebugTrace>
      </Output>
    </UnitTestResult>
    <UnitTestResult executionId="32953840-6db7-40d4-b568-c2300fb398b2" testId="7765b5fd-add6-df54-7205-6ef9ab900665" testName="SecurityWebApi_UpdateInvitation_InvitationNotFound_479286" computerName="ARAMK2" duration="00:00:00.6523040" startTime="2015-08-27T16:34:35.8711530-07:00" endTime="2015-08-27T16:34:36.5256207-07:00" testType="13cdc9d9-ddb5-4fa4-a97d-d965ccfc6d4b" outcome="Passed" testListId="8c84fa94-04c1-424b-9868-57a2d4851a1d" relativeResultsDirectory="32953840-6db7-40d4-b568-c2300fb398b2">
      <Output>
        <DebugTrace>Info::  CorrelationId:f51c3caf-6c8f-49d4-9ce5-53c979440e39
QTAgent32.exe Information: 0 : === Token Acquisition started. Correlation ID: 8525ed3b-d89d-467e-ab64-31f7000bbbc8
QTAgent32.exe Information: 0 : A matching token was found in the cache. Correlation ID: 8525ed3b-d89d-467e-ab64-31f7000bbbc8
QTAgent32.exe Information: 0 : Access Token with hash '/rfBRIBBDmYuH3sSv9ihtvIa86nvL+iZLZ5juC5qVjE=' and Refresh Token with hash 'NYw50ChzdC2ZGMIecJcR1glcBpmstuvRxS3AEcA9RLg=' returned. Correlation ID: 8525ed3b-d89d-467e-ab64-31f7000bbbc8
</DebugTrace>
      </Output>
    </UnitTestResult>
    <UnitTestResult executionId="bd67bbbc-464d-403c-9fa4-515bcf6972bd" testId="bea5f55b-b199-0612-6eb5-c1169caf802a" testName="SecurityWebApi_UpdateInvitation_MalformedAuthHeader_479281" computerName="ARAMK2" duration="00:00:01.0750910" startTime="2015-08-27T16:34:36.5286232-07:00" endTime="2015-08-27T16:34:37.6053931-07:00" testType="13cdc9d9-ddb5-4fa4-a97d-d965ccfc6d4b" outcome="Passed" testListId="8c84fa94-04c1-424b-9868-57a2d4851a1d" relativeResultsDirectory="bd67bbbc-464d-403c-9fa4-515bcf6972bd">
      <Output>
        <DebugTrace>Info::  CorrelationId:298b4f3e-6c06-4cc4-b63b-9e4e9ccc8fe0
QTAgent32.exe Information: 0 : === Token Acquisition started. Correlation ID: 96ab2b55-fbbd-47e7-aacb-f6f4be56620b
QTAgent32.exe Information: 0 : A matching token was found in the cache. Correlation ID: 96ab2b55-fbbd-47e7-aacb-f6f4be56620b
QTAgent32.exe Information: 0 : Access Token with hash '/rfBRIBBDmYuH3sSv9ihtvIa86nvL+iZLZ5juC5qVjE=' and Refresh Token with hash 'NYw50ChzdC2ZGMIecJcR1glcBpmstuvRxS3AEcA9RLg=' returned. Correlation ID: 96ab2b55-fbbd-47e7-aacb-f6f4be56620b
</DebugTrace>
      </Output>
    </UnitTestResult>
    <UnitTestResult executionId="3c1c7bfe-0a18-45f7-ad08-eda8449e5f1d" testId="05d42c91-a163-5dcb-b34a-41cad86ca4b2" testName="SecurityWebApi_UpdateInvitation_MalformedContactLanguageKey_504713" computerName="ARAMK2" duration="00:00:01.1903415" startTime="2015-08-27T16:34:37.6103970-07:00" endTime="2015-08-27T16:34:38.8023509-07:00" testType="13cdc9d9-ddb5-4fa4-a97d-d965ccfc6d4b" outcome="Passed" testListId="8c84fa94-04c1-424b-9868-57a2d4851a1d" relativeResultsDirectory="3c1c7bfe-0a18-45f7-ad08-eda8449e5f1d">
      <Output>
        <DebugTrace>Info::  CorrelationId:d1f612e2-2d5f-4c84-ae14-25c626b14f43
QTAgent32.exe Information: 0 : === Token Acquisition started. Correlation ID: 846890b5-28b2-4b37-a18a-9c47a7ebee20
QTAgent32.exe Information: 0 : A matching token was found in the cache. Correlation ID: 846890b5-28b2-4b37-a18a-9c47a7ebee20
QTAgent32.exe Information: 0 : Access Token with hash '/rfBRIBBDmYuH3sSv9ihtvIa86nvL+iZLZ5juC5qVjE=' and Refresh Token with hash 'NYw50ChzdC2ZGMIecJcR1glcBpmstuvRxS3AEcA9RLg=' returned. Correlation ID: 846890b5-28b2-4b37-a18a-9c47a7ebee20
</DebugTrace>
      </Output>
    </UnitTestResult>
    <UnitTestResult executionId="09972e3d-2437-405f-99df-86fe6971fb09" testId="0eb36bc2-7d7e-3fcd-61fe-619f4d43fe86" testName="SecurityWebApi_UpdateInvitation_NoAuthHeader_479283" computerName="ARAMK2" duration="00:00:00.8729622" startTime="2015-08-27T16:34:38.8063541-07:00" endTime="2015-08-27T16:34:39.6819796-07:00" testType="13cdc9d9-ddb5-4fa4-a97d-d965ccfc6d4b" outcome="Passed" testListId="8c84fa94-04c1-424b-9868-57a2d4851a1d" relativeResultsDirectory="09972e3d-2437-405f-99df-86fe6971fb09">
      <Output>
        <DebugTrace>Info::  CorrelationId:9c0b7db3-8194-404a-ab95-34762824b085
QTAgent32.exe Information: 0 : === Token Acquisition started. Correlation ID: ffb39c62-587e-4444-ba77-d450b99df912
QTAgent32.exe Information: 0 : A matching token was found in the cache. Correlation ID: ffb39c62-587e-4444-ba77-d450b99df912
QTAgent32.exe Information: 0 : Access Token with hash '/rfBRIBBDmYuH3sSv9ihtvIa86nvL+iZLZ5juC5qVjE=' and Refresh Token with hash 'NYw50ChzdC2ZGMIecJcR1glcBpmstuvRxS3AEcA9RLg=' returned. Correlation ID: ffb39c62-587e-4444-ba77-d450b99df912
</DebugTrace>
      </Output>
    </UnitTestResult>
    <UnitTestResult executionId="aa4e7f0a-8bd5-4f63-a0fe-ee05f67754e1" testId="5dba1a75-95cf-0067-ee8b-8e54ebdb63f1" testName="SecurityWebApi_UpdateInvitation_Partner_NotAgreementApproverOrCreator_499739" computerName="ARAMK2" duration="00:00:01.0479939" startTime="2015-08-27T16:34:39.6899863-07:00" endTime="2015-08-27T16:34:40.7397927-07:00" testType="13cdc9d9-ddb5-4fa4-a97d-d965ccfc6d4b" outcome="Failed" testListId="8c84fa94-04c1-424b-9868-57a2d4851a1d" relativeResultsDirectory="aa4e7f0a-8bd5-4f63-a0fe-ee05f67754e1">
      <Output>
        <DebugTrace>Info::  CorrelationId:1ccd5585-aa86-4835-810b-2900306f844e
QTAgent32.exe Information: 0 : === Token Acquisition started. Correlation ID: 3f7c9407-e283-4feb-9704-f66cef37d9f6
QTAgent32.exe Information: 0 : Sending user realm discovery request to 'https://login.windows-ppe.net/common/UserRealm/UMTest_PartnerNotAgrmntApproveOrCreate@ngvldev1.ccsctp.net?api-version=1.0'. Correlation ID: 3f7c9407-e283-4feb-9704-f66cef37d9f6
QTAgent32.exe Information: 0 : User 'UMTest_PartnerNotAgrmntApproveOrCreate@ngvldev1.ccsctp.net' detected as 'Managed'. Correlation ID: 3f7c9407-e283-4feb-9704-f66cef37d9f6
QTAgent32.exe Information: 0 : AdalServiceException was thrown with ErrorCode 'invalid_grant' and StatusCode '400' and innerException 'AADSTS70002: Error validating credentials. AADSTS50126: Invalid username or password
Trace ID: 19161511-10ea-4393-80bd-4e389f1c2919
Correlation ID: 3f7c9407-e283-4feb-9704-f66cef37d9f6
Timestamp: 2015-08-27 23:34:41Z'. Correlation ID: 3f7c9407-e283-4feb-9704-f66cef37d9f6
</DebugTrace>
        <ErrorInfo>
          <Message>Test method Laminar.Automation.Services.SecurityWebApi.Test.TestMethods.InvitationTest.SecurityWebApi_UpdateInvitation_Partner_NotAgreementApproverOrCreator_499739 threw exception: 
Microsoft.IdentityModel.Clients.ActiveDirectory.AdalServiceException: AADSTS70002: Error validating credentials. AADSTS50126: Invalid username or password
Trace ID: 19161511-10ea-4393-80bd-4e389f1c2919
Correlation ID: 3f7c9407-e283-4feb-9704-f66cef37d9f6
Timestamp: 2015-08-27 23:34:41Z ---&gt; System.Net.WebException: The remote server returned an error: (400) Bad Request.</Message>
          <StackTrace>    at System.Net.HttpWebRequest.GetResponse()
   at Microsoft.IdentityModel.Clients.ActiveDirectory.HttpWebRequestWrapper.&lt;GetResponseSyncOrAsync&gt;d__2.MoveNext()
--- End of stack trace from previous location where exception was thrown ---
   at System.Runtime.CompilerServices.TaskAwaiter.ThrowForNonSuccess(Task task)
   at System.Runtime.CompilerServices.TaskAwaiter.HandleNonSuccessAndDebuggerNotification(Task task)
   at Microsoft.IdentityModel.Clients.ActiveDirectory.HttpHelper.&lt;SendPostRequestAndDeserializeJsonResponseAsync&gt;d__0`1.MoveNext()
 --- End of inner exception stack trace ---
    at Microsoft.IdentityModel.Clients.ActiveDirectory.AuthenticationContext.RunAsyncTask[T](Task`1 task)
   at Microsoft.IdentityModel.Clients.ActiveDirectory.AuthenticationContext.AcquireToken(String resource, String clientId, UserCredential userCredential)
   at Laminar.Automation.Services.SecurityWebApi.TokenAcquirer.AcquireTokenWithoutCodedUITest(String userName, String password) in c:\NGVL\SQA\Automation\Main\Laminar.Automation\Laminar.Automation.Services.SecurityWebApi\TokenAcquirer.cs:line 158
   at Laminar.Automation.Services.SecurityWebApi.TokenAcquirer.AcquireToken(User user, Boolean getUserTokenWithCodedUI) in c:\NGVL\SQA\Automation\Main\Laminar.Automation\Laminar.Automation.Services.SecurityWebApi\TokenAcquirer.cs:line 113
   at Laminar.Automation.Services.SecurityWebApi.Test.TestMethods.InvitationTest.&lt;SecurityWebApi_UpdateInvitation_Partner_NotAgreementApproverOrCreator_499739&gt;d__24d.MoveNext() in c:\NGVL\SQA\Automation\Main\Laminar.Automation\Laminar.Automation.Services.SecurityWebApi.Test\TestMethods\InvitationTest.cs:line 1684
--- End of stack trace from previous location where exception was thrown ---
   at System.Runtime.CompilerServices.TaskAwaiter.ThrowForNonSuccess(Task task)
   at System.Runtime.CompilerServices.TaskAwaiter.HandleNonSuccessAndDebuggerNotification(Task task)
   at System.Runtime.CompilerServices.TaskAwaiter.GetResult()
</StackTrace>
        </ErrorInfo>
      </Output>
    </UnitTestResult>
    <UnitTestResult executionId="061e2456-c4c4-43eb-90a0-cfc1e1f3174f" testId="1d1a74a4-436f-0e4d-a112-5c7bf531a801" testName="SecurityWebApi_UpdateInvitation_PartnerAgreementCreator_HappyPath_499737" computerName="ARAMK2" duration="00:00:01.7576565" startTime="2015-08-27T16:34:40.7427949-07:00" endTime="2015-08-27T16:34:42.5021405-07:00" testType="13cdc9d9-ddb5-4fa4-a97d-d965ccfc6d4b" outcome="Failed" testListId="8c84fa94-04c1-424b-9868-57a2d4851a1d" relativeResultsDirectory="061e2456-c4c4-43eb-90a0-cfc1e1f3174f">
      <Output>
        <DebugTrace>Info::  CorrelationId:81190a84-055e-44a4-8ea2-5589189a9de5
QTAgent32.exe Information: 0 : === Token Acquisition started. Correlation ID: 92abd3e8-5d69-4f8f-91ca-58134592b92e
QTAgent32.exe Information: 0 : A matching token was found in the cache. Correlation ID: 92abd3e8-5d69-4f8f-91ca-58134592b92e
QTAgent32.exe Information: 0 : Access Token with hash 'MBMjBiLgWCtTsHMcxQnTRd5uRB7J+1CToQLcEWlPzhk=' and Refresh Token with hash 'ZedIWHIa6ZrHXWfLAsWdE56BTqqBt0C1xpF+Hs9+TBU=' returned. Correlation ID: 92abd3e8-5d69-4f8f-91ca-58134592b92e
</DebugTrace>
        <ErrorInfo>
          <Message>Assert.AreEqual failed. Expected:&lt;OK&gt;. Actual:&lt;InternalServerError&gt;. </Message>
          <StackTrace>   at Laminar.Automation.Services.SecurityWebApi.Test.TestMethods.InvitationTest.&lt;SecurityWebApi_UpdateInvitation_PartnerAgreementCreator_HappyPath_499737&gt;d__234.MoveNext() in c:\NGVL\SQA\Automation\Main\Laminar.Automation\Laminar.Automation.Services.SecurityWebApi.Test\TestMethods\InvitationTest.cs:line 1632
--- End of stack trace from previous location where exception was thrown ---
   at System.Runtime.CompilerServices.TaskAwaiter.ThrowForNonSuccess(Task task)
   at System.Runtime.CompilerServices.TaskAwaiter.HandleNonSuccessAndDebuggerNotification(Task task)
   at System.Runtime.CompilerServices.TaskAwaiter.GetResult()
</StackTrace>
        </ErrorInfo>
      </Output>
    </UnitTestResult>
    <UnitTestResult executionId="02efbca3-0dcc-47b1-8473-b8b4e42489d4" testId="e004fed5-f715-0360-4b0a-fa45ae17a43c" testName="SecurityWebApi_UpdateInvitation_PartnerAgreementCreatorNoAgreementAccess_499738" computerName="ARAMK2" duration="00:00:01.2873403" startTime="2015-08-27T16:34:42.5061459-07:00" endTime="2015-08-27T16:34:43.7956214-07:00" testType="13cdc9d9-ddb5-4fa4-a97d-d965ccfc6d4b" outcome="Failed" testListId="8c84fa94-04c1-424b-9868-57a2d4851a1d" relativeResultsDirectory="02efbca3-0dcc-47b1-8473-b8b4e42489d4">
      <Output>
        <DebugTrace>Info::  CorrelationId:b8af4f2c-2e21-44a8-9700-89f1fb722b82
QTAgent32.exe Information: 0 : === Token Acquisition started. Correlation ID: d8916a52-2ee2-40ec-a76b-f5238fe67d1c
QTAgent32.exe Information: 0 : Sending user realm discovery request to 'https://login.windows-ppe.net/common/UserRealm/UMTest_PartnerAgrmntCreatorNoAgrmntAccess@ngvldev1.ccsctp.net?api-version=1.0'. Correlation ID: d8916a52-2ee2-40ec-a76b-f5238fe67d1c
QTAgent32.exe Information: 0 : User 'UMTest_PartnerAgrmntCreatorNoAgrmntAccess@ngvldev1.ccsctp.net' detected as 'Managed'. Correlation ID: d8916a52-2ee2-40ec-a76b-f5238fe67d1c
QTAgent32.exe Information: 0 : AdalServiceException was thrown with ErrorCode 'invalid_grant' and StatusCode '400' and innerException 'AADSTS70002: Error validating credentials. AADSTS50126: Invalid username or password
Trace ID: d57cbd11-845b-4b7d-adc3-00f78964eee1
Correlation ID: d8916a52-2ee2-40ec-a76b-f5238fe67d1c
Timestamp: 2015-08-27 23:34:43Z'. Correlation ID: d8916a52-2ee2-40ec-a76b-f5238fe67d1c
</DebugTrace>
        <ErrorInfo>
          <Message>Test method Laminar.Automation.Services.SecurityWebApi.Test.TestMethods.InvitationTest.SecurityWebApi_UpdateInvitation_PartnerAgreementCreatorNoAgreementAccess_499738 threw exception: 
Microsoft.IdentityModel.Clients.ActiveDirectory.AdalServiceException: AADSTS70002: Error validating credentials. AADSTS50126: Invalid username or password
Trace ID: d57cbd11-845b-4b7d-adc3-00f78964eee1
Correlation ID: d8916a52-2ee2-40ec-a76b-f5238fe67d1c
Timestamp: 2015-08-27 23:34:43Z ---&gt; System.Net.WebException: The remote server returned an error: (400) Bad Request.</Message>
          <StackTrace>    at System.Net.HttpWebRequest.GetResponse()
   at Microsoft.IdentityModel.Clients.ActiveDirectory.HttpWebRequestWrapper.&lt;GetResponseSyncOrAsync&gt;d__2.MoveNext()
--- End of stack trace from previous location where exception was thrown ---
   at System.Runtime.CompilerServices.TaskAwaiter.ThrowForNonSuccess(Task task)
   at System.Runtime.CompilerServices.TaskAwaiter.HandleNonSuccessAndDebuggerNotification(Task task)
   at Microsoft.IdentityModel.Clients.ActiveDirectory.HttpHelper.&lt;SendPostRequestAndDeserializeJsonResponseAsync&gt;d__0`1.MoveNext()
 --- End of inner exception stack trace ---
    at Microsoft.IdentityModel.Clients.ActiveDirectory.AuthenticationContext.RunAsyncTask[T](Task`1 task)
   at Microsoft.IdentityModel.Clients.ActiveDirectory.AuthenticationContext.AcquireToken(String resource, String clientId, UserCredential userCredential)
   at Laminar.Automation.Services.SecurityWebApi.TokenAcquirer.AcquireTokenWithoutCodedUITest(String userName, String password) in c:\NGVL\SQA\Automation\Main\Laminar.Automation\Laminar.Automation.Services.SecurityWebApi\TokenAcquirer.cs:line 158
   at Laminar.Automation.Services.SecurityWebApi.TokenAcquirer.AcquireToken(User user, Boolean getUserTokenWithCodedUI) in c:\NGVL\SQA\Automation\Main\Laminar.Automation\Laminar.Automation.Services.SecurityWebApi\TokenAcquirer.cs:line 113
   at Laminar.Automation.Services.SecurityWebApi.Test.TestMethods.InvitationTest.&lt;SecurityWebApi_UpdateInvitation_PartnerAgreementCreatorNoAgreementAccess_499738&gt;d__242.MoveNext() in c:\NGVL\SQA\Automation\Main\Laminar.Automation\Laminar.Automation.Services.SecurityWebApi.Test\TestMethods\InvitationTest.cs:line 1652
--- End of stack trace from previous location where exception was thrown ---
   at System.Runtime.CompilerServices.TaskAwaiter.ThrowForNonSuccess(Task task)
   at System.Runtime.CompilerServices.TaskAwaiter.HandleNonSuccessAndDebuggerNotification(Task task)
   at System.Runtime.CompilerServices.TaskAwaiter.GetResult()
</StackTrace>
        </ErrorInfo>
      </Output>
    </UnitTestResult>
    <UnitTestResult executionId="aa54b26d-3392-49ed-9d2f-b7a1d9fd5df6" testId="54ced34f-b19f-4ccc-bbe2-9fd77bfb7f0e" testName="SecurityWebApi_UpdateInvitation_TimingLogs_491097" computerName="ARAMK2" duration="00:00:01.5270980" startTime="2015-08-27T16:34:43.7976222-07:00" endTime="2015-08-27T16:34:45.3272674-07:00" testType="13cdc9d9-ddb5-4fa4-a97d-d965ccfc6d4b" outcome="Failed" testListId="8c84fa94-04c1-424b-9868-57a2d4851a1d" relativeResultsDirectory="aa54b26d-3392-49ed-9d2f-b7a1d9fd5df6">
      <Output>
        <DebugTrace>Info::  CorrelationId:fa0cf626-908a-4458-94e0-173937d4e8f3
QTAgent32.exe Information: 0 : === Token Acquisition started. Correlation ID: e7a5fba2-8337-47bb-a563-e7619c50a091
QTAgent32.exe Information: 0 : A matching token was found in the cache. Correlation ID: e7a5fba2-8337-47bb-a563-e7619c50a091
QTAgent32.exe Information: 0 : Access Token with hash '/rfBRIBBDmYuH3sSv9ihtvIa86nvL+iZLZ5juC5qVjE=' and Refresh Token with hash 'NYw50ChzdC2ZGMIecJcR1glcBpmstuvRxS3AEcA9RLg=' returned. Correlation ID: e7a5fba2-8337-47bb-a563-e7619c50a091
</DebugTrace>
        <ErrorInfo>
          <Message>Assert.IsTrue failed. </Message>
          <StackTrace>   at Laminar.Automation.Services.SecurityWebApi.Test.TestMethods.InvitationTest.&lt;SecurityWebApi_UpdateInvitation_TimingLogs_491097&gt;d__1f2.MoveNext() in c:\NGVL\SQA\Automation\Main\Laminar.Automation\Laminar.Automation.Services.SecurityWebApi.Test\TestMethods\InvitationTest.cs:line 1444
--- End of stack trace from previous location where exception was thrown ---
   at System.Runtime.CompilerServices.TaskAwaiter.ThrowForNonSuccess(Task task)
   at System.Runtime.CompilerServices.TaskAwaiter.HandleNonSuccessAndDebuggerNotification(Task task)
   at System.Runtime.CompilerServices.TaskAwaiter.GetResult()
</StackTrace>
        </ErrorInfo>
      </Output>
    </UnitTestResult>
    <UnitTestResult executionId="17f7c704-076b-41d8-9942-6d9168d5b39e" testId="1988a555-07c0-2a43-5244-eb0d15e51630" testName="SecurityWebApi_GetRolesByRoleScenarioHappyPath_607293" computerName="ARAMK2" duration="00:00:03.1481587" startTime="2015-08-27T16:34:45.3322707-07:00" endTime="2015-08-27T16:34:48.4823032-07:00" testType="13cdc9d9-ddb5-4fa4-a97d-d965ccfc6d4b" outcome="Passed" testListId="8c84fa94-04c1-424b-9868-57a2d4851a1d" relativeResultsDirectory="17f7c704-076b-41d8-9942-6d9168d5b39e">
      <Output>
        <DebugTrace>Info::  CorrelationId:ea912857-8aef-4622-b34e-4a26b04e43d3
QTAgent32.exe Information: 0 : === Token Acquisition started. Correlation ID: 1497b310-8eb1-407e-a669-e8767773a620
QTAgent32.exe Information: 0 : A matching token was found in the cache. Correlation ID: 1497b310-8eb1-407e-a669-e8767773a620
QTAgent32.exe Information: 0 : Access Token with hash 'vNZLFbtqEwp68ZY115sgO8B/JLmTpiyEthps89ujw3g=' and Refresh Token with hash 'tjT1RzfFVI9CubGlQIkqjpHd/8+y0RgAFCIWdGidU3U=' returned. Correlation ID: 1497b310-8eb1-407e-a669-e8767773a620
QTAgent32.exe Information: 0 : === Token Acquisition started. Correlation ID: 63f31794-8bcb-46c1-9277-34992bc5a6df
QTAgent32.exe Information: 0 : A matching token was found in the cache. Correlation ID: 63f31794-8bcb-46c1-9277-34992bc5a6df
QTAgent32.exe Information: 0 : Access Token with hash 'vNZLFbtqEwp68ZY115sgO8B/JLmTpiyEthps89ujw3g=' and Refresh Token with hash 'tjT1RzfFVI9CubGlQIkqjpHd/8+y0RgAFCIWdGidU3U=' returned. Correlation ID: 63f31794-8bcb-46c1-9277-34992bc5a6df
QTAgent32.exe Information: 0 : === Token Acquisition started. Correlation ID: a5a5c2b2-e3f8-40fe-8565-2e654fb1aeac
QTAgent32.exe Information: 0 : A matching token was found in the cache. Correlation ID: a5a5c2b2-e3f8-40fe-8565-2e654fb1aeac
QTAgent32.exe Information: 0 : Access Token with hash 'vNZLFbtqEwp68ZY115sgO8B/JLmTpiyEthps89ujw3g=' and Refresh Token with hash 'tjT1RzfFVI9CubGlQIkqjpHd/8+y0RgAFCIWdGidU3U=' returned. Correlation ID: a5a5c2b2-e3f8-40fe-8565-2e654fb1aeac
QTAgent32.exe Information: 0 : === Token Acquisition started. Correlation ID: c4a402ea-b574-45cb-95c0-bd61890ad72e
QTAgent32.exe Information: 0 : A matching token was found in the cache. Correlation ID: c4a402ea-b574-45cb-95c0-bd61890ad72e
QTAgent32.exe Information: 0 : Access Token with hash 'vNZLFbtqEwp68ZY115sgO8B/JLmTpiyEthps89ujw3g=' and Refresh Token with hash 'tjT1RzfFVI9CubGlQIkqjpHd/8+y0RgAFCIWdGidU3U=' returned. Correlation ID: c4a402ea-b574-45cb-95c0-bd61890ad72e
QTAgent32.exe Information: 0 : === Token Acquisition started. Correlation ID: 67700707-5d69-4cac-b341-432aaf44fb67
QTAgent32.exe Information: 0 : A matching token was found in the cache. Correlation ID: 67700707-5d69-4cac-b341-432aaf44fb67
QTAgent32.exe Information: 0 : Access Token with hash 'vNZLFbtqEwp68ZY115sgO8B/JLmTpiyEthps89ujw3g=' and Refresh Token with hash 'tjT1RzfFVI9CubGlQIkqjpHd/8+y0RgAFCIWdGidU3U=' returned. Correlation ID: 67700707-5d69-4cac-b341-432aaf44fb67
QTAgent32.exe Information: 0 : === Token Acquisition started. Correlation ID: 4c1ad41c-11fb-46e1-b4fc-a353fb81cf15
QTAgent32.exe Information: 0 : A matching token was found in the cache. Correlation ID: 4c1ad41c-11fb-46e1-b4fc-a353fb81cf15
QTAgent32.exe Information: 0 : Access Token with hash 'vNZLFbtqEwp68ZY115sgO8B/JLmTpiyEthps89ujw3g=' and Refresh Token with hash 'tjT1RzfFVI9CubGlQIkqjpHd/8+y0RgAFCIWdGidU3U=' returned. Correlation ID: 4c1ad41c-11fb-46e1-b4fc-a353fb81cf15
</DebugTrace>
      </Output>
    </UnitTestResult>
    <UnitTestResult executionId="969d5d15-eacf-41ae-a91e-b8606563f52c" testId="f3a60945-fa20-de7f-46ff-8721e901c947" testName="SecurityWebApi_GetRolesByRoleScenarioInvalidRoleScenario_610205" computerName="ARAMK2" duration="00:00:00.5561596" startTime="2015-08-27T16:34:48.4863032-07:00" endTime="2015-08-27T16:34:49.0437818-07:00" testType="13cdc9d9-ddb5-4fa4-a97d-d965ccfc6d4b" outcome="Passed" testListId="8c84fa94-04c1-424b-9868-57a2d4851a1d" relativeResultsDirectory="969d5d15-eacf-41ae-a91e-b8606563f52c">
      <Output>
        <DebugTrace>Info::  CorrelationId:0410d244-ac48-45cc-b28b-6332ce5363ca
QTAgent32.exe Information: 0 : === Token Acquisition started. Correlation ID: 383cd629-1416-40fd-9049-3402f43e304d
QTAgent32.exe Information: 0 : A matching token was found in the cache. Correlation ID: 383cd629-1416-40fd-9049-3402f43e304d
QTAgent32.exe Information: 0 : Access Token with hash 'vNZLFbtqEwp68ZY115sgO8B/JLmTpiyEthps89ujw3g=' and Refresh Token with hash 'tjT1RzfFVI9CubGlQIkqjpHd/8+y0RgAFCIWdGidU3U=' returned. Correlation ID: 383cd629-1416-40fd-9049-3402f43e304d
</DebugTrace>
      </Output>
    </UnitTestResult>
    <UnitTestResult executionId="6012b3f6-a09f-4eab-a4ad-8ee6e0b65e8e" testId="4ee1cbf4-8f30-e1c6-e36d-94275ae2eed0" testName="SecurityWebApi_GetRolesByRoleScenarioNoAuthorization_607315" computerName="ARAMK2" duration="00:00:00.2140031" startTime="2015-08-27T16:34:49.0477840-07:00" endTime="2015-08-27T16:34:49.2634160-07:00" testType="13cdc9d9-ddb5-4fa4-a97d-d965ccfc6d4b" outcome="Passed" testListId="8c84fa94-04c1-424b-9868-57a2d4851a1d" relativeResultsDirectory="6012b3f6-a09f-4eab-a4ad-8ee6e0b65e8e">
      <Output>
        <DebugTrace>Info::  CorrelationId:e27f7603-7853-49a8-b43b-f3b7a9aa3754
</DebugTrace>
      </Output>
    </UnitTestResult>
    <UnitTestResult executionId="11cda6c8-69bc-4e85-937a-63fc33ebcb46" testId="4daeeb54-dcea-3cfc-f7be-09ae23f76ab2" testName="SecurityWebApi_GetRolesByRoleScenarioNoRoleScenario_608225" computerName="ARAMK2" duration="00:00:00.5022005" startTime="2015-08-27T16:34:49.2679189-07:00" endTime="2015-08-27T16:34:49.7711802-07:00" testType="13cdc9d9-ddb5-4fa4-a97d-d965ccfc6d4b" outcome="Passed" testListId="8c84fa94-04c1-424b-9868-57a2d4851a1d" relativeResultsDirectory="11cda6c8-69bc-4e85-937a-63fc33ebcb46">
      <Output>
        <DebugTrace>Info::  CorrelationId:182c90f9-0126-43b6-b5b9-44939e2dca32
QTAgent32.exe Information: 0 : === Token Acquisition started. Correlation ID: 8c565f2a-19b2-47f2-8a94-f7f3b9d19644
QTAgent32.exe Information: 0 : A matching token was found in the cache. Correlation ID: 8c565f2a-19b2-47f2-8a94-f7f3b9d19644
QTAgent32.exe Information: 0 : Access Token with hash 'vNZLFbtqEwp68ZY115sgO8B/JLmTpiyEthps89ujw3g=' and Refresh Token with hash 'tjT1RzfFVI9CubGlQIkqjpHd/8+y0RgAFCIWdGidU3U=' returned. Correlation ID: 8c565f2a-19b2-47f2-8a94-f7f3b9d19644
</DebugTrace>
      </Output>
    </UnitTestResult>
    <UnitTestResult executionId="6e2c23e1-f5b9-4bfe-b0f1-cbcebcca96d2" testId="2427767d-912f-8566-c14c-4c17b5aae429" testName="GetTenantAdminsByIdAuthTokenIsProvided_478054" computerName="ARAMK2" duration="00:00:00.5782721" startTime="2015-08-27T16:34:49.7741647-07:00" endTime="2015-08-27T16:34:50.3547961-07:00" testType="13cdc9d9-ddb5-4fa4-a97d-d965ccfc6d4b" outcome="Passed" testListId="8c84fa94-04c1-424b-9868-57a2d4851a1d" relativeResultsDirectory="6e2c23e1-f5b9-4bfe-b0f1-cbcebcca96d2">
      <Output>
        <DebugTrace>Info::  CorrelationId:e8481dd4-4633-4bf8-828a-0a3ff774081d
Info::  Building URI for GetTenantAdmins
Info::  Calling the Get Request using URI and authentication header
</DebugTrace>
      </Output>
    </UnitTestResult>
    <UnitTestResult executionId="5d9ab4ad-a643-4ccd-b5b9-c25fdc410789" testId="3ffba433-51e5-6ae6-6f71-7c629f6d86cf" testName="GetTenantAdminsByIdCallerRolesPermissionsCheck_478055" computerName="ARAMK2" duration="00:00:00.7177369" startTime="2015-08-27T16:34:50.3577982-07:00" endTime="2015-08-27T16:34:51.0783142-07:00" testType="13cdc9d9-ddb5-4fa4-a97d-d965ccfc6d4b" outcome="Passed" testListId="8c84fa94-04c1-424b-9868-57a2d4851a1d" relativeResultsDirectory="5d9ab4ad-a643-4ccd-b5b9-c25fdc410789">
      <Output>
        <DebugTrace>Info::  CorrelationId:b23a0dde-4a3d-44bc-aa7e-961b18241469
QTAgent32.exe Information: 0 : === Token Acquisition started. Correlation ID: ec70dde8-eb0f-49cf-a390-4c10277da416
QTAgent32.exe Information: 0 : A matching token was found in the cache. Correlation ID: ec70dde8-eb0f-49cf-a390-4c10277da416
QTAgent32.exe Information: 0 : Access Token with hash 'vNZLFbtqEwp68ZY115sgO8B/JLmTpiyEthps89ujw3g=' and Refresh Token with hash 'tjT1RzfFVI9CubGlQIkqjpHd/8+y0RgAFCIWdGidU3U=' returned. Correlation ID: ec70dde8-eb0f-49cf-a390-4c10277da416
Info::  Building URI for GetTenantAdmins
Info::  Calling the Get Request using URI and authentication header
</DebugTrace>
      </Output>
    </UnitTestResult>
    <UnitTestResult executionId="a409f0ce-69a9-4c5d-87ef-af34f44882a8" testId="c602824c-b7aa-8a78-3a69-c9768c42a0ee" testName="GetTenantAdminsByIdNoTenantKeyProvided_478049" computerName="ARAMK2" duration="00:00:00.6777072" startTime="2015-08-27T16:34:51.0833171-07:00" endTime="2015-08-27T16:34:51.7628570-07:00" testType="13cdc9d9-ddb5-4fa4-a97d-d965ccfc6d4b" outcome="Passed" testListId="8c84fa94-04c1-424b-9868-57a2d4851a1d" relativeResultsDirectory="a409f0ce-69a9-4c5d-87ef-af34f44882a8">
      <Output>
        <DebugTrace>Info::  CorrelationId:8d35aa18-be29-4e01-8f7e-486fc6235274
Info::  Building URI for GetTenantAdmins
Info::  Calling the Get Request using URI and authentication header
QTAgent32.exe Information: 0 : === Token Acquisition started. Correlation ID: c9d8ac78-cb3c-4ff6-9193-b010f3e1bdef
QTAgent32.exe Information: 0 : A matching token was found in the cache. Correlation ID: c9d8ac78-cb3c-4ff6-9193-b010f3e1bdef
QTAgent32.exe Information: 0 : Access Token with hash '/rfBRIBBDmYuH3sSv9ihtvIa86nvL+iZLZ5juC5qVjE=' and Refresh Token with hash 'NYw50ChzdC2ZGMIecJcR1glcBpmstuvRxS3AEcA9RLg=' returned. Correlation ID: c9d8ac78-cb3c-4ff6-9193-b010f3e1bdef
</DebugTrace>
      </Output>
    </UnitTestResult>
    <UnitTestResult executionId="64a67831-89dc-4745-b827-5470713cba3b" testId="985f1a9e-20f3-2733-24ef-fb05620322e7" testName="GetTenantAdminsByIdReturnedTenantAdminsFromGraphMatches_478050" computerName="ARAMK2" duration="00:00:05.4220996" startTime="2015-08-27T16:34:51.7658598-07:00" endTime="2015-08-27T16:34:57.1903574-07:00" testType="13cdc9d9-ddb5-4fa4-a97d-d965ccfc6d4b" outcome="Passed" testListId="8c84fa94-04c1-424b-9868-57a2d4851a1d" relativeResultsDirectory="64a67831-89dc-4745-b827-5470713cba3b">
      <Output>
        <DebugTrace>Info::  CorrelationId:4d0ce21e-8232-479b-9d01-dd8d6e49ff83
Info::  Building URI for GetTenantAdmins
Info::  Calling the Get Request using URI and authentication header
QTAgent32.exe Information: 0 : === Token Acquisition started. Correlation ID: 0669a54d-6b3b-4700-8227-fadea9877221
QTAgent32.exe Information: 0 : A matching token was found in the cache. Correlation ID: 0669a54d-6b3b-4700-8227-fadea9877221
QTAgent32.exe Information: 0 : Access Token with hash '/rfBRIBBDmYuH3sSv9ihtvIa86nvL+iZLZ5juC5qVjE=' and Refresh Token with hash 'NYw50ChzdC2ZGMIecJcR1glcBpmstuvRxS3AEcA9RLg=' returned. Correlation ID: 0669a54d-6b3b-4700-8227-fadea9877221
</DebugTrace>
      </Output>
    </UnitTestResult>
    <UnitTestResult executionId="a189f812-cf6f-4e68-a713-1293fdc93622" testId="6bd190a2-0f5f-f984-4128-3ef3f163a682" testName="GetTenantAdminsByIdTenantKeyLengthCheck_478052" computerName="ARAMK2" duration="00:00:01.1453205" startTime="2015-08-27T16:34:57.1963620-07:00" endTime="2015-08-27T16:34:58.3425739-07:00" testType="13cdc9d9-ddb5-4fa4-a97d-d965ccfc6d4b" outcome="Passed" testListId="8c84fa94-04c1-424b-9868-57a2d4851a1d" relativeResultsDirectory="a189f812-cf6f-4e68-a713-1293fdc93622">
      <Output>
        <DebugTrace>Info::  CorrelationId:6cd3aa24-b5fd-4ef3-b3d6-366c0a8b40ce
Info::  Building URI for GetTenantAdmins
Info::  Calling the Get Request using URI and authentication header
QTAgent32.exe Information: 0 : === Token Acquisition started. Correlation ID: 245cd7c2-b6f0-47aa-9d53-79ea05cdd4b8
QTAgent32.exe Information: 0 : A matching token was found in the cache. Correlation ID: 245cd7c2-b6f0-47aa-9d53-79ea05cdd4b8
QTAgent32.exe Information: 0 : Access Token with hash '/rfBRIBBDmYuH3sSv9ihtvIa86nvL+iZLZ5juC5qVjE=' and Refresh Token with hash 'NYw50ChzdC2ZGMIecJcR1glcBpmstuvRxS3AEcA9RLg=' returned. Correlation ID: 245cd7c2-b6f0-47aa-9d53-79ea05cdd4b8
Info::  Building URI for GetTenantAdmins
Info::  Calling the Get Request using URI and authentication header
QTAgent32.exe Information: 0 : === Token Acquisition started. Correlation ID: 34597263-6533-45c5-b11f-76e625d5ebf7
QTAgent32.exe Information: 0 : A matching token was found in the cache. Correlation ID: 34597263-6533-45c5-b11f-76e625d5ebf7
QTAgent32.exe Information: 0 : Access Token with hash '/rfBRIBBDmYuH3sSv9ihtvIa86nvL+iZLZ5juC5qVjE=' and Refresh Token with hash 'NYw50ChzdC2ZGMIecJcR1glcBpmstuvRxS3AEcA9RLg=' returned. Correlation ID: 34597263-6533-45c5-b11f-76e625d5ebf7
</DebugTrace>
      </Output>
    </UnitTestResult>
    <UnitTestResult executionId="90ff7b07-ff2c-4e38-af03-468db7eabd45" testId="4b45dcf2-84e9-83c2-5215-8104e262181e" testName="GetTenantAdminsByIdTenantNotFound_478051" computerName="ARAMK2" duration="00:00:32.6915610" startTime="2015-08-27T16:34:58.3455763-07:00" endTime="2015-08-27T16:35:31.0401205-07:00" testType="13cdc9d9-ddb5-4fa4-a97d-d965ccfc6d4b" outcome="Passed" testListId="8c84fa94-04c1-424b-9868-57a2d4851a1d" relativeResultsDirectory="90ff7b07-ff2c-4e38-af03-468db7eabd45">
      <Output>
        <DebugTrace>Info::  CorrelationId:f119fa24-bfb7-495d-afc1-acb1d033fd13
Info::  Building URI for GetTenantAdmins
Info::  Calling the Get Request using URI and authentication header
QTAgent32.exe Information: 0 : === Token Acquisition started. Correlation ID: c3df91f8-65d3-4cd6-b336-95c8515eab17
QTAgent32.exe Information: 0 : A matching token was found in the cache. Correlation ID: c3df91f8-65d3-4cd6-b336-95c8515eab17
QTAgent32.exe Information: 0 : Access Token with hash '/rfBRIBBDmYuH3sSv9ihtvIa86nvL+iZLZ5juC5qVjE=' and Refresh Token with hash 'NYw50ChzdC2ZGMIecJcR1glcBpmstuvRxS3AEcA9RLg=' returned. Correlation ID: c3df91f8-65d3-4cd6-b336-95c8515eab17
</DebugTrace>
      </Output>
    </UnitTestResult>
    <UnitTestResult executionId="ce370a4a-02d7-4e51-917f-2c5e6ab00569" testId="5722b9cf-f4e5-c084-1e61-5f938e5a4787" testName="GetTenantBadRequestIfNoQueryStringProvided_478031" computerName="ARAMK2" duration="00:00:00.7254269" startTime="2015-08-27T16:35:31.0431050-07:00" endTime="2015-08-27T16:35:31.7706244-07:00" testType="13cdc9d9-ddb5-4fa4-a97d-d965ccfc6d4b" outcome="Passed" testListId="8c84fa94-04c1-424b-9868-57a2d4851a1d" relativeResultsDirectory="ce370a4a-02d7-4e51-917f-2c5e6ab00569">
      <Output>
        <DebugTrace>Info::  CorrelationId:13de4d76-2792-4ccc-8666-7a9b50a11dd8
Info::  Getting Authorization token
Info::  Building URI for GetTenants
Info::  Calling the Get Request using URI and authentication header
QTAgent32.exe Information: 0 : === Token Acquisition started. Correlation ID: 9ef508da-6ec8-4b58-b336-97d250e07822
QTAgent32.exe Information: 0 : A matching token was found in the cache. Correlation ID: 9ef508da-6ec8-4b58-b336-97d250e07822
QTAgent32.exe Information: 0 : Access Token with hash '/rfBRIBBDmYuH3sSv9ihtvIa86nvL+iZLZ5juC5qVjE=' and Refresh Token with hash 'NYw50ChzdC2ZGMIecJcR1glcBpmstuvRxS3AEcA9RLg=' returned. Correlation ID: 9ef508da-6ec8-4b58-b336-97d250e07822
</DebugTrace>
      </Output>
    </UnitTestResult>
    <UnitTestResult executionId="9413d5d8-b07d-48fe-9d52-7f9cd19119fd" testId="a51417f1-96c8-2dc8-c18f-5ebac1eba13c" testName="GetTenantByDomainData_HappyPath_478034" computerName="ARAMK2" duration="00:00:01.5460945" startTime="2015-08-27T16:35:31.7736448-07:00" endTime="2015-08-27T16:35:33.3217500-07:00" testType="13cdc9d9-ddb5-4fa4-a97d-d965ccfc6d4b" outcome="Passed" testListId="8c84fa94-04c1-424b-9868-57a2d4851a1d" relativeResultsDirectory="9413d5d8-b07d-48fe-9d52-7f9cd19119fd">
      <Output>
        <DebugTrace>Info::  CorrelationId:5813e974-12a0-407f-86af-ae4a9cc241ca
Info::  Building URI for GetTenants
Info::  Calling the Get Request using URI and authentication header
QTAgent32.exe Information: 0 : === Token Acquisition started. Correlation ID: dfa37ee6-b4d7-4a86-a7eb-e31ecf51c333
QTAgent32.exe Information: 0 : A matching token was found in the cache. Correlation ID: dfa37ee6-b4d7-4a86-a7eb-e31ecf51c333
QTAgent32.exe Information: 0 : Access Token with hash '/rfBRIBBDmYuH3sSv9ihtvIa86nvL+iZLZ5juC5qVjE=' and Refresh Token with hash 'NYw50ChzdC2ZGMIecJcR1glcBpmstuvRxS3AEcA9RLg=' returned. Correlation ID: dfa37ee6-b4d7-4a86-a7eb-e31ecf51c333
</DebugTrace>
      </Output>
    </UnitTestResult>
    <UnitTestResult executionId="be9ab695-c8d7-45bf-b5e6-2ff2402ad5a6" testId="78a44c87-995d-d7cc-787e-847bf101e4a6" testName="GetTenantByDomainName_NotFound_478035" computerName="ARAMK2" duration="00:00:00.9840300" startTime="2015-08-27T16:35:33.3257365-07:00" endTime="2015-08-27T16:35:34.3114407-07:00" testType="13cdc9d9-ddb5-4fa4-a97d-d965ccfc6d4b" outcome="Passed" testListId="8c84fa94-04c1-424b-9868-57a2d4851a1d" relativeResultsDirectory="be9ab695-c8d7-45bf-b5e6-2ff2402ad5a6">
      <Output>
        <DebugTrace>Info::  CorrelationId:0de7b335-b6fb-4c6a-9487-c6b1e618e5d0
Info::  Getting Authorization token
Info::  Building URI for GetTenants
Info::  Calling the Get Request using URI and authentication header
QTAgent32.exe Information: 0 : === Token Acquisition started. Correlation ID: 71c252e4-2f49-4c6e-94e0-8606626288c1
QTAgent32.exe Information: 0 : A matching token was found in the cache. Correlation ID: 71c252e4-2f49-4c6e-94e0-8606626288c1
QTAgent32.exe Information: 0 : Access Token with hash '/rfBRIBBDmYuH3sSv9ihtvIa86nvL+iZLZ5juC5qVjE=' and Refresh Token with hash 'NYw50ChzdC2ZGMIecJcR1glcBpmstuvRxS3AEcA9RLg=' returned. Correlation ID: 71c252e4-2f49-4c6e-94e0-8606626288c1
</DebugTrace>
      </Output>
    </UnitTestResult>
    <UnitTestResult executionId="d8df21ac-f309-44ec-8669-e9fb01117caa" testId="b965c27e-637e-a1b7-ae07-4b1f96c52515" testName="GetTenantByParNumber_HappyPath_478033" computerName="ARAMK2" duration="00:00:03.0786101" startTime="2015-08-27T16:35:34.3164443-07:00" endTime="2015-08-27T16:35:37.3966459-07:00" testType="13cdc9d9-ddb5-4fa4-a97d-d965ccfc6d4b" outcome="Passed" testListId="8c84fa94-04c1-424b-9868-57a2d4851a1d" relativeResultsDirectory="d8df21ac-f309-44ec-8669-e9fb01117caa">
      <Output>
        <DebugTrace>Info::  CorrelationId:753ed760-0c90-418d-8259-f91c970f2451
Info::  Building URI for GetTenants
Info::  Calling the Get Request using URI and authentication header
QTAgent32.exe Information: 0 : === Token Acquisition started. Correlation ID: c820520c-0bcb-4850-bf87-241a21151f8e
QTAgent32.exe Information: 0 : A matching token was found in the cache. Correlation ID: c820520c-0bcb-4850-bf87-241a21151f8e
QTAgent32.exe Information: 0 : Access Token with hash '/rfBRIBBDmYuH3sSv9ihtvIa86nvL+iZLZ5juC5qVjE=' and Refresh Token with hash 'NYw50ChzdC2ZGMIecJcR1glcBpmstuvRxS3AEcA9RLg=' returned. Correlation ID: c820520c-0bcb-4850-bf87-241a21151f8e
Info::  Creating new record in Tenant Map table.
Info::  Building URI for GetTenants
Info::  Calling the Get Request using URI and authentication header
QTAgent32.exe Information: 0 : === Token Acquisition started. Correlation ID: 54bde730-562e-4edf-ba45-b9a6fbcac6c1
QTAgent32.exe Information: 0 : A matching token was found in the cache. Correlation ID: 54bde730-562e-4edf-ba45-b9a6fbcac6c1
QTAgent32.exe Information: 0 : Access Token with hash '/rfBRIBBDmYuH3sSv9ihtvIa86nvL+iZLZ5juC5qVjE=' and Refresh Token with hash 'NYw50ChzdC2ZGMIecJcR1glcBpmstuvRxS3AEcA9RLg=' returned. Correlation ID: 54bde730-562e-4edf-ba45-b9a6fbcac6c1
</DebugTrace>
      </Output>
    </UnitTestResult>
    <UnitTestResult executionId="25739ad0-597d-4a1a-8f61-9656c211217f" testId="267cf6ca-c077-7ff5-4cd4-1701cad896ac" testName="GetTenantByParNumber_NotFound_478036" computerName="ARAMK2" duration="00:00:02.9866565" startTime="2015-08-27T16:35:37.3986611-07:00" endTime="2015-08-27T16:35:40.3877854-07:00" testType="13cdc9d9-ddb5-4fa4-a97d-d965ccfc6d4b" outcome="Passed" testListId="8c84fa94-04c1-424b-9868-57a2d4851a1d" relativeResultsDirectory="25739ad0-597d-4a1a-8f61-9656c211217f">
      <Output>
        <DebugTrace>Info::  CorrelationId:040a870c-d15c-43a5-bba8-ee0514c055a4
Info::  Getting Authorization token
Info::  Building URI for GetTenants
Info::  Calling the Get Request using URI and authentication header
QTAgent32.exe Information: 0 : === Token Acquisition started. Correlation ID: 87951ad6-6bcd-4962-8877-3c53f8b923ed
QTAgent32.exe Information: 0 : A matching token was found in the cache. Correlation ID: 87951ad6-6bcd-4962-8877-3c53f8b923ed
QTAgent32.exe Information: 0 : Access Token with hash '/rfBRIBBDmYuH3sSv9ihtvIa86nvL+iZLZ5juC5qVjE=' and Refresh Token with hash 'NYw50ChzdC2ZGMIecJcR1glcBpmstuvRxS3AEcA9RLg=' returned. Correlation ID: 87951ad6-6bcd-4962-8877-3c53f8b923ed
</DebugTrace>
      </Output>
    </UnitTestResult>
    <UnitTestResult executionId="457ef7de-e2be-4b11-a939-ebcd630df8ac" testId="0a77e8df-59ab-b4e5-d5e6-04bed81e31c1" testName="GetTenantMapsByIdAuthTokenIsProvided_478048" computerName="ARAMK2" duration="00:00:00.9230737" startTime="2015-08-27T16:35:40.3917876-07:00" endTime="2015-08-27T16:35:41.3172773-07:00" testType="13cdc9d9-ddb5-4fa4-a97d-d965ccfc6d4b" outcome="Failed" testListId="8c84fa94-04c1-424b-9868-57a2d4851a1d" relativeResultsDirectory="457ef7de-e2be-4b11-a939-ebcd630df8ac">
      <Output>
        <DebugTrace>Info::  CorrelationId:f509f529-7f58-4dc9-a8d2-a1901e740bf8
</DebugTrace>
        <ErrorInfo>
          <Message>Test method Laminar.Automation.Services.SecurityWebApi.Test.TestMethods.TenantEndPointsTest.GetTenantMapsByIdAuthTokenIsProvided_478048 threw exception: 
System.Net.Http.HttpRequestException: An error occurred while sending the request. ---&gt; System.Net.WebException: The underlying connection was closed: An unexpected error occurred on a receive. ---&gt; System.IO.IOException: Unable to read data from the transport connection: An existing connection was forcibly closed by the remote host. ---&gt; System.Net.Sockets.SocketException: An existing connection was forcibly closed by the remote host</Message>
          <StackTrace>    at System.Net.Sockets.Socket.BeginReceive(Byte[] buffer, Int32 offset, Int32 size, SocketFlags socketFlags, AsyncCallback callback, Object state)
   at System.Net.Sockets.NetworkStream.BeginRead(Byte[] buffer, Int32 offset, Int32 size, AsyncCallback callback, Object state)
 --- End of inner exception stack trace ---
    at System.Net.Security._SslStream.EndRead(IAsyncResult asyncResult)
   at System.Net.TlsStream.EndRead(IAsyncResult asyncResult)
   at System.Net.PooledStream.EndRead(IAsyncResult asyncResult)
   at System.Net.Connection.ReadCallback(IAsyncResult asyncResult)
 --- End of inner exception stack trace ---
    at System.Net.HttpWebRequest.EndGetResponse(IAsyncResult asyncResult)
   at System.Net.Http.HttpClientHandler.GetResponseCallback(IAsyncResult ar)
 --- End of inner exception stack trace ---
    at System.Runtime.CompilerServices.TaskAwaiter.ThrowForNonSuccess(Task task)
   at System.Runtime.CompilerServices.TaskAwaiter.HandleNonSuccessAndDebuggerNotification(Task task)
   at System.Runtime.CompilerServices.TaskAwaiter`1.GetResult()
   at Laminar.Automation.Services.SecurityWebApi.Test.TestMethods.TenantEndPointsTest.&lt;GetTenantMapsByIdAuthTokenIsProvided_478048&gt;d__b0.MoveNext() in c:\NGVL\SQA\Automation\Main\Laminar.Automation\Laminar.Automation.Services.SecurityWebApi.Test\TestMethods\TenantEndPointsTest.cs:line 584
--- End of stack trace from previous location where exception was thrown ---
   at System.Runtime.CompilerServices.TaskAwaiter.ThrowForNonSuccess(Task task)
   at System.Runtime.CompilerServices.TaskAwaiter.HandleNonSuccessAndDebuggerNotification(Task task)
   at System.Runtime.CompilerServices.TaskAwaiter.GetResult()
</StackTrace>
        </ErrorInfo>
      </Output>
    </UnitTestResult>
    <UnitTestResult executionId="ae4d6437-53f2-457e-9574-b17eed5bc7bc" testId="0207ef45-b802-80bf-37a1-23f5ec5f166b" testName="GetTenantMapsByIdBadRequestIfTenantKeyNotProvided_478042" computerName="ARAMK2" duration="00:00:00.7115944" startTime="2015-08-27T16:35:41.3763188-07:00" endTime="2015-08-27T16:35:42.0888281-07:00" testType="13cdc9d9-ddb5-4fa4-a97d-d965ccfc6d4b" outcome="Passed" testListId="8c84fa94-04c1-424b-9868-57a2d4851a1d" relativeResultsDirectory="ae4d6437-53f2-457e-9574-b17eed5bc7bc">
      <Output>
        <DebugTrace>Info::  CorrelationId:19c22e03-7f44-448c-8649-001eaddbff70
Info::  TenantID:  is created manually
Info::  Building URI for GetTenantMapsAsync
Info::  Calling the GetTenantMaps Request using URI and authentication header.
QTAgent32.exe Information: 0 : === Token Acquisition started. Correlation ID: 18d81bf6-de52-43e1-b428-ebfe21ed9c50
QTAgent32.exe Information: 0 : A matching token was found in the cache. Correlation ID: 18d81bf6-de52-43e1-b428-ebfe21ed9c50
QTAgent32.exe Information: 0 : Access Token with hash '/rfBRIBBDmYuH3sSv9ihtvIa86nvL+iZLZ5juC5qVjE=' and Refresh Token with hash 'NYw50ChzdC2ZGMIecJcR1glcBpmstuvRxS3AEcA9RLg=' returned. Correlation ID: 18d81bf6-de52-43e1-b428-ebfe21ed9c50
</DebugTrace>
      </Output>
    </UnitTestResult>
    <UnitTestResult executionId="318235dd-c121-4142-a0a2-6e4104085d9e" testId="9d8332a2-0d6b-d472-3188-bebe57bcfc68" testName="GetTenantMapsByIdCallerUserRolesPermissions_478046" computerName="ARAMK2" duration="00:00:00.4673919" startTime="2015-08-27T16:35:42.0928310-07:00" endTime="2015-08-27T16:35:42.5631678-07:00" testType="13cdc9d9-ddb5-4fa4-a97d-d965ccfc6d4b" outcome="Passed" testListId="8c84fa94-04c1-424b-9868-57a2d4851a1d" relativeResultsDirectory="318235dd-c121-4142-a0a2-6e4104085d9e">
      <Output>
        <DebugTrace>Info::  CorrelationId:ac6149e5-1a50-4cdf-9bd1-5a8364d8d2f4
Info::  Building URI for GetTenantMapsAsync
Info::  Calling the GetTenantMaps Request using URI and authentication header.
</DebugTrace>
      </Output>
    </UnitTestResult>
    <UnitTestResult executionId="181e84f6-d29f-47ff-80b4-0a3605302283" testId="b3969ac5-f162-447e-294f-b0c7bfd5ac7d" testName="GetTenantMapsByIdHappyPath_478043" computerName="ARAMK2" duration="00:00:00.7504042" startTime="2015-08-27T16:35:42.5661693-07:00" endTime="2015-08-27T16:35:43.3182706-07:00" testType="13cdc9d9-ddb5-4fa4-a97d-d965ccfc6d4b" outcome="Passed" testListId="8c84fa94-04c1-424b-9868-57a2d4851a1d" relativeResultsDirectory="181e84f6-d29f-47ff-80b4-0a3605302283">
      <Output>
        <DebugTrace>Info::  CorrelationId:0755c315-ddaa-4a60-b10c-db8a75e19083
Info::  TenantID: eaefd2dd-8112-413e-bd0f-41b1f02ce07e is retrieved from UM Database
Info::  Building URI for GetTenantMapsAsync
Info::  Calling the GetTenantMaps Request using URI and authentication header.
QTAgent32.exe Information: 0 : === Token Acquisition started. Correlation ID: 4092b1f9-4a8b-41b7-9f1c-ca0ca4457a76
QTAgent32.exe Information: 0 : A matching token was found in the cache. Correlation ID: 4092b1f9-4a8b-41b7-9f1c-ca0ca4457a76
QTAgent32.exe Information: 0 : Access Token with hash '/rfBRIBBDmYuH3sSv9ihtvIa86nvL+iZLZ5juC5qVjE=' and Refresh Token with hash 'NYw50ChzdC2ZGMIecJcR1glcBpmstuvRxS3AEcA9RLg=' returned. Correlation ID: 4092b1f9-4a8b-41b7-9f1c-ca0ca4457a76
</DebugTrace>
      </Output>
    </UnitTestResult>
    <UnitTestResult executionId="6c5c4c7e-3a94-4f38-95b9-6be20c64e87e" testId="716e7df5-f67a-9dce-7459-9b63772bdd0f" testName="GetTenantMapsByIdHappyPathDatamatchesWithTenantMapInDB_478044" computerName="ARAMK2" duration="00:00:01.2434442" startTime="2015-08-27T16:35:43.3212728-07:00" endTime="2015-08-27T16:35:44.5661625-07:00" testType="13cdc9d9-ddb5-4fa4-a97d-d965ccfc6d4b" outcome="Failed" testListId="8c84fa94-04c1-424b-9868-57a2d4851a1d" relativeResultsDirectory="6c5c4c7e-3a94-4f38-95b9-6be20c64e87e">
      <Output>
        <DebugTrace>Info::  CorrelationId:18af2c81-2d65-4d26-92b3-7681be7aa2fb
Info::  Test Case Excution Started
Info::  TenantID: eaefd2dd-8112-413e-bd0f-41b1f02ce07e is retrieved from UM Database
Info::  Building URI for GetTenantMapsAsync
Info::  Calling the GetTenantMaps Request using URI and authentication header.
QTAgent32.exe Information: 0 : === Token Acquisition started. Correlation ID: 6b3c94d4-e018-4fcb-b592-ae3afcccf013
QTAgent32.exe Information: 0 : A matching token was found in the cache. Correlation ID: 6b3c94d4-e018-4fcb-b592-ae3afcccf013
QTAgent32.exe Information: 0 : Access Token with hash '/rfBRIBBDmYuH3sSv9ihtvIa86nvL+iZLZ5juC5qVjE=' and Refresh Token with hash 'NYw50ChzdC2ZGMIecJcR1glcBpmstuvRxS3AEcA9RLg=' returned. Correlation ID: 6b3c94d4-e018-4fcb-b592-ae3afcccf013
Info::  Validating API and UM Database records
Info::  XPath : /ArrayOfTenantMap/TenantMap[1]/TenantMapId
Expected Value: 20282
Actual Value: 20282
Result: Pass

Info::  XPath : /ArrayOfTenantMap/TenantMap[1]/TenantExternalId
Expected Value: eaefd2dd-8112-413e-bd0f-41b1f02ce07e
Actual Value: eaefd2dd-8112-413e-bd0f-41b1f02ce07e
Result: Pass

Info::  XPath : /ArrayOfTenantMap/TenantMap[1]/TenantMapIdentifierTypeId
Expected Value: 2
Actual Value: 2
Result: Pass

Info::  XPath : /ArrayOfTenantMap/TenantMap[1]/TenantMapIdentifierTypeValue
Expected Value: 4210405390
Actual Value: 4210405390
Result: Pass

Error::  Unable to find element at /ArrayOfTenantMap/TenantMap[1]/PublishStatus location.
Error::  Unable to find element at /ArrayOfTenantMap/TenantMap[1]/ApplicationGuid location.
Error::  Unable to find element at /ArrayOfTenantMap/TenantMap[1]/TenantMapStatusId location.
Error::  Unable to find element at /ArrayOfTenantMap/TenantMap[1]/ModifiedBy location.
Error::  Unable to find element at /ArrayOfTenantMap/TenantMap[1]/ModifiedOn location.
Info::  XPath : /ArrayOfTenantMap/TenantMap[2]/TenantMapId
Expected Value: 20283
Actual Value: 20283
Result: Pass

Info::  XPath : /ArrayOfTenantMap/TenantMap[2]/TenantExternalId
Expected Value: eaefd2dd-8112-413e-bd0f-41b1f02ce07e
Actual Value: eaefd2dd-8112-413e-bd0f-41b1f02ce07e
Result: Pass

Info::  XPath : /ArrayOfTenantMap/TenantMap[2]/TenantMapIdentifierTypeId
Expected Value: 2
Actual Value: 2
Result: Pass

Info::  XPath : /ArrayOfTenantMap/TenantMap[2]/TenantMapIdentifierTypeValue
Expected Value: 4210405243
Actual Value: 4210405243
Result: Pass

Error::  Unable to find element at /ArrayOfTenantMap/TenantMap[2]/PublishStatus location.
Error::  Unable to find element at /ArrayOfTenantMap/TenantMap[2]/ApplicationGuid location.
Error::  Unable to find element at /ArrayOfTenantMap/TenantMap[2]/TenantMapStatusId location.
Error::  Unable to find element at /ArrayOfTenantMap/TenantMap[2]/ModifiedBy location.
Error::  Unable to find element at /ArrayOfTenantMap/TenantMap[2]/ModifiedOn location.
Info::  XPath : /ArrayOfTenantMap/TenantMap[3]/TenantMapId
Expected Value: 20284
Actual Value: 20284
Result: Pass

Info::  XPath : /ArrayOfTenantMap/TenantMap[3]/TenantExternalId
Expected Value: eaefd2dd-8112-413e-bd0f-41b1f02ce07e
Actual Value: eaefd2dd-8112-413e-bd0f-41b1f02ce07e
Result: Pass

Info::  XPath : /ArrayOfTenantMap/TenantMap[3]/TenantMapIdentifierTypeId
Expected Value: 2
Actual Value: 2
Result: Pass

Info::  XPath : /ArrayOfTenantMap/TenantMap[3]/TenantMapIdentifierTypeValue
Expected Value: 4210405191
Actual Value: 4210405191
Result: Pass

Error::  Unable to find element at /ArrayOfTenantMap/TenantMap[3]/PublishStatus location.
Error::  Unable to find element at /ArrayOfTenantMap/TenantMap[3]/ApplicationGuid location.
Error::  Unable to find element at /ArrayOfTenantMap/TenantMap[3]/TenantMapStatusId location.
Error::  Unable to find element at /ArrayOfTenantMap/TenantMap[3]/ModifiedBy location.
Error::  Unable to find element at /ArrayOfTenantMap/TenantMap[3]/ModifiedOn location.
Info::  XPath : /ArrayOfTenantMap/TenantMap[4]/TenantMapId
Expected Value: 20285
Actual Value: 20285
Result: Pass

Info::  XPath : /ArrayOfTenantMap/TenantMap[4]/TenantExternalId
Expected Value: eaefd2dd-8112-413e-bd0f-41b1f02ce07e
Actual Value: eaefd2dd-8112-413e-bd0f-41b1f02ce07e
Result: Pass

Info::  XPath : /ArrayOfTenantMap/TenantMap[4]/TenantMapIdentifierTypeId
Expected Value: 2
Actual Value: 2
Result: Pass

Info::  XPath : /ArrayOfTenantMap/TenantMap[4]/TenantMapIdentifierTypeValue
Expected Value: 4210405244
Actual Value: 4210405244
Result: Pass

Error::  Unable to find element at /ArrayOfTenantMap/TenantMap[4]/PublishStatus location.
Error::  Unable to find element at /ArrayOfTenantMap/TenantMap[4]/ApplicationGuid location.
Error::  Unable to find element at /ArrayOfTenantMap/TenantMap[4]/TenantMapStatusId location.
Error::  Unable to find element at /ArrayOfTenantMap/TenantMap[4]/ModifiedBy location.
Error::  Unable to find element at /ArrayOfTenantMap/TenantMap[4]/ModifiedOn location.
Info::  XPath : /ArrayOfTenantMap/TenantMap[5]/TenantMapId
Expected Value: 20286
Actual Value: 20286
Result: Pass

Info::  XPath : /ArrayOfTenantMap/TenantMap[5]/TenantExternalId
Expected Value: eaefd2dd-8112-413e-bd0f-41b1f02ce07e
Actual Value: eaefd2dd-8112-413e-bd0f-41b1f02ce07e
Result: Pass

Info::  XPath : /ArrayOfTenantMap/TenantMap[5]/TenantMapIdentifierTypeId
Expected Value: 2
Actual Value: 2
Result: Pass

Info::  XPath : /ArrayOfTenantMap/TenantMap[5]/TenantMapIdentifierTypeValue
Expected Value: 4210405245
Actual Value: 4210405245
Result: Pass

Error::  Unable to find element at /ArrayOfTenantMap/TenantMap[5]/PublishStatus location.
Error::  Unable to find element at /ArrayOfTenantMap/TenantMap[5]/ApplicationGuid location.
Error::  Unable to find element at /ArrayOfTenantMap/TenantMap[5]/TenantMapStatusId location.
Error::  Unable to find element at /ArrayOfTenantMap/TenantMap[5]/ModifiedBy location.
Error::  Unable to find element at /ArrayOfTenantMap/TenantMap[5]/ModifiedOn location.
Info::  Test case Execution Completed
</DebugTrace>
        <ErrorInfo>
          <Message>Assert.AreEqual failed. Expected:&lt;Passed&gt;. Actual:&lt;Failed&gt;. 
Assert.AreEqual failed. Expected:&lt;Passed&gt;. Actual:&lt;Failed&gt;. </Message>
          <StackTrace>   at Glider.Logger.Logger.EndTestCase(ProductStudioConfiguration psDetail, Boolean assertTest)
   at Glider.Logger.Logger.EndTestCase(Boolean assertTest)
   at Laminar.Automation.Services.SecurityWebApi.Test.TestMethods.TenantEndPointsTest.&lt;GetTenantMapsByIdHappyPathDatamatchesWithTenantMapInDB_478044&gt;d__97.MoveNext() in c:\NGVL\SQA\Automation\Main\Laminar.Automation\Laminar.Automation.Services.SecurityWebApi.Test\TestMethods\TenantEndPointsTest.cs:line 499
--- End of stack trace from previous location where exception was thrown ---
   at System.Runtime.CompilerServices.TaskAwaiter.ThrowForNonSuccess(Task task)
   at System.Runtime.CompilerServices.TaskAwaiter.HandleNonSuccessAndDebuggerNotification(Task task)
   at System.Runtime.CompilerServices.TaskAwaiter.GetResult()

TestCleanup Stack Trace
   at Glider.Logger.Logger.EndTestCase(ProductStudioConfiguration psDetail, Boolean assertTest)
   at Glider.Logger.Logger.EndTestCase(Boolean assertTest)
   at Glider.TestClassBase.TestCleanUp()
</StackTrace>
        </ErrorInfo>
      </Output>
    </UnitTestResult>
    <UnitTestResult executionId="8a7b2610-b4d4-4199-b49e-bd0850cbc21d" testId="452e8492-2076-5a55-c5bf-c9ad8d008cce" testName="GetTenantMapsByIdNotFound_478045" computerName="ARAMK2" duration="00:00:00.5763547" startTime="2015-08-27T16:35:44.5691660-07:00" endTime="2015-08-27T16:35:45.1479995-07:00" testType="13cdc9d9-ddb5-4fa4-a97d-d965ccfc6d4b" outcome="Failed" testListId="8c84fa94-04c1-424b-9868-57a2d4851a1d" relativeResultsDirectory="8a7b2610-b4d4-4199-b49e-bd0850cbc21d">
      <Output>
        <DebugTrace>Info::  CorrelationId:b7a94ec0-a0de-4b72-92c3-129b19bd0ca0
Info::  TenantID: Another TenantID is created manually
Info::  Building URI for GetTenantMapsAsync
Info::  Calling the GetTenantMaps Request using URI and authentication header.
QTAgent32.exe Information: 0 : === Token Acquisition started. Correlation ID: 07541d4f-d2f8-4f7a-b2ed-540f72e25630
QTAgent32.exe Information: 0 : A matching token was found in the cache. Correlation ID: 07541d4f-d2f8-4f7a-b2ed-540f72e25630
QTAgent32.exe Information: 0 : Access Token with hash '/rfBRIBBDmYuH3sSv9ihtvIa86nvL+iZLZ5juC5qVjE=' and Refresh Token with hash 'NYw50ChzdC2ZGMIecJcR1glcBpmstuvRxS3AEcA9RLg=' returned. Correlation ID: 07541d4f-d2f8-4f7a-b2ed-540f72e25630
</DebugTrace>
        <ErrorInfo>
          <Message>Assert.AreEqual failed. Expected:&lt;Passed&gt;. Actual:&lt;Failed&gt;. </Message>
          <StackTrace>   at Glider.Logger.Logger.EndTestCase(ProductStudioConfiguration psDetail, Boolean assertTest)
   at Glider.Logger.Logger.EndTestCase(Boolean assertTest)
   at Glider.TestClassBase.TestCleanUp()
</StackTrace>
        </ErrorInfo>
      </Output>
    </UnitTestResult>
    <UnitTestResult executionId="db762af9-18c1-4a90-9051-a9d972af5ce8" testId="ad297329-6bd8-6725-e8e0-8fdbd95a4462" testName="GetTenantMapsByIdTenantKeyLengthCheck_478047" computerName="ARAMK2" duration="00:00:00.5773939" startTime="2015-08-27T16:35:45.1509924-07:00" endTime="2015-08-27T16:35:45.7294061-07:00" testType="13cdc9d9-ddb5-4fa4-a97d-d965ccfc6d4b" outcome="Failed" testListId="8c84fa94-04c1-424b-9868-57a2d4851a1d" relativeResultsDirectory="db762af9-18c1-4a90-9051-a9d972af5ce8">
      <Output>
        <DebugTrace>Info::  CorrelationId:0ea6d31d-7a5a-47a6-938b-5284cf8811d5
Info::  Building URI for GetTenantMapsAsync
Info::  Calling the GetTenantMaps Request using URI and authentication header.
QTAgent32.exe Information: 0 : === Token Acquisition started. Correlation ID: 8f8ce468-e1c0-4bfb-a884-f5dcbd312388
QTAgent32.exe Information: 0 : A matching token was found in the cache. Correlation ID: 8f8ce468-e1c0-4bfb-a884-f5dcbd312388
QTAgent32.exe Information: 0 : Access Token with hash '/rfBRIBBDmYuH3sSv9ihtvIa86nvL+iZLZ5juC5qVjE=' and Refresh Token with hash 'NYw50ChzdC2ZGMIecJcR1glcBpmstuvRxS3AEcA9RLg=' returned. Correlation ID: 8f8ce468-e1c0-4bfb-a884-f5dcbd312388
</DebugTrace>
        <ErrorInfo>
          <Message>Assert.AreEqual failed. Expected:&lt;Passed&gt;. Actual:&lt;Failed&gt;. </Message>
          <StackTrace>   at Glider.Logger.Logger.EndTestCase(ProductStudioConfiguration psDetail, Boolean assertTest)
   at Glider.Logger.Logger.EndTestCase(Boolean assertTest)
   at Glider.TestClassBase.TestCleanUp()
</StackTrace>
        </ErrorInfo>
      </Output>
    </UnitTestResult>
    <UnitTestResult executionId="01ce8fdc-da3b-4461-b84f-a529fb5347ff" testId="48535901-69fa-720d-e26c-6837762fab4a" testName="GetTenantWithParNull_BadRequest_518064" computerName="ARAMK2" duration="00:00:00.5904759" startTime="2015-08-27T16:35:45.7324073-07:00" endTime="2015-08-27T16:35:46.3245652-07:00" testType="13cdc9d9-ddb5-4fa4-a97d-d965ccfc6d4b" outcome="Failed" testListId="8c84fa94-04c1-424b-9868-57a2d4851a1d" relativeResultsDirectory="01ce8fdc-da3b-4461-b84f-a529fb5347ff">
      <Output>
        <DebugTrace>Info::  CorrelationId:fcf5976b-f3b0-4b51-8d17-165ac935c223
Info::  Getting Authorization token
Info::  Building URI for GetTenants
Info::  Calling the Get Request using URI and authentication header
QTAgent32.exe Information: 0 : === Token Acquisition started. Correlation ID: 4caa9b78-c600-42fc-a8c2-c1abc1c6eb91
QTAgent32.exe Information: 0 : A matching token was found in the cache. Correlation ID: 4caa9b78-c600-42fc-a8c2-c1abc1c6eb91
QTAgent32.exe Information: 0 : Access Token with hash '/rfBRIBBDmYuH3sSv9ihtvIa86nvL+iZLZ5juC5qVjE=' and Refresh Token with hash 'NYw50ChzdC2ZGMIecJcR1glcBpmstuvRxS3AEcA9RLg=' returned. Correlation ID: 4caa9b78-c600-42fc-a8c2-c1abc1c6eb91
</DebugTrace>
        <ErrorInfo>
          <Message>Assert.AreEqual failed. Expected:&lt;Passed&gt;. Actual:&lt;Failed&gt;. </Message>
          <StackTrace>   at Glider.Logger.Logger.EndTestCase(ProductStudioConfiguration psDetail, Boolean assertTest)
   at Glider.Logger.Logger.EndTestCase(Boolean assertTest)
   at Glider.TestClassBase.TestCleanUp()
</StackTrace>
        </ErrorInfo>
      </Output>
    </UnitTestResult>
    <UnitTestResult executionId="2b6d9f66-b1ac-49c4-96ff-14bb2793b83a" testId="1af030be-b625-9858-eba3-d16ff438920c" testName="SecurityWebApi_GetTenantsAsync_AuthTokenNotProvided_ReturnsUnauthorized_478041" computerName="ARAMK2" duration="00:00:00.8009048" startTime="2015-08-27T16:35:46.3275676-07:00" endTime="2015-08-27T16:35:47.1301589-07:00" testType="13cdc9d9-ddb5-4fa4-a97d-d965ccfc6d4b" outcome="Failed" testListId="8c84fa94-04c1-424b-9868-57a2d4851a1d" relativeResultsDirectory="2b6d9f66-b1ac-49c4-96ff-14bb2793b83a">
      <Output>
        <DebugTrace>Info::  CorrelationId:a461c2ec-6d2a-477a-9b00-870d4b5b611f
Info::  Building URI for GetTenants
Info::  Calling the Get Request using URI and authentication header
</DebugTrace>
        <ErrorInfo>
          <Message>Test method Laminar.Automation.Services.SecurityWebApi.Test.TestMethods.TenantEndPointsTest.SecurityWebApi_GetTenantsAsync_AuthTokenNotProvided_ReturnsUnauthorized_478041 threw exception: 
System.Net.Http.HttpRequestException: An error occurred while sending the request. ---&gt; System.Net.WebException: The underlying connection was closed: An unexpected error occurred on a receive. ---&gt; System.IO.IOException: Unable to read data from the transport connection: An existing connection was forcibly closed by the remote host. ---&gt; System.Net.Sockets.SocketException: An existing connection was forcibly closed by the remote host
Assert.AreEqual failed. Expected:&lt;Passed&gt;. Actual:&lt;Failed&gt;. </Message>
          <StackTrace>    at System.Net.Sockets.Socket.BeginReceive(Byte[] buffer, Int32 offset, Int32 size, SocketFlags socketFlags, AsyncCallback callback, Object state)
   at System.Net.Sockets.NetworkStream.BeginRead(Byte[] buffer, Int32 offset, Int32 size, AsyncCallback callback, Object state)
 --- End of inner exception stack trace ---
    at System.Net.Security._SslStream.EndRead(IAsyncResult asyncResult)
   at System.Net.TlsStream.EndRead(IAsyncResult asyncResult)
   at System.Net.PooledStream.EndRead(IAsyncResult asyncResult)
   at System.Net.Connection.ReadCallback(IAsyncResult asyncResult)
 --- End of inner exception stack trace ---
    at System.Net.HttpWebRequest.EndGetResponse(IAsyncResult asyncResult)
   at System.Net.Http.HttpClientHandler.GetResponseCallback(IAsyncResult ar)
 --- End of inner exception stack trace ---
    at System.Runtime.CompilerServices.TaskAwaiter.ThrowForNonSuccess(Task task)
   at System.Runtime.CompilerServices.TaskAwaiter.HandleNonSuccessAndDebuggerNotification(Task task)
   at System.Runtime.CompilerServices.TaskAwaiter`1.GetResult()
   at Laminar.Automation.Common.HttpClientHelper.&lt;CallHttpClientGetAsync&gt;d__c.MoveNext() in c:\NGVL\SQA\Automation\Main\Laminar.Automation\Laminar.Automation.Common\Helpers\HttpClientHelper.cs:line 60
--- End of stack trace from previous location where exception was thrown ---
   at System.Runtime.CompilerServices.TaskAwaiter.ThrowForNonSuccess(Task task)
   at System.Runtime.CompilerServices.TaskAwaiter.HandleNonSuccessAndDebuggerNotification(Task task)
   at System.Runtime.CompilerServices.TaskAwaiter`1.GetResult()
   at Laminar.Automation.Services.SecurityWebApi.SecurityWebApiBase.&lt;GetTenantsAsync&gt;d__c.MoveNext() in c:\NGVL\SQA\Automation\Main\Laminar.Automation\Laminar.Automation.Services.SecurityWebApi\SecurityWebApiBase.cs:line 96
--- End of stack trace from previous location where exception was thrown ---
   at System.Runtime.CompilerServices.TaskAwaiter.ThrowForNonSuccess(Task task)
   at System.Runtime.CompilerServices.TaskAwaiter.HandleNonSuccessAndDebuggerNotification(Task task)
   at System.Runtime.CompilerServices.TaskAwaiter`1.GetResult()
   at Laminar.Automation.Services.SecurityWebApi.Test.TestMethods.TenantEndPointsTest.&lt;SecurityWebApi_GetTenantsAsync_AuthTokenNotProvided_ReturnsUnauthorized_478041&gt;d__63.MoveNext() in c:\NGVL\SQA\Automation\Main\Laminar.Automation\Laminar.Automation.Services.SecurityWebApi.Test\TestMethods\TenantEndPointsTest.cs:line 330
--- End of stack trace from previous location where exception was thrown ---
   at System.Runtime.CompilerServices.TaskAwaiter.ThrowForNonSuccess(Task task)
   at System.Runtime.CompilerServices.TaskAwaiter.HandleNonSuccessAndDebuggerNotification(Task task)
   at System.Runtime.CompilerServices.TaskAwaiter.GetResult()

TestCleanup Stack Trace
   at Glider.Logger.Logger.EndTestCase(ProductStudioConfiguration psDetail, Boolean assertTest)
   at Glider.Logger.Logger.EndTestCase(Boolean assertTest)
   at Glider.TestClassBase.TestCleanUp()
</StackTrace>
        </ErrorInfo>
      </Output>
    </UnitTestResult>
    <UnitTestResult executionId="38972247-6c70-4a45-9ede-3cec135af6b1" testId="14e53ccb-c734-f7b8-b597-2d4547fe3a59" testName="SecurityWebApi_GetTenantsAsync_DomainNameLengthDoesNotExceedMaximum_ReturnsQueryResult_478038" computerName="ARAMK2" duration="00:00:01.0960128" startTime="2015-08-27T16:35:47.1321424-07:00" endTime="2015-08-27T16:35:48.2299270-07:00" testType="13cdc9d9-ddb5-4fa4-a97d-d965ccfc6d4b" outcome="Failed" testListId="8c84fa94-04c1-424b-9868-57a2d4851a1d" relativeResultsDirectory="38972247-6c70-4a45-9ede-3cec135af6b1">
      <Output>
        <DebugTrace>Info::  CorrelationId:083e3744-f5aa-40e1-aea2-21b336a432ad
Info::  Building URI for GetTenants
Info::  Calling the Get Request using URI and authentication header
QTAgent32.exe Information: 0 : === Token Acquisition started. Correlation ID: ba770ed7-eabd-44fb-b9f3-85739c065b21
QTAgent32.exe Information: 0 : A matching token was found in the cache. Correlation ID: ba770ed7-eabd-44fb-b9f3-85739c065b21
QTAgent32.exe Information: 0 : Access Token with hash '/rfBRIBBDmYuH3sSv9ihtvIa86nvL+iZLZ5juC5qVjE=' and Refresh Token with hash 'NYw50ChzdC2ZGMIecJcR1glcBpmstuvRxS3AEcA9RLg=' returned. Correlation ID: ba770ed7-eabd-44fb-b9f3-85739c065b21
</DebugTrace>
        <ErrorInfo>
          <Message>Assert.AreEqual failed. Expected:&lt;InternalServerError&gt;. Actual:&lt;NotFound&gt;. 
Assert.AreEqual failed. Expected:&lt;Passed&gt;. Actual:&lt;Failed&gt;. </Message>
          <StackTrace>   at Laminar.Automation.Services.SecurityWebApi.Test.TestMethods.TenantEndPointsTest.&lt;SecurityWebApi_GetTenantsAsync_DomainNameLengthDoesNotExceedMaximum_ReturnsQueryResult_478038&gt;d__53.MoveNext() in c:\NGVL\SQA\Automation\Main\Laminar.Automation\Laminar.Automation.Services.SecurityWebApi.Test\TestMethods\TenantEndPointsTest.cs:line 291
--- End of stack trace from previous location where exception was thrown ---
   at System.Runtime.CompilerServices.TaskAwaiter.ThrowForNonSuccess(Task task)
   at System.Runtime.CompilerServices.TaskAwaiter.HandleNonSuccessAndDebuggerNotification(Task task)
   at System.Runtime.CompilerServices.TaskAwaiter.GetResult()

TestCleanup Stack Trace
   at Glider.Logger.Logger.EndTestCase(ProductStudioConfiguration psDetail, Boolean assertTest)
   at Glider.Logger.Logger.EndTestCase(Boolean assertTest)
   at Glider.TestClassBase.TestCleanUp()
</StackTrace>
        </ErrorInfo>
      </Output>
    </UnitTestResult>
    <UnitTestResult executionId="cd60ef14-567d-4431-95b8-aa4283994805" testId="9bf96cc6-c2b7-5ae5-0636-21f2a87eb4ed" testName="SecurityWebApi_GetTenantsAsync_DomainNameLengthExceedsMaximum_ReturnsBadRequest_478038" computerName="ARAMK2" duration="00:00:00.6619839" startTime="2015-08-27T16:35:48.2329301-07:00" endTime="2015-08-27T16:35:48.8969512-07:00" testType="13cdc9d9-ddb5-4fa4-a97d-d965ccfc6d4b" outcome="Failed" testListId="8c84fa94-04c1-424b-9868-57a2d4851a1d" relativeResultsDirectory="cd60ef14-567d-4431-95b8-aa4283994805">
      <Output>
        <DebugTrace>Info::  CorrelationId:ace73ec2-aaac-47e7-9357-a35fe9d32278
Info::  Building URI for GetTenants
Info::  Calling the Get Request using URI and authentication header
QTAgent32.exe Information: 0 : === Token Acquisition started. Correlation ID: 6f16ec5c-71ae-4ca3-a8aa-e2913f0ec480
QTAgent32.exe Information: 0 : A matching token was found in the cache. Correlation ID: 6f16ec5c-71ae-4ca3-a8aa-e2913f0ec480
QTAgent32.exe Information: 0 : Access Token with hash '/rfBRIBBDmYuH3sSv9ihtvIa86nvL+iZLZ5juC5qVjE=' and Refresh Token with hash 'NYw50ChzdC2ZGMIecJcR1glcBpmstuvRxS3AEcA9RLg=' returned. Correlation ID: 6f16ec5c-71ae-4ca3-a8aa-e2913f0ec480
</DebugTrace>
        <ErrorInfo>
          <Message>Assert.AreEqual failed. Expected:&lt;Passed&gt;. Actual:&lt;Failed&gt;. </Message>
          <StackTrace>   at Glider.Logger.Logger.EndTestCase(ProductStudioConfiguration psDetail, Boolean assertTest)
   at Glider.Logger.Logger.EndTestCase(Boolean assertTest)
   at Glider.TestClassBase.TestCleanUp()
</StackTrace>
        </ErrorInfo>
      </Output>
    </UnitTestResult>
    <UnitTestResult executionId="f3bbf64b-3ba0-4005-a155-0092b3ab64ce" testId="0e7fe192-af3d-a859-7478-2dd8c04fb9fd" testName="SecurityWebApi_GetTenantsAsync_HappyPath_SearchByTenantIdReturnsTenantInfo_525714" computerName="ARAMK2" duration="00:00:01.9047722" startTime="2015-08-27T16:35:48.8999530-07:00" endTime="2015-08-27T16:35:50.8063149-07:00" testType="13cdc9d9-ddb5-4fa4-a97d-d965ccfc6d4b" outcome="Failed" testListId="8c84fa94-04c1-424b-9868-57a2d4851a1d" relativeResultsDirectory="f3bbf64b-3ba0-4005-a155-0092b3ab64ce">
      <Output>
        <DebugTrace>Info::  CorrelationId:90973c79-b400-428c-9f28-3e3f84ecf847
Info::  Building URI for GetTenants
Info::  Calling the Get Request using URI and authentication header
QTAgent32.exe Information: 0 : === Token Acquisition started. Correlation ID: f095e05a-6091-4c53-b935-5eee6534f31c
QTAgent32.exe Information: 0 : A matching token was found in the cache. Correlation ID: f095e05a-6091-4c53-b935-5eee6534f31c
QTAgent32.exe Information: 0 : Access Token with hash '/rfBRIBBDmYuH3sSv9ihtvIa86nvL+iZLZ5juC5qVjE=' and Refresh Token with hash 'NYw50ChzdC2ZGMIecJcR1glcBpmstuvRxS3AEcA9RLg=' returned. Correlation ID: f095e05a-6091-4c53-b935-5eee6534f31c
Info::  Building URI for GetTenants
Info::  Calling the Get Request using URI and authentication header
QTAgent32.exe Information: 0 : === Token Acquisition started. Correlation ID: 66000c65-238f-49a5-8a88-d925e944495e
QTAgent32.exe Information: 0 : A matching token was found in the cache. Correlation ID: 66000c65-238f-49a5-8a88-d925e944495e
QTAgent32.exe Information: 0 : Access Token with hash '/rfBRIBBDmYuH3sSv9ihtvIa86nvL+iZLZ5juC5qVjE=' and Refresh Token with hash 'NYw50ChzdC2ZGMIecJcR1glcBpmstuvRxS3AEcA9RLg=' returned. Correlation ID: 66000c65-238f-49a5-8a88-d925e944495e
</DebugTrace>
        <ErrorInfo>
          <Message>Assert.AreEqual failed. Expected:&lt;Passed&gt;. Actual:&lt;Failed&gt;. </Message>
          <StackTrace>   at Glider.Logger.Logger.EndTestCase(ProductStudioConfiguration psDetail, Boolean assertTest)
   at Glider.Logger.Logger.EndTestCase(Boolean assertTest)
   at Glider.TestClassBase.TestCleanUp()
</StackTrace>
        </ErrorInfo>
      </Output>
    </UnitTestResult>
    <UnitTestResult executionId="09d87569-2685-490d-ae50-43eacca1c14c" testId="c6f79650-5b9e-8c32-fb52-2e9be9e69a14" testName="SecurityWebApi_GetTenantsAsync_IfTenantIdIsNotFound_Returns404_525715" computerName="ARAMK2" duration="00:00:00.8419293" startTime="2015-08-27T16:35:50.8093177-07:00" endTime="2015-08-27T16:35:51.6532199-07:00" testType="13cdc9d9-ddb5-4fa4-a97d-d965ccfc6d4b" outcome="Failed" testListId="8c84fa94-04c1-424b-9868-57a2d4851a1d" relativeResultsDirectory="09d87569-2685-490d-ae50-43eacca1c14c">
      <Output>
        <DebugTrace>Info::  CorrelationId:ee8c7fc6-a63e-44ab-b695-867ff20a5e0e
Info::  Building URI for GetTenants
Info::  Calling the Get Request using URI and authentication header
QTAgent32.exe Information: 0 : === Token Acquisition started. Correlation ID: 079bc64b-2bee-43b2-a3f9-a973431dd456
QTAgent32.exe Information: 0 : A matching token was found in the cache. Correlation ID: 079bc64b-2bee-43b2-a3f9-a973431dd456
QTAgent32.exe Information: 0 : Access Token with hash '/rfBRIBBDmYuH3sSv9ihtvIa86nvL+iZLZ5juC5qVjE=' and Refresh Token with hash 'NYw50ChzdC2ZGMIecJcR1glcBpmstuvRxS3AEcA9RLg=' returned. Correlation ID: 079bc64b-2bee-43b2-a3f9-a973431dd456
</DebugTrace>
        <ErrorInfo>
          <Message>Assert.AreEqual failed. Expected:&lt;Passed&gt;. Actual:&lt;Failed&gt;. </Message>
          <StackTrace>   at Glider.Logger.Logger.EndTestCase(ProductStudioConfiguration psDetail, Boolean assertTest)
   at Glider.Logger.Logger.EndTestCase(Boolean assertTest)
   at Glider.TestClassBase.TestCleanUp()
</StackTrace>
        </ErrorInfo>
      </Output>
    </UnitTestResult>
    <UnitTestResult executionId="562b71ca-1e09-4f6a-b206-13819cd30042" testId="26ee48eb-b69d-e0ec-1cda-0d14d8ae1790" testName="SecurityWebApi_GetTenantsAsync_LengthOfAParNumberExceedsMaximum_ReturnsBadRequest_478039" computerName="ARAMK2" duration="00:00:00.6981551" startTime="2015-08-27T16:35:51.6552223-07:00" endTime="2015-08-27T16:35:52.3557217-07:00" testType="13cdc9d9-ddb5-4fa4-a97d-d965ccfc6d4b" outcome="Failed" testListId="8c84fa94-04c1-424b-9868-57a2d4851a1d" relativeResultsDirectory="562b71ca-1e09-4f6a-b206-13819cd30042">
      <Output>
        <DebugTrace>Info::  CorrelationId:849a0c75-a440-47f3-b653-cfd48375db84
Info::  Building URI for GetTenants
Info::  Calling the Get Request using URI and authentication header
QTAgent32.exe Information: 0 : === Token Acquisition started. Correlation ID: 79ef5d0a-76b5-491f-afc6-f06ab6f0de90
QTAgent32.exe Information: 0 : A matching token was found in the cache. Correlation ID: 79ef5d0a-76b5-491f-afc6-f06ab6f0de90
QTAgent32.exe Information: 0 : Access Token with hash '/rfBRIBBDmYuH3sSv9ihtvIa86nvL+iZLZ5juC5qVjE=' and Refresh Token with hash 'NYw50ChzdC2ZGMIecJcR1glcBpmstuvRxS3AEcA9RLg=' returned. Correlation ID: 79ef5d0a-76b5-491f-afc6-f06ab6f0de90
</DebugTrace>
        <ErrorInfo>
          <Message>Assert.AreEqual failed. Expected:&lt;Passed&gt;. Actual:&lt;Failed&gt;. </Message>
          <StackTrace>   at Glider.Logger.Logger.EndTestCase(ProductStudioConfiguration psDetail, Boolean assertTest)
   at Glider.Logger.Logger.EndTestCase(Boolean assertTest)
   at Glider.TestClassBase.TestCleanUp()
</StackTrace>
        </ErrorInfo>
      </Output>
    </UnitTestResult>
    <UnitTestResult executionId="3f0a11ac-2043-4325-a23d-0a7cbae7cb60" testId="3b0f0683-d8d9-1ae7-6ae5-6dc93369ef0a" testName="SecurityWebApi_GetTenantsAsync_ParAndDomainNameAreProvided_ApiIgnoresParAndUsesDomainNameForSearch_478037" computerName="ARAMK2" duration="00:00:01.5916351" startTime="2015-08-27T16:35:52.3577244-07:00" endTime="2015-08-27T16:35:53.9518680-07:00" testType="13cdc9d9-ddb5-4fa4-a97d-d965ccfc6d4b" outcome="Failed" testListId="8c84fa94-04c1-424b-9868-57a2d4851a1d" relativeResultsDirectory="3f0a11ac-2043-4325-a23d-0a7cbae7cb60">
      <Output>
        <DebugTrace>Info::  CorrelationId:5c27966d-67ed-4e21-9cbb-c042a918e056
Info::  Building URI for GetTenants
Info::  Calling the Get Request using URI and authentication header
QTAgent32.exe Information: 0 : === Token Acquisition started. Correlation ID: 0859ec7b-539b-4768-9111-a0f17e823722
QTAgent32.exe Information: 0 : A matching token was found in the cache. Correlation ID: 0859ec7b-539b-4768-9111-a0f17e823722
QTAgent32.exe Information: 0 : Access Token with hash '/rfBRIBBDmYuH3sSv9ihtvIa86nvL+iZLZ5juC5qVjE=' and Refresh Token with hash 'NYw50ChzdC2ZGMIecJcR1glcBpmstuvRxS3AEcA9RLg=' returned. Correlation ID: 0859ec7b-539b-4768-9111-a0f17e823722
</DebugTrace>
        <ErrorInfo>
          <Message>Assert.AreEqual failed. Expected:&lt;Passed&gt;. Actual:&lt;Failed&gt;. </Message>
          <StackTrace>   at Glider.Logger.Logger.EndTestCase(ProductStudioConfiguration psDetail, Boolean assertTest)
   at Glider.Logger.Logger.EndTestCase(Boolean assertTest)
   at Glider.TestClassBase.TestCleanUp()
</StackTrace>
        </ErrorInfo>
      </Output>
    </UnitTestResult>
    <UnitTestResult executionId="073577ac-0ae6-4efe-99f6-0b389ca8ae20" testId="c9740a89-1de4-1b3c-a99c-da60c10066f3" testName="SecurityWebApi_PostTenant_InvitationKeyIsInvalid_ReturnsInternalServerError_517236" computerName="ARAMK2" duration="00:00:01.3193358" startTime="2015-08-27T16:35:53.9558661-07:00" endTime="2015-08-27T16:35:55.2768096-07:00" testType="13cdc9d9-ddb5-4fa4-a97d-d965ccfc6d4b" outcome="Failed" testListId="8c84fa94-04c1-424b-9868-57a2d4851a1d" relativeResultsDirectory="073577ac-0ae6-4efe-99f6-0b389ca8ae20">
      <Output>
        <DebugTrace>Info::  CorrelationId:072061a7-74a7-407b-951a-45655d4053d2
QTAgent32.exe Information: 0 : === Token Acquisition started. Correlation ID: 316e3c6b-f144-4844-a6b9-c5b06334fc4e
QTAgent32.exe Information: 0 : Access Token with hash 'q1AYfCO1HEixHfZB7EG5uHnpEqUqGRL8cZw0DLgHkio=' returned. Correlation ID: 316e3c6b-f144-4844-a6b9-c5b06334fc4e
</DebugTrace>
        <ErrorInfo>
          <Message>Assert.AreEqual failed. Expected:&lt;Passed&gt;. Actual:&lt;Failed&gt;. </Message>
          <StackTrace>   at Glider.Logger.Logger.EndTestCase(ProductStudioConfiguration psDetail, Boolean assertTest)
   at Glider.Logger.Logger.EndTestCase(Boolean assertTest)
   at Glider.TestClassBase.TestCleanUp()
</StackTrace>
        </ErrorInfo>
      </Output>
    </UnitTestResult>
    <UnitTestResult executionId="7e7bf947-d78b-431d-b5b1-14b92950897d" testId="e882d4a6-e5c2-35ee-a77f-364b1ebfcfeb" testName="SecurityWebApi_PostTenant_InvitationKeyIsNotFound_ReturnsInternalServerError_507810" computerName="ARAMK2" duration="00:00:00.8475355" startTime="2015-08-27T16:35:55.2788113-07:00" endTime="2015-08-27T16:35:56.1284198-07:00" testType="13cdc9d9-ddb5-4fa4-a97d-d965ccfc6d4b" outcome="Failed" testListId="8c84fa94-04c1-424b-9868-57a2d4851a1d" relativeResultsDirectory="7e7bf947-d78b-431d-b5b1-14b92950897d">
      <Output>
        <DebugTrace>Info::  CorrelationId:5fad8c19-2f3e-445a-9f22-ef1ee23616b7
QTAgent32.exe Information: 0 : === Token Acquisition started. Correlation ID: 77cd586e-22b2-405d-9f86-eabfbbebd028
QTAgent32.exe Information: 0 : A matching token was found in the cache. Correlation ID: 77cd586e-22b2-405d-9f86-eabfbbebd028
QTAgent32.exe Information: 0 : Access Token with hash 'q1AYfCO1HEixHfZB7EG5uHnpEqUqGRL8cZw0DLgHkio=' returned. Correlation ID: 77cd586e-22b2-405d-9f86-eabfbbebd028
</DebugTrace>
        <ErrorInfo>
          <Message>Assert.AreEqual failed. Expected:&lt;Passed&gt;. Actual:&lt;Failed&gt;. </Message>
          <StackTrace>   at Glider.Logger.Logger.EndTestCase(ProductStudioConfiguration psDetail, Boolean assertTest)
   at Glider.Logger.Logger.EndTestCase(Boolean assertTest)
   at Glider.TestClassBase.TestCleanUp()
</StackTrace>
        </ErrorInfo>
      </Output>
    </UnitTestResult>
    <UnitTestResult executionId="3c942fa1-1856-42ca-ba39-e8cecff851aa" testId="78c1716d-5f0c-9b59-3c55-26d3d5ec131b" testName="SecurityWebApi_PostTenant_InvitationStatusIsExpired_ReturnsInternalServerError_517237" computerName="ARAMK2" duration="00:00:03.6662918" startTime="2015-08-27T16:35:56.1324217-07:00" endTime="2015-08-27T16:35:59.8003469-07:00" testType="13cdc9d9-ddb5-4fa4-a97d-d965ccfc6d4b" outcome="Failed" testListId="8c84fa94-04c1-424b-9868-57a2d4851a1d" relativeResultsDirectory="3c942fa1-1856-42ca-ba39-e8cecff851aa">
      <Output>
        <DebugTrace>Info::  CorrelationId:ed0f69a6-a188-422b-8fbc-b4a66577b059
QTAgent32.exe Information: 0 : === Token Acquisition started. Correlation ID: 62c7a971-c950-4ed7-aeaa-c28f8b3ae09e
QTAgent32.exe Information: 0 : A matching token was found in the cache. Correlation ID: 62c7a971-c950-4ed7-aeaa-c28f8b3ae09e
QTAgent32.exe Information: 0 : Access Token with hash 'q1AYfCO1HEixHfZB7EG5uHnpEqUqGRL8cZw0DLgHkio=' returned. Correlation ID: 62c7a971-c950-4ed7-aeaa-c28f8b3ae09e
Info::  478044 Ended.
</DebugTrace>
        <ErrorInfo>
          <Message>Assert.AreEqual failed. Expected:&lt;Passed&gt;. Actual:&lt;Failed&gt;. 
Assert.AreEqual failed. Expected:&lt;Passed&gt;. Actual:&lt;Failed&gt;. </Message>
          <StackTrace>   at Glider.Logger.Logger.EndTestCase(ProductStudioConfiguration psDetail, Boolean assertTest)
   at Glider.Logger.Logger.EndTestCase(Boolean assertTest)
   at Laminar.Automation.Services.SecurityWebApi.Test.TestMethods.TenantEndPointsTest.&lt;SecurityWebApi_PostTenant_InvitationStatusIsExpired_ReturnsInternalServerError_517237&gt;d__11d.MoveNext() in c:\NGVL\SQA\Automation\Main\Laminar.Automation\Laminar.Automation.Services.SecurityWebApi.Test\TestMethods\TenantEndPointsTest.cs:line 992
--- End of stack trace from previous location where exception was thrown ---
   at System.Runtime.CompilerServices.TaskAwaiter.ThrowForNonSuccess(Task task)
   at System.Runtime.CompilerServices.TaskAwaiter.HandleNonSuccessAndDebuggerNotification(Task task)
   at System.Runtime.CompilerServices.TaskAwaiter.GetResult()

TestCleanup Stack Trace
   at Glider.Logger.Logger.EndTestCase(ProductStudioConfiguration psDetail, Boolean assertTest)
   at Glider.Logger.Logger.EndTestCase(Boolean assertTest)
   at Glider.TestClassBase.TestCleanUp()
</StackTrace>
        </ErrorInfo>
      </Output>
    </UnitTestResult>
    <UnitTestResult executionId="d9b8264a-d020-41b4-9643-9b27c237f27e" testId="937c0fa8-828e-2670-1692-ea5dba5c4440" testName="SecurityWebApi_PostTenant_InvitationStatusIsPending_CreatesTenant_507813" computerName="ARAMK2" duration="00:00:00.1719089" startTime="2015-08-27T16:35:59.8053505-07:00" endTime="2015-08-27T16:35:59.9786712-07:00" testType="13cdc9d9-ddb5-4fa4-a97d-d965ccfc6d4b" outcome="Failed" testListId="8c84fa94-04c1-424b-9868-57a2d4851a1d" relativeResultsDirectory="d9b8264a-d020-41b4-9643-9b27c237f27e">
      <Output>
        <StdOut>Exception:Microsoft.VisualStudio.TestTools.UnitTesting.AssertFailedException: Assert.IsTrue failed. 
   at Microsoft.VisualStudio.TestTools.UnitTesting.Assert.HandleFailure(String assertionName, String message)
   at Microsoft.VisualStudio.TestTools.UnitTesting.Assert.IsTrue(Boolean condition)
   at Laminar.Automation.Services.SecurityWebApi.Test.TestMethods.TenantEndPointsTest.&lt;SecurityWebApi_PostTenant_InvitationStatusIsPending_CreatesTenant_507813&gt;d__d9.MoveNext() in c:\NGVL\SQA\Automation\Main\Laminar.Automation\Laminar.Automation.Services.SecurityWebApi.Test\TestMethods\TenantEndPointsTest.cs:line 756</StdOut>
        <DebugTrace>Info::  CorrelationId:dcf4acb2-74e1-4159-9383-0862fa6351ec
Info::  Executing query for Account Information from the DB.
</DebugTrace>
        <ErrorInfo>
          <Message>Assert.Fail failed. 
Assert.AreEqual failed. Expected:&lt;Passed&gt;. Actual:&lt;Failed&gt;. </Message>
          <StackTrace>   at Laminar.Automation.Services.SecurityWebApi.Test.TestMethods.TenantEndPointsTest.&lt;SecurityWebApi_PostTenant_InvitationStatusIsPending_CreatesTenant_507813&gt;d__d9.MoveNext() in c:\NGVL\SQA\Automation\Main\Laminar.Automation\Laminar.Automation.Services.SecurityWebApi.Test\TestMethods\TenantEndPointsTest.cs:line 789
--- End of stack trace from previous location where exception was thrown ---
   at System.Runtime.CompilerServices.TaskAwaiter.ThrowForNonSuccess(Task task)
   at System.Runtime.CompilerServices.TaskAwaiter.HandleNonSuccessAndDebuggerNotification(Task task)
   at System.Runtime.CompilerServices.TaskAwaiter.GetResult()

TestCleanup Stack Trace
   at Glider.Logger.Logger.EndTestCase(ProductStudioConfiguration psDetail, Boolean assertTest)
   at Glider.Logger.Logger.EndTestCase(Boolean assertTest)
   at Glider.TestClassBase.TestCleanUp()
</StackTrace>
        </ErrorInfo>
      </Output>
    </UnitTestResult>
    <UnitTestResult executionId="1493d612-b443-4c26-8ed6-8042ea2010b8" testId="e7c6a9b8-1bbe-d589-a53f-aa9faa3fbaa3" testName="SecurityWebApi_PostTenant_InvitationStatusIsRenewed_CreatesTenant_517259" computerName="ARAMK2" duration="00:00:00.4925751" startTime="2015-08-27T16:35:59.9816730-07:00" endTime="2015-08-27T16:36:00.4760270-07:00" testType="13cdc9d9-ddb5-4fa4-a97d-d965ccfc6d4b" outcome="Failed" testListId="8c84fa94-04c1-424b-9868-57a2d4851a1d" relativeResultsDirectory="1493d612-b443-4c26-8ed6-8042ea2010b8">
      <Output>
        <StdOut>Exception:Microsoft.VisualStudio.TestTools.UnitTesting.AssertFailedException: Assert.IsTrue failed. 
   at Microsoft.VisualStudio.TestTools.UnitTesting.Assert.HandleFailure(String assertionName, String message)
   at Microsoft.VisualStudio.TestTools.UnitTesting.Assert.IsTrue(Boolean condition)
   at Laminar.Automation.Services.SecurityWebApi.Test.TestMethods.TenantEndPointsTest.&lt;SecurityWebApi_PostTenant_InvitationStatusIsRenewed_CreatesTenant_517259&gt;d__fa.MoveNext() in c:\NGVL\SQA\Automation\Main\Laminar.Automation\Laminar.Automation.Services.SecurityWebApi.Test\TestMethods\TenantEndPointsTest.cs:line 873</StdOut>
        <DebugTrace>Info::  CorrelationId:ab503c25-11bd-4016-a88c-7c3439699e9e
Info::  Executing query for Account Information from the DB.
</DebugTrace>
        <ErrorInfo>
          <Message>Assert.Fail failed. 
Assert.AreEqual failed. Expected:&lt;Passed&gt;. Actual:&lt;Failed&gt;. </Message>
          <StackTrace>   at Laminar.Automation.Services.SecurityWebApi.Test.TestMethods.TenantEndPointsTest.&lt;SecurityWebApi_PostTenant_InvitationStatusIsRenewed_CreatesTenant_517259&gt;d__fa.MoveNext() in c:\NGVL\SQA\Automation\Main\Laminar.Automation\Laminar.Automation.Services.SecurityWebApi.Test\TestMethods\TenantEndPointsTest.cs:line 906
--- End of stack trace from previous location where exception was thrown ---
   at System.Runtime.CompilerServices.TaskAwaiter.ThrowForNonSuccess(Task task)
   at System.Runtime.CompilerServices.TaskAwaiter.HandleNonSuccessAndDebuggerNotification(Task task)
   at System.Runtime.CompilerServices.TaskAwaiter.GetResult()

TestCleanup Stack Trace
   at Glider.Logger.Logger.EndTestCase(ProductStudioConfiguration psDetail, Boolean assertTest)
   at Glider.Logger.Logger.EndTestCase(Boolean assertTest)
   at Glider.TestClassBase.TestCleanUp()
</StackTrace>
        </ErrorInfo>
      </Output>
    </UnitTestResult>
    <UnitTestResult executionId="216e9bd5-35e9-48d9-936b-086534579302" testId="21b5448a-9b86-7aca-1df8-b0df5707fa5b" testName="SecurityWebApi_PostTenant_TenantLanguageAndCountryDoNotMatch_ReturnsInternalServerError_517258" computerName="ARAMK2" duration="00:00:02.4666510" startTime="2015-08-27T16:36:00.4790291-07:00" endTime="2015-08-27T16:36:02.9468051-07:00" testType="13cdc9d9-ddb5-4fa4-a97d-d965ccfc6d4b" outcome="Failed" testListId="8c84fa94-04c1-424b-9868-57a2d4851a1d" relativeResultsDirectory="216e9bd5-35e9-48d9-936b-086534579302">
      <Output>
        <DebugTrace>Info::  CorrelationId:35d445bb-ee2d-4e75-81b2-d2a0a5011c2e
QTAgent32.exe Information: 0 : === Token Acquisition started. Correlation ID: 78cb0fff-1527-4803-bdd5-f6dfef6988bb
QTAgent32.exe Information: 0 : A matching token was found in the cache. Correlation ID: 78cb0fff-1527-4803-bdd5-f6dfef6988bb
QTAgent32.exe Information: 0 : Access Token with hash 'q1AYfCO1HEixHfZB7EG5uHnpEqUqGRL8cZw0DLgHkio=' returned. Correlation ID: 78cb0fff-1527-4803-bdd5-f6dfef6988bb
</DebugTrace>
        <ErrorInfo>
          <Message>Assert.AreEqual failed. Expected:&lt;Passed&gt;. Actual:&lt;Failed&gt;. </Message>
          <StackTrace>   at Glider.Logger.Logger.EndTestCase(ProductStudioConfiguration psDetail, Boolean assertTest)
   at Glider.Logger.Logger.EndTestCase(Boolean assertTest)
   at Glider.TestClassBase.TestCleanUp()
</StackTrace>
        </ErrorInfo>
      </Output>
    </UnitTestResult>
    <UnitTestResult executionId="eb1d43a8-b86d-48db-8bfb-cf8ba5171c2f" testId="44673783-2f1b-bec9-a985-868a2abd4536" testName="SecurityWebApi_PostTenant_WithInviteKeyInPendingStatus_CreatesTenant_507813" computerName="ARAMK2" duration="00:00:00.5847680" startTime="2015-08-27T16:36:02.9497947-07:00" endTime="2015-08-27T16:36:03.5362136-07:00" testType="13cdc9d9-ddb5-4fa4-a97d-d965ccfc6d4b" outcome="Failed" testListId="8c84fa94-04c1-424b-9868-57a2d4851a1d" relativeResultsDirectory="eb1d43a8-b86d-48db-8bfb-cf8ba5171c2f">
      <Output>
        <StdOut>Exception:Microsoft.VisualStudio.TestTools.UnitTesting.AssertFailedException: Assert.AreEqual failed. Expected:&lt;Created&gt;. Actual:&lt;Unauthorized&gt;. Service Response Is: Unauthorized
   at Microsoft.VisualStudio.TestTools.UnitTesting.Assert.HandleFailure(String assertionName, String message)
   at Microsoft.VisualStudio.TestTools.UnitTesting.Assert.AreEqual[T](T expected, T actual, String message, Object[] parameters)
   at Microsoft.VisualStudio.TestTools.UnitTesting.Assert.AreEqual[T](T expected, T actual, String message)
   at Laminar.Automation.Services.SecurityWebApi.Test.TestMethods.TenantEndPointsTest.&lt;SecurityWebApi_PostTenant_WithInviteKeyInPendingStatus_CreatesTenant_507813&gt;d__f2.MoveNext() in c:\NGVL\SQA\Automation\Main\Laminar.Automation\Laminar.Automation.Services.SecurityWebApi.Test\TestMethods\TenantEndPointsTest.cs:line 826</StdOut>
        <DebugTrace>Info::  CorrelationId:bec2184a-4bab-42c5-8250-b45af84ac1f7
Info::  Building URI for CreateTenant
Info::  Calling the Post Tenant Request using URI and authentication header
QTAgent32.exe Information: 0 : === Token Acquisition started. Correlation ID: 7fa83a55-88a0-46fa-bf26-f046cbeb015d
QTAgent32.exe Information: 0 : A matching token was found in the cache. Correlation ID: 7fa83a55-88a0-46fa-bf26-f046cbeb015d
QTAgent32.exe Information: 0 : Access Token with hash 'q1AYfCO1HEixHfZB7EG5uHnpEqUqGRL8cZw0DLgHkio=' returned. Correlation ID: 7fa83a55-88a0-46fa-bf26-f046cbeb015d
</DebugTrace>
        <ErrorInfo>
          <Message>Assert.Fail failed. 
Assert.AreEqual failed. Expected:&lt;Passed&gt;. Actual:&lt;Failed&gt;. </Message>
          <StackTrace>   at Laminar.Automation.Services.SecurityWebApi.Test.TestMethods.TenantEndPointsTest.&lt;SecurityWebApi_PostTenant_WithInviteKeyInPendingStatus_CreatesTenant_507813&gt;d__f2.MoveNext() in c:\NGVL\SQA\Automation\Main\Laminar.Automation\Laminar.Automation.Services.SecurityWebApi.Test\TestMethods\TenantEndPointsTest.cs:line 833
--- End of stack trace from previous location where exception was thrown ---
   at System.Runtime.CompilerServices.TaskAwaiter.ThrowForNonSuccess(Task task)
   at System.Runtime.CompilerServices.TaskAwaiter.HandleNonSuccessAndDebuggerNotification(Task task)
   at System.Runtime.CompilerServices.TaskAwaiter.GetResult()

TestCleanup Stack Trace
   at Glider.Logger.Logger.EndTestCase(ProductStudioConfiguration psDetail, Boolean assertTest)
   at Glider.Logger.Logger.EndTestCase(Boolean assertTest)
   at Glider.TestClassBase.TestCleanUp()
</StackTrace>
        </ErrorInfo>
      </Output>
    </UnitTestResult>
    <UnitTestResult executionId="0831d088-142c-4a5b-8f99-4b7e6bc66cf9" testId="a710f029-6d0f-90c0-6f57-949ca8920279" testName="SecurityWebApi_DeleteTenantMap_HappyPath_Success_625191" computerName="ARAMK2" duration="00:00:00.7827756" startTime="2015-08-27T16:36:03.5402171-07:00" endTime="2015-08-27T16:36:04.3247772-07:00" testType="13cdc9d9-ddb5-4fa4-a97d-d965ccfc6d4b" outcome="Failed" testListId="8c84fa94-04c1-424b-9868-57a2d4851a1d" relativeResultsDirectory="0831d088-142c-4a5b-8f99-4b7e6bc66cf9">
      <Output>
        <DebugTrace>Info::  CorrelationId:7901463b-f44a-4f23-b8ef-c5a61c057478
QTAgent32.exe Information: 0 : === Token Acquisition started. Correlation ID: e03ffd04-e260-42cd-b301-ca4e5a8f0447
QTAgent32.exe Information: 0 : A matching token was found in the cache. Correlation ID: e03ffd04-e260-42cd-b301-ca4e5a8f0447
QTAgent32.exe Information: 0 : Access Token with hash 'vNZLFbtqEwp68ZY115sgO8B/JLmTpiyEthps89ujw3g=' and Refresh Token with hash 'tjT1RzfFVI9CubGlQIkqjpHd/8+y0RgAFCIWdGidU3U=' returned. Correlation ID: e03ffd04-e260-42cd-b301-ca4e5a8f0447
</DebugTrace>
        <ErrorInfo>
          <Message>Assert.AreEqual failed. Expected:&lt;OK&gt;. Actual:&lt;NotFound&gt;. 
Assert.AreEqual failed. Expected:&lt;Passed&gt;. Actual:&lt;Failed&gt;. </Message>
          <StackTrace>   at Laminar.Automation.Services.SecurityWebApi.Test.TestMethods.TenantMapTest.&lt;SecurityWebApi_DeleteTenantMap_HappyPath_Success_625191&gt;d__d6.MoveNext() in c:\NGVL\SQA\Automation\Main\Laminar.Automation\Laminar.Automation.Services.SecurityWebApi.Test\TestMethods\TenantMapTest.cs:line 826
--- End of stack trace from previous location where exception was thrown ---
   at System.Runtime.CompilerServices.TaskAwaiter.ThrowForNonSuccess(Task task)
   at System.Runtime.CompilerServices.TaskAwaiter.HandleNonSuccessAndDebuggerNotification(Task task)
   at System.Runtime.CompilerServices.TaskAwaiter.GetResult()

TestCleanup Stack Trace
   at Glider.Logger.Logger.EndTestCase(ProductStudioConfiguration psDetail, Boolean assertTest)
   at Glider.Logger.Logger.EndTestCase(Boolean assertTest)
   at Glider.TestClassBase.TestCleanUp()
</StackTrace>
        </ErrorInfo>
      </Output>
    </UnitTestResult>
    <UnitTestResult executionId="b285e5f2-2faf-4733-a284-d5eac41b55b2" testId="e95a6bca-741f-991a-2e9a-2178f2498031" testName="SecurityWebApi_DeleteTenantMap_NewTenantIdNotExists_Fails_625196" computerName="ARAMK2" duration="00:00:00.6878304" startTime="2015-08-27T16:36:04.3277925-07:00" endTime="2015-08-27T16:36:05.0172725-07:00" testType="13cdc9d9-ddb5-4fa4-a97d-d965ccfc6d4b" outcome="Failed" testListId="8c84fa94-04c1-424b-9868-57a2d4851a1d" relativeResultsDirectory="b285e5f2-2faf-4733-a284-d5eac41b55b2">
      <Output>
        <DebugTrace>Info::  CorrelationId:9fe90a0d-e74f-4ce1-8d91-f13ee1a0e3ba
QTAgent32.exe Information: 0 : === Token Acquisition started. Correlation ID: 0e0a2040-8064-40ba-bc4d-19cca3528043
QTAgent32.exe Information: 0 : A matching token was found in the cache. Correlation ID: 0e0a2040-8064-40ba-bc4d-19cca3528043
QTAgent32.exe Information: 0 : Access Token with hash 'vNZLFbtqEwp68ZY115sgO8B/JLmTpiyEthps89ujw3g=' and Refresh Token with hash 'tjT1RzfFVI9CubGlQIkqjpHd/8+y0RgAFCIWdGidU3U=' returned. Correlation ID: 0e0a2040-8064-40ba-bc4d-19cca3528043
</DebugTrace>
        <ErrorInfo>
          <Message>Assert.AreEqual failed. Expected:&lt;Passed&gt;. Actual:&lt;Failed&gt;. </Message>
          <StackTrace>   at Glider.Logger.Logger.EndTestCase(ProductStudioConfiguration psDetail, Boolean assertTest)
   at Glider.Logger.Logger.EndTestCase(Boolean assertTest)
   at Glider.TestClassBase.TestCleanUp()
</StackTrace>
        </ErrorInfo>
      </Output>
    </UnitTestResult>
    <UnitTestResult executionId="66e6b81e-3e83-44b2-a82c-69e9b9e8eb5e" testId="20a97544-60d2-94fb-3a53-18ddacd80261" testName="SecurityWebApi_DeleteTenantMap_NoAuthToken_Fails_625193" computerName="ARAMK2" duration="00:00:00.3886050" startTime="2015-08-27T16:36:05.0202746-07:00" endTime="2015-08-27T16:36:05.4114109-07:00" testType="13cdc9d9-ddb5-4fa4-a97d-d965ccfc6d4b" outcome="Failed" testListId="8c84fa94-04c1-424b-9868-57a2d4851a1d" relativeResultsDirectory="66e6b81e-3e83-44b2-a82c-69e9b9e8eb5e">
      <Output>
        <DebugTrace>Info::  CorrelationId:ee156b22-99df-4e10-bcc6-1e5307f2b921
</DebugTrace>
        <ErrorInfo>
          <Message>Assert.AreEqual failed. Expected:&lt;Passed&gt;. Actual:&lt;Failed&gt;. </Message>
          <StackTrace>   at Glider.Logger.Logger.EndTestCase(ProductStudioConfiguration psDetail, Boolean assertTest)
   at Glider.Logger.Logger.EndTestCase(Boolean assertTest)
   at Glider.TestClassBase.TestCleanUp()
</StackTrace>
        </ErrorInfo>
      </Output>
    </UnitTestResult>
    <UnitTestResult executionId="a947ecf0-0625-4fad-a9b6-7c75aa706b38" testId="807eaf27-d81a-3795-da3c-ae1c123e3fc4" testName="SecurityWebApi_DeleteTenantMap_NoProperPermission_Fails_625194" computerName="ARAMK2" duration="00:00:00.6860747" startTime="2015-08-27T16:36:05.4154131-07:00" endTime="2015-08-27T16:36:06.1039052-07:00" testType="13cdc9d9-ddb5-4fa4-a97d-d965ccfc6d4b" outcome="Failed" testListId="8c84fa94-04c1-424b-9868-57a2d4851a1d" relativeResultsDirectory="a947ecf0-0625-4fad-a9b6-7c75aa706b38">
      <Output>
        <DebugTrace>Info::  CorrelationId:dda6a776-4e64-40de-a17d-2816f769aa81
QTAgent32.exe Information: 0 : === Token Acquisition started. Correlation ID: df70fad0-8f90-4173-a449-02751119b629
QTAgent32.exe Information: 0 : A matching token was found in the cache. Correlation ID: df70fad0-8f90-4173-a449-02751119b629
QTAgent32.exe Information: 0 : Access Token with hash 'MBMjBiLgWCtTsHMcxQnTRd5uRB7J+1CToQLcEWlPzhk=' and Refresh Token with hash 'ZedIWHIa6ZrHXWfLAsWdE56BTqqBt0C1xpF+Hs9+TBU=' returned. Correlation ID: df70fad0-8f90-4173-a449-02751119b629
</DebugTrace>
        <ErrorInfo>
          <Message>Assert.AreEqual failed. Expected:&lt;Passed&gt;. Actual:&lt;Failed&gt;. </Message>
          <StackTrace>   at Glider.Logger.Logger.EndTestCase(ProductStudioConfiguration psDetail, Boolean assertTest)
   at Glider.Logger.Logger.EndTestCase(Boolean assertTest)
   at Glider.TestClassBase.TestCleanUp()
</StackTrace>
        </ErrorInfo>
      </Output>
    </UnitTestResult>
    <UnitTestResult executionId="d8605427-b1ae-4ab5-a2e3-bb172dff3ac3" testId="92c5ed69-4ad0-5115-004b-67ecf0dddba3" testName="SecurityWebApi_DeleteTenantMap_NotProperPayload_Fails_625192" computerName="ARAMK2" duration="00:00:02.1484997" startTime="2015-08-27T16:36:06.1069086-07:00" endTime="2015-08-27T16:36:08.2574470-07:00" testType="13cdc9d9-ddb5-4fa4-a97d-d965ccfc6d4b" outcome="Failed" testListId="8c84fa94-04c1-424b-9868-57a2d4851a1d" relativeResultsDirectory="d8605427-b1ae-4ab5-a2e3-bb172dff3ac3">
      <Output>
        <DebugTrace>Info::  CorrelationId:93c22b09-9cb8-403f-8bb6-353bd63d0f9d
QTAgent32.exe Information: 0 : === Token Acquisition started. Correlation ID: ebb3dc60-83b6-4270-9e1b-e82b439e6061
QTAgent32.exe Information: 0 : A matching token was found in the cache. Correlation ID: ebb3dc60-83b6-4270-9e1b-e82b439e6061
QTAgent32.exe Information: 0 : Access Token with hash 'vNZLFbtqEwp68ZY115sgO8B/JLmTpiyEthps89ujw3g=' and Refresh Token with hash 'tjT1RzfFVI9CubGlQIkqjpHd/8+y0RgAFCIWdGidU3U=' returned. Correlation ID: ebb3dc60-83b6-4270-9e1b-e82b439e6061
QTAgent32.exe Information: 0 : === Token Acquisition started. Correlation ID: 8a9aa5cf-6408-4d6b-8d96-29911b909972
QTAgent32.exe Information: 0 : A matching token was found in the cache. Correlation ID: 8a9aa5cf-6408-4d6b-8d96-29911b909972
QTAgent32.exe Information: 0 : Access Token with hash 'vNZLFbtqEwp68ZY115sgO8B/JLmTpiyEthps89ujw3g=' and Refresh Token with hash 'tjT1RzfFVI9CubGlQIkqjpHd/8+y0RgAFCIWdGidU3U=' returned. Correlation ID: 8a9aa5cf-6408-4d6b-8d96-29911b909972
QTAgent32.exe Information: 0 : === Token Acquisition started. Correlation ID: 5b05a6d4-1fe3-4af1-a2e9-3ee8c1d52a22
QTAgent32.exe Information: 0 : A matching token was found in the cache. Correlation ID: 5b05a6d4-1fe3-4af1-a2e9-3ee8c1d52a22
QTAgent32.exe Information: 0 : Access Token with hash 'vNZLFbtqEwp68ZY115sgO8B/JLmTpiyEthps89ujw3g=' and Refresh Token with hash 'tjT1RzfFVI9CubGlQIkqjpHd/8+y0RgAFCIWdGidU3U=' returned. Correlation ID: 5b05a6d4-1fe3-4af1-a2e9-3ee8c1d52a22
</DebugTrace>
        <ErrorInfo>
          <Message>Assert.AreEqual failed. Expected:&lt;Passed&gt;. Actual:&lt;Failed&gt;. </Message>
          <StackTrace>   at Glider.Logger.Logger.EndTestCase(ProductStudioConfiguration psDetail, Boolean assertTest)
   at Glider.Logger.Logger.EndTestCase(Boolean assertTest)
   at Glider.TestClassBase.TestCleanUp()
</StackTrace>
        </ErrorInfo>
      </Output>
    </UnitTestResult>
    <UnitTestResult executionId="f91023dc-0e42-4f84-8690-83cacd479c8c" testId="060aa4ec-75f9-0266-1bf9-eae5260be96f" testName="SecurityWebApi_GetTenantMapBySearchCriteria_CorrelationIDInResponseWhenNotInRequest_491069" computerName="ARAMK2" duration="00:00:00.9312166" startTime="2015-08-27T16:36:08.2614605-07:00" endTime="2015-08-27T16:36:09.1939895-07:00" testType="13cdc9d9-ddb5-4fa4-a97d-d965ccfc6d4b" outcome="Failed" testListId="8c84fa94-04c1-424b-9868-57a2d4851a1d" relativeResultsDirectory="f91023dc-0e42-4f84-8690-83cacd479c8c">
      <Output>
        <DebugTrace>Info::  CorrelationId:f64f90ad-f748-4f52-a452-7ba33e2e4ed1
QTAgent32.exe Information: 0 : === Token Acquisition started. Correlation ID: 47bb5ac1-5b99-44d0-bdec-ae9bc7773530
QTAgent32.exe Information: 0 : A matching token was found in the cache. Correlation ID: 47bb5ac1-5b99-44d0-bdec-ae9bc7773530
QTAgent32.exe Information: 0 : Access Token with hash '/rfBRIBBDmYuH3sSv9ihtvIa86nvL+iZLZ5juC5qVjE=' and Refresh Token with hash 'NYw50ChzdC2ZGMIecJcR1glcBpmstuvRxS3AEcA9RLg=' returned. Correlation ID: 47bb5ac1-5b99-44d0-bdec-ae9bc7773530
</DebugTrace>
        <ErrorInfo>
          <Message>Assert.AreEqual failed. Expected:&lt;Passed&gt;. Actual:&lt;Failed&gt;. </Message>
          <StackTrace>   at Glider.Logger.Logger.EndTestCase(ProductStudioConfiguration psDetail, Boolean assertTest)
   at Glider.Logger.Logger.EndTestCase(Boolean assertTest)
   at Glider.TestClassBase.TestCleanUp()
</StackTrace>
        </ErrorInfo>
      </Output>
    </UnitTestResult>
    <UnitTestResult executionId="30ca2cdd-80d9-46ce-9a8e-396f58f129e3" testId="f5451f38-f8f1-f8c4-8038-90f36ea9ccea" testName="SecurityWebApi_GetTenantMapBySearchCriteria_CorrelationIDPersistsToLoggedMessages_EventLogs_491064" computerName="ARAMK2" duration="00:00:06.7093973" startTime="2015-08-27T16:36:09.2166409-07:00" endTime="2015-08-27T16:36:15.9274647-07:00" testType="13cdc9d9-ddb5-4fa4-a97d-d965ccfc6d4b" outcome="Failed" testListId="8c84fa94-04c1-424b-9868-57a2d4851a1d" relativeResultsDirectory="30ca2cdd-80d9-46ce-9a8e-396f58f129e3">
      <Output>
        <DebugTrace>Info::  CorrelationId:5e602c91-7cd3-4baf-adfe-bfe73b079c96
QTAgent32.exe Information: 0 : === Token Acquisition started. Correlation ID: 00fe783f-9dd4-4245-a4c8-d0d5f0c211cd
QTAgent32.exe Information: 0 : A matching token was found in the cache. Correlation ID: 00fe783f-9dd4-4245-a4c8-d0d5f0c211cd
QTAgent32.exe Information: 0 : Access Token with hash '/rfBRIBBDmYuH3sSv9ihtvIa86nvL+iZLZ5juC5qVjE=' and Refresh Token with hash 'NYw50ChzdC2ZGMIecJcR1glcBpmstuvRxS3AEcA9RLg=' returned. Correlation ID: 00fe783f-9dd4-4245-a4c8-d0d5f0c211cd
</DebugTrace>
        <ErrorInfo>
          <Message>Assert.AreEqual failed. Expected:&lt;Passed&gt;. Actual:&lt;Failed&gt;. </Message>
          <StackTrace>   at Glider.Logger.Logger.EndTestCase(ProductStudioConfiguration psDetail, Boolean assertTest)
   at Glider.Logger.Logger.EndTestCase(Boolean assertTest)
   at Glider.TestClassBase.TestCleanUp()
</StackTrace>
        </ErrorInfo>
      </Output>
    </UnitTestResult>
    <UnitTestResult executionId="c352ebc2-b8c7-4945-9787-814ba9f577c2" testId="19e4f2a1-6713-37ef-8eb1-8cd139e82fe0" testName="SecurityWebApi_GetTenantMapBySearchCriteria_CorrelationIDResponseRequestMatch_491065" computerName="ARAMK2" duration="00:00:00.8778933" startTime="2015-08-27T16:36:15.9304668-07:00" endTime="2015-08-27T16:36:16.8107017-07:00" testType="13cdc9d9-ddb5-4fa4-a97d-d965ccfc6d4b" outcome="Failed" testListId="8c84fa94-04c1-424b-9868-57a2d4851a1d" relativeResultsDirectory="c352ebc2-b8c7-4945-9787-814ba9f577c2">
      <Output>
        <DebugTrace>Info::  CorrelationId:c2aca89a-4bb9-4611-8102-1021b6014f71
QTAgent32.exe Information: 0 : === Token Acquisition started. Correlation ID: 88051855-b57c-432c-aa5a-39c08807d41b
QTAgent32.exe Information: 0 : A matching token was found in the cache. Correlation ID: 88051855-b57c-432c-aa5a-39c08807d41b
QTAgent32.exe Information: 0 : Access Token with hash '/rfBRIBBDmYuH3sSv9ihtvIa86nvL+iZLZ5juC5qVjE=' and Refresh Token with hash 'NYw50ChzdC2ZGMIecJcR1glcBpmstuvRxS3AEcA9RLg=' returned. Correlation ID: 88051855-b57c-432c-aa5a-39c08807d41b
</DebugTrace>
        <ErrorInfo>
          <Message>Assert.AreEqual failed. Expected:&lt;Passed&gt;. Actual:&lt;Failed&gt;. </Message>
          <StackTrace>   at Glider.Logger.Logger.EndTestCase(ProductStudioConfiguration psDetail, Boolean assertTest)
   at Glider.Logger.Logger.EndTestCase(Boolean assertTest)
   at Glider.TestClassBase.TestCleanUp()
</StackTrace>
        </ErrorInfo>
      </Output>
    </UnitTestResult>
    <UnitTestResult executionId="e8a5d729-c026-49de-9a5d-6c967a312015" testId="7290f291-986e-e12c-92f1-9ccf46a14c4b" testName="SecurityWebApi_GetTenantMapBySearchCriteria_HappyPath_491080" computerName="ARAMK2" duration="00:00:00.8359033" startTime="2015-08-27T16:36:16.8136869-07:00" endTime="2015-08-27T16:36:17.6513035-07:00" testType="13cdc9d9-ddb5-4fa4-a97d-d965ccfc6d4b" outcome="Failed" testListId="8c84fa94-04c1-424b-9868-57a2d4851a1d" relativeResultsDirectory="e8a5d729-c026-49de-9a5d-6c967a312015">
      <Output>
        <DebugTrace>Info::  CorrelationId:d842cccc-bf51-4c99-9f61-c8e2b7fa6323
QTAgent32.exe Information: 0 : === Token Acquisition started. Correlation ID: aa51f950-3a9a-4a2e-9cdc-787446c94745
QTAgent32.exe Information: 0 : A matching token was found in the cache. Correlation ID: aa51f950-3a9a-4a2e-9cdc-787446c94745
QTAgent32.exe Information: 0 : Access Token with hash '/rfBRIBBDmYuH3sSv9ihtvIa86nvL+iZLZ5juC5qVjE=' and Refresh Token with hash 'NYw50ChzdC2ZGMIecJcR1glcBpmstuvRxS3AEcA9RLg=' returned. Correlation ID: aa51f950-3a9a-4a2e-9cdc-787446c94745
</DebugTrace>
        <ErrorInfo>
          <Message>Assert.AreEqual failed. Expected:&lt;Passed&gt;. Actual:&lt;Failed&gt;. </Message>
          <StackTrace>   at Glider.Logger.Logger.EndTestCase(ProductStudioConfiguration psDetail, Boolean assertTest)
   at Glider.Logger.Logger.EndTestCase(Boolean assertTest)
   at Glider.TestClassBase.TestCleanUp()
</StackTrace>
        </ErrorInfo>
      </Output>
    </UnitTestResult>
    <UnitTestResult executionId="450cdf13-ed00-462a-b844-47ae780ed608" testId="7bdd9f75-0cb8-b59c-defa-3b80fda15227" testName="SecurityWebApi_GetTenantMapBySearchCriteria_HappyPath_491094" computerName="ARAMK2" duration="00:00:02.1119510" startTime="2015-08-27T16:36:17.6533014-07:00" endTime="2015-08-27T16:36:19.7667976-07:00" testType="13cdc9d9-ddb5-4fa4-a97d-d965ccfc6d4b" outcome="Failed" testListId="8c84fa94-04c1-424b-9868-57a2d4851a1d" relativeResultsDirectory="450cdf13-ed00-462a-b844-47ae780ed608">
      <Output>
        <DebugTrace>Info::  CorrelationId:321d2dcc-a8fb-4511-9fab-269cbde093e4
QTAgent32.exe Information: 0 : === Token Acquisition started. Correlation ID: 47c3daed-7374-4d18-a456-4e281e8e7c81
QTAgent32.exe Information: 0 : A matching token was found in the cache. Correlation ID: 47c3daed-7374-4d18-a456-4e281e8e7c81
QTAgent32.exe Information: 0 : Access Token with hash '/rfBRIBBDmYuH3sSv9ihtvIa86nvL+iZLZ5juC5qVjE=' and Refresh Token with hash 'NYw50ChzdC2ZGMIecJcR1glcBpmstuvRxS3AEcA9RLg=' returned. Correlation ID: 47c3daed-7374-4d18-a456-4e281e8e7c81
</DebugTrace>
        <ErrorInfo>
          <Message>Assert.AreEqual failed. Expected:&lt;Passed&gt;. Actual:&lt;Failed&gt;. </Message>
          <StackTrace>   at Glider.Logger.Logger.EndTestCase(ProductStudioConfiguration psDetail, Boolean assertTest)
   at Glider.Logger.Logger.EndTestCase(Boolean assertTest)
   at Glider.TestClassBase.TestCleanUp()
</StackTrace>
        </ErrorInfo>
      </Output>
    </UnitTestResult>
    <UnitTestResult executionId="fe2ff84c-463a-49f3-92a6-86660a5b3a9f" testId="314d0e83-13b1-3d92-9a68-ce36ffb6f972" testName="SecurityWebApi_GetTenantMapBySearchCriteria_MalformedAuthHeader_491050" computerName="ARAMK2" duration="00:00:00.6416641" startTime="2015-08-27T16:36:19.7718188-07:00" endTime="2015-08-27T16:36:20.4152739-07:00" testType="13cdc9d9-ddb5-4fa4-a97d-d965ccfc6d4b" outcome="Failed" testListId="8c84fa94-04c1-424b-9868-57a2d4851a1d" relativeResultsDirectory="fe2ff84c-463a-49f3-92a6-86660a5b3a9f">
      <Output>
        <DebugTrace>Info::  CorrelationId:e635e6cc-ba94-4485-854c-2602e59f4405
QTAgent32.exe Information: 0 : === Token Acquisition started. Correlation ID: 1f6a76a5-9126-47f8-b4e2-c5a0b3c13b6a
QTAgent32.exe Information: 0 : A matching token was found in the cache. Correlation ID: 1f6a76a5-9126-47f8-b4e2-c5a0b3c13b6a
QTAgent32.exe Information: 0 : Access Token with hash '/rfBRIBBDmYuH3sSv9ihtvIa86nvL+iZLZ5juC5qVjE=' and Refresh Token with hash 'NYw50ChzdC2ZGMIecJcR1glcBpmstuvRxS3AEcA9RLg=' returned. Correlation ID: 1f6a76a5-9126-47f8-b4e2-c5a0b3c13b6a
</DebugTrace>
        <ErrorInfo>
          <Message>Assert.AreEqual failed. Expected:&lt;Passed&gt;. Actual:&lt;Failed&gt;. </Message>
          <StackTrace>   at Glider.Logger.Logger.EndTestCase(ProductStudioConfiguration psDetail, Boolean assertTest)
   at Glider.Logger.Logger.EndTestCase(Boolean assertTest)
   at Glider.TestClassBase.TestCleanUp()
</StackTrace>
        </ErrorInfo>
      </Output>
    </UnitTestResult>
    <UnitTestResult executionId="3d812a86-a037-4280-85fb-cfef058ae6fe" testId="2c9de3d0-340d-aa49-4323-8cdebc105d48" testName="SecurityWebApi_GetTenantMapBySearchCriteria_NoAuthHeader_491070" computerName="ARAMK2" duration="00:00:00.6313401" startTime="2015-08-27T16:36:20.4172805-07:00" endTime="2015-08-27T16:36:21.0510498-07:00" testType="13cdc9d9-ddb5-4fa4-a97d-d965ccfc6d4b" outcome="Failed" testListId="8c84fa94-04c1-424b-9868-57a2d4851a1d" relativeResultsDirectory="3d812a86-a037-4280-85fb-cfef058ae6fe">
      <Output>
        <DebugTrace>Info::  CorrelationId:d72240c4-8fd5-4ee1-a39e-ddc22144d5a5
QTAgent32.exe Information: 0 : === Token Acquisition started. Correlation ID: e679087c-87de-46e3-a3d5-733848dd8b53
QTAgent32.exe Information: 0 : A matching token was found in the cache. Correlation ID: e679087c-87de-46e3-a3d5-733848dd8b53
QTAgent32.exe Information: 0 : Access Token with hash '/rfBRIBBDmYuH3sSv9ihtvIa86nvL+iZLZ5juC5qVjE=' and Refresh Token with hash 'NYw50ChzdC2ZGMIecJcR1glcBpmstuvRxS3AEcA9RLg=' returned. Correlation ID: e679087c-87de-46e3-a3d5-733848dd8b53
</DebugTrace>
        <ErrorInfo>
          <Message>Assert.AreEqual failed. Expected:&lt;Passed&gt;. Actual:&lt;Failed&gt;. </Message>
          <StackTrace>   at Glider.Logger.Logger.EndTestCase(ProductStudioConfiguration psDetail, Boolean assertTest)
   at Glider.Logger.Logger.EndTestCase(Boolean assertTest)
   at Glider.TestClassBase.TestCleanUp()
</StackTrace>
        </ErrorInfo>
      </Output>
    </UnitTestResult>
    <UnitTestResult executionId="eedb2cb3-e66b-420b-9ebb-101bede42db1" testId="5dae3404-7d11-e83d-d581-499d58e7dc9c" testName="SecurityWebApi_GetTenantMapBySearchCriteria_NoQueryStringParameters_491075" computerName="ARAMK2" duration="00:00:00.6765494" startTime="2015-08-27T16:36:21.0550350-07:00" endTime="2015-08-27T16:36:21.7330071-07:00" testType="13cdc9d9-ddb5-4fa4-a97d-d965ccfc6d4b" outcome="Failed" testListId="8c84fa94-04c1-424b-9868-57a2d4851a1d" relativeResultsDirectory="eedb2cb3-e66b-420b-9ebb-101bede42db1">
      <Output>
        <DebugTrace>Info::  CorrelationId:ccd41231-980f-47df-a40b-7a40edd8cc75
QTAgent32.exe Information: 0 : === Token Acquisition started. Correlation ID: 1fd08b2d-3999-4ee2-91bc-c8d98332baef
QTAgent32.exe Information: 0 : A matching token was found in the cache. Correlation ID: 1fd08b2d-3999-4ee2-91bc-c8d98332baef
QTAgent32.exe Information: 0 : Access Token with hash '/rfBRIBBDmYuH3sSv9ihtvIa86nvL+iZLZ5juC5qVjE=' and Refresh Token with hash 'NYw50ChzdC2ZGMIecJcR1glcBpmstuvRxS3AEcA9RLg=' returned. Correlation ID: 1fd08b2d-3999-4ee2-91bc-c8d98332baef
</DebugTrace>
        <ErrorInfo>
          <Message>Assert.AreEqual failed. Expected:&lt;Passed&gt;. Actual:&lt;Failed&gt;. </Message>
          <StackTrace>   at Glider.Logger.Logger.EndTestCase(ProductStudioConfiguration psDetail, Boolean assertTest)
   at Glider.Logger.Logger.EndTestCase(Boolean assertTest)
   at Glider.TestClassBase.TestCleanUp()
</StackTrace>
        </ErrorInfo>
      </Output>
    </UnitTestResult>
    <UnitTestResult executionId="1f86a2d6-3352-43d5-8c03-8ec35f56f0a7" testId="b5bdce49-955a-96ef-1547-7078622fad27" testName="SecurityWebApi_GetTenantMapBySearchCriteria_PartnerAgreementCreator_HappyPath_499744" computerName="ARAMK2" duration="00:00:00.9080207" startTime="2015-08-27T16:36:21.7360099-07:00" endTime="2015-08-27T16:36:22.6456771-07:00" testType="13cdc9d9-ddb5-4fa4-a97d-d965ccfc6d4b" outcome="Failed" testListId="8c84fa94-04c1-424b-9868-57a2d4851a1d" relativeResultsDirectory="1f86a2d6-3352-43d5-8c03-8ec35f56f0a7">
      <Output>
        <DebugTrace>Info::  CorrelationId:732d3712-12e6-4505-8e69-8380baf5882e
QTAgent32.exe Information: 0 : === Token Acquisition started. Correlation ID: 41fea046-96ef-4ee1-bd19-498ad31189bf
QTAgent32.exe Information: 0 : A matching token was found in the cache. Correlation ID: 41fea046-96ef-4ee1-bd19-498ad31189bf
QTAgent32.exe Information: 0 : Access Token with hash 'o0kfjlwG1gnGj3n+Rhd8K6QrWIpHiQSxZ+09iq1Ygs8=' and Refresh Token with hash '7YDQz1EWVfqImjhL9GBHzYHIAZfFwyOEzdY4LoOrwJM=' returned. Correlation ID: 41fea046-96ef-4ee1-bd19-498ad31189bf
</DebugTrace>
        <ErrorInfo>
          <Message>Assert.AreEqual failed. Expected:&lt;Passed&gt;. Actual:&lt;Failed&gt;. </Message>
          <StackTrace>   at Glider.Logger.Logger.EndTestCase(ProductStudioConfiguration psDetail, Boolean assertTest)
   at Glider.Logger.Logger.EndTestCase(Boolean assertTest)
   at Glider.TestClassBase.TestCleanUp()
</StackTrace>
        </ErrorInfo>
      </Output>
    </UnitTestResult>
    <UnitTestResult executionId="82c77ca5-7c2a-4a2d-b103-53c6f38e329e" testId="9272be85-8e2e-e795-53ec-804ada9a7cb7" testName="SecurityWebApi_GetTenantMapBySearchCriteria_PartnerAgreementCreatorNoAgreementAccess_499745" computerName="ARAMK2" duration="00:00:00.7927362" startTime="2015-08-27T16:36:22.6606701-07:00" endTime="2015-08-27T16:36:23.4552066-07:00" testType="13cdc9d9-ddb5-4fa4-a97d-d965ccfc6d4b" outcome="Failed" testListId="8c84fa94-04c1-424b-9868-57a2d4851a1d" relativeResultsDirectory="82c77ca5-7c2a-4a2d-b103-53c6f38e329e">
      <Output>
        <DebugTrace>Info::  CorrelationId:887fabae-d585-4f85-917e-934ca6b00dda
QTAgent32.exe Information: 0 : === Token Acquisition started. Correlation ID: de93f5f0-91fc-485f-bae4-90d6601bf1b1
QTAgent32.exe Information: 0 : Sending user realm discovery request to 'https://login.windows-ppe.net/common/UserRealm/UMTest_PartnerAgrmntCreatorNoAgrmntAccess@ngvldev1.ccsctp.net?api-version=1.0'. Correlation ID: de93f5f0-91fc-485f-bae4-90d6601bf1b1
QTAgent32.exe Information: 0 : User 'UMTest_PartnerAgrmntCreatorNoAgrmntAccess@ngvldev1.ccsctp.net' detected as 'Managed'. Correlation ID: de93f5f0-91fc-485f-bae4-90d6601bf1b1
QTAgent32.exe Information: 0 : AdalServiceException was thrown with ErrorCode 'invalid_grant' and StatusCode '400' and innerException 'AADSTS70002: Error validating credentials. AADSTS50126: Invalid username or password
Trace ID: 7063151e-1e6f-4dc9-9f0f-cb473c5aa2e7
Correlation ID: de93f5f0-91fc-485f-bae4-90d6601bf1b1
Timestamp: 2015-08-27 23:36:23Z'. Correlation ID: de93f5f0-91fc-485f-bae4-90d6601bf1b1
</DebugTrace>
        <ErrorInfo>
          <Message>Test method Laminar.Automation.Services.SecurityWebApi.Test.TestMethods.TenantMapTest.SecurityWebApi_GetTenantMapBySearchCriteria_PartnerAgreementCreatorNoAgreementAccess_499745 threw exception: 
Microsoft.IdentityModel.Clients.ActiveDirectory.AdalServiceException: AADSTS70002: Error validating credentials. AADSTS50126: Invalid username or password
Trace ID: 7063151e-1e6f-4dc9-9f0f-cb473c5aa2e7
Correlation ID: de93f5f0-91fc-485f-bae4-90d6601bf1b1
Timestamp: 2015-08-27 23:36:23Z ---&gt; System.Net.WebException: The remote server returned an error: (400) Bad Request.
Assert.AreEqual failed. Expected:&lt;Passed&gt;. Actual:&lt;Failed&gt;. </Message>
          <StackTrace>    at System.Net.HttpWebRequest.GetResponse()
   at Microsoft.IdentityModel.Clients.ActiveDirectory.HttpWebRequestWrapper.&lt;GetResponseSyncOrAsync&gt;d__2.MoveNext()
--- End of stack trace from previous location where exception was thrown ---
   at System.Runtime.CompilerServices.TaskAwaiter.ThrowForNonSuccess(Task task)
   at System.Runtime.CompilerServices.TaskAwaiter.HandleNonSuccessAndDebuggerNotification(Task task)
   at Microsoft.IdentityModel.Clients.ActiveDirectory.HttpHelper.&lt;SendPostRequestAndDeserializeJsonResponseAsync&gt;d__0`1.MoveNext()
 --- End of inner exception stack trace ---
    at Microsoft.IdentityModel.Clients.ActiveDirectory.AuthenticationContext.RunAsyncTask[T](Task`1 task)
   at Microsoft.IdentityModel.Clients.ActiveDirectory.AuthenticationContext.AcquireToken(String resource, String clientId, UserCredential userCredential)
   at Laminar.Automation.Services.SecurityWebApi.TokenAcquirer.AcquireTokenWithoutCodedUITest(String userName, String password) in c:\NGVL\SQA\Automation\Main\Laminar.Automation\Laminar.Automation.Services.SecurityWebApi\TokenAcquirer.cs:line 158
   at Laminar.Automation.Services.SecurityWebApi.TokenAcquirer.AcquireToken(User user, Boolean getUserTokenWithCodedUI) in c:\NGVL\SQA\Automation\Main\Laminar.Automation\Laminar.Automation.Services.SecurityWebApi\TokenAcquirer.cs:line 113
   at Laminar.Automation.Services.SecurityWebApi.Test.TestMethods.TenantMapTest.&lt;SecurityWebApi_GetTenantMapBySearchCriteria_PartnerAgreementCreatorNoAgreementAccess_499745&gt;d__78.MoveNext() in c:\NGVL\SQA\Automation\Main\Laminar.Automation\Laminar.Automation.Services.SecurityWebApi.Test\TestMethods\TenantMapTest.cs:line 428
--- End of stack trace from previous location where exception was thrown ---
   at System.Runtime.CompilerServices.TaskAwaiter.ThrowForNonSuccess(Task task)
   at System.Runtime.CompilerServices.TaskAwaiter.HandleNonSuccessAndDebuggerNotification(Task task)
   at System.Runtime.CompilerServices.TaskAwaiter.GetResult()

TestCleanup Stack Trace
   at Glider.Logger.Logger.EndTestCase(ProductStudioConfiguration psDetail, Boolean assertTest)
   at Glider.Logger.Logger.EndTestCase(Boolean assertTest)
   at Glider.TestClassBase.TestCleanUp()
</StackTrace>
        </ErrorInfo>
      </Output>
    </UnitTestResult>
    <UnitTestResult executionId="ce514346-45a2-422b-96b3-3fff80e8cbc7" testId="06294243-7a2e-d995-0a8a-923ed84dc423" testName="SecurityWebApi_GetTenantMapBySearchCriteria_PartnerNotAgreementApproverOrCreator_499746" computerName="ARAMK2" duration="00:00:01.0003191" startTime="2015-08-27T16:36:23.4592088-07:00" endTime="2015-08-27T16:36:24.4609255-07:00" testType="13cdc9d9-ddb5-4fa4-a97d-d965ccfc6d4b" outcome="Failed" testListId="8c84fa94-04c1-424b-9868-57a2d4851a1d" relativeResultsDirectory="ce514346-45a2-422b-96b3-3fff80e8cbc7">
      <Output>
        <DebugTrace>Info::  CorrelationId:bee79efd-58ab-4671-90ee-6c8b9c69a626
QTAgent32.exe Information: 0 : === Token Acquisition started. Correlation ID: a960dca3-dab5-4b1f-88ee-ff1eede6bbd5
QTAgent32.exe Information: 0 : A matching token was found in the cache. Correlation ID: a960dca3-dab5-4b1f-88ee-ff1eede6bbd5
QTAgent32.exe Information: 0 : Access Token with hash 'MBMjBiLgWCtTsHMcxQnTRd5uRB7J+1CToQLcEWlPzhk=' and Refresh Token with hash 'ZedIWHIa6ZrHXWfLAsWdE56BTqqBt0C1xpF+Hs9+TBU=' returned. Correlation ID: a960dca3-dab5-4b1f-88ee-ff1eede6bbd5
</DebugTrace>
        <ErrorInfo>
          <Message>Assert.AreEqual failed. Expected:&lt;Passed&gt;. Actual:&lt;Failed&gt;. </Message>
          <StackTrace>   at Glider.Logger.Logger.EndTestCase(ProductStudioConfiguration psDetail, Boolean assertTest)
   at Glider.Logger.Logger.EndTestCase(Boolean assertTest)
   at Glider.TestClassBase.TestCleanUp()
</StackTrace>
        </ErrorInfo>
      </Output>
    </UnitTestResult>
    <UnitTestResult executionId="43124342-0d1a-4f80-a3f7-f2677b8d37d2" testId="b0801c3a-aa77-aaab-8e34-62ee369cfe62" testName="SecurityWebApi_GetTenantMapBySearchCriteria_RecordNotFoundWithGivenQueryString_491106" computerName="ARAMK2" duration="00:00:00.6979947" startTime="2015-08-27T16:36:24.4639270-07:00" endTime="2015-08-27T16:36:25.1634269-07:00" testType="13cdc9d9-ddb5-4fa4-a97d-d965ccfc6d4b" outcome="Failed" testListId="8c84fa94-04c1-424b-9868-57a2d4851a1d" relativeResultsDirectory="43124342-0d1a-4f80-a3f7-f2677b8d37d2">
      <Output>
        <DebugTrace>Info::  CorrelationId:f0afd744-1dc7-4287-ba05-3dae82b2dbf7
QTAgent32.exe Information: 0 : === Token Acquisition started. Correlation ID: 65277c20-1902-4187-a027-ca98d249ef2d
QTAgent32.exe Information: 0 : A matching token was found in the cache. Correlation ID: 65277c20-1902-4187-a027-ca98d249ef2d
QTAgent32.exe Information: 0 : Access Token with hash '/rfBRIBBDmYuH3sSv9ihtvIa86nvL+iZLZ5juC5qVjE=' and Refresh Token with hash 'NYw50ChzdC2ZGMIecJcR1glcBpmstuvRxS3AEcA9RLg=' returned. Correlation ID: 65277c20-1902-4187-a027-ca98d249ef2d
</DebugTrace>
        <ErrorInfo>
          <Message>Assert.AreEqual failed. Expected:&lt;Passed&gt;. Actual:&lt;Failed&gt;. </Message>
          <StackTrace>   at Glider.Logger.Logger.EndTestCase(ProductStudioConfiguration psDetail, Boolean assertTest)
   at Glider.Logger.Logger.EndTestCase(Boolean assertTest)
   at Glider.TestClassBase.TestCleanUp()
</StackTrace>
        </ErrorInfo>
      </Output>
    </UnitTestResult>
    <UnitTestResult executionId="97bdf949-e5c9-4042-9f95-fd16fa27fae8" testId="dec9014f-defa-2b65-6dd4-4fd13f435d34" testName="SecurityWebApi_GetTenantMapBySearchCriteria_TimingLogs_491096" computerName="ARAMK2" duration="00:00:05.9663527" startTime="2015-08-27T16:36:25.1664291-07:00" endTime="2015-08-27T16:36:31.1336945-07:00" testType="13cdc9d9-ddb5-4fa4-a97d-d965ccfc6d4b" outcome="Failed" testListId="8c84fa94-04c1-424b-9868-57a2d4851a1d" relativeResultsDirectory="97bdf949-e5c9-4042-9f95-fd16fa27fae8">
      <Output>
        <DebugTrace>Info::  CorrelationId:ff1b4188-0b56-45cd-9150-73200a33322a
QTAgent32.exe Information: 0 : === Token Acquisition started. Correlation ID: bf464d10-6a14-47aa-a2c6-1e14d16e1205
QTAgent32.exe Information: 0 : A matching token was found in the cache. Correlation ID: bf464d10-6a14-47aa-a2c6-1e14d16e1205
QTAgent32.exe Information: 0 : Access Token with hash '/rfBRIBBDmYuH3sSv9ihtvIa86nvL+iZLZ5juC5qVjE=' and Refresh Token with hash 'NYw50ChzdC2ZGMIecJcR1glcBpmstuvRxS3AEcA9RLg=' returned. Correlation ID: bf464d10-6a14-47aa-a2c6-1e14d16e1205
</DebugTrace>
        <ErrorInfo>
          <Message>Assert.IsTrue failed. 
Assert.AreEqual failed. Expected:&lt;Passed&gt;. Actual:&lt;Failed&gt;. </Message>
          <StackTrace>   at Laminar.Automation.Services.SecurityWebApi.Test.TestMethods.TenantMapTest.&lt;SecurityWebApi_GetTenantMapBySearchCriteria_TimingLogs_491096&gt;d__40.MoveNext() in c:\NGVL\SQA\Automation\Main\Laminar.Automation\Laminar.Automation.Services.SecurityWebApi.Test\TestMethods\TenantMapTest.cs:line 279
--- End of stack trace from previous location where exception was thrown ---
   at System.Runtime.CompilerServices.TaskAwaiter.ThrowForNonSuccess(Task task)
   at System.Runtime.CompilerServices.TaskAwaiter.HandleNonSuccessAndDebuggerNotification(Task task)
   at System.Runtime.CompilerServices.TaskAwaiter.GetResult()

TestCleanup Stack Trace
   at Glider.Logger.Logger.EndTestCase(ProductStudioConfiguration psDetail, Boolean assertTest)
   at Glider.Logger.Logger.EndTestCase(Boolean assertTest)
   at Glider.TestClassBase.TestCleanUp()
</StackTrace>
        </ErrorInfo>
      </Output>
    </UnitTestResult>
    <UnitTestResult executionId="fc36a49d-6f57-4510-b5cd-97a7481a60e0" testId="cae1a17d-3fff-d497-8501-dfd912cca825" testName="SecurityWebApi_PostTenantMaps_InvitationStatusIsnExpired_ReturnsInternalServerError_518365" computerName="ARAMK2" duration="00:00:01.0061559" startTime="2015-08-27T16:36:31.1366969-07:00" endTime="2015-08-27T16:36:32.1444165-07:00" testType="13cdc9d9-ddb5-4fa4-a97d-d965ccfc6d4b" outcome="Failed" testListId="8c84fa94-04c1-424b-9868-57a2d4851a1d" relativeResultsDirectory="fc36a49d-6f57-4510-b5cd-97a7481a60e0">
      <Output>
        <DebugTrace>Info::  CorrelationId:1bf36356-1837-447e-8750-1bcea90ffba8
Info::  Building URI for CreateTenantMap
Info::  Calling the POST Request using URI and authentication header
QTAgent32.exe Information: 0 : === Token Acquisition started. Correlation ID: 3804e482-5691-4373-9947-c214a6db5c39
QTAgent32.exe Information: 0 : A matching token was found in the cache. Correlation ID: 3804e482-5691-4373-9947-c214a6db5c39
QTAgent32.exe Information: 0 : Access Token with hash 'vNZLFbtqEwp68ZY115sgO8B/JLmTpiyEthps89ujw3g=' and Refresh Token with hash 'tjT1RzfFVI9CubGlQIkqjpHd/8+y0RgAFCIWdGidU3U=' returned. Correlation ID: 3804e482-5691-4373-9947-c214a6db5c39
</DebugTrace>
        <ErrorInfo>
          <Message>Assert.AreEqual failed. Expected:&lt;Passed&gt;. Actual:&lt;Failed&gt;. </Message>
          <StackTrace>   at Glider.Logger.Logger.EndTestCase(ProductStudioConfiguration psDetail, Boolean assertTest)
   at Glider.Logger.Logger.EndTestCase(Boolean assertTest)
   at Glider.TestClassBase.TestCleanUp()
</StackTrace>
        </ErrorInfo>
      </Output>
    </UnitTestResult>
    <UnitTestResult executionId="85099b63-58c9-402c-b22a-e1a4dcb04bc2" testId="89eb948f-8217-8673-98c8-ee413d8413e2" testName="SecurityWebApi_PostTenantMaps_InvitationStatusIsPending_CreatesTenantMap_518362" computerName="ARAMK2" duration="00:00:07.8296216" startTime="2015-08-27T16:36:32.1484229-07:00" endTime="2015-08-27T16:36:39.9790163-07:00" testType="13cdc9d9-ddb5-4fa4-a97d-d965ccfc6d4b" outcome="Failed" testListId="8c84fa94-04c1-424b-9868-57a2d4851a1d" relativeResultsDirectory="85099b63-58c9-402c-b22a-e1a4dcb04bc2">
      <Output>
        <DebugTrace>Info::  CorrelationId:748928d8-0103-41d5-8acd-3ceb58079404
Info::  Building URI for CreateTenantMap
Info::  Calling the POST Request using URI and authentication header
QTAgent32.exe Information: 0 : === Token Acquisition started. Correlation ID: 04f7781a-514e-4539-9220-153a0674c257
QTAgent32.exe Information: 0 : A matching token was found in the cache. Correlation ID: 04f7781a-514e-4539-9220-153a0674c257
QTAgent32.exe Information: 0 : Access Token with hash 'vNZLFbtqEwp68ZY115sgO8B/JLmTpiyEthps89ujw3g=' and Refresh Token with hash 'tjT1RzfFVI9CubGlQIkqjpHd/8+y0RgAFCIWdGidU3U=' returned. Correlation ID: 04f7781a-514e-4539-9220-153a0674c257
</DebugTrace>
        <ErrorInfo>
          <Message>Assert.AreEqual failed. Expected:&lt;Passed&gt;. Actual:&lt;Failed&gt;. </Message>
          <StackTrace>   at Glider.Logger.Logger.EndTestCase(ProductStudioConfiguration psDetail, Boolean assertTest)
   at Glider.Logger.Logger.EndTestCase(Boolean assertTest)
   at Glider.TestClassBase.TestCleanUp()
</StackTrace>
        </ErrorInfo>
      </Output>
    </UnitTestResult>
    <UnitTestResult executionId="1e1534fc-9a3c-4cf5-9bff-f83afaf3f665" testId="32405ed5-ff64-ca9a-2627-d7f3bafb8399" testName="SecurityWebApi_PostTenantMaps_InvitationStatusIsProvisioned_CreatesTenantMap_518363" computerName="ARAMK2" duration="00:00:01.0030611" startTime="2015-08-27T16:36:39.9820184-07:00" endTime="2015-08-27T16:36:40.9862981-07:00" testType="13cdc9d9-ddb5-4fa4-a97d-d965ccfc6d4b" outcome="Failed" testListId="8c84fa94-04c1-424b-9868-57a2d4851a1d" relativeResultsDirectory="1e1534fc-9a3c-4cf5-9bff-f83afaf3f665">
      <Output>
        <DebugTrace>Info::  CorrelationId:255d0622-3f28-477d-8908-9c971efb31a8
Info::  Building URI for CreateTenantMap
Info::  Calling the POST Request using URI and authentication header
QTAgent32.exe Information: 0 : === Token Acquisition started. Correlation ID: 32f72f86-2766-45b7-b30f-2a191fffe279
QTAgent32.exe Information: 0 : A matching token was found in the cache. Correlation ID: 32f72f86-2766-45b7-b30f-2a191fffe279
QTAgent32.exe Information: 0 : Access Token with hash 'vNZLFbtqEwp68ZY115sgO8B/JLmTpiyEthps89ujw3g=' and Refresh Token with hash 'tjT1RzfFVI9CubGlQIkqjpHd/8+y0RgAFCIWdGidU3U=' returned. Correlation ID: 32f72f86-2766-45b7-b30f-2a191fffe279
</DebugTrace>
        <ErrorInfo>
          <Message>Assert.AreEqual failed. Expected:&lt;Passed&gt;. Actual:&lt;Failed&gt;. </Message>
          <StackTrace>   at Glider.Logger.Logger.EndTestCase(ProductStudioConfiguration psDetail, Boolean assertTest)
   at Glider.Logger.Logger.EndTestCase(Boolean assertTest)
   at Glider.TestClassBase.TestCleanUp()
</StackTrace>
        </ErrorInfo>
      </Output>
    </UnitTestResult>
    <UnitTestResult executionId="30462295-79b1-42fd-85c1-7b9b14516d8c" testId="c7ce4ad0-1cb2-b26b-c275-7accd8d9034f" testName="SecurityWebApi_PostTenantMaps_InvitationStatusIsProvisioned_CreatesTenantMap_518364" computerName="ARAMK2" duration="00:00:01.0498818" startTime="2015-08-27T16:36:40.9913017-07:00" endTime="2015-08-27T16:36:42.0420681-07:00" testType="13cdc9d9-ddb5-4fa4-a97d-d965ccfc6d4b" outcome="Failed" testListId="8c84fa94-04c1-424b-9868-57a2d4851a1d" relativeResultsDirectory="30462295-79b1-42fd-85c1-7b9b14516d8c">
      <Output>
        <DebugTrace>Info::  CorrelationId:b5444f4c-83ba-462c-a04d-297606da8950
Info::  Building URI for CreateTenantMap
Info::  Calling the POST Request using URI and authentication header
QTAgent32.exe Information: 0 : === Token Acquisition started. Correlation ID: 3369cd62-e915-434e-92ce-15a5f5d72887
QTAgent32.exe Information: 0 : A matching token was found in the cache. Correlation ID: 3369cd62-e915-434e-92ce-15a5f5d72887
QTAgent32.exe Information: 0 : Access Token with hash 'vNZLFbtqEwp68ZY115sgO8B/JLmTpiyEthps89ujw3g=' and Refresh Token with hash 'tjT1RzfFVI9CubGlQIkqjpHd/8+y0RgAFCIWdGidU3U=' returned. Correlation ID: 3369cd62-e915-434e-92ce-15a5f5d72887
</DebugTrace>
        <ErrorInfo>
          <Message>Assert.AreEqual failed. Expected:&lt;Passed&gt;. Actual:&lt;Failed&gt;. </Message>
          <StackTrace>   at Glider.Logger.Logger.EndTestCase(ProductStudioConfiguration psDetail, Boolean assertTest)
   at Glider.Logger.Logger.EndTestCase(Boolean assertTest)
   at Glider.TestClassBase.TestCleanUp()
</StackTrace>
        </ErrorInfo>
      </Output>
    </UnitTestResult>
    <UnitTestResult executionId="65f4b443-f2a7-4a31-a830-b1635dee4b08" testId="ca75b304-1cbd-87fd-6139-2106b4088db8" testName="SecurityWebApi_PostTenantMaps_RequestIsNotAuthenticated_ReturnsUnauthorized_518359" computerName="ARAMK2" duration="00:00:00.6701997" startTime="2015-08-27T16:36:42.0450734-07:00" endTime="2015-08-27T16:36:42.7165476-07:00" testType="13cdc9d9-ddb5-4fa4-a97d-d965ccfc6d4b" outcome="Failed" testListId="8c84fa94-04c1-424b-9868-57a2d4851a1d" relativeResultsDirectory="65f4b443-f2a7-4a31-a830-b1635dee4b08">
      <Output>
        <DebugTrace>Info::  CorrelationId:43f1d0ca-f8ff-41d0-a5ae-ef29cd5a925b
Info::  Building URI for CreateTenantMap
Info::  Calling the POST Request using URI and authentication header
</DebugTrace>
        <ErrorInfo>
          <Message>Assert.AreEqual failed. Expected:&lt;Passed&gt;. Actual:&lt;Failed&gt;. </Message>
          <StackTrace>   at Glider.Logger.Logger.EndTestCase(ProductStudioConfiguration psDetail, Boolean assertTest)
   at Glider.Logger.Logger.EndTestCase(Boolean assertTest)
   at Glider.TestClassBase.TestCleanUp()
</StackTrace>
        </ErrorInfo>
      </Output>
    </UnitTestResult>
    <UnitTestResult executionId="3d433ef4-44d8-44e3-ab12-4e5b798a46c6" testId="d2e642cc-580c-7ef4-af71-22eaa73ff292" testName="SecurityWebApi_PostTenantMaps_UserClicksSignInAfterCompletionOfOriginalSignIn_CreatesTenantMap_519284" computerName="ARAMK2" duration="00:00:03.7774458" startTime="2015-08-27T16:36:42.7225397-07:00" endTime="2015-08-27T16:36:46.5022406-07:00" testType="13cdc9d9-ddb5-4fa4-a97d-d965ccfc6d4b" outcome="Failed" testListId="8c84fa94-04c1-424b-9868-57a2d4851a1d" relativeResultsDirectory="3d433ef4-44d8-44e3-ab12-4e5b798a46c6">
      <Output>
        <DebugTrace>Info::  CorrelationId:b43cf292-16bd-4404-9d57-be03f2e54c83
Info::  Building URI for CreateTenantMap
Info::  Calling the POST Request using URI and authentication header
QTAgent32.exe Information: 0 : === Token Acquisition started. Correlation ID: 8cfb0993-5028-40d9-aa01-45cae1c65738
QTAgent32.exe Information: 0 : A matching token was found in the cache. Correlation ID: 8cfb0993-5028-40d9-aa01-45cae1c65738
QTAgent32.exe Information: 0 : Access Token with hash 'vNZLFbtqEwp68ZY115sgO8B/JLmTpiyEthps89ujw3g=' and Refresh Token with hash 'tjT1RzfFVI9CubGlQIkqjpHd/8+y0RgAFCIWdGidU3U=' returned. Correlation ID: 8cfb0993-5028-40d9-aa01-45cae1c65738
Info::  Building URI for CreateTenantMap
Info::  Calling the POST Request using URI and authentication header
QTAgent32.exe Information: 0 : === Token Acquisition started. Correlation ID: 3aceec88-f0c1-46de-aeea-2899bfb076fd
QTAgent32.exe Information: 0 : A matching token was found in the cache. Correlation ID: 3aceec88-f0c1-46de-aeea-2899bfb076fd
QTAgent32.exe Information: 0 : Access Token with hash 'vNZLFbtqEwp68ZY115sgO8B/JLmTpiyEthps89ujw3g=' and Refresh Token with hash 'tjT1RzfFVI9CubGlQIkqjpHd/8+y0RgAFCIWdGidU3U=' returned. Correlation ID: 3aceec88-f0c1-46de-aeea-2899bfb076fd
</DebugTrace>
        <ErrorInfo>
          <Message>Assert.AreEqual failed. Expected:&lt;Passed&gt;. Actual:&lt;Failed&gt;. </Message>
          <StackTrace>   at Glider.Logger.Logger.EndTestCase(ProductStudioConfiguration psDetail, Boolean assertTest)
   at Glider.Logger.Logger.EndTestCase(Boolean assertTest)
   at Glider.TestClassBase.TestCleanUp()
</StackTrace>
        </ErrorInfo>
      </Output>
    </UnitTestResult>
    <UnitTestResult executionId="3b9aaec7-56de-4bef-bbe1-0ba79afc4782" testId="3e3679a4-83d5-2fe4-593f-c3a95eeed27f" testName="SecurityWebApi_PostTenantMaps_WithGivenInviteKeyWhereInvitationStatusIsPending_CreatesTenantMap_518362" computerName="ARAMK2" duration="00:00:02.6720799" startTime="2015-08-27T16:36:46.5042420-07:00" endTime="2015-08-27T16:36:49.1784992-07:00" testType="13cdc9d9-ddb5-4fa4-a97d-d965ccfc6d4b" outcome="Failed" testListId="8c84fa94-04c1-424b-9868-57a2d4851a1d" relativeResultsDirectory="3b9aaec7-56de-4bef-bbe1-0ba79afc4782">
      <Output>
        <DebugTrace>Info::  CorrelationId:889dd758-ff13-4f1e-8458-51d08d0adf75
Info::  Building URI for CreateTenantMap
Info::  Calling the POST Request using URI and authentication header
QTAgent32.exe Information: 0 : === Token Acquisition started. Correlation ID: 3ddc419b-ba0d-41c2-be9c-c24b17e4bd0b
QTAgent32.exe Information: 0 : A matching token was found in the cache. Correlation ID: 3ddc419b-ba0d-41c2-be9c-c24b17e4bd0b
QTAgent32.exe Information: 0 : Access Token with hash 'vNZLFbtqEwp68ZY115sgO8B/JLmTpiyEthps89ujw3g=' and Refresh Token with hash 'tjT1RzfFVI9CubGlQIkqjpHd/8+y0RgAFCIWdGidU3U=' returned. Correlation ID: 3ddc419b-ba0d-41c2-be9c-c24b17e4bd0b
</DebugTrace>
        <ErrorInfo>
          <Message>Assert.AreEqual failed. Expected:&lt;Passed&gt;. Actual:&lt;Failed&gt;. </Message>
          <StackTrace>   at Glider.Logger.Logger.EndTestCase(ProductStudioConfiguration psDetail, Boolean assertTest)
   at Glider.Logger.Logger.EndTestCase(Boolean assertTest)
   at Glider.TestClassBase.TestCleanUp()
</StackTrace>
        </ErrorInfo>
      </Output>
    </UnitTestResult>
    <UnitTestResult executionId="bd5fdce8-8aec-4a71-b19d-26b14ab75b22" testId="89009c2d-c1b7-d737-4689-df5fe1c54ddf" testName="GetUsersByAccountAndRolesAuthTokenProvided_478063" computerName="ARAMK2" duration="00:00:00.7330628" startTime="2015-08-27T16:36:49.1815020-07:00" endTime="2015-08-27T16:36:49.9158721-07:00" testType="13cdc9d9-ddb5-4fa4-a97d-d965ccfc6d4b" outcome="Failed" testListId="8c84fa94-04c1-424b-9868-57a2d4851a1d" relativeResultsDirectory="bd5fdce8-8aec-4a71-b19d-26b14ab75b22">
      <Output>
        <DebugTrace>Info::  CorrelationId:311b8377-7128-4952-92f6-27ce48691a58
Info::  Building URI for GetUsersByAccountNumberAndRoles
Info::  Calling the Get Request using URI and authentication header
</DebugTrace>
        <ErrorInfo>
          <Message>Assert.AreEqual failed. Expected:&lt;Passed&gt;. Actual:&lt;Failed&gt;. </Message>
          <StackTrace>   at Glider.Logger.Logger.EndTestCase(ProductStudioConfiguration psDetail, Boolean assertTest)
   at Glider.Logger.Logger.EndTestCase(Boolean assertTest)
   at Glider.TestClassBase.TestCleanUp()
</StackTrace>
        </ErrorInfo>
      </Output>
    </UnitTestResult>
    <UnitTestResult executionId="d9e9f231-bd4b-412b-968f-d2d2a3872413" testId="560568ca-940c-5aea-2da7-e15cc213e989" testName="GetUsersByAccountAndRolesbadRequestNoAccountKeyProvided_478057" computerName="ARAMK2" duration="00:00:00.6669163" startTime="2015-08-27T16:36:49.9188588-07:00" endTime="2015-08-27T16:36:50.5873366-07:00" testType="13cdc9d9-ddb5-4fa4-a97d-d965ccfc6d4b" outcome="Failed" testListId="8c84fa94-04c1-424b-9868-57a2d4851a1d" relativeResultsDirectory="d9e9f231-bd4b-412b-968f-d2d2a3872413">
      <Output>
        <DebugTrace>Info::  CorrelationId:c8b8a47f-52bb-4d6e-b9c5-df94b3c95e31
QTAgent32.exe Information: 0 : === Token Acquisition started. Correlation ID: 7c979d33-e66c-479d-be2a-e08aa5ceb694
QTAgent32.exe Information: 0 : A matching token was found in the cache. Correlation ID: 7c979d33-e66c-479d-be2a-e08aa5ceb694
QTAgent32.exe Information: 0 : Access Token with hash '/rfBRIBBDmYuH3sSv9ihtvIa86nvL+iZLZ5juC5qVjE=' and Refresh Token with hash 'NYw50ChzdC2ZGMIecJcR1glcBpmstuvRxS3AEcA9RLg=' returned. Correlation ID: 7c979d33-e66c-479d-be2a-e08aa5ceb694
Info::  Building URI for GetUsersByAccountNumberAndRoles
Info::  Calling the Get Request using URI and authentication header
</DebugTrace>
        <ErrorInfo>
          <Message>Assert.AreEqual failed. Expected:&lt;Passed&gt;. Actual:&lt;Failed&gt;. </Message>
          <StackTrace>   at Glider.Logger.Logger.EndTestCase(ProductStudioConfiguration psDetail, Boolean assertTest)
   at Glider.Logger.Logger.EndTestCase(Boolean assertTest)
   at Glider.TestClassBase.TestCleanUp()
</StackTrace>
        </ErrorInfo>
      </Output>
    </UnitTestResult>
    <UnitTestResult executionId="4653ca2e-b0c1-4d1d-b096-3d7355bdc3ab" testId="dd1a753a-70f1-7743-d1f0-b9d2ac24698c" testName="GetUsersByAccountAndRolesCheckAccountNumberLength_478060" computerName="ARAMK2" duration="00:00:01.1521202" startTime="2015-08-27T16:36:50.5943420-07:00" endTime="2015-08-27T16:36:51.7525332-07:00" testType="13cdc9d9-ddb5-4fa4-a97d-d965ccfc6d4b" outcome="Failed" testListId="8c84fa94-04c1-424b-9868-57a2d4851a1d" relativeResultsDirectory="4653ca2e-b0c1-4d1d-b096-3d7355bdc3ab">
      <Output>
        <DebugTrace>Info::  CorrelationId:16d5b56a-7f6b-4083-8f52-3fea3468f981
QTAgent32.exe Information: 0 : === Token Acquisition started. Correlation ID: 97b8878a-120b-4102-a695-a31e05040212
QTAgent32.exe Information: 0 : A matching token was found in the cache. Correlation ID: 97b8878a-120b-4102-a695-a31e05040212
QTAgent32.exe Information: 0 : Access Token with hash '/rfBRIBBDmYuH3sSv9ihtvIa86nvL+iZLZ5juC5qVjE=' and Refresh Token with hash 'NYw50ChzdC2ZGMIecJcR1glcBpmstuvRxS3AEcA9RLg=' returned. Correlation ID: 97b8878a-120b-4102-a695-a31e05040212
Info::  Building URI for GetUsersByAccountNumberAndRoles
Info::  Calling the Get Request using URI and authentication header
Info::  Building URI for GetUsersByAccountNumberAndRoles
Info::  Calling the Get Request using URI and authentication header
</DebugTrace>
        <ErrorInfo>
          <Message>Assert.AreEqual failed. Expected:&lt;Passed&gt;. Actual:&lt;Failed&gt;. </Message>
          <StackTrace>   at Glider.Logger.Logger.EndTestCase(ProductStudioConfiguration psDetail, Boolean assertTest)
   at Glider.Logger.Logger.EndTestCase(Boolean assertTest)
   at Glider.TestClassBase.TestCleanUp()
</StackTrace>
        </ErrorInfo>
      </Output>
    </UnitTestResult>
    <UnitTestResult executionId="abcd94cb-5e5e-4e7f-b2c7-89afe61096f3" testId="7897bdd3-f61a-e3ec-f4a0-388142d9ced4" testName="GetUsersByAccountAndRolesNotFound_478059" computerName="ARAMK2" duration="00:00:01.2691916" startTime="2015-08-27T16:36:51.7555303-07:00" endTime="2015-08-27T16:36:53.0266968-07:00" testType="13cdc9d9-ddb5-4fa4-a97d-d965ccfc6d4b" outcome="Failed" testListId="8c84fa94-04c1-424b-9868-57a2d4851a1d" relativeResultsDirectory="abcd94cb-5e5e-4e7f-b2c7-89afe61096f3">
      <Output>
        <DebugTrace>Info::  CorrelationId:30606878-5a0b-40bd-886d-070f5d6a7c3f
QTAgent32.exe Information: 0 : === Token Acquisition started. Correlation ID: c7e37651-e292-4be1-b69e-4706f741d21c
QTAgent32.exe Information: 0 : A matching token was found in the cache. Correlation ID: c7e37651-e292-4be1-b69e-4706f741d21c
QTAgent32.exe Information: 0 : Access Token with hash '/rfBRIBBDmYuH3sSv9ihtvIa86nvL+iZLZ5juC5qVjE=' and Refresh Token with hash 'NYw50ChzdC2ZGMIecJcR1glcBpmstuvRxS3AEcA9RLg=' returned. Correlation ID: c7e37651-e292-4be1-b69e-4706f741d21c
Info::  Building URI for GetUsersByAccountNumberAndRoles
Info::  Calling the Get Request using URI and authentication header
Info::  Building URI for GetUsersByAccountNumberAndRoles
Info::  Calling the Get Request using URI and authentication header
</DebugTrace>
        <ErrorInfo>
          <Message>Assert.AreEqual failed. Expected:&lt;Passed&gt;. Actual:&lt;Failed&gt;. </Message>
          <StackTrace>   at Glider.Logger.Logger.EndTestCase(ProductStudioConfiguration psDetail, Boolean assertTest)
   at Glider.Logger.Logger.EndTestCase(Boolean assertTest)
   at Glider.TestClassBase.TestCleanUp()
</StackTrace>
        </ErrorInfo>
      </Output>
    </UnitTestResult>
    <UnitTestResult executionId="f725c494-eb2b-4a61-80e3-0f88238793fe" testId="cb0f37d3-4060-b7a0-7866-868bc3f77d6c" testName="SecurityWebApi_CreateCustomerUser_Success_611668" computerName="ARAMK2" duration="00:00:07.9845746" startTime="2015-08-27T16:36:53.0296996-07:00" endTime="2015-08-27T16:37:01.0154195-07:00" testType="13cdc9d9-ddb5-4fa4-a97d-d965ccfc6d4b" outcome="Failed" testListId="8c84fa94-04c1-424b-9868-57a2d4851a1d" relativeResultsDirectory="f725c494-eb2b-4a61-80e3-0f88238793fe">
      <Output>
        <DebugTrace>Info::  CorrelationId:ca082043-94dc-4d65-9dfe-08eb8945a267
QTAgent32.exe Information: 0 : === Token Acquisition started. Correlation ID: 9a511cd3-f71a-416c-8d9e-a3e38e6a6fe5
QTAgent32.exe Information: 0 : A matching token was found in the cache. Correlation ID: 9a511cd3-f71a-416c-8d9e-a3e38e6a6fe5
QTAgent32.exe Information: 0 : Access Token with hash 'vNZLFbtqEwp68ZY115sgO8B/JLmTpiyEthps89ujw3g=' and Refresh Token with hash 'tjT1RzfFVI9CubGlQIkqjpHd/8+y0RgAFCIWdGidU3U=' returned. Correlation ID: 9a511cd3-f71a-416c-8d9e-a3e38e6a6fe5
Info::  Building URI for CreateUserAsync
Info::  Calling the Get Request using URI and authentication header
</DebugTrace>
        <ErrorInfo>
          <Message>Assert.AreEqual failed. Expected:&lt;Passed&gt;. Actual:&lt;Failed&gt;. </Message>
          <StackTrace>   at Glider.Logger.Logger.EndTestCase(ProductStudioConfiguration psDetail, Boolean assertTest)
   at Glider.Logger.Logger.EndTestCase(Boolean assertTest)
   at Glider.TestClassBase.TestCleanUp()
</StackTrace>
        </ErrorInfo>
      </Output>
    </UnitTestResult>
    <UnitTestResult executionId="8960f6a1-984b-4775-85b4-ec9aeeab671d" testId="c52169da-5920-8b08-31e2-b44c4a495b2a" testName="SecurityWebApi_CreateFieldUser_Success_622568" computerName="ARAMK2" duration="00:00:00.0380904" startTime="2015-08-27T16:37:01.0214120-07:00" endTime="2015-08-27T16:37:01.0604562-07:00" testType="13cdc9d9-ddb5-4fa4-a97d-d965ccfc6d4b" outcome="Failed" testListId="8c84fa94-04c1-424b-9868-57a2d4851a1d" relativeResultsDirectory="8960f6a1-984b-4775-85b4-ec9aeeab671d">
      <Output>
        <DebugTrace>Info::  CorrelationId:a8ef6532-70cc-496c-ad5b-0620a85f7a4e
</DebugTrace>
        <ErrorInfo>
          <Message>Test method Laminar.Automation.Services.SecurityWebApi.Test.TestMethods.UserEndPointsTest.SecurityWebApi_CreateFieldUser_Success_622568 threw exception: 
Glider.Exceptions.DataNotAvailableException: Data is not available from data pool for userId under entity FieldBVT.
Assert.AreEqual failed. Expected:&lt;Passed&gt;. Actual:&lt;Failed&gt;. </Message>
          <StackTrace>    at Glider.DataPool.Data.DataPoolStore.Read(String entityName, String fieldName)
   at Laminar.Automation.Services.SecurityWebApi.TokenAcquirer.AcquireToken(User user, Boolean getUserTokenWithCodedUI) in c:\NGVL\SQA\Automation\Main\Laminar.Automation\Laminar.Automation.Services.SecurityWebApi\TokenAcquirer.cs:line 105
   at Laminar.Automation.Services.SecurityWebApi.Test.TestMethods.UserEndPointsTest.&lt;SecurityWebApi_CreateFieldUser_Success_622568&gt;d__80.MoveNext() in c:\NGVL\SQA\Automation\Main\Laminar.Automation\Laminar.Automation.Services.SecurityWebApi.Test\TestMethods\UserEndpointTest.cs:line 482
--- End of stack trace from previous location where exception was thrown ---
   at System.Runtime.CompilerServices.TaskAwaiter.ThrowForNonSuccess(Task task)
   at System.Runtime.CompilerServices.TaskAwaiter.HandleNonSuccessAndDebuggerNotification(Task task)
   at System.Runtime.CompilerServices.TaskAwaiter.GetResult()

TestCleanup Stack Trace
   at Glider.Logger.Logger.EndTestCase(ProductStudioConfiguration psDetail, Boolean assertTest)
   at Glider.Logger.Logger.EndTestCase(Boolean assertTest)
   at Glider.TestClassBase.TestCleanUp()
</StackTrace>
        </ErrorInfo>
      </Output>
    </UnitTestResult>
    <UnitTestResult executionId="bbf4dbed-9dfa-4709-af72-2ea2018911b8" testId="74eb5e02-c583-06da-ee17-7bd57277a6e0" testName="SecurityWebApi_CreateOperationsUser_Success_622567" computerName="ARAMK2" duration="00:00:04.2482543" startTime="2015-08-27T16:37:01.0634407-07:00" endTime="2015-08-27T16:37:05.3135432-07:00" testType="13cdc9d9-ddb5-4fa4-a97d-d965ccfc6d4b" outcome="Failed" testListId="8c84fa94-04c1-424b-9868-57a2d4851a1d" relativeResultsDirectory="bbf4dbed-9dfa-4709-af72-2ea2018911b8">
      <Output>
        <DebugTrace>Info::  CorrelationId:66ce8b3b-989c-4c11-9176-998c1c86159d
QTAgent32.exe Information: 0 : === Token Acquisition started. Correlation ID: d04eed55-984d-4e7a-a3b2-5b47589abbbd
QTAgent32.exe Information: 0 : Sending user realm discovery request to 'https://login.windows-ppe.net/common/UserRealm/OperationBVT@ngvldev1.ccsctp.net?api-version=1.0'. Correlation ID: d04eed55-984d-4e7a-a3b2-5b47589abbbd
QTAgent32.exe Information: 0 : User 'OperationBVT@ngvldev1.ccsctp.net' detected as 'Managed'. Correlation ID: d04eed55-984d-4e7a-a3b2-5b47589abbbd
QTAgent32.exe Information: 0 : Access Token with hash 'ArD2m2REaij+lZofw1XxLumnvdw0aoYihrkpW3it+oY=' and Refresh Token with hash '93gKa+75dFONubztUYikW/r9o8ywaxasknC1BUK0Ytg=' returned. Correlation ID: d04eed55-984d-4e7a-a3b2-5b47589abbbd
Info::  Building URI for CreateUserAsync
Info::  Calling the Get Request using URI and authentication header
</DebugTrace>
        <ErrorInfo>
          <Message>Assert.AreEqual failed. Expected:&lt;Created&gt;. Actual:&lt;BadRequest&gt;. 
Assert.AreEqual failed. Expected:&lt;Passed&gt;. Actual:&lt;Failed&gt;. </Message>
          <StackTrace>   at Laminar.Automation.Services.SecurityWebApi.Test.TestMethods.UserEndPointsTest.&lt;SecurityWebApi_CreateOperationsUser_Success_622567&gt;d__76.MoveNext() in c:\NGVL\SQA\Automation\Main\Laminar.Automation\Laminar.Automation.Services.SecurityWebApi.Test\TestMethods\UserEndpointTest.cs:line 451
--- End of stack trace from previous location where exception was thrown ---
   at System.Runtime.CompilerServices.TaskAwaiter.ThrowForNonSuccess(Task task)
   at System.Runtime.CompilerServices.TaskAwaiter.HandleNonSuccessAndDebuggerNotification(Task task)
   at System.Runtime.CompilerServices.TaskAwaiter.GetResult()

TestCleanup Stack Trace
   at Glider.Logger.Logger.EndTestCase(ProductStudioConfiguration psDetail, Boolean assertTest)
   at Glider.Logger.Logger.EndTestCase(Boolean assertTest)
   at Glider.TestClassBase.TestCleanUp()
</StackTrace>
        </ErrorInfo>
      </Output>
    </UnitTestResult>
    <UnitTestResult executionId="5ab0da38-80e6-4448-9ff0-362e187a77d2" testId="7fe2854a-9b2c-ad99-4a27-265cb778a384" testName="SecurityWebApi_CreatePartnerUser_Success_622564" computerName="ARAMK2" duration="00:00:06.8484901" startTime="2015-08-27T16:37:05.3175464-07:00" endTime="2015-08-27T16:37:12.1680517-07:00" testType="13cdc9d9-ddb5-4fa4-a97d-d965ccfc6d4b" outcome="Failed" testListId="8c84fa94-04c1-424b-9868-57a2d4851a1d" relativeResultsDirectory="5ab0da38-80e6-4448-9ff0-362e187a77d2">
      <Output>
        <DebugTrace>Info::  CorrelationId:7dd5f20b-9344-41c7-a7e3-1cd698865fb6
QTAgent32.exe Information: 0 : === Token Acquisition started. Correlation ID: 1a49b9a8-2be5-4de9-9bac-d2b98b2ea027
QTAgent32.exe Information: 0 : A matching token was found in the cache. Correlation ID: 1a49b9a8-2be5-4de9-9bac-d2b98b2ea027
QTAgent32.exe Information: 0 : Access Token with hash 'MBMjBiLgWCtTsHMcxQnTRd5uRB7J+1CToQLcEWlPzhk=' and Refresh Token with hash 'ZedIWHIa6ZrHXWfLAsWdE56BTqqBt0C1xpF+Hs9+TBU=' returned. Correlation ID: 1a49b9a8-2be5-4de9-9bac-d2b98b2ea027
Info::  Building URI for CreateUserAsync
Info::  Calling the Get Request using URI and authentication header
</DebugTrace>
        <ErrorInfo>
          <Message>Assert.AreEqual failed. Expected:&lt;Passed&gt;. Actual:&lt;Failed&gt;. </Message>
          <StackTrace>   at Glider.Logger.Logger.EndTestCase(ProductStudioConfiguration psDetail, Boolean assertTest)
   at Glider.Logger.Logger.EndTestCase(Boolean assertTest)
   at Glider.TestClassBase.TestCleanUp()
</StackTrace>
        </ErrorInfo>
      </Output>
    </UnitTestResult>
    <UnitTestResult executionId="32b1db86-a82e-4cde-b96c-8eff3c26c392" testId="e34a06dd-a114-1315-736f-ca8958957eea" testName="SecurityWebApi_CreateSupportUser_Success_622566" computerName="ARAMK2" duration="00:00:06.5724093" startTime="2015-08-27T16:37:12.1710529-07:00" endTime="2015-08-27T16:37:18.7467647-07:00" testType="13cdc9d9-ddb5-4fa4-a97d-d965ccfc6d4b" outcome="Failed" testListId="8c84fa94-04c1-424b-9868-57a2d4851a1d" relativeResultsDirectory="32b1db86-a82e-4cde-b96c-8eff3c26c392">
      <Output>
        <DebugTrace>Info::  CorrelationId:56cf4f26-c8c5-4545-af91-eb56d06229d0
QTAgent32.exe Information: 0 : === Token Acquisition started. Correlation ID: 44a7459c-8244-4c68-84c2-c97423e6cc4c
QTAgent32.exe Information: 0 : A matching token was found in the cache. Correlation ID: 44a7459c-8244-4c68-84c2-c97423e6cc4c
QTAgent32.exe Information: 0 : Access Token with hash '/rfBRIBBDmYuH3sSv9ihtvIa86nvL+iZLZ5juC5qVjE=' and Refresh Token with hash 'NYw50ChzdC2ZGMIecJcR1glcBpmstuvRxS3AEcA9RLg=' returned. Correlation ID: 44a7459c-8244-4c68-84c2-c97423e6cc4c
Info::  Building URI for CreateUserAsync
Info::  Calling the Get Request using URI and authentication header
</DebugTrace>
        <ErrorInfo>
          <Message>Assert.AreEqual failed. Expected:&lt;Passed&gt;. Actual:&lt;Failed&gt;. </Message>
          <StackTrace>   at Glider.Logger.Logger.EndTestCase(ProductStudioConfiguration psDetail, Boolean assertTest)
   at Glider.Logger.Logger.EndTestCase(Boolean assertTest)
   at Glider.TestClassBase.TestCleanUp()
</StackTrace>
        </ErrorInfo>
      </Output>
    </UnitTestResult>
    <UnitTestResult executionId="bcf79c3d-2c19-41e3-b6e3-41607f54a7f1" testId="3ce5cd31-2bc5-b39e-dc89-95d42e3d9e72" testName="SecurityWebApi_CreateUserNotGlobalAadRole_Fail_622542" computerName="ARAMK2" duration="00:00:00.0243576" startTime="2015-08-27T16:37:18.7497540-07:00" endTime="2015-08-27T16:37:18.7757851-07:00" testType="13cdc9d9-ddb5-4fa4-a97d-d965ccfc6d4b" outcome="Failed" testListId="8c84fa94-04c1-424b-9868-57a2d4851a1d" relativeResultsDirectory="bcf79c3d-2c19-41e3-b6e3-41607f54a7f1">
      <Output>
        <DebugTrace>Info::  CorrelationId:5257b224-39d3-4444-a363-835b16b254ed
</DebugTrace>
        <ErrorInfo>
          <Message>Test method Laminar.Automation.Services.SecurityWebApi.Test.TestMethods.UserEndPointsTest.SecurityWebApi_CreateUserNotGlobalAadRole_Fail_622542 threw exception: 
Glider.Exceptions.DataNotAvailableException: Data is not available from data pool for userId under entity NotGlobalAdminBVT.
Assert.AreEqual failed. Expected:&lt;Passed&gt;. Actual:&lt;Failed&gt;. </Message>
          <StackTrace>    at Glider.DataPool.Data.DataPoolStore.Read(String entityName, String fieldName)
   at Laminar.Automation.Services.SecurityWebApi.TokenAcquirer.AcquireToken(User user, Boolean getUserTokenWithCodedUI) in c:\NGVL\SQA\Automation\Main\Laminar.Automation\Laminar.Automation.Services.SecurityWebApi\TokenAcquirer.cs:line 97
   at Laminar.Automation.Services.SecurityWebApi.Test.TestMethods.UserEndPointsTest.&lt;SecurityWebApi_CreateUserNotGlobalAadRole_Fail_622542&gt;d__a4.MoveNext() in c:\NGVL\SQA\Automation\Main\Laminar.Automation\Laminar.Automation.Services.SecurityWebApi.Test\TestMethods\UserEndpointTest.cs:line 659
--- End of stack trace from previous location where exception was thrown ---
   at System.Runtime.CompilerServices.TaskAwaiter.ThrowForNonSuccess(Task task)
   at System.Runtime.CompilerServices.TaskAwaiter.HandleNonSuccessAndDebuggerNotification(Task task)
   at System.Runtime.CompilerServices.TaskAwaiter.GetResult()

TestCleanup Stack Trace
   at Glider.Logger.Logger.EndTestCase(ProductStudioConfiguration psDetail, Boolean assertTest)
   at Glider.Logger.Logger.EndTestCase(Boolean assertTest)
   at Glider.TestClassBase.TestCleanUp()
</StackTrace>
        </ErrorInfo>
      </Output>
    </UnitTestResult>
    <UnitTestResult executionId="28c222ff-442c-42ac-95fb-83e63d1ea6ed" testId="5e3797bb-8d38-0ae1-9135-d5890bb37f0a" testName="SecurityWebApi_CreateUserNoUserAdminRole_Fail_611671" computerName="ARAMK2" duration="00:00:00.0103756" startTime="2015-08-27T16:37:18.7787828-07:00" endTime="2015-08-27T16:37:18.7908010-07:00" testType="13cdc9d9-ddb5-4fa4-a97d-d965ccfc6d4b" outcome="Failed" testListId="8c84fa94-04c1-424b-9868-57a2d4851a1d" relativeResultsDirectory="28c222ff-442c-42ac-95fb-83e63d1ea6ed">
      <Output>
        <DebugTrace>Info::  CorrelationId:5821fd79-1cbc-4fa8-8ecf-a6c609e75cdd
</DebugTrace>
        <ErrorInfo>
          <Message>Test method Laminar.Automation.Services.SecurityWebApi.Test.TestMethods.UserEndPointsTest.SecurityWebApi_CreateUserNoUserAdminRole_Fail_611671 threw exception: 
Glider.Exceptions.DataNotAvailableException: Data is not available from data pool for userId under entity UserWithNoRoleBVT.
Assert.AreEqual failed. Expected:&lt;Passed&gt;. Actual:&lt;Failed&gt;. </Message>
          <StackTrace>    at Glider.DataPool.Data.DataPoolStore.Read(String entityName, String fieldName)
   at Laminar.Automation.Services.SecurityWebApi.TokenAcquirer.AcquireToken(User user, Boolean getUserTokenWithCodedUI) in c:\NGVL\SQA\Automation\Main\Laminar.Automation\Laminar.Automation.Services.SecurityWebApi\TokenAcquirer.cs:line 101
   at Laminar.Automation.Services.SecurityWebApi.Test.TestMethods.UserEndPointsTest.&lt;SecurityWebApi_CreateUserNoUserAdminRole_Fail_611671&gt;d__b2.MoveNext() in c:\NGVL\SQA\Automation\Main\Laminar.Automation\Laminar.Automation.Services.SecurityWebApi.Test\TestMethods\UserEndpointTest.cs:line 710
--- End of stack trace from previous location where exception was thrown ---
   at System.Runtime.CompilerServices.TaskAwaiter.ThrowForNonSuccess(Task task)
   at System.Runtime.CompilerServices.TaskAwaiter.HandleNonSuccessAndDebuggerNotification(Task task)
   at System.Runtime.CompilerServices.TaskAwaiter.GetResult()

TestCleanup Stack Trace
   at Glider.Logger.Logger.EndTestCase(ProductStudioConfiguration psDetail, Boolean assertTest)
   at Glider.Logger.Logger.EndTestCase(Boolean assertTest)
   at Glider.TestClassBase.TestCleanUp()
</StackTrace>
        </ErrorInfo>
      </Output>
    </UnitTestResult>
    <UnitTestResult executionId="407c649c-50eb-4e82-8904-ff3ac5baf7c5" testId="106174ff-a9d4-3cfb-b188-91703f52ee5f" testName="SecurityWebApi_CreateUserWithBadUserData_Fail_611670" computerName="ARAMK2" duration="00:00:04.4878099" startTime="2015-08-27T16:37:18.7927976-07:00" endTime="2015-08-27T16:37:23.2830929-07:00" testType="13cdc9d9-ddb5-4fa4-a97d-d965ccfc6d4b" outcome="Failed" testListId="8c84fa94-04c1-424b-9868-57a2d4851a1d" relativeResultsDirectory="407c649c-50eb-4e82-8904-ff3ac5baf7c5">
      <Output>
        <DebugTrace>Info::  CorrelationId:89b1c3ab-8802-4a12-b178-92b819896d30
QTAgent32.exe Information: 0 : === Token Acquisition started. Correlation ID: a25ca782-2f38-4407-9a62-95258a58474f
QTAgent32.exe Information: 0 : A matching token was found in the cache. Correlation ID: a25ca782-2f38-4407-9a62-95258a58474f
QTAgent32.exe Information: 0 : Access Token with hash 'vNZLFbtqEwp68ZY115sgO8B/JLmTpiyEthps89ujw3g=' and Refresh Token with hash 'tjT1RzfFVI9CubGlQIkqjpHd/8+y0RgAFCIWdGidU3U=' returned. Correlation ID: a25ca782-2f38-4407-9a62-95258a58474f
Info::  Building URI for CreateUserAsync
Info::  Calling the Get Request using URI and authentication header
Info::  Building URI for CreateUserAsync
Info::  Calling the Get Request using URI and authentication header
Info::  Building URI for CreateUserAsync
Info::  Calling the Get Request using URI and authentication header
Info::  Building URI for CreateUserAsync
Info::  Calling the Get Request using URI and authentication header
Info::  Building URI for CreateUserAsync
Info::  Calling the Get Request using URI and authentication header
Info::  Building URI for CreateUserAsync
Info::  Calling the Get Request using URI and authentication header
Info::  Building URI for CreateUserAsync
Info::  Calling the Get Request using URI and authentication header
</DebugTrace>
        <ErrorInfo>
          <Message>Assert.AreEqual failed. Expected:&lt;Passed&gt;. Actual:&lt;Failed&gt;. </Message>
          <StackTrace>   at Glider.Logger.Logger.EndTestCase(ProductStudioConfiguration psDetail, Boolean assertTest)
   at Glider.Logger.Logger.EndTestCase(Boolean assertTest)
   at Glider.TestClassBase.TestCleanUp()
</StackTrace>
        </ErrorInfo>
      </Output>
    </UnitTestResult>
    <UnitTestResult executionId="35dd153f-3626-4cfa-bdb1-8acf7ebea798" testId="2fb691a8-b3aa-eb2b-f946-b11f4308ef27" testName="SecurityWebApi_CreateUserWithNoRole_Fail_622541" computerName="ARAMK2" duration="00:00:00.7016245" startTime="2015-08-27T16:37:23.2860800-07:00" endTime="2015-08-27T16:37:23.9895834-07:00" testType="13cdc9d9-ddb5-4fa4-a97d-d965ccfc6d4b" outcome="Failed" testListId="8c84fa94-04c1-424b-9868-57a2d4851a1d" relativeResultsDirectory="35dd153f-3626-4cfa-bdb1-8acf7ebea798">
      <Output>
        <DebugTrace>Info::  CorrelationId:31daa3d5-4cd2-49d1-bee1-804d218e4a65
QTAgent32.exe Information: 0 : === Token Acquisition started. Correlation ID: 48fce52e-4b30-43ba-8762-c5663569f24b
QTAgent32.exe Information: 0 : A matching token was found in the cache. Correlation ID: 48fce52e-4b30-43ba-8762-c5663569f24b
QTAgent32.exe Information: 0 : Access Token with hash 'vNZLFbtqEwp68ZY115sgO8B/JLmTpiyEthps89ujw3g=' and Refresh Token with hash 'tjT1RzfFVI9CubGlQIkqjpHd/8+y0RgAFCIWdGidU3U=' returned. Correlation ID: 48fce52e-4b30-43ba-8762-c5663569f24b
Info::  Building URI for CreateUserAsync
Info::  Calling the Get Request using URI and authentication header
</DebugTrace>
        <ErrorInfo>
          <Message>Assert.AreEqual failed. Expected:&lt;Passed&gt;. Actual:&lt;Failed&gt;. </Message>
          <StackTrace>   at Glider.Logger.Logger.EndTestCase(ProductStudioConfiguration psDetail, Boolean assertTest)
   at Glider.Logger.Logger.EndTestCase(Boolean assertTest)
   at Glider.TestClassBase.TestCleanUp()
</StackTrace>
        </ErrorInfo>
      </Output>
    </UnitTestResult>
    <UnitTestResult executionId="9aec8330-531c-4288-8f6a-894cedc1bf3e" testId="d34fa61a-8135-424f-e169-050ac309e26d" testName="SecurityWebApi_CreateUserWithNoToken_Failed_622573" computerName="ARAMK2" duration="00:00:00.4173844" startTime="2015-08-27T16:37:23.9936033-07:00" endTime="2015-08-27T16:37:24.4126265-07:00" testType="13cdc9d9-ddb5-4fa4-a97d-d965ccfc6d4b" outcome="Failed" testListId="8c84fa94-04c1-424b-9868-57a2d4851a1d" relativeResultsDirectory="9aec8330-531c-4288-8f6a-894cedc1bf3e">
      <Output>
        <DebugTrace>Info::  CorrelationId:5bf427c0-8ad1-4ecb-afc0-175e87f0b44e
Info::  Building URI for CreateUserAsync
Info::  Calling the Get Request using URI and authentication header
</DebugTrace>
        <ErrorInfo>
          <Message>Assert.AreEqual failed. Expected:&lt;Passed&gt;. Actual:&lt;Failed&gt;. </Message>
          <StackTrace>   at Glider.Logger.Logger.EndTestCase(ProductStudioConfiguration psDetail, Boolean assertTest)
   at Glider.Logger.Logger.EndTestCase(Boolean assertTest)
   at Glider.TestClassBase.TestCleanUp()
</StackTrace>
        </ErrorInfo>
      </Output>
    </UnitTestResult>
    <UnitTestResult executionId="01f16430-4763-4d9e-addc-48c4de8b2f59" testId="36423beb-5640-568d-cef2-ec5445c0f1cf" testName="SecurityWebApi_UsersEndpoint_GetServiceUsers_607321" computerName="ARAMK2" duration="00:00:00.0158567" startTime="2015-08-27T16:37:24.4166290-07:00" endTime="2015-08-27T16:37:24.4336419-07:00" testType="13cdc9d9-ddb5-4fa4-a97d-d965ccfc6d4b" outcome="Failed" testListId="8c84fa94-04c1-424b-9868-57a2d4851a1d" relativeResultsDirectory="01f16430-4763-4d9e-addc-48c4de8b2f59">
      <Output>
        <DebugTrace>Info::  CorrelationId:b1cba796-eb3b-4391-976c-24eb95155608
</DebugTrace>
        <ErrorInfo>
          <Message>Test method Laminar.Automation.Services.SecurityWebApi.Test.TestMethods.UserEndPointsTest.SecurityWebApi_UsersEndpoint_GetServiceUsers_607321 threw exception: 
Glider.Exceptions.DataNotAvailableException: Data is not available from data pool for accountNumber under entity PartnerAgreementCreator.
Assert.AreEqual failed. Expected:&lt;Passed&gt;. Actual:&lt;Failed&gt;. </Message>
          <StackTrace>    at Glider.DataPool.Data.DataPoolStore.Read(String entityName, String fieldName)
   at Laminar.Automation.Services.SecurityWebApi.Test.TestMethods.UserEndPointsTest.&lt;SecurityWebApi_UsersEndpoint_GetServiceUsers_607321&gt;d__c2.MoveNext() in c:\NGVL\SQA\Automation\Main\Laminar.Automation\Laminar.Automation.Services.SecurityWebApi.Test\TestMethods\UserEndpointTest.cs:line 743
--- End of stack trace from previous location where exception was thrown ---
   at System.Runtime.CompilerServices.TaskAwaiter.ThrowForNonSuccess(Task task)
   at System.Runtime.CompilerServices.TaskAwaiter.HandleNonSuccessAndDebuggerNotification(Task task)
   at System.Runtime.CompilerServices.TaskAwaiter.GetResult()

TestCleanup Stack Trace
   at Glider.Logger.Logger.EndTestCase(ProductStudioConfiguration psDetail, Boolean assertTest)
   at Glider.Logger.Logger.EndTestCase(Boolean assertTest)
   at Glider.TestClassBase.TestCleanUp()
</StackTrace>
        </ErrorInfo>
      </Output>
    </UnitTestResult>
    <UnitTestResult executionId="e03da1cb-6707-4a22-a96e-5e16c2647994" testId="9c8afeef-167f-da3f-006d-39f3b2273264" testName="SecurityWebApi_UsersEndpoint_GetServiceUsers_Returns401When_UserHasNoAccessToEndpoint_622714" computerName="ARAMK2" duration="00:00:00.0102803" startTime="2015-08-27T16:37:24.4366434-07:00" endTime="2015-08-27T16:37:24.4486519-07:00" testType="13cdc9d9-ddb5-4fa4-a97d-d965ccfc6d4b" outcome="Failed" testListId="8c84fa94-04c1-424b-9868-57a2d4851a1d" relativeResultsDirectory="e03da1cb-6707-4a22-a96e-5e16c2647994">
      <Output>
        <DebugTrace>Info::  CorrelationId:2769575c-fac2-4d4c-8b38-2f47476cf0e9
</DebugTrace>
        <ErrorInfo>
          <Message>Test method Laminar.Automation.Services.SecurityWebApi.Test.TestMethods.UserEndPointsTest.SecurityWebApi_UsersEndpoint_GetServiceUsers_Returns401When_UserHasNoAccessToEndpoint_622714 threw exception: 
Glider.Exceptions.DataNotAvailableException: Data is not available from data pool for accountNumber under entity PartnerAgreementCreator.
Assert.AreEqual failed. Expected:&lt;Passed&gt;. Actual:&lt;Failed&gt;. </Message>
          <StackTrace>    at Glider.DataPool.Data.DataPoolStore.Read(String entityName, String fieldName)
   at Laminar.Automation.Services.SecurityWebApi.Test.TestMethods.UserEndPointsTest.&lt;SecurityWebApi_UsersEndpoint_GetServiceUsers_Returns401When_UserHasNoAccessToEndpoint_622714&gt;d__dd.MoveNext() in c:\NGVL\SQA\Automation\Main\Laminar.Automation\Laminar.Automation.Services.SecurityWebApi.Test\TestMethods\UserEndpointTest.cs:line 814
--- End of stack trace from previous location where exception was thrown ---
   at System.Runtime.CompilerServices.TaskAwaiter.ThrowForNonSuccess(Task task)
   at System.Runtime.CompilerServices.TaskAwaiter.HandleNonSuccessAndDebuggerNotification(Task task)
   at System.Runtime.CompilerServices.TaskAwaiter.GetResult()

TestCleanup Stack Trace
   at Glider.Logger.Logger.EndTestCase(ProductStudioConfiguration psDetail, Boolean assertTest)
   at Glider.Logger.Logger.EndTestCase(Boolean assertTest)
   at Glider.TestClassBase.TestCleanUp()
</StackTrace>
        </ErrorInfo>
      </Output>
    </UnitTestResult>
    <UnitTestResult executionId="faf42d3b-f4de-4f89-ba27-8378015ddbb7" testId="39cf40e3-35e0-609f-475e-ff3302fa70ca" testName="SecurityWebApi_UsersEndpoint_GetServiceUsers_Returns404When_AccountHasNoServiceUsers_607333" computerName="ARAMK2" duration="00:00:01.0438820" startTime="2015-08-27T16:37:24.4516544-07:00" endTime="2015-08-27T16:37:25.4984019-07:00" testType="13cdc9d9-ddb5-4fa4-a97d-d965ccfc6d4b" outcome="Failed" testListId="8c84fa94-04c1-424b-9868-57a2d4851a1d" relativeResultsDirectory="faf42d3b-f4de-4f89-ba27-8378015ddbb7">
      <Output>
        <DebugTrace>Info::  CorrelationId:c0dd81d4-3ada-4655-a4b6-30fc46d3454b
QTAgent32.exe Information: 0 : === Token Acquisition started. Correlation ID: 2a041735-9d15-4b65-927d-93c9880f750b
QTAgent32.exe Information: 0 : A matching token was found in the cache. Correlation ID: 2a041735-9d15-4b65-927d-93c9880f750b
QTAgent32.exe Information: 0 : Access Token with hash 'o0kfjlwG1gnGj3n+Rhd8K6QrWIpHiQSxZ+09iq1Ygs8=' and Refresh Token with hash '7YDQz1EWVfqImjhL9GBHzYHIAZfFwyOEzdY4LoOrwJM=' returned. Correlation ID: 2a041735-9d15-4b65-927d-93c9880f750b
</DebugTrace>
        <ErrorInfo>
          <Message>Assert.AreEqual failed. Expected:&lt;Passed&gt;. Actual:&lt;Failed&gt;. </Message>
          <StackTrace>   at Glider.Logger.Logger.EndTestCase(ProductStudioConfiguration psDetail, Boolean assertTest)
   at Glider.Logger.Logger.EndTestCase(Boolean assertTest)
   at Glider.TestClassBase.TestCleanUp()
</StackTrace>
        </ErrorInfo>
      </Output>
    </UnitTestResult>
    <UnitTestResult executionId="7856dc36-8356-4c41-bfee-c082b8a810f9" testId="5e290a5a-41c1-d408-0129-36b4636585c7" testName="SecurityWebApi_UsersEndpoint_GetServiceUsers_Returns404When_AccountNumberIsInvalid_607329" computerName="ARAMK2" duration="00:00:00.6425961" startTime="2015-08-27T16:37:25.5034061-07:00" endTime="2015-08-27T16:37:26.1480788-07:00" testType="13cdc9d9-ddb5-4fa4-a97d-d965ccfc6d4b" outcome="Failed" testListId="8c84fa94-04c1-424b-9868-57a2d4851a1d" relativeResultsDirectory="7856dc36-8356-4c41-bfee-c082b8a810f9">
      <Output>
        <DebugTrace>Info::  CorrelationId:7715ec98-3898-4956-93f1-bfadf87de56e
QTAgent32.exe Information: 0 : === Token Acquisition started. Correlation ID: 476a1876-043f-401f-af45-4df482091c6e
QTAgent32.exe Information: 0 : A matching token was found in the cache. Correlation ID: 476a1876-043f-401f-af45-4df482091c6e
QTAgent32.exe Information: 0 : Access Token with hash 'o0kfjlwG1gnGj3n+Rhd8K6QrWIpHiQSxZ+09iq1Ygs8=' and Refresh Token with hash '7YDQz1EWVfqImjhL9GBHzYHIAZfFwyOEzdY4LoOrwJM=' returned. Correlation ID: 476a1876-043f-401f-af45-4df482091c6e
</DebugTrace>
        <ErrorInfo>
          <Message>Assert.AreEqual failed. Expected:&lt;Passed&gt;. Actual:&lt;Failed&gt;. </Message>
          <StackTrace>   at Glider.Logger.Logger.EndTestCase(ProductStudioConfiguration psDetail, Boolean assertTest)
   at Glider.Logger.Logger.EndTestCase(Boolean assertTest)
   at Glider.TestClassBase.TestCleanUp()
</StackTrace>
        </ErrorInfo>
      </Output>
    </UnitTestResult>
    <UnitTestResult executionId="a3799d62-16ad-4d97-8db8-a11ea23e34bf" testId="739d54ce-014d-5f85-9e78-a55d27586755" testName="SecurityWebApi_UsersEndpoint_GetServiceUsers_Returns404When_UserHasNoAccessToAccount_622715" computerName="ARAMK2" duration="00:00:00.6739648" startTime="2015-08-27T16:37:26.1510812-07:00" endTime="2015-08-27T16:37:26.8265692-07:00" testType="13cdc9d9-ddb5-4fa4-a97d-d965ccfc6d4b" outcome="Failed" testListId="8c84fa94-04c1-424b-9868-57a2d4851a1d" relativeResultsDirectory="a3799d62-16ad-4d97-8db8-a11ea23e34bf">
      <Output>
        <DebugTrace>Info::  CorrelationId:23bfcfa6-dcc9-47d5-b4f6-d8a281f993a7
QTAgent32.exe Information: 0 : === Token Acquisition started. Correlation ID: b17df526-dc61-4f33-a451-75198ff32bec
QTAgent32.exe Information: 0 : A matching token was found in the cache. Correlation ID: b17df526-dc61-4f33-a451-75198ff32bec
QTAgent32.exe Information: 0 : Access Token with hash 'o0kfjlwG1gnGj3n+Rhd8K6QrWIpHiQSxZ+09iq1Ygs8=' and Refresh Token with hash '7YDQz1EWVfqImjhL9GBHzYHIAZfFwyOEzdY4LoOrwJM=' returned. Correlation ID: b17df526-dc61-4f33-a451-75198ff32bec
</DebugTrace>
        <ErrorInfo>
          <Message>Assert.AreEqual failed. Expected:&lt;Passed&gt;. Actual:&lt;Failed&gt;. </Message>
          <StackTrace>   at Glider.Logger.Logger.EndTestCase(ProductStudioConfiguration psDetail, Boolean assertTest)
   at Glider.Logger.Logger.EndTestCase(Boolean assertTest)
   at Glider.TestClassBase.TestCleanUp()
</StackTrace>
        </ErrorInfo>
      </Output>
    </UnitTestResult>
    <UnitTestResult executionId="46f2c6e2-7a6e-4b2d-9ccb-f6dc0af54e14" testId="5aea8839-14d7-5f34-03f3-2a0896d7994c" testName="SecurityWebApi_UsersEndpoint_PostServiceUsers_Returns_objectID_607335" computerName="ARAMK2" duration="00:00:00.0101722" startTime="2015-08-27T16:37:26.8295534-07:00" endTime="2015-08-27T16:37:26.8415626-07:00" testType="13cdc9d9-ddb5-4fa4-a97d-d965ccfc6d4b" outcome="Failed" testListId="8c84fa94-04c1-424b-9868-57a2d4851a1d" relativeResultsDirectory="46f2c6e2-7a6e-4b2d-9ccb-f6dc0af54e14">
      <Output>
        <DebugTrace>Info::  CorrelationId:33479c59-a554-42b4-8e97-3972d4c54f3c
</DebugTrace>
        <ErrorInfo>
          <Message>Test method Laminar.Automation.Services.SecurityWebApi.Test.TestMethods.UserEndPointsTest.SecurityWebApi_UsersEndpoint_PostServiceUsers_Returns_objectID_607335 threw exception: 
Glider.Exceptions.DataNotAvailableException: Data is not available from data pool for accountNumber under entity PartnerAgreementCreator.
Assert.AreEqual failed. Expected:&lt;Passed&gt;. Actual:&lt;Failed&gt;. </Message>
          <StackTrace>    at Glider.DataPool.Data.DataPoolStore.Read(String entityName, String fieldName)
   at Laminar.Automation.Services.SecurityWebApi.Test.TestMethods.UserEndPointsTest.&lt;SecurityWebApi_UsersEndpoint_PostServiceUsers_Returns_objectID_607335&gt;d__f0.MoveNext() in c:\NGVL\SQA\Automation\Main\Laminar.Automation\Laminar.Automation.Services.SecurityWebApi.Test\TestMethods\UserEndpointTest.cs:line 856
--- End of stack trace from previous location where exception was thrown ---
   at System.Runtime.CompilerServices.TaskAwaiter.ThrowForNonSuccess(Task task)
   at System.Runtime.CompilerServices.TaskAwaiter.HandleNonSuccessAndDebuggerNotification(Task task)
   at System.Runtime.CompilerServices.TaskAwaiter.GetResult()

TestCleanup Stack Trace
   at Glider.Logger.Logger.EndTestCase(ProductStudioConfiguration psDetail, Boolean assertTest)
   at Glider.Logger.Logger.EndTestCase(Boolean assertTest)
   at Glider.TestClassBase.TestCleanUp()
</StackTrace>
        </ErrorInfo>
      </Output>
    </UnitTestResult>
    <UnitTestResult executionId="5ae184ee-fe9a-4301-9c53-bccbcf46f851" testId="ce9164a5-4930-d778-7ec2-fee5941e2d2e" testName="SecurityWebApi_UsersEndpoint_PostServiceUsers_Returns400When_AnyRequiredParameterIsMissingInRequest_607338" computerName="ARAMK2" duration="00:00:00.0150728" startTime="2015-08-27T16:37:26.8445644-07:00" endTime="2015-08-27T16:37:26.8625773-07:00" testType="13cdc9d9-ddb5-4fa4-a97d-d965ccfc6d4b" outcome="Failed" testListId="8c84fa94-04c1-424b-9868-57a2d4851a1d" relativeResultsDirectory="5ae184ee-fe9a-4301-9c53-bccbcf46f851">
      <Output>
        <DebugTrace>Info::  CorrelationId:3464c2c2-a500-47dd-935d-6d75c0664625
</DebugTrace>
        <ErrorInfo>
          <Message>Test method Laminar.Automation.Services.SecurityWebApi.Test.TestMethods.UserEndPointsTest.SecurityWebApi_UsersEndpoint_PostServiceUsers_Returns400When_AnyRequiredParameterIsMissingInRequest_607338 threw exception: 
Glider.Exceptions.DataNotAvailableException: Data is not available from data pool for accountNumber under entity PartnerAgreementCreator.
Assert.AreEqual failed. Expected:&lt;Passed&gt;. Actual:&lt;Failed&gt;. </Message>
          <StackTrace>    at Glider.DataPool.Data.DataPoolStore.Read(String entityName, String fieldName)
   at Laminar.Automation.Services.SecurityWebApi.Test.TestMethods.UserEndPointsTest.&lt;SecurityWebApi_UsersEndpoint_PostServiceUsers_Returns400When_AnyRequiredParameterIsMissingInRequest_607338&gt;d__108.MoveNext() in c:\NGVL\SQA\Automation\Main\Laminar.Automation\Laminar.Automation.Services.SecurityWebApi.Test\TestMethods\UserEndpointTest.cs:line 919
--- End of stack trace from previous location where exception was thrown ---
   at System.Runtime.CompilerServices.TaskAwaiter.ThrowForNonSuccess(Task task)
   at System.Runtime.CompilerServices.TaskAwaiter.HandleNonSuccessAndDebuggerNotification(Task task)
   at System.Runtime.CompilerServices.TaskAwaiter.GetResult()

TestCleanup Stack Trace
   at Glider.Logger.Logger.EndTestCase(ProductStudioConfiguration psDetail, Boolean assertTest)
   at Glider.Logger.Logger.EndTestCase(Boolean assertTest)
   at Glider.TestClassBase.TestCleanUp()
</StackTrace>
        </ErrorInfo>
      </Output>
    </UnitTestResult>
    <UnitTestResult executionId="a80ae0d9-9e0f-4648-9244-491db081793c" testId="d3a0bef8-b851-5122-4a32-a971a67cf886" testName="SecurityWebApi_UsersEndpoint_PostServiceUsers_Returns400When_RequestContainsExpiredCertificate_628103" computerName="ARAMK2" duration="00:00:00.0097658" startTime="2015-08-27T16:37:26.8645787-07:00" endTime="2015-08-27T16:37:26.8766046-07:00" testType="13cdc9d9-ddb5-4fa4-a97d-d965ccfc6d4b" outcome="Failed" testListId="8c84fa94-04c1-424b-9868-57a2d4851a1d" relativeResultsDirectory="a80ae0d9-9e0f-4648-9244-491db081793c">
      <Output>
        <DebugTrace>Info::  CorrelationId:8bc42194-5cf0-45ad-80e6-05904075f730
</DebugTrace>
        <ErrorInfo>
          <Message>Test method Laminar.Automation.Services.SecurityWebApi.Test.TestMethods.UserEndPointsTest.SecurityWebApi_UsersEndpoint_PostServiceUsers_Returns400When_RequestContainsExpiredCertificate_628103 threw exception: 
Glider.Exceptions.DataNotAvailableException: Data is not available from data pool for ExpiredCertificateAsBase64String under entity B2BCertificate.
Assert.AreEqual failed. Expected:&lt;Passed&gt;. Actual:&lt;Failed&gt;. </Message>
          <StackTrace>    at Glider.DataPool.Data.DataPoolStore.Read(String entityName, String fieldName)
   at Laminar.Automation.Services.SecurityWebApi.Test.TestMethods.UserEndPointsTest.&lt;SecurityWebApi_UsersEndpoint_PostServiceUsers_Returns400When_RequestContainsExpiredCertificate_628103&gt;d__134.MoveNext() in c:\NGVL\SQA\Automation\Main\Laminar.Automation\Laminar.Automation.Services.SecurityWebApi.Test\TestMethods\UserEndpointTest.cs:line 1057
--- End of stack trace from previous location where exception was thrown ---
   at System.Runtime.CompilerServices.TaskAwaiter.ThrowForNonSuccess(Task task)
   at System.Runtime.CompilerServices.TaskAwaiter.HandleNonSuccessAndDebuggerNotification(Task task)
   at System.Runtime.CompilerServices.TaskAwaiter.GetResult()

TestCleanup Stack Trace
   at Glider.Logger.Logger.EndTestCase(ProductStudioConfiguration psDetail, Boolean assertTest)
   at Glider.Logger.Logger.EndTestCase(Boolean assertTest)
   at Glider.TestClassBase.TestCleanUp()
</StackTrace>
        </ErrorInfo>
      </Output>
    </UnitTestResult>
    <UnitTestResult executionId="ae5b0e09-4cec-40ce-a58f-b71be495d1e8" testId="d820706b-156c-3c4e-71a7-f2fc662affb1" testName="SecurityWebApi_UsersEndpoint_PostServiceUsers_Returns400When_RequestContainsInvalidCertificate_628102" computerName="ARAMK2" duration="00:00:00.0085624" startTime="2015-08-27T16:37:26.8795894-07:00" endTime="2015-08-27T16:37:26.8895963-07:00" testType="13cdc9d9-ddb5-4fa4-a97d-d965ccfc6d4b" outcome="Failed" testListId="8c84fa94-04c1-424b-9868-57a2d4851a1d" relativeResultsDirectory="ae5b0e09-4cec-40ce-a58f-b71be495d1e8">
      <Output>
        <DebugTrace>Info::  CorrelationId:38e04865-a7e2-4416-883a-6d4d80da704c
</DebugTrace>
        <ErrorInfo>
          <Message>Test method Laminar.Automation.Services.SecurityWebApi.Test.TestMethods.UserEndPointsTest.SecurityWebApi_UsersEndpoint_PostServiceUsers_Returns400When_RequestContainsInvalidCertificate_628102 threw exception: 
Glider.Exceptions.DataNotAvailableException: Data is not available from data pool for InvalidCertificateAsBase64String under entity B2BCertificate.
Assert.AreEqual failed. Expected:&lt;Passed&gt;. Actual:&lt;Failed&gt;. </Message>
          <StackTrace>    at Glider.DataPool.Data.DataPoolStore.Read(String entityName, String fieldName)
   at Laminar.Automation.Services.SecurityWebApi.Test.TestMethods.UserEndPointsTest.&lt;SecurityWebApi_UsersEndpoint_PostServiceUsers_Returns400When_RequestContainsInvalidCertificate_628102&gt;d__129.MoveNext() in c:\NGVL\SQA\Automation\Main\Laminar.Automation\Laminar.Automation.Services.SecurityWebApi.Test\TestMethods\UserEndpointTest.cs:line 1027
--- End of stack trace from previous location where exception was thrown ---
   at System.Runtime.CompilerServices.TaskAwaiter.ThrowForNonSuccess(Task task)
   at System.Runtime.CompilerServices.TaskAwaiter.HandleNonSuccessAndDebuggerNotification(Task task)
   at System.Runtime.CompilerServices.TaskAwaiter.GetResult()

TestCleanup Stack Trace
   at Glider.Logger.Logger.EndTestCase(ProductStudioConfiguration psDetail, Boolean assertTest)
   at Glider.Logger.Logger.EndTestCase(Boolean assertTest)
   at Glider.TestClassBase.TestCleanUp()
</StackTrace>
        </ErrorInfo>
      </Output>
    </UnitTestResult>
    <UnitTestResult executionId="31de8c2b-4f1b-4c79-9966-8ee4726e7198" testId="9ce4f067-dd9c-d9ec-bbbd-a70c278d46cf" testName="SecurityWebApi_UsersEndpoint_PostServiceUsers_Returns401When_UserHasNoAccessToEndpoint_625140" computerName="ARAMK2" duration="00:00:00.0084447" startTime="2015-08-27T16:37:26.8925984-07:00" endTime="2015-08-27T16:37:26.9036066-07:00" testType="13cdc9d9-ddb5-4fa4-a97d-d965ccfc6d4b" outcome="Failed" testListId="8c84fa94-04c1-424b-9868-57a2d4851a1d" relativeResultsDirectory="31de8c2b-4f1b-4c79-9966-8ee4726e7198">
      <Output>
        <DebugTrace>Info::  CorrelationId:9e4d2242-bc7f-4cac-92b2-db8fad0b3fc0
</DebugTrace>
        <ErrorInfo>
          <Message>Test method Laminar.Automation.Services.SecurityWebApi.Test.TestMethods.UserEndPointsTest.SecurityWebApi_UsersEndpoint_PostServiceUsers_Returns401When_UserHasNoAccessToEndpoint_625140 threw exception: 
Glider.Exceptions.DataNotAvailableException: Data is not available from data pool for accountNumber under entity PartnerAgreementCreator.
Assert.AreEqual failed. Expected:&lt;Passed&gt;. Actual:&lt;Failed&gt;. </Message>
          <StackTrace>    at Glider.DataPool.Data.DataPoolStore.Read(String entityName, String fieldName)
   at Laminar.Automation.Services.SecurityWebApi.Test.TestMethods.UserEndPointsTest.&lt;SecurityWebApi_UsersEndpoint_PostServiceUsers_Returns401When_UserHasNoAccessToEndpoint_625140&gt;d__113.MoveNext() in c:\NGVL\SQA\Automation\Main\Laminar.Automation\Laminar.Automation.Services.SecurityWebApi.Test\TestMethods\UserEndpointTest.cs:line 965
--- End of stack trace from previous location where exception was thrown ---
   at System.Runtime.CompilerServices.TaskAwaiter.ThrowForNonSuccess(Task task)
   at System.Runtime.CompilerServices.TaskAwaiter.HandleNonSuccessAndDebuggerNotification(Task task)
   at System.Runtime.CompilerServices.TaskAwaiter.GetResult()

TestCleanup Stack Trace
   at Glider.Logger.Logger.EndTestCase(ProductStudioConfiguration psDetail, Boolean assertTest)
   at Glider.Logger.Logger.EndTestCase(Boolean assertTest)
   at Glider.TestClassBase.TestCleanUp()
</StackTrace>
        </ErrorInfo>
      </Output>
    </UnitTestResult>
    <UnitTestResult executionId="59cd1514-5755-4a41-b2f1-9d95cb9b9974" testId="1597e452-a800-586e-0482-8b11643b5dc8" testName="SecurityWebApi_UsersEndpoint_PostServiceUsers_Returns404When_AccountNumberDoesNotExists_607337" computerName="ARAMK2" duration="00:00:00.0089117" startTime="2015-08-27T16:37:26.9066087-07:00" endTime="2015-08-27T16:37:26.9196177-07:00" testType="13cdc9d9-ddb5-4fa4-a97d-d965ccfc6d4b" outcome="Failed" testListId="8c84fa94-04c1-424b-9868-57a2d4851a1d" relativeResultsDirectory="59cd1514-5755-4a41-b2f1-9d95cb9b9974">
      <Output>
        <DebugTrace>Info::  CorrelationId:6eb35447-be46-4032-873f-557e406350a3
</DebugTrace>
        <ErrorInfo>
          <Message>Test method Laminar.Automation.Services.SecurityWebApi.Test.TestMethods.UserEndPointsTest.SecurityWebApi_UsersEndpoint_PostServiceUsers_Returns404When_AccountNumberDoesNotExists_607337 threw exception: 
Glider.Exceptions.DataNotAvailableException: Data is not available from data pool for CertificateAsBase64String under entity B2BCertificate.
Assert.AreEqual failed. Expected:&lt;Passed&gt;. Actual:&lt;Failed&gt;. </Message>
          <StackTrace>    at Glider.DataPool.Data.DataPoolStore.Read(String entityName, String fieldName)
   at Laminar.Automation.Services.SecurityWebApi.Test.TestMethods.UserEndPointsTest.&lt;SecurityWebApi_UsersEndpoint_PostServiceUsers_Returns404When_AccountNumberDoesNotExists_607337&gt;d__fd.MoveNext() in c:\NGVL\SQA\Automation\Main\Laminar.Automation\Laminar.Automation.Services.SecurityWebApi.Test\TestMethods\UserEndpointTest.cs:line 891
--- End of stack trace from previous location where exception was thrown ---
   at System.Runtime.CompilerServices.TaskAwaiter.ThrowForNonSuccess(Task task)
   at System.Runtime.CompilerServices.TaskAwaiter.HandleNonSuccessAndDebuggerNotification(Task task)
   at System.Runtime.CompilerServices.TaskAwaiter.GetResult()

TestCleanup Stack Trace
   at Glider.Logger.Logger.EndTestCase(ProductStudioConfiguration psDetail, Boolean assertTest)
   at Glider.Logger.Logger.EndTestCase(Boolean assertTest)
   at Glider.TestClassBase.TestCleanUp()
</StackTrace>
        </ErrorInfo>
      </Output>
    </UnitTestResult>
    <UnitTestResult executionId="cbfbf77a-70e9-436c-b0ba-6a6de0c52864" testId="702791ad-811e-f9df-3c4c-f8cf9065b5ff" testName="SecurityWebApi_UsersEndpoint_PostServiceUsers_Returns404When_UserHasNoAccessToAccount_622716" computerName="ARAMK2" duration="00:00:00.0094717" startTime="2015-08-27T16:37:26.9276241-07:00" endTime="2015-08-27T16:37:26.9406334-07:00" testType="13cdc9d9-ddb5-4fa4-a97d-d965ccfc6d4b" outcome="Failed" testListId="8c84fa94-04c1-424b-9868-57a2d4851a1d" relativeResultsDirectory="cbfbf77a-70e9-436c-b0ba-6a6de0c52864">
      <Output>
        <DebugTrace>Info::  CorrelationId:7115c847-604e-49de-a90e-38227f5fa83a
</DebugTrace>
        <ErrorInfo>
          <Message>Test method Laminar.Automation.Services.SecurityWebApi.Test.TestMethods.UserEndPointsTest.SecurityWebApi_UsersEndpoint_PostServiceUsers_Returns404When_UserHasNoAccessToAccount_622716 threw exception: 
Glider.Exceptions.DataNotAvailableException: Data is not available from data pool for CertificateAsBase64String under entity B2BCertificate.
Assert.AreEqual failed. Expected:&lt;Passed&gt;. Actual:&lt;Failed&gt;. </Message>
          <StackTrace>    at Glider.DataPool.Data.DataPoolStore.Read(String entityName, String fieldName)
   at Laminar.Automation.Services.SecurityWebApi.Test.TestMethods.UserEndPointsTest.&lt;SecurityWebApi_UsersEndpoint_PostServiceUsers_Returns404When_UserHasNoAccessToAccount_622716&gt;d__11e.MoveNext() in c:\NGVL\SQA\Automation\Main\Laminar.Automation\Laminar.Automation.Services.SecurityWebApi.Test\TestMethods\UserEndpointTest.cs:line 997
--- End of stack trace from previous location where exception was thrown ---
   at System.Runtime.CompilerServices.TaskAwaiter.ThrowForNonSuccess(Task task)
   at System.Runtime.CompilerServices.TaskAwaiter.HandleNonSuccessAndDebuggerNotification(Task task)
   at System.Runtime.CompilerServices.TaskAwaiter.GetResult()

TestCleanup Stack Trace
   at Glider.Logger.Logger.EndTestCase(ProductStudioConfiguration psDetail, Boolean assertTest)
   at Glider.Logger.Logger.EndTestCase(Boolean assertTest)
   at Glider.TestClassBase.TestCleanUp()
</StackTrace>
        </ErrorInfo>
      </Output>
    </UnitTestResult>
  </Results>
</TestRun>